<?xml version="1.0" encoding="UTF-8"?>
<coverage generated="1764497431484" clover="3.2.0">
  <project timestamp="1764497431484" name="All files">
    <metrics statements="6221" coveredstatements="2187" conditionals="5062" coveredconditionals="1470" methods="1803" coveredmethods="629" elements="13086" coveredelements="4286" complexity="0" loc="6221" ncloc="6221" packages="15" files="86" classes="86"/>
    <package name="components.admin">
      <metrics statements="171" coveredstatements="35" conditionals="227" coveredconditionals="66" methods="81" coveredmethods="17"/>
      <file name="AddDriverModal.tsx" path="C:\Users\Shubham Rana\OneDrive\Documents\Shubham\WaterTankerAppv1\src\components\admin\AddDriverModal.tsx">
        <metrics statements="25" coveredstatements="6" conditionals="42" coveredconditionals="26" methods="21" coveredmethods="3"/>
        <line num="39" count="1" type="stmt"/>
        <line num="51" count="29" type="stmt"/>
        <line num="90" count="1" type="stmt"/>
        <line num="101" count="0" type="stmt"/>
        <line num="113" count="0" type="stmt"/>
        <line num="125" count="0" type="stmt"/>
        <line num="137" count="0" type="stmt"/>
        <line num="149" count="0" type="stmt"/>
        <line num="160" count="0" type="stmt"/>
        <line num="172" count="0" type="stmt"/>
        <line num="183" count="0" type="stmt"/>
        <line num="202" count="1" type="stmt"/>
        <line num="203" count="1" type="stmt"/>
        <line num="223" count="0" type="stmt"/>
        <line num="234" count="0" type="stmt"/>
        <line num="246" count="0" type="stmt"/>
        <line num="258" count="0" type="stmt"/>
        <line num="270" count="0" type="stmt"/>
        <line num="282" count="0" type="stmt"/>
        <line num="293" count="0" type="stmt"/>
        <line num="305" count="0" type="stmt"/>
        <line num="316" count="0" type="stmt"/>
        <line num="335" count="0" type="stmt"/>
        <line num="336" count="0" type="stmt"/>
        <line num="349" count="1" type="stmt"/>
      </file>
      <file name="BookingCard.tsx" path="C:\Users\Shubham Rana\OneDrive\Documents\Shubham\WaterTankerAppv1\src\components\admin\BookingCard.tsx">
        <metrics statements="39" coveredstatements="0" conditionals="26" coveredconditionals="0" methods="18" coveredmethods="0"/>
        <line num="1" count="0" type="stmt"/>
        <line num="2" count="0" type="stmt"/>
        <line num="7" count="0" type="stmt"/>
        <line num="8" count="0" type="stmt"/>
        <line num="9" count="0" type="stmt"/>
        <line num="10" count="0" type="stmt"/>
        <line num="11" count="0" type="stmt"/>
        <line num="12" count="0" type="stmt"/>
        <line num="21" count="0" type="stmt"/>
        <line num="27" count="0" type="stmt"/>
        <line num="29" count="0" type="stmt"/>
        <line num="30" count="0" type="stmt"/>
        <line num="31" count="0" type="stmt"/>
        <line num="32" count="0" type="stmt"/>
        <line num="33" count="0" type="cond" truecount="0" falsecount="5"/>
        <line num="34" count="0" type="cond" truecount="0" falsecount="2"/>
        <line num="35" count="0" type="cond" truecount="0" falsecount="3"/>
        <line num="36" count="0" type="stmt"/>
        <line num="39" count="0" type="stmt"/>
        <line num="40" count="0" type="cond" truecount="0" falsecount="1"/>
        <line num="41" count="0" type="stmt"/>
        <line num="43" count="0" type="stmt"/>
        <line num="46" count="0" type="stmt"/>
        <line num="47" count="0" type="stmt"/>
        <line num="48" count="0" type="stmt"/>
        <line num="49" count="0" type="stmt"/>
        <line num="50" count="0" type="stmt"/>
        <line num="51" count="0" type="stmt"/>
        <line num="53" count="0" type="stmt"/>
        <line num="56" count="0" type="stmt"/>
        <line num="57" count="0" type="stmt"/>
        <line num="58" count="0" type="cond" truecount="0" falsecount="1"/>
        <line num="59" count="0" type="stmt"/>
        <line num="67" count="0" type="stmt"/>
        <line num="68" count="0" type="stmt"/>
        <line num="70" count="0" type="stmt"/>
        <line num="73" count="0" type="stmt"/>
        <line num="156" count="0" type="stmt"/>
        <line num="158" count="0" type="stmt"/>
      </file>
      <file name="BookingDetailsModal.tsx" path="C:\Users\Shubham Rana\OneDrive\Documents\Shubham\WaterTankerAppv1\src\components\admin\BookingDetailsModal.tsx">
        <metrics statements="11" coveredstatements="0" conditionals="14" coveredconditionals="0" methods="1" coveredmethods="0"/>
        <line num="1" count="0" type="stmt"/>
        <line num="2" count="0" type="stmt"/>
        <line num="9" count="0" type="stmt"/>
        <line num="10" count="0" type="stmt"/>
        <line num="11" count="0" type="stmt"/>
        <line num="13" count="0" type="stmt"/>
        <line num="14" count="0" type="stmt"/>
        <line num="23" count="0" type="stmt"/>
        <line num="29" count="0" type="stmt"/>
        <line num="147" count="0" type="stmt"/>
        <line num="222" count="0" type="stmt"/>
      </file>
      <file name="DriverCard.tsx" path="C:\Users\Shubham Rana\OneDrive\Documents\Shubham\WaterTankerAppv1\src\components\admin\DriverCard.tsx">
        <metrics statements="22" coveredstatements="0" conditionals="20" coveredconditionals="0" methods="11" coveredmethods="0"/>
        <line num="1" count="0" type="stmt"/>
        <line num="2" count="0" type="cond" truecount="0" falsecount="2"/>
        <line num="7" count="0" type="stmt"/>
        <line num="8" count="0" type="stmt"/>
        <line num="10" count="0" type="stmt"/>
        <line num="11" count="0" type="stmt"/>
        <line num="21" count="0" type="stmt"/>
        <line num="28" count="0" type="stmt"/>
        <line num="29" count="0" type="cond" truecount="0" falsecount="2"/>
        <line num="32" count="0" type="stmt"/>
        <line num="33" count="0" type="cond" truecount="0" falsecount="2"/>
        <line num="36" count="0" type="stmt"/>
        <line num="37" count="0" type="cond" truecount="0" falsecount="2"/>
        <line num="40" count="0" type="stmt"/>
        <line num="59" count="0" type="stmt"/>
        <line num="60" count="0" type="stmt"/>
        <line num="100" count="0" type="stmt"/>
        <line num="109" count="0" type="stmt"/>
        <line num="124" count="0" type="stmt"/>
        <line num="126" count="0" type="stmt"/>
        <line num="139" count="0" type="stmt"/>
        <line num="148" count="0" type="stmt"/>
      </file>
      <file name="DriverModal.tsx" path="C:\Users\Shubham Rana\OneDrive\Documents\Shubham\WaterTankerAppv1\src\components\admin\DriverModal.tsx">
        <metrics statements="24" coveredstatements="0" conditionals="51" coveredconditionals="0" methods="7" coveredmethods="0"/>
        <line num="2" count="0" type="cond" truecount="0" falsecount="3"/>
        <line num="3" count="0" type="cond" truecount="0" falsecount="4"/>
        <line num="5" count="0" type="stmt"/>
        <line num="6" count="0" type="stmt"/>
        <line num="7" count="0" type="stmt"/>
        <line num="8" count="0" type="stmt"/>
        <line num="9" count="0" type="stmt"/>
        <line num="10" count="0" type="stmt"/>
        <line num="11" count="0" type="stmt"/>
        <line num="12" count="0" type="stmt"/>
        <line num="13" count="0" type="stmt"/>
        <line num="24" count="0" type="stmt"/>
        <line num="31" count="0" type="cond" truecount="0" falsecount="2"/>
        <line num="62" count="0" type="stmt"/>
        <line num="63" count="0" type="stmt"/>
        <line num="66" count="0" type="stmt"/>
        <line num="67" count="0" type="stmt"/>
        <line num="69" count="0" type="stmt"/>
        <line num="136" count="0" type="stmt"/>
        <line num="137" count="0" type="stmt"/>
        <line num="138" count="0" type="stmt"/>
        <line num="145" count="0" type="stmt"/>
        <line num="146" count="0" type="stmt"/>
        <line num="159" count="0" type="stmt"/>
      </file>
      <file name="EditProfileForm.tsx" path="C:\Users\Shubham Rana\OneDrive\Documents\Shubham\WaterTankerAppv1\src\components\admin\EditProfileForm.tsx">
        <metrics statements="27" coveredstatements="24" conditionals="40" coveredconditionals="38" methods="14" coveredmethods="11"/>
        <line num="45" count="1" type="stmt"/>
        <line num="58" count="31" type="stmt"/>
        <line num="59" count="31" type="stmt"/>
        <line num="60" count="31" type="stmt"/>
        <line num="61" count="31" type="stmt"/>
        <line num="62" count="31" type="stmt"/>
        <line num="63" count="31" type="stmt"/>
        <line num="65" count="31" type="stmt"/>
        <line num="66" count="124" type="stmt"/>
        <line num="69" count="31" type="stmt"/>
        <line num="70" count="124" type="stmt"/>
        <line num="71" count="124" type="cond" truecount="2" falsecount="0"/>
        <line num="72" count="122" type="cond" truecount="2" falsecount="0"/>
        <line num="73" count="121" type="stmt"/>
        <line num="76" count="31" type="stmt"/>
        <line num="97" count="1" type="stmt"/>
        <line num="105" count="1" type="stmt"/>
        <line num="131" count="0" type="stmt"/>
        <line num="139" count="1" type="stmt"/>
        <line num="165" count="1" type="stmt"/>
        <line num="173" count="1" type="stmt"/>
        <line num="199" count="0" type="stmt"/>
        <line num="207" count="1" type="stmt"/>
        <line num="226" count="1" type="stmt"/>
        <line num="233" count="1" type="stmt"/>
        <line num="266" count="0" type="stmt"/>
        <line num="317" count="1" type="stmt"/>
      </file>
      <file name="ProfileHeader.tsx" path="C:\Users\Shubham Rana\OneDrive\Documents\Shubham\WaterTankerAppv1\src\components\admin\ProfileHeader.tsx">
        <metrics statements="18" coveredstatements="0" conditionals="32" coveredconditionals="0" methods="6" coveredmethods="0"/>
        <line num="1" count="0" type="stmt"/>
        <line num="2" count="0" type="stmt"/>
        <line num="8" count="0" type="stmt"/>
        <line num="9" count="0" type="stmt"/>
        <line num="10" count="0" type="stmt"/>
        <line num="11" count="0" type="stmt"/>
        <line num="13" count="0" type="stmt"/>
        <line num="22" count="0" type="stmt"/>
        <line num="28" count="0" type="stmt"/>
        <line num="29" count="0" type="stmt"/>
        <line num="31" count="0" type="stmt"/>
        <line num="37" count="0" type="stmt"/>
        <line num="38" count="0" type="stmt"/>
        <line num="48" count="0" type="stmt"/>
        <line num="57" count="0" type="stmt"/>
        <line num="69" count="0" type="stmt"/>
        <line num="85" count="0" type="stmt"/>
        <line num="155" count="0" type="stmt"/>
      </file>
      <file name="StatusUpdateModal.tsx" path="C:\Users\Shubham Rana\OneDrive\Documents\Shubham\WaterTankerAppv1\src\components\admin\StatusUpdateModal.tsx">
        <metrics statements="5" coveredstatements="5" conditionals="2" coveredconditionals="2" methods="3" coveredmethods="3"/>
        <line num="23" count="1" type="stmt"/>
        <line num="31" count="12" type="stmt"/>
        <line num="51" count="60" type="stmt"/>
        <line num="54" count="8" type="cond" truecount="2" falsecount="0"/>
        <line num="69" count="1" type="stmt"/>
      </file>
    </package>
    <package name="components.common">
      <metrics statements="97" coveredstatements="33" conditionals="88" coveredconditionals="26" methods="35" coveredmethods="4"/>
      <file name="AdminIcon.tsx" path="C:\Users\Shubham Rana\OneDrive\Documents\Shubham\WaterTankerAppv1\src\components\common\AdminIcon.tsx">
        <metrics statements="3" coveredstatements="2" conditionals="2" coveredconditionals="0" methods="1" coveredmethods="0"/>
        <line num="10" count="10" type="cond" truecount="0" falsecount="2"/>
        <line num="11" count="0" type="stmt"/>
        <line num="29" count="10" type="stmt"/>
      </file>
      <file name="AdminMenuDrawer.tsx" path="C:\Users\Shubham Rana\OneDrive\Documents\Shubham\WaterTankerAppv1\src\components\common\AdminMenuDrawer.tsx">
        <metrics statements="13" coveredstatements="1" conditionals="0" coveredconditionals="0" methods="6" coveredmethods="0"/>
        <line num="15" count="10" type="stmt"/>
        <line num="22" count="0" type="stmt"/>
        <line num="28" count="0" type="stmt"/>
        <line num="29" count="0" type="stmt"/>
        <line num="37" count="0" type="stmt"/>
        <line num="38" count="0" type="stmt"/>
        <line num="46" count="0" type="stmt"/>
        <line num="47" count="0" type="stmt"/>
        <line num="55" count="0" type="stmt"/>
        <line num="56" count="0" type="stmt"/>
        <line num="64" count="0" type="stmt"/>
        <line num="65" count="0" type="stmt"/>
        <line num="70" count="0" type="stmt"/>
      </file>
      <file name="Button.tsx" path="C:\Users\Shubham Rana\OneDrive\Documents\Shubham\WaterTankerAppv1\src\components\common\Button.tsx">
        <metrics statements="8" coveredstatements="6" conditionals="18" coveredconditionals="15" methods="3" coveredmethods="1"/>
        <line num="21" count="10" type="stmt"/>
        <line num="30" count="120" type="stmt"/>
        <line num="32" count="120" type="stmt"/>
        <line num="41" count="120" type="stmt"/>
        <line num="48" count="120" type="stmt"/>
        <line num="54" count="0" type="stmt"/>
        <line num="55" count="0" type="stmt"/>
        <line num="69" count="10" type="stmt"/>
      </file>
      <file name="Card.tsx" path="C:\Users\Shubham Rana\OneDrive\Documents\Shubham\WaterTankerAppv1\src\components\common\Card.tsx">
        <metrics statements="6" coveredstatements="6" conditionals="5" coveredconditionals="5" methods="1" coveredmethods="1"/>
        <line num="17" count="10" type="stmt"/>
        <line num="23" count="196" type="stmt"/>
        <line num="30" count="196" type="cond" truecount="2" falsecount="0"/>
        <line num="31" count="66" type="stmt"/>
        <line num="38" count="130" type="stmt"/>
        <line num="41" count="10" type="stmt"/>
      </file>
      <file name="CustomerIcon.tsx" path="C:\Users\Shubham Rana\OneDrive\Documents\Shubham\WaterTankerAppv1\src\components\common\CustomerIcon.tsx">
        <metrics statements="3" coveredstatements="2" conditionals="2" coveredconditionals="0" methods="1" coveredmethods="0"/>
        <line num="10" count="10" type="cond" truecount="0" falsecount="2"/>
        <line num="11" count="0" type="stmt"/>
        <line num="29" count="10" type="stmt"/>
      </file>
      <file name="CustomerMenuDrawer.tsx" path="C:\Users\Shubham Rana\OneDrive\Documents\Shubham\WaterTankerAppv1\src\components\common\CustomerMenuDrawer.tsx">
        <metrics statements="11" coveredstatements="1" conditionals="0" coveredconditionals="0" methods="5" coveredmethods="0"/>
        <line num="15" count="10" type="stmt"/>
        <line num="22" count="0" type="stmt"/>
        <line num="28" count="0" type="stmt"/>
        <line num="29" count="0" type="stmt"/>
        <line num="37" count="0" type="stmt"/>
        <line num="38" count="0" type="stmt"/>
        <line num="46" count="0" type="stmt"/>
        <line num="47" count="0" type="stmt"/>
        <line num="55" count="0" type="stmt"/>
        <line num="56" count="0" type="stmt"/>
        <line num="61" count="0" type="stmt"/>
      </file>
      <file name="DriverIcon.tsx" path="C:\Users\Shubham Rana\OneDrive\Documents\Shubham\WaterTankerAppv1\src\components\common\DriverIcon.tsx">
        <metrics statements="3" coveredstatements="2" conditionals="2" coveredconditionals="0" methods="1" coveredmethods="0"/>
        <line num="10" count="10" type="cond" truecount="0" falsecount="2"/>
        <line num="11" count="0" type="stmt"/>
        <line num="31" count="10" type="stmt"/>
      </file>
      <file name="ErrorBoundary.tsx" path="C:\Users\Shubham Rana\OneDrive\Documents\Shubham\WaterTankerAppv1\src\components\common\ErrorBoundary.tsx">
        <metrics statements="30" coveredstatements="1" conditionals="27" coveredconditionals="0" methods="9" coveredmethods="0"/>
        <line num="36" count="0" type="stmt"/>
        <line num="39" count="0" type="stmt"/>
        <line num="40" count="0" type="stmt"/>
        <line num="48" count="0" type="stmt"/>
        <line num="56" count="0" type="stmt"/>
        <line num="62" count="0" type="stmt"/>
        <line num="72" count="0" type="cond" truecount="0" falsecount="2"/>
        <line num="73" count="0" type="stmt"/>
        <line num="78" count="0" type="stmt"/>
        <line num="79" count="0" type="stmt"/>
        <line num="82" count="0" type="cond" truecount="0" falsecount="5"/>
        <line num="83" count="0" type="stmt"/>
        <line num="84" count="0" type="stmt"/>
        <line num="87" count="0" type="cond" truecount="0" falsecount="2"/>
        <line num="88" count="0" type="stmt"/>
        <line num="93" count="0" type="cond" truecount="0" falsecount="5"/>
        <line num="94" count="0" type="stmt"/>
        <line num="99" count="0" type="cond" truecount="0" falsecount="2"/>
        <line num="100" count="0" type="stmt"/>
        <line num="104" count="0" type="stmt"/>
        <line num="105" count="0" type="cond" truecount="0" falsecount="2"/>
        <line num="106" count="0" type="stmt"/>
        <line num="109" count="0" type="stmt"/>
        <line num="110" count="0" type="stmt"/>
        <line num="119" count="0" type="cond" truecount="0" falsecount="2"/>
        <line num="121" count="0" type="cond" truecount="0" falsecount="2"/>
        <line num="122" count="0" type="stmt"/>
        <line num="126" count="0" type="stmt"/>
        <line num="173" count="0" type="stmt"/>
        <line num="177" count="10" type="stmt"/>
      </file>
      <file name="Input.tsx" path="C:\Users\Shubham Rana\OneDrive\Documents\Shubham\WaterTankerAppv1\src\components\common\Input.tsx">
        <metrics statements="3" coveredstatements="3" conditionals="6" coveredconditionals="6" methods="1" coveredmethods="1"/>
        <line num="17" count="10" type="stmt"/>
        <line num="24" count="252" type="stmt"/>
        <line num="37" count="10" type="stmt"/>
      </file>
      <file name="LoadingSpinner.tsx" path="C:\Users\Shubham Rana\OneDrive\Documents\Shubham\WaterTankerAppv1\src\components\common\LoadingSpinner.tsx">
        <metrics statements="3" coveredstatements="2" conditionals="4" coveredconditionals="0" methods="1" coveredmethods="0"/>
        <line num="16" count="8" type="stmt"/>
        <line num="21" count="0" type="stmt"/>
        <line num="29" count="8" type="stmt"/>
      </file>
      <file name="MenuDrawer.tsx" path="C:\Users\Shubham Rana\OneDrive\Documents\Shubham\WaterTankerAppv1\src\components\common\MenuDrawer.tsx">
        <metrics statements="8" coveredstatements="2" conditionals="10" coveredconditionals="0" methods="4" coveredmethods="0"/>
        <line num="24" count="10" type="stmt"/>
        <line num="32" count="0" type="stmt"/>
        <line num="53" count="0" type="stmt"/>
        <line num="54" count="0" type="stmt"/>
        <line num="89" count="0" type="stmt"/>
        <line num="98" count="0" type="stmt"/>
        <line num="99" count="0" type="stmt"/>
        <line num="129" count="10" type="stmt"/>
      </file>
      <file name="SuccessNotification.tsx" path="C:\Users\Shubham Rana\OneDrive\Documents\Shubham\WaterTankerAppv1\src\components\common\SuccessNotification.tsx">
        <metrics statements="3" coveredstatements="2" conditionals="11" coveredconditionals="0" methods="1" coveredmethods="0"/>
        <line num="18" count="10" type="stmt"/>
        <line num="28" count="0" type="stmt"/>
        <line num="85" count="10" type="stmt"/>
      </file>
      <file name="Typography.tsx" path="C:\Users\Shubham Rana\OneDrive\Documents\Shubham\WaterTankerAppv1\src\components\common\Typography.tsx">
        <metrics statements="3" coveredstatements="3" conditionals="1" coveredconditionals="0" methods="1" coveredmethods="1"/>
        <line num="10" count="10" type="stmt"/>
        <line num="16" count="1322" type="stmt"/>
        <line num="23" count="10" type="stmt"/>
      </file>
      <file name="index.ts" path="C:\Users\Shubham Rana\OneDrive\Documents\Shubham\WaterTankerAppv1\src\components\common\index.ts">
        <metrics statements="0" coveredstatements="0" conditionals="0" coveredconditionals="0" methods="0" coveredmethods="0"/>
      </file>
    </package>
    <package name="components.customer">
      <metrics statements="35" coveredstatements="33" conditionals="73" coveredconditionals="71" methods="18" coveredmethods="17"/>
      <file name="AgencySelectionModal.tsx" path="C:\Users\Shubham Rana\OneDrive\Documents\Shubham\WaterTankerAppv1\src\components\customer\AgencySelectionModal.tsx">
        <metrics statements="5" coveredstatements="5" conditionals="12" coveredconditionals="11" methods="3" coveredmethods="3"/>
        <line num="24" count="1" type="stmt"/>
        <line num="32" count="16" type="stmt"/>
        <line num="52" count="31" type="stmt"/>
        <line num="58" count="1" type="stmt"/>
        <line num="84" count="1" type="stmt"/>
      </file>
      <file name="DateTimeInput.tsx" path="C:\Users\Shubham Rana\OneDrive\Documents\Shubham\WaterTankerAppv1\src\components\customer\DateTimeInput.tsx">
        <metrics statements="5" coveredstatements="5" conditionals="12" coveredconditionals="12" methods="3" coveredmethods="3"/>
        <line num="22" count="1" type="stmt"/>
        <line num="31" count="19" type="stmt"/>
        <line num="68" count="1" type="stmt"/>
        <line num="80" count="1" type="stmt"/>
        <line num="96" count="1" type="stmt"/>
      </file>
      <file name="DeliverySummary.tsx" path="C:\Users\Shubham Rana\OneDrive\Documents\Shubham\WaterTankerAppv1\src\components\customer\DeliverySummary.tsx">
        <metrics statements="6" coveredstatements="6" conditionals="23" coveredconditionals="23" methods="2" coveredmethods="2"/>
        <line num="24" count="1" type="stmt"/>
        <line num="35" count="19" type="stmt"/>
        <line num="36" count="4" type="cond" truecount="4" falsecount="0"/>
        <line num="37" count="2" type="cond" truecount="2" falsecount="0"/>
        <line num="40" count="19" type="stmt"/>
        <line num="116" count="1" type="stmt"/>
      </file>
      <file name="PriceBreakdown.tsx" path="C:\Users\Shubham Rana\OneDrive\Documents\Shubham\WaterTankerAppv1\src\components\customer\PriceBreakdown.tsx">
        <metrics statements="3" coveredstatements="3" conditionals="6" coveredconditionals="6" methods="1" coveredmethods="1"/>
        <line num="19" count="1" type="stmt"/>
        <line num="26" count="13" type="stmt"/>
        <line num="61" count="1" type="stmt"/>
      </file>
      <file name="SavedAddressModal.tsx" path="C:\Users\Shubham Rana\OneDrive\Documents\Shubham\WaterTankerAppv1\src\components\customer\SavedAddressModal.tsx">
        <metrics statements="9" coveredstatements="7" conditionals="6" coveredconditionals="6" methods="5" coveredmethods="4"/>
        <line num="27" count="1" type="stmt"/>
        <line num="34" count="16" type="stmt"/>
        <line num="43" count="0" type="stmt"/>
        <line num="44" count="0" type="stmt"/>
        <line num="53" count="19" type="stmt"/>
        <line num="56" count="1" type="stmt"/>
        <line num="79" count="1" type="stmt"/>
        <line num="80" count="1" type="stmt"/>
        <line num="93" count="1" type="stmt"/>
      </file>
      <file name="TankerSelectionModal.tsx" path="C:\Users\Shubham Rana\OneDrive\Documents\Shubham\WaterTankerAppv1\src\components\customer\TankerSelectionModal.tsx">
        <metrics statements="7" coveredstatements="7" conditionals="14" coveredconditionals="13" methods="4" coveredmethods="4"/>
        <line num="36" count="1" type="stmt"/>
        <line num="45" count="17" type="stmt"/>
        <line num="46" count="2" type="stmt"/>
        <line num="54" count="17" type="stmt"/>
        <line num="74" count="19" type="stmt"/>
        <line num="80" count="2" type="stmt"/>
        <line num="113" count="1" type="stmt"/>
      </file>
    </package>
    <package name="components.driver">
      <metrics statements="125" coveredstatements="11" conditionals="140" coveredconditionals="4" methods="40" coveredmethods="4"/>
      <file name="OrdersFilter.tsx" path="C:\Users\Shubham Rana\OneDrive\Documents\Shubham\WaterTankerAppv1\src\components\driver\OrdersFilter.tsx">
        <metrics statements="23" coveredstatements="11" conditionals="18" coveredconditionals="4" methods="5" coveredmethods="4"/>
        <line num="18" count="1" type="stmt"/>
        <line num="19" count="12" type="stmt"/>
        <line num="26" count="12" type="stmt"/>
        <line num="27" count="12" type="stmt"/>
        <line num="28" count="12" type="stmt"/>
        <line num="31" count="12" type="stmt"/>
        <line num="32" count="12" type="cond" truecount="1" falsecount="1"/>
        <line num="33" count="0" type="stmt"/>
        <line num="34" count="0" type="cond" truecount="0" falsecount="2"/>
        <line num="35" count="0" type="cond" truecount="0" falsecount="2"/>
        <line num="36" count="0" type="cond" truecount="0" falsecount="2"/>
        <line num="38" count="0" type="stmt"/>
        <line num="40" count="0" type="cond" truecount="0" falsecount="2"/>
        <line num="42" count="0" type="stmt"/>
        <line num="43" count="0" type="stmt"/>
        <line num="46" count="0" type="stmt"/>
        <line num="56" count="12" type="stmt"/>
        <line num="60" count="36" type="stmt"/>
        <line num="63" count="6" type="stmt"/>
        <line num="66" count="0" type="cond" truecount="0" falsecount="4"/>
        <line num="67" count="0" type="stmt"/>
        <line num="68" count="0" type="stmt"/>
        <line num="101" count="1" type="stmt"/>
      </file>
      <file name="OrdersHeader.tsx" path="C:\Users\Shubham Rana\OneDrive\Documents\Shubham\WaterTankerAppv1\src\components\driver\OrdersHeader.tsx">
        <metrics statements="11" coveredstatements="0" conditionals="4" coveredconditionals="0" methods="2" coveredmethods="0"/>
        <line num="1" count="0" type="stmt"/>
        <line num="2" count="0" type="stmt"/>
        <line num="3" count="0" type="stmt"/>
        <line num="4" count="0" type="stmt"/>
        <line num="5" count="0" type="stmt"/>
        <line num="12" count="0" type="stmt"/>
        <line num="13" count="0" type="stmt"/>
        <line num="14" count="0" type="stmt"/>
        <line num="15" count="0" type="stmt"/>
        <line num="34" count="0" type="stmt"/>
        <line num="73" count="0" type="stmt"/>
      </file>
      <file name="OrdersList.tsx" path="C:\Users\Shubham Rana\OneDrive\Documents\Shubham\WaterTankerAppv1\src\components\driver\OrdersList.tsx">
        <metrics statements="91" coveredstatements="0" conditionals="118" coveredconditionals="0" methods="33" coveredmethods="0"/>
        <line num="1" count="0" type="stmt"/>
        <line num="2" count="0" type="cond" truecount="0" falsecount="6"/>
        <line num="3" count="0" type="stmt"/>
        <line num="4" count="0" type="stmt"/>
        <line num="5" count="0" type="stmt"/>
        <line num="6" count="0" type="stmt"/>
        <line num="7" count="0" type="stmt"/>
        <line num="9" count="0" type="stmt"/>
        <line num="24" count="0" type="stmt"/>
        <line num="36" count="0" type="stmt"/>
        <line num="37" count="0" type="cond" truecount="0" falsecount="6"/>
        <line num="38" count="0" type="stmt"/>
        <line num="39" count="0" type="cond" truecount="0" falsecount="6"/>
        <line num="40" count="0" type="stmt"/>
        <line num="41" count="0" type="stmt"/>
        <line num="42" count="0" type="stmt"/>
        <line num="43" count="0" type="stmt"/>
        <line num="44" count="0" type="stmt"/>
        <line num="45" count="0" type="stmt"/>
        <line num="47" count="0" type="stmt"/>
        <line num="48" count="0" type="cond" truecount="0" falsecount="6"/>
        <line num="49" count="0" type="stmt"/>
        <line num="50" count="0" type="stmt"/>
        <line num="51" count="0" type="stmt"/>
        <line num="52" count="0" type="stmt"/>
        <line num="53" count="0" type="stmt"/>
        <line num="54" count="0" type="stmt"/>
        <line num="58" count="0" type="stmt"/>
        <line num="59" count="0" type="stmt"/>
        <line num="60" count="0" type="stmt"/>
        <line num="67" count="0" type="stmt"/>
        <line num="90" count="0" type="stmt"/>
        <line num="92" count="0" type="stmt"/>
        <line num="93" count="0" type="stmt"/>
        <line num="94" count="0" type="stmt"/>
        <line num="95" count="0" type="stmt"/>
        <line num="96" count="0" type="cond" truecount="0" falsecount="5"/>
        <line num="97" count="0" type="cond" truecount="0" falsecount="2"/>
        <line num="98" count="0" type="cond" truecount="0" falsecount="3"/>
        <line num="99" count="0" type="stmt"/>
        <line num="106" count="0" type="stmt"/>
        <line num="109" count="0" type="stmt"/>
        <line num="111" count="0" type="stmt"/>
        <line num="112" count="0" type="stmt"/>
        <line num="113" count="0" type="stmt"/>
        <line num="116" count="0" type="cond" truecount="0" falsecount="5"/>
        <line num="120" count="0" type="cond" truecount="0" falsecount="2"/>
        <line num="121" count="0" type="cond" truecount="0" falsecount="3"/>
        <line num="127" count="0" type="stmt"/>
        <line num="135" count="0" type="stmt"/>
        <line num="144" count="0" type="stmt"/>
        <line num="181" count="0" type="stmt"/>
        <line num="191" count="0" type="stmt"/>
        <line num="201" count="0" type="stmt"/>
        <line num="211" count="0" type="stmt"/>
        <line num="212" count="0" type="stmt"/>
        <line num="213" count="0" type="stmt"/>
        <line num="214" count="0" type="stmt"/>
        <line num="215" count="0" type="cond" truecount="0" falsecount="4"/>
        <line num="216" count="0" type="cond" truecount="0" falsecount="2"/>
        <line num="218" count="0" type="stmt"/>
        <line num="234" count="0" type="stmt"/>
        <line num="236" count="0" type="stmt"/>
        <line num="237" count="0" type="stmt"/>
        <line num="268" count="0" type="stmt"/>
        <line num="269" count="0" type="stmt"/>
        <line num="288" count="0" type="cond" truecount="0" falsecount="2"/>
        <line num="289" count="0" type="cond" truecount="0" falsecount="1"/>
        <line num="290" count="0" type="stmt"/>
        <line num="293" count="0" type="stmt"/>
        <line num="313" count="0" type="stmt"/>
        <line num="332" count="0" type="stmt"/>
        <line num="342" count="0" type="stmt"/>
        <line num="352" count="0" type="stmt"/>
        <line num="362" count="0" type="stmt"/>
        <line num="363" count="0" type="stmt"/>
        <line num="364" count="0" type="stmt"/>
        <line num="365" count="0" type="stmt"/>
        <line num="366" count="0" type="cond" truecount="0" falsecount="2"/>
        <line num="367" count="0" type="cond" truecount="0" falsecount="2"/>
        <line num="369" count="0" type="stmt"/>
        <line num="385" count="0" type="stmt"/>
        <line num="387" count="0" type="stmt"/>
        <line num="388" count="0" type="stmt"/>
        <line num="419" count="0" type="stmt"/>
        <line num="420" count="0" type="stmt"/>
        <line num="439" count="0" type="stmt"/>
        <line num="440" count="0" type="cond" truecount="0" falsecount="1"/>
        <line num="441" count="0" type="stmt"/>
        <line num="444" count="0" type="stmt"/>
        <line num="485" count="0" type="stmt"/>
      </file>
    </package>
    <package name="constants">
      <metrics statements="30" coveredstatements="30" conditionals="0" coveredconditionals="0" methods="0" coveredmethods="0"/>
      <file name="config.ts" path="C:\Users\Shubham Rana\OneDrive\Documents\Shubham\WaterTankerAppv1\src\constants\config.ts">
        <metrics statements="30" coveredstatements="30" conditionals="0" coveredconditionals="0" methods="0" coveredmethods="0"/>
        <line num="3" count="4" type="stmt"/>
        <line num="4" count="5" type="stmt"/>
        <line num="5" count="1" type="stmt"/>
        <line num="10" count="4" type="stmt"/>
        <line num="11" count="1" type="stmt"/>
        <line num="17" count="5" type="stmt"/>
        <line num="28" count="1" type="stmt"/>
        <line num="29" count="4" type="stmt"/>
        <line num="41" count="1" type="stmt"/>
        <line num="43" count="4" type="stmt"/>
        <line num="48" count="1" type="stmt"/>
        <line num="51" count="4" type="stmt"/>
        <line num="57" count="1" type="stmt"/>
        <line num="61" count="4" type="stmt"/>
        <line num="110" count="1" type="stmt"/>
        <line num="115" count="4" type="stmt"/>
        <line num="136" count="1" type="stmt"/>
        <line num="142" count="4" type="stmt"/>
        <line num="145" count="1" type="stmt"/>
        <line num="152" count="4" type="stmt"/>
        <line num="184" count="1" type="stmt"/>
        <line num="192" count="4" type="stmt"/>
        <line num="207" count="1" type="stmt"/>
        <line num="216" count="4" type="stmt"/>
        <line num="234" count="1" type="stmt"/>
        <line num="244" count="4" type="stmt"/>
        <line num="245" count="5" type="stmt"/>
        <line num="254" count="1" type="stmt"/>
        <line num="256" count="4" type="stmt"/>
        <line num="266" count="4" type="stmt"/>
      </file>
    </package>
    <package name="lib">
      <metrics statements="187" coveredstatements="158" conditionals="28" coveredconditionals="18" methods="95" coveredmethods="79"/>
      <file name="index.ts" path="C:\Users\Shubham Rana\OneDrive\Documents\Shubham\WaterTankerAppv1\src\lib\index.ts">
        <metrics statements="2" coveredstatements="0" conditionals="0" coveredconditionals="0" methods="5" coveredmethods="0"/>
        <line num="9" count="0" type="stmt"/>
        <line num="10" count="0" type="stmt"/>
      </file>
      <file name="localStorageDataAccess.ts" path="C:\Users\Shubham Rana\OneDrive\Documents\Shubham\WaterTankerAppv1\src\lib\localStorageDataAccess.ts">
        <metrics statements="130" coveredstatements="103" conditionals="16" coveredconditionals="6" methods="68" coveredmethods="57"/>
        <line num="9" count="1" type="stmt"/>
        <line num="10" count="1" type="stmt"/>
        <line num="11" count="1" type="stmt"/>
        <line num="12" count="1" type="stmt"/>
        <line num="18" count="2" type="stmt"/>
        <line num="19" count="2" type="stmt"/>
        <line num="22" count="0" type="stmt"/>
        <line num="26" count="2" type="stmt"/>
        <line num="27" count="4" type="stmt"/>
        <line num="28" count="4" type="stmt"/>
        <line num="30" count="2" type="stmt"/>
        <line num="34" count="1" type="stmt"/>
        <line num="35" count="3" type="stmt"/>
        <line num="36" count="3" type="stmt"/>
        <line num="38" count="2" type="stmt"/>
        <line num="42" count="3" type="stmt"/>
        <line num="43" count="4" type="stmt"/>
        <line num="44" count="4" type="stmt"/>
        <line num="46" count="3" type="stmt"/>
        <line num="50" count="1" type="stmt"/>
        <line num="51" count="4" type="stmt"/>
        <line num="52" count="4" type="stmt"/>
        <line num="54" count="3" type="stmt"/>
        <line num="58" count="3" type="stmt"/>
        <line num="59" count="4" type="stmt"/>
        <line num="60" count="4" type="stmt"/>
        <line num="62" count="3" type="stmt"/>
        <line num="66" count="2" type="stmt"/>
        <line num="67" count="5" type="stmt"/>
        <line num="68" count="5" type="stmt"/>
        <line num="70" count="2" type="cond" truecount="3" falsecount="1"/>
        <line num="71" count="1" type="stmt"/>
        <line num="73" count="0" type="stmt"/>
        <line num="75" count="2" type="stmt"/>
        <line num="76" count="2" type="stmt"/>
        <line num="78" count="1" type="cond" truecount="3" falsecount="1"/>
        <line num="79" count="1" type="stmt"/>
        <line num="80" count="3" type="stmt"/>
        <line num="81" count="0" type="stmt"/>
        <line num="86" count="0" type="stmt"/>
        <line num="89" count="1" type="stmt"/>
        <line num="94" count="6" type="stmt"/>
        <line num="95" count="6" type="stmt"/>
        <line num="96" count="6" type="stmt"/>
        <line num="98" count="0" type="stmt"/>
        <line num="102" count="1" type="stmt"/>
        <line num="103" count="1" type="stmt"/>
        <line num="105" count="6" type="stmt"/>
        <line num="106" count="7" type="stmt"/>
        <line num="108" count="0" type="stmt"/>
        <line num="110" count="1" type="stmt"/>
        <line num="111" count="1" type="stmt"/>
        <line num="113" count="1" type="stmt"/>
        <line num="114" count="2" type="stmt"/>
        <line num="116" count="0" type="stmt"/>
        <line num="118" count="2" type="stmt"/>
        <line num="119" count="2" type="stmt"/>
        <line num="121" count="1" type="stmt"/>
        <line num="122" count="3" type="stmt"/>
        <line num="124" count="0" type="stmt"/>
        <line num="126" count="1" type="stmt"/>
        <line num="127" count="1" type="stmt"/>
        <line num="129" count="2" type="stmt"/>
        <line num="130" count="3" type="stmt"/>
        <line num="132" count="0" type="stmt"/>
        <line num="134" count="1" type="stmt"/>
        <line num="135" count="1" type="stmt"/>
        <line num="137" count="1" type="stmt"/>
        <line num="138" count="2" type="stmt"/>
        <line num="140" count="0" type="stmt"/>
        <line num="142" count="1" type="stmt"/>
        <line num="143" count="1" type="stmt"/>
        <line num="145" count="1" type="stmt"/>
        <line num="146" count="2" type="stmt"/>
        <line num="148" count="0" type="stmt"/>
        <line num="153" count="1" type="stmt"/>
        <line num="154" count="1" type="stmt"/>
        <line num="156" count="0" type="stmt"/>
        <line num="161" count="4" type="stmt"/>
        <line num="162" count="4" type="stmt"/>
        <line num="164" count="4" type="stmt"/>
        <line num="165" count="0" type="stmt"/>
        <line num="169" count="1" type="stmt"/>
        <line num="170" count="1" type="stmt"/>
        <line num="173" count="5" type="cond" truecount="0" falsecount="4"/>
        <line num="174" count="4" type="stmt"/>
        <line num="176" count="4" type="stmt"/>
        <line num="180" count="0" type="stmt"/>
        <line num="181" count="1" type="stmt"/>
        <line num="182" count="1" type="stmt"/>
        <line num="184" count="0" type="cond" truecount="0" falsecount="4"/>
        <line num="185" count="0" type="stmt"/>
        <line num="187" count="0" type="stmt"/>
        <line num="188" count="3" type="stmt"/>
        <line num="189" count="3" type="stmt"/>
        <line num="192" count="0" type="stmt"/>
        <line num="193" count="0" type="stmt"/>
        <line num="195" count="0" type="stmt"/>
        <line num="196" count="1" type="stmt"/>
        <line num="197" count="1" type="stmt"/>
        <line num="200" count="3" type="stmt"/>
        <line num="201" count="3" type="stmt"/>
        <line num="203" count="0" type="stmt"/>
        <line num="204" count="1" type="stmt"/>
        <line num="205" count="1" type="stmt"/>
        <line num="206" count="1" type="stmt"/>
        <line num="208" count="1" type="stmt"/>
        <line num="209" count="2" type="stmt"/>
        <line num="211" count="0" type="stmt"/>
        <line num="216" count="1" type="stmt"/>
        <line num="217" count="1" type="stmt"/>
        <line num="218" count="1" type="stmt"/>
        <line num="220" count="0" type="stmt"/>
        <line num="222" count="0" type="stmt"/>
        <line num="228" count="0" type="stmt"/>
        <line num="233" count="21" type="stmt"/>
        <line num="234" count="21" type="stmt"/>
        <line num="235" count="21" type="stmt"/>
        <line num="238" count="2" type="stmt"/>
        <line num="241" count="1" type="stmt"/>
        <line num="242" count="1" type="stmt"/>
        <line num="245" count="0" type="stmt"/>
        <line num="248" count="21" type="stmt"/>
        <line num="249" count="22" type="stmt"/>
        <line num="250" count="21" type="stmt"/>
        <line num="254" count="3" type="stmt"/>
        <line num="258" count="1" type="stmt"/>
        <line num="259" count="1" type="stmt"/>
        <line num="261" count="0" type="stmt"/>
        <line num="270" count="1" type="stmt"/>
      </file>
      <file name="subscriptionManager.ts" path="C:\Users\Shubham Rana\OneDrive\Documents\Shubham\WaterTankerAppv1\src\lib\subscriptionManager.ts">
        <metrics statements="55" coveredstatements="55" conditionals="12" coveredconditionals="12" methods="22" coveredmethods="22"/>
        <line num="9" count="1" type="stmt"/>
        <line num="10" count="1" type="stmt"/>
        <line num="11" count="1" type="stmt"/>
        <line num="17" count="19" type="stmt"/>
        <line num="18" count="19" type="stmt"/>
        <line num="23" count="26" type="cond" truecount="2" falsecount="0"/>
        <line num="24" count="26" type="stmt"/>
        <line num="26" count="45" type="stmt"/>
        <line num="27" count="45" type="stmt"/>
        <line num="30" count="26" type="stmt"/>
        <line num="36" count="6" type="stmt"/>
        <line num="37" count="32" type="cond" truecount="4" falsecount="0"/>
        <line num="38" count="31" type="stmt"/>
        <line num="39" count="31" type="stmt"/>
        <line num="40" count="31" type="stmt"/>
        <line num="42" count="27" type="stmt"/>
        <line num="44" count="26" type="stmt"/>
        <line num="48" count="2" type="stmt"/>
        <line num="49" count="2" type="stmt"/>
        <line num="50" count="3" type="cond" truecount="2" falsecount="0"/>
        <line num="51" count="9" type="stmt"/>
        <line num="52" count="8" type="cond" truecount="2" falsecount="0"/>
        <line num="53" count="8" type="stmt"/>
        <line num="54" count="7" type="stmt"/>
        <line num="55" count="5" type="stmt"/>
        <line num="56" count="2" type="stmt"/>
        <line num="57" count="1" type="stmt"/>
        <line num="62" count="5" type="stmt"/>
        <line num="63" count="5" type="stmt"/>
        <line num="64" count="6" type="stmt"/>
        <line num="65" count="2" type="stmt"/>
        <line num="66" count="8" type="cond" truecount="2" falsecount="0"/>
        <line num="67" count="7" type="stmt"/>
        <line num="68" count="2" type="stmt"/>
        <line num="69" count="2" type="stmt"/>
        <line num="72" count="2" type="stmt"/>
        <line num="73" count="3" type="stmt"/>
        <line num="79" count="7" type="stmt"/>
        <line num="80" count="5" type="stmt"/>
        <line num="81" count="4" type="stmt"/>
        <line num="83" count="5" type="stmt"/>
        <line num="84" count="5" type="stmt"/>
        <line num="85" count="5" type="stmt"/>
        <line num="91" count="18" type="stmt"/>
        <line num="94" count="1" type="stmt"/>
        <line num="98" count="2" type="stmt"/>
        <line num="99" count="3" type="stmt"/>
        <line num="104" count="4" type="stmt"/>
        <line num="106" count="4" type="stmt"/>
        <line num="107" count="9" type="stmt"/>
        <line num="114" count="15" type="stmt"/>
        <line num="121" count="1" type="stmt"/>
        <line num="132" count="4" type="stmt"/>
        <line num="135" count="4" type="stmt"/>
        <line num="136" count="3" type="stmt"/>
      </file>
    </package>
    <package name="navigation">
      <metrics statements="17" coveredstatements="15" conditionals="0" coveredconditionals="0" methods="7" coveredmethods="5"/>
      <file name="AdminNavigator.tsx" path="C:\Users\Shubham Rana\OneDrive\Documents\Shubham\WaterTankerAppv1\src\navigation\AdminNavigator.tsx">
        <metrics statements="3" coveredstatements="3" conditionals="0" coveredconditionals="0" methods="1" coveredmethods="1"/>
        <line num="18" count="1" type="stmt"/>
        <line num="20" count="1" type="stmt"/>
        <line num="21" count="2" type="stmt"/>
      </file>
      <file name="AuthNavigator.tsx" path="C:\Users\Shubham Rana\OneDrive\Documents\Shubham\WaterTankerAppv1\src\navigation\AuthNavigator.tsx">
        <metrics statements="3" coveredstatements="3" conditionals="0" coveredconditionals="0" methods="1" coveredmethods="1"/>
        <line num="9" count="1" type="stmt"/>
        <line num="11" count="1" type="stmt"/>
        <line num="12" count="2" type="stmt"/>
      </file>
      <file name="CustomerNavigator.tsx" path="C:\Users\Shubham Rana\OneDrive\Documents\Shubham\WaterTankerAppv1\src\navigation\CustomerNavigator.tsx">
        <metrics statements="3" coveredstatements="3" conditionals="0" coveredconditionals="0" methods="1" coveredmethods="1"/>
        <line num="22" count="1" type="stmt"/>
        <line num="24" count="1" type="stmt"/>
        <line num="25" count="2" type="stmt"/>
      </file>
      <file name="DriverNavigator.tsx" path="C:\Users\Shubham Rana\OneDrive\Documents\Shubham\WaterTankerAppv1\src\navigation\DriverNavigator.tsx">
        <metrics statements="8" coveredstatements="6" conditionals="0" coveredconditionals="0" methods="4" coveredmethods="2"/>
        <line num="21" count="1" type="stmt"/>
        <line num="22" count="1" type="stmt"/>
        <line num="24" count="1" type="stmt"/>
        <line num="25" count="2" type="stmt"/>
        <line num="51" count="0" type="stmt"/>
        <line num="61" count="0" type="stmt"/>
        <line num="69" count="1" type="stmt"/>
        <line num="70" count="2" type="stmt"/>
      </file>
    </package>
    <package name="screens.admin">
      <metrics statements="1410" coveredstatements="0" conditionals="1280" coveredconditionals="0" methods="390" coveredmethods="0"/>
      <file name="AdminProfileScreen.tsx" path="C:\Users\Shubham Rana\OneDrive\Documents\Shubham\WaterTankerAppv1\src\screens\admin\AdminProfileScreen.tsx">
        <metrics statements="374" coveredstatements="0" conditionals="390" coveredconditionals="0" methods="70" coveredmethods="0"/>
        <line num="2" count="0" type="cond" truecount="0" falsecount="5"/>
        <line num="3" count="0" type="cond" truecount="0" falsecount="2"/>
        <line num="4" count="0" type="stmt"/>
        <line num="5" count="0" type="cond" truecount="0" falsecount="8"/>
        <line num="6" count="0" type="stmt"/>
        <line num="8" count="0" type="stmt"/>
        <line num="10" count="0" type="cond" truecount="0" falsecount="2"/>
        <line num="11" count="0" type="stmt"/>
        <line num="13" count="0" type="cond" truecount="0" falsecount="5"/>
        <line num="14" count="0" type="stmt"/>
        <line num="16" count="0" type="stmt"/>
        <line num="18" count="0" type="cond" truecount="0" falsecount="3"/>
        <line num="19" count="0" type="stmt"/>
        <line num="20" count="0" type="cond" truecount="0" falsecount="2"/>
        <line num="21" count="0" type="stmt"/>
        <line num="22" count="0" type="cond" truecount="0" falsecount="2"/>
        <line num="23" count="0" type="stmt"/>
        <line num="25" count="0" type="stmt"/>
        <line num="27" count="0" type="stmt"/>
        <line num="28" count="0" type="cond" truecount="0" falsecount="4"/>
        <line num="29" count="0" type="stmt"/>
        <line num="30" count="0" type="cond" truecount="0" falsecount="4"/>
        <line num="31" count="0" type="stmt"/>
        <line num="32" count="0" type="stmt"/>
        <line num="35" count="0" type="cond" truecount="0" falsecount="3"/>
        <line num="36" count="0" type="cond" truecount="0" falsecount="4"/>
        <line num="38" count="0" type="stmt"/>
        <line num="39" count="0" type="stmt"/>
        <line num="40" count="0" type="stmt"/>
        <line num="41" count="0" type="stmt"/>
        <line num="42" count="0" type="stmt"/>
        <line num="43" count="0" type="stmt"/>
        <line num="44" count="0" type="stmt"/>
        <line num="45" count="0" type="stmt"/>
        <line num="46" count="0" type="stmt"/>
        <line num="47" count="0" type="stmt"/>
        <line num="48" count="0" type="stmt"/>
        <line num="49" count="0" type="stmt"/>
        <line num="50" count="0" type="stmt"/>
        <line num="51" count="0" type="stmt"/>
        <line num="52" count="0" type="stmt"/>
        <line num="74" count="0" type="stmt"/>
        <line num="75" count="0" type="cond" truecount="0" falsecount="16"/>
        <line num="77" count="0" type="stmt"/>
        <line num="79" count="0" type="stmt"/>
        <line num="84" count="0" type="stmt"/>
        <line num="86" count="0" type="stmt"/>
        <line num="87" count="0" type="stmt"/>
        <line num="88" count="0" type="stmt"/>
        <line num="90" count="0" type="stmt"/>
        <line num="92" count="0" type="stmt"/>
        <line num="94" count="0" type="stmt"/>
        <line num="96" count="0" type="stmt"/>
        <line num="98" count="0" type="stmt"/>
        <line num="100" count="0" type="stmt"/>
        <line num="102" count="0" type="stmt"/>
        <line num="103" count="0" type="cond" truecount="0" falsecount="16"/>
        <line num="104" count="0" type="stmt"/>
        <line num="105" count="0" type="stmt"/>
        <line num="106" count="0" type="stmt"/>
        <line num="107" count="0" type="stmt"/>
        <line num="108" count="0" type="stmt"/>
        <line num="112" count="0" type="stmt"/>
        <line num="114" count="0" type="stmt"/>
        <line num="115" count="0" type="stmt"/>
        <line num="116" count="0" type="stmt"/>
        <line num="118" count="0" type="stmt"/>
        <line num="120" count="0" type="stmt"/>
        <line num="122" count="0" type="stmt"/>
        <line num="123" count="0" type="stmt"/>
        <line num="124" count="0" type="stmt"/>
        <line num="126" count="0" type="stmt"/>
        <line num="127" count="0" type="stmt"/>
        <line num="128" count="0" type="stmt"/>
        <line num="129" count="0" type="stmt"/>
        <line num="130" count="0" type="stmt"/>
        <line num="131" count="0" type="stmt"/>
        <line num="132" count="0" type="stmt"/>
        <line num="133" count="0" type="stmt"/>
        <line num="134" count="0" type="stmt"/>
        <line num="136" count="0" type="stmt"/>
        <line num="137" count="0" type="stmt"/>
        <line num="139" count="0" type="stmt"/>
        <line num="140" count="0" type="stmt"/>
        <line num="141" count="0" type="stmt"/>
        <line num="142" count="0" type="stmt"/>
        <line num="143" count="0" type="stmt"/>
        <line num="144" count="0" type="stmt"/>
        <line num="146" count="0" type="stmt"/>
        <line num="147" count="0" type="stmt"/>
        <line num="148" count="0" type="stmt"/>
        <line num="149" count="0" type="stmt"/>
        <line num="150" count="0" type="stmt"/>
        <line num="151" count="0" type="stmt"/>
        <line num="152" count="0" type="stmt"/>
        <line num="153" count="0" type="cond" truecount="0" falsecount="4"/>
        <line num="154" count="0" type="stmt"/>
        <line num="156" count="0" type="cond" truecount="0" falsecount="2"/>
        <line num="157" count="0" type="cond" truecount="0" falsecount="2"/>
        <line num="159" count="0" type="stmt"/>
        <line num="160" count="0" type="stmt"/>
        <line num="161" count="0" type="stmt"/>
        <line num="162" count="0" type="stmt"/>
        <line num="163" count="0" type="stmt"/>
        <line num="164" count="0" type="stmt"/>
        <line num="165" count="0" type="stmt"/>
        <line num="167" count="0" type="stmt"/>
        <line num="168" count="0" type="cond" truecount="0" falsecount="5"/>
        <line num="169" count="0" type="stmt"/>
        <line num="170" count="0" type="cond" truecount="0" falsecount="10"/>
        <line num="172" count="0" type="cond" truecount="0" falsecount="2"/>
        <line num="173" count="0" type="cond" truecount="0" falsecount="2"/>
        <line num="174" count="0" type="stmt"/>
        <line num="175" count="0" type="stmt"/>
        <line num="176" count="0" type="stmt"/>
        <line num="177" count="0" type="stmt"/>
        <line num="179" count="0" type="stmt"/>
        <line num="180" count="0" type="cond" truecount="0" falsecount="2"/>
        <line num="181" count="0" type="stmt"/>
        <line num="182" count="0" type="stmt"/>
        <line num="183" count="0" type="stmt"/>
        <line num="184" count="0" type="cond" truecount="0" falsecount="2"/>
        <line num="185" count="0" type="stmt"/>
        <line num="186" count="0" type="cond" truecount="0" falsecount="2"/>
        <line num="187" count="0" type="stmt"/>
        <line num="188" count="0" type="cond" truecount="0" falsecount="4"/>
        <line num="189" count="0" type="cond" truecount="0" falsecount="2"/>
        <line num="190" count="0" type="cond" truecount="0" falsecount="2"/>
        <line num="193" count="0" type="cond" truecount="0" falsecount="2"/>
        <line num="197" count="0" type="cond" truecount="0" falsecount="2"/>
        <line num="198" count="0" type="stmt"/>
        <line num="199" count="0" type="cond" truecount="0" falsecount="2"/>
        <line num="200" count="0" type="stmt"/>
        <line num="203" count="0" type="stmt"/>
        <line num="204" count="0" type="cond" truecount="0" falsecount="5"/>
        <line num="207" count="0" type="cond" truecount="0" falsecount="12"/>
        <line num="208" count="0" type="cond" truecount="0" falsecount="2"/>
        <line num="209" count="0" type="cond" truecount="0" falsecount="4"/>
        <line num="210" count="0" type="cond" truecount="0" falsecount="2"/>
        <line num="213" count="0" type="stmt"/>
        <line num="214" count="0" type="stmt"/>
        <line num="217" count="0" type="stmt"/>
        <line num="218" count="0" type="cond" truecount="0" falsecount="2"/>
        <line num="219" count="0" type="cond" truecount="0" falsecount="2"/>
        <line num="221" count="0" type="stmt"/>
        <line num="222" count="0" type="stmt"/>
        <line num="224" count="0" type="cond" truecount="0" falsecount="2"/>
        <line num="225" count="0" type="cond" truecount="0" falsecount="2"/>
        <line num="226" count="0" type="cond" truecount="0" falsecount="2"/>
        <line num="227" count="0" type="cond" truecount="0" falsecount="2"/>
        <line num="228" count="0" type="cond" truecount="0" falsecount="2"/>
        <line num="229" count="0" type="stmt"/>
        <line num="231" count="0" type="stmt"/>
        <line num="234" count="0" type="cond" truecount="0" falsecount="4"/>
        <line num="235" count="0" type="stmt"/>
        <line num="236" count="0" type="cond" truecount="0" falsecount="2"/>
        <line num="237" count="0" type="cond" truecount="0" falsecount="4"/>
        <line num="238" count="0" type="cond" truecount="0" falsecount="2"/>
        <line num="239" count="0" type="stmt"/>
        <line num="240" count="0" type="stmt"/>
        <line num="241" count="0" type="stmt"/>
        <line num="243" count="0" type="stmt"/>
        <line num="244" count="0" type="cond" truecount="0" falsecount="2"/>
        <line num="245" count="0" type="stmt"/>
        <line num="246" count="0" type="cond" truecount="0" falsecount="2"/>
        <line num="247" count="0" type="stmt"/>
        <line num="248" count="0" type="cond" truecount="0" falsecount="2"/>
        <line num="249" count="0" type="stmt"/>
        <line num="251" count="0" type="stmt"/>
        <line num="256" count="0" type="stmt"/>
        <line num="257" count="0" type="cond" truecount="0" falsecount="2"/>
        <line num="258" count="0" type="stmt"/>
        <line num="260" count="0" type="stmt"/>
        <line num="261" count="0" type="stmt"/>
        <line num="264" count="0" type="cond" truecount="0" falsecount="2"/>
        <line num="265" count="0" type="stmt"/>
        <line num="266" count="0" type="cond" truecount="0" falsecount="2"/>
        <line num="267" count="0" type="stmt"/>
        <line num="268" count="0" type="cond" truecount="0" falsecount="2"/>
        <line num="269" count="0" type="stmt"/>
        <line num="271" count="0" type="cond" truecount="0" falsecount="2"/>
        <line num="272" count="0" type="stmt"/>
        <line num="273" count="0" type="cond" truecount="0" falsecount="4"/>
        <line num="274" count="0" type="cond" truecount="0" falsecount="2"/>
        <line num="275" count="0" type="cond" truecount="0" falsecount="4"/>
        <line num="276" count="0" type="stmt"/>
        <line num="278" count="0" type="stmt"/>
        <line num="279" count="0" type="cond" truecount="0" falsecount="2"/>
        <line num="280" count="0" type="stmt"/>
        <line num="283" count="0" type="stmt"/>
        <line num="284" count="0" type="cond" truecount="0" falsecount="2"/>
        <line num="285" count="0" type="cond" truecount="0" falsecount="2"/>
        <line num="286" count="0" type="stmt"/>
        <line num="288" count="0" type="stmt"/>
        <line num="289" count="0" type="cond" truecount="0" falsecount="2"/>
        <line num="290" count="0" type="stmt"/>
        <line num="293" count="0" type="cond" truecount="0" falsecount="4"/>
        <line num="294" count="0" type="cond" truecount="0" falsecount="2"/>
        <line num="295" count="0" type="stmt"/>
        <line num="298" count="0" type="stmt"/>
        <line num="299" count="0" type="cond" truecount="0" falsecount="2"/>
        <line num="300" count="0" type="stmt"/>
        <line num="301" count="0" type="stmt"/>
        <line num="303" count="0" type="cond" truecount="0" falsecount="4"/>
        <line num="304" count="0" type="stmt"/>
        <line num="305" count="0" type="stmt"/>
        <line num="306" count="0" type="stmt"/>
        <line num="307" count="0" type="stmt"/>
        <line num="308" count="0" type="stmt"/>
        <line num="309" count="0" type="stmt"/>
        <line num="310" count="0" type="cond" truecount="0" falsecount="2"/>
        <line num="311" count="0" type="cond" truecount="0" falsecount="4"/>
        <line num="312" count="0" type="cond" truecount="0" falsecount="2"/>
        <line num="313" count="0" type="stmt"/>
        <line num="314" count="0" type="cond" truecount="0" falsecount="4"/>
        <line num="315" count="0" type="stmt"/>
        <line num="316" count="0" type="stmt"/>
        <line num="317" count="0" type="stmt"/>
        <line num="319" count="0" type="stmt"/>
        <line num="320" count="0" type="cond" truecount="0" falsecount="2"/>
        <line num="321" count="0" type="stmt"/>
        <line num="323" count="0" type="stmt"/>
        <line num="324" count="0" type="stmt"/>
        <line num="325" count="0" type="stmt"/>
        <line num="326" count="0" type="cond" truecount="0" falsecount="2"/>
        <line num="327" count="0" type="stmt"/>
        <line num="331" count="0" type="stmt"/>
        <line num="332" count="0" type="cond" truecount="0" falsecount="4"/>
        <line num="333" count="0" type="stmt"/>
        <line num="335" count="0" type="stmt"/>
        <line num="336" count="0" type="stmt"/>
        <line num="337" count="0" type="cond" truecount="0" falsecount="4"/>
        <line num="338" count="0" type="cond" truecount="0" falsecount="2"/>
        <line num="339" count="0" type="stmt"/>
        <line num="341" count="0" type="stmt"/>
        <line num="342" count="0" type="cond" truecount="0" falsecount="2"/>
        <line num="343" count="0" type="stmt"/>
        <line num="344" count="0" type="stmt"/>
        <line num="347" count="0" type="cond" truecount="0" falsecount="4"/>
        <line num="348" count="0" type="cond" truecount="0" falsecount="2"/>
        <line num="350" count="0" type="cond" truecount="0" falsecount="4"/>
        <line num="351" count="0" type="stmt"/>
        <line num="352" count="0" type="stmt"/>
        <line num="353" count="0" type="stmt"/>
        <line num="354" count="0" type="stmt"/>
        <line num="356" count="0" type="stmt"/>
        <line num="357" count="0" type="cond" truecount="0" falsecount="4"/>
        <line num="360" count="0" type="cond" truecount="0" falsecount="2"/>
        <line num="362" count="0" type="stmt"/>
        <line num="363" count="0" type="stmt"/>
        <line num="364" count="0" type="stmt"/>
        <line num="366" count="0" type="stmt"/>
        <line num="367" count="0" type="stmt"/>
        <line num="369" count="0" type="stmt"/>
        <line num="371" count="0" type="stmt"/>
        <line num="372" count="0" type="stmt"/>
        <line num="373" count="0" type="stmt"/>
        <line num="374" count="0" type="stmt"/>
        <line num="377" count="0" type="cond" truecount="0" falsecount="2"/>
        <line num="378" count="0" type="stmt"/>
        <line num="382" count="0" type="cond" truecount="0" falsecount="2"/>
        <line num="383" count="0" type="stmt"/>
        <line num="384" count="0" type="stmt"/>
        <line num="385" count="0" type="cond" truecount="0" falsecount="2"/>
        <line num="386" count="0" type="stmt"/>
        <line num="387" count="0" type="stmt"/>
        <line num="388" count="0" type="stmt"/>
        <line num="389" count="0" type="stmt"/>
        <line num="390" count="0" type="stmt"/>
        <line num="393" count="0" type="stmt"/>
        <line num="395" count="0" type="cond" truecount="0" falsecount="5"/>
        <line num="396" count="0" type="stmt"/>
        <line num="397" count="0" type="cond" truecount="0" falsecount="2"/>
        <line num="400" count="0" type="cond" truecount="0" falsecount="4"/>
        <line num="403" count="0" type="cond" truecount="0" falsecount="4"/>
        <line num="404" count="0" type="stmt"/>
        <line num="405" count="0" type="stmt"/>
        <line num="406" count="0" type="stmt"/>
        <line num="409" count="0" type="stmt"/>
        <line num="410" count="0" type="stmt"/>
        <line num="412" count="0" type="stmt"/>
        <line num="413" count="0" type="cond" truecount="0" falsecount="5"/>
        <line num="414" count="0" type="stmt"/>
        <line num="416" count="0" type="cond" truecount="0" falsecount="2"/>
        <line num="417" count="0" type="cond" truecount="0" falsecount="2"/>
        <line num="422" count="0" type="stmt"/>
        <line num="424" count="0" type="stmt"/>
        <line num="427" count="0" type="stmt"/>
        <line num="429" count="0" type="stmt"/>
        <line num="430" count="0" type="cond" truecount="0" falsecount="2"/>
        <line num="431" count="0" type="stmt"/>
        <line num="432" count="0" type="cond" truecount="0" falsecount="2"/>
        <line num="433" count="0" type="cond" truecount="0" falsecount="2"/>
        <line num="434" count="0" type="stmt"/>
        <line num="436" count="0" type="stmt"/>
        <line num="438" count="0" type="cond" truecount="0" falsecount="2"/>
        <line num="439" count="0" type="stmt"/>
        <line num="441" count="0" type="stmt"/>
        <line num="442" count="0" type="cond" truecount="0" falsecount="2"/>
        <line num="443" count="0" type="cond" truecount="0" falsecount="2"/>
        <line num="445" count="0" type="stmt"/>
        <line num="446" count="0" type="stmt"/>
        <line num="448" count="0" type="stmt"/>
        <line num="450" count="0" type="stmt"/>
        <line num="451" count="0" type="stmt"/>
        <line num="452" count="0" type="stmt"/>
        <line num="454" count="0" type="stmt"/>
        <line num="455" count="0" type="cond" truecount="0" falsecount="5"/>
        <line num="456" count="0" type="stmt"/>
        <line num="458" count="0" type="cond" truecount="0" falsecount="2"/>
        <line num="459" count="0" type="cond" truecount="0" falsecount="2"/>
        <line num="460" count="0" type="cond" truecount="0" falsecount="2"/>
        <line num="462" count="0" type="stmt"/>
        <line num="463" count="0" type="stmt"/>
        <line num="464" count="0" type="stmt"/>
        <line num="465" count="0" type="stmt"/>
        <line num="466" count="0" type="cond" truecount="0" falsecount="2"/>
        <line num="468" count="0" type="stmt"/>
        <line num="469" count="0" type="stmt"/>
        <line num="473" count="0" type="cond" truecount="0" falsecount="7"/>
        <line num="474" count="0" type="stmt"/>
        <line num="479" count="0" type="cond" truecount="0" falsecount="2"/>
        <line num="480" count="0" type="stmt"/>
        <line num="482" count="0" type="stmt"/>
        <line num="484" count="0" type="stmt"/>
        <line num="485" count="0" type="stmt"/>
        <line num="488" count="0" type="stmt"/>
        <line num="490" count="0" type="stmt"/>
        <line num="491" count="0" type="cond" truecount="0" falsecount="2"/>
        <line num="492" count="0" type="stmt"/>
        <line num="493" count="0" type="cond" truecount="0" falsecount="2"/>
        <line num="494" count="0" type="cond" truecount="0" falsecount="2"/>
        <line num="496" count="0" type="stmt"/>
        <line num="497" count="0" type="stmt"/>
        <line num="498" count="0" type="stmt"/>
        <line num="499" count="0" type="cond" truecount="0" falsecount="2"/>
        <line num="500" count="0" type="stmt"/>
        <line num="504" count="0" type="stmt"/>
        <line num="505" count="0" type="cond" truecount="0" falsecount="4"/>
        <line num="506" count="0" type="stmt"/>
        <line num="507" count="0" type="stmt"/>
        <line num="508" count="0" type="stmt"/>
        <line num="509" count="0" type="stmt"/>
        <line num="510" count="0" type="stmt"/>
        <line num="513" count="0" type="stmt"/>
        <line num="514" count="0" type="stmt"/>
        <line num="515" count="0" type="stmt"/>
        <line num="518" count="0" type="stmt"/>
        <line num="519" count="0" type="stmt"/>
        <line num="520" count="0" type="stmt"/>
        <line num="523" count="0" type="stmt"/>
        <line num="524" count="0" type="stmt"/>
        <line num="525" count="0" type="stmt"/>
        <line num="528" count="0" type="stmt"/>
        <line num="529" count="0" type="stmt"/>
        <line num="530" count="0" type="stmt"/>
        <line num="532" count="0" type="cond" truecount="0" falsecount="2"/>
        <line num="534" count="0" type="stmt"/>
        <line num="535" count="0" type="stmt"/>
        <line num="540" count="0" type="cond" truecount="0" falsecount="2"/>
        <line num="541" count="0" type="stmt"/>
        <line num="553" count="0" type="cond" truecount="0" falsecount="2"/>
        <line num="554" count="0" type="stmt"/>
        <line num="564" count="0" type="stmt"/>
        <line num="573" count="0" type="stmt"/>
        <line num="577" count="0" type="stmt"/>
        <line num="600" count="0" type="stmt"/>
        <line num="601" count="0" type="stmt"/>
        <line num="602" count="0" type="stmt"/>
        <line num="629" count="0" type="stmt"/>
        <line num="630" count="0" type="stmt"/>
        <line num="640" count="0" type="stmt"/>
        <line num="647" count="0" type="stmt"/>
        <line num="656" count="0" type="stmt"/>
      </file>
      <file name="AllBookingsScreen.tsx" path="C:\Users\Shubham Rana\OneDrive\Documents\Shubham\WaterTankerAppv1\src\screens\admin\AllBookingsScreen.tsx">
        <metrics statements="173" coveredstatements="0" conditionals="152" coveredconditionals="0" methods="74" coveredmethods="0"/>
        <line num="2" count="0" type="cond" truecount="0" falsecount="5"/>
        <line num="3" count="0" type="cond" truecount="0" falsecount="2"/>
        <line num="4" count="0" type="stmt"/>
        <line num="5" count="0" type="cond" truecount="0" falsecount="8"/>
        <line num="6" count="0" type="stmt"/>
        <line num="8" count="0" type="stmt"/>
        <line num="10" count="0" type="cond" truecount="0" falsecount="2"/>
        <line num="11" count="0" type="stmt"/>
        <line num="13" count="0" type="cond" truecount="0" falsecount="5"/>
        <line num="14" count="0" type="stmt"/>
        <line num="16" count="0" type="stmt"/>
        <line num="18" count="0" type="cond" truecount="0" falsecount="3"/>
        <line num="19" count="0" type="stmt"/>
        <line num="20" count="0" type="cond" truecount="0" falsecount="2"/>
        <line num="21" count="0" type="stmt"/>
        <line num="22" count="0" type="cond" truecount="0" falsecount="2"/>
        <line num="23" count="0" type="stmt"/>
        <line num="25" count="0" type="stmt"/>
        <line num="27" count="0" type="stmt"/>
        <line num="28" count="0" type="cond" truecount="0" falsecount="4"/>
        <line num="29" count="0" type="stmt"/>
        <line num="30" count="0" type="cond" truecount="0" falsecount="4"/>
        <line num="31" count="0" type="stmt"/>
        <line num="32" count="0" type="stmt"/>
        <line num="33" count="0" type="stmt"/>
        <line num="34" count="0" type="stmt"/>
        <line num="35" count="0" type="cond" truecount="0" falsecount="3"/>
        <line num="36" count="0" type="cond" truecount="0" falsecount="4"/>
        <line num="37" count="0" type="stmt"/>
        <line num="38" count="0" type="stmt"/>
        <line num="39" count="0" type="stmt"/>
        <line num="40" count="0" type="stmt"/>
        <line num="41" count="0" type="stmt"/>
        <line num="42" count="0" type="stmt"/>
        <line num="43" count="0" type="stmt"/>
        <line num="44" count="0" type="stmt"/>
        <line num="45" count="0" type="stmt"/>
        <line num="46" count="0" type="stmt"/>
        <line num="47" count="0" type="stmt"/>
        <line num="48" count="0" type="stmt"/>
        <line num="49" count="0" type="stmt"/>
        <line num="50" count="0" type="stmt"/>
        <line num="51" count="0" type="stmt"/>
        <line num="52" count="0" type="stmt"/>
        <line num="53" count="0" type="stmt"/>
        <line num="54" count="0" type="stmt"/>
        <line num="55" count="0" type="stmt"/>
        <line num="56" count="0" type="stmt"/>
        <line num="57" count="0" type="stmt"/>
        <line num="58" count="0" type="stmt"/>
        <line num="59" count="0" type="stmt"/>
        <line num="60" count="0" type="stmt"/>
        <line num="61" count="0" type="stmt"/>
        <line num="62" count="0" type="stmt"/>
        <line num="63" count="0" type="stmt"/>
        <line num="64" count="0" type="stmt"/>
        <line num="65" count="0" type="stmt"/>
        <line num="66" count="0" type="stmt"/>
        <line num="67" count="0" type="stmt"/>
        <line num="68" count="0" type="cond" truecount="0" falsecount="2"/>
        <line num="69" count="0" type="stmt"/>
        <line num="70" count="0" type="stmt"/>
        <line num="73" count="0" type="stmt"/>
        <line num="74" count="0" type="stmt"/>
        <line num="75" count="0" type="cond" truecount="0" falsecount="2"/>
        <line num="76" count="0" type="stmt"/>
        <line num="77" count="0" type="stmt"/>
        <line num="78" count="0" type="cond" truecount="0" falsecount="4"/>
        <line num="79" count="0" type="stmt"/>
        <line num="80" count="0" type="stmt"/>
        <line num="82" count="0" type="stmt"/>
        <line num="83" count="0" type="stmt"/>
        <line num="85" count="0" type="cond" truecount="0" falsecount="2"/>
        <line num="86" count="0" type="cond" truecount="0" falsecount="2"/>
        <line num="87" count="0" type="stmt"/>
        <line num="89" count="0" type="cond" truecount="0" falsecount="2"/>
        <line num="90" count="0" type="stmt"/>
        <line num="91" count="0" type="cond" truecount="0" falsecount="4"/>
        <line num="94" count="0" type="stmt"/>
        <line num="96" count="0" type="cond" truecount="0" falsecount="2"/>
        <line num="97" count="0" type="cond" truecount="0" falsecount="2"/>
        <line num="98" count="0" type="stmt"/>
        <line num="100" count="0" type="stmt"/>
        <line num="102" count="0" type="stmt"/>
        <line num="103" count="0" type="stmt"/>
        <line num="104" count="0" type="stmt"/>
        <line num="105" count="0" type="cond" truecount="0" falsecount="2"/>
        <line num="106" count="0" type="stmt"/>
        <line num="108" count="0" type="stmt"/>
        <line num="110" count="0" type="stmt"/>
        <line num="111" count="0" type="stmt"/>
        <line num="112" count="0" type="stmt"/>
        <line num="113" count="0" type="stmt"/>
        <line num="114" count="0" type="stmt"/>
        <line num="116" count="0" type="stmt"/>
        <line num="118" count="0" type="stmt"/>
        <line num="119" count="0" type="stmt"/>
        <line num="122" count="0" type="stmt"/>
        <line num="123" count="0" type="cond" truecount="0" falsecount="6"/>
        <line num="124" count="0" type="stmt"/>
        <line num="125" count="0" type="stmt"/>
        <line num="126" count="0" type="stmt"/>
        <line num="127" count="0" type="stmt"/>
        <line num="128" count="0" type="cond" truecount="0" falsecount="6"/>
        <line num="129" count="0" type="stmt"/>
        <line num="130" count="0" type="stmt"/>
        <line num="131" count="0" type="stmt"/>
        <line num="132" count="0" type="stmt"/>
        <line num="133" count="0" type="stmt"/>
        <line num="134" count="0" type="cond" truecount="0" falsecount="6"/>
        <line num="135" count="0" type="stmt"/>
        <line num="136" count="0" type="stmt"/>
        <line num="137" count="0" type="stmt"/>
        <line num="138" count="0" type="cond" truecount="0" falsecount="6"/>
        <line num="139" count="0" type="stmt"/>
        <line num="140" count="0" type="stmt"/>
        <line num="141" count="0" type="stmt"/>
        <line num="142" count="0" type="stmt"/>
        <line num="143" count="0" type="stmt"/>
        <line num="144" count="0" type="stmt"/>
        <line num="145" count="0" type="stmt"/>
        <line num="146" count="0" type="stmt"/>
        <line num="147" count="0" type="stmt"/>
        <line num="148" count="0" type="stmt"/>
        <line num="149" count="0" type="stmt"/>
        <line num="150" count="0" type="stmt"/>
        <line num="151" count="0" type="stmt"/>
        <line num="152" count="0" type="stmt"/>
        <line num="155" count="0" type="stmt"/>
        <line num="156" count="0" type="stmt"/>
        <line num="157" count="0" type="stmt"/>
        <line num="158" count="0" type="stmt"/>
        <line num="159" count="0" type="stmt"/>
        <line num="160" count="0" type="stmt"/>
        <line num="163" count="0" type="stmt"/>
        <line num="164" count="0" type="cond" truecount="0" falsecount="2"/>
        <line num="166" count="0" type="stmt"/>
        <line num="167" count="0" type="cond" truecount="0" falsecount="2"/>
        <line num="168" count="0" type="stmt"/>
        <line num="169" count="0" type="stmt"/>
        <line num="171" count="0" type="stmt"/>
        <line num="172" count="0" type="stmt"/>
        <line num="173" count="0" type="stmt"/>
        <line num="174" count="0" type="stmt"/>
        <line num="175" count="0" type="stmt"/>
        <line num="177" count="0" type="stmt"/>
        <line num="178" count="0" type="stmt"/>
        <line num="180" count="0" type="stmt"/>
        <line num="183" count="0" type="stmt"/>
        <line num="194" count="0" type="cond" truecount="0" falsecount="6"/>
        <line num="195" count="0" type="stmt"/>
        <line num="198" count="0" type="stmt"/>
        <line num="201" count="0" type="cond" truecount="0" falsecount="2"/>
        <line num="213" count="0" type="cond" truecount="0" falsecount="2"/>
        <line num="214" count="0" type="cond" truecount="0" falsecount="4"/>
        <line num="215" count="0" type="stmt"/>
        <line num="216" count="0" type="stmt"/>
        <line num="217" count="0" type="stmt"/>
        <line num="222" count="0" type="stmt"/>
        <line num="223" count="0" type="stmt"/>
        <line num="224" count="0" type="cond" truecount="0" falsecount="2"/>
        <line num="225" count="0" type="stmt"/>
        <line num="227" count="0" type="stmt"/>
        <line num="229" count="0" type="stmt"/>
        <line num="257" count="0" type="stmt"/>
        <line num="272" count="0" type="stmt"/>
        <line num="280" count="0" type="stmt"/>
        <line num="282" count="0" type="stmt"/>
        <line num="311" count="0" type="stmt"/>
        <line num="317" count="0" type="stmt"/>
        <line num="325" count="0" type="stmt"/>
        <line num="334" count="0" type="stmt"/>
        <line num="358" count="0" type="stmt"/>
      </file>
      <file name="DriverManagementScreen.tsx" path="C:\Users\Shubham Rana\OneDrive\Documents\Shubham\WaterTankerAppv1\src\screens\admin\DriverManagementScreen.tsx">
        <metrics statements="375" coveredstatements="0" conditionals="322" coveredconditionals="0" methods="96" coveredmethods="0"/>
        <line num="2" count="0" type="cond" truecount="0" falsecount="5"/>
        <line num="3" count="0" type="cond" truecount="0" falsecount="2"/>
        <line num="4" count="0" type="stmt"/>
        <line num="5" count="0" type="cond" truecount="0" falsecount="8"/>
        <line num="6" count="0" type="stmt"/>
        <line num="8" count="0" type="stmt"/>
        <line num="10" count="0" type="cond" truecount="0" falsecount="2"/>
        <line num="11" count="0" type="stmt"/>
        <line num="13" count="0" type="cond" truecount="0" falsecount="5"/>
        <line num="14" count="0" type="stmt"/>
        <line num="16" count="0" type="stmt"/>
        <line num="18" count="0" type="cond" truecount="0" falsecount="3"/>
        <line num="19" count="0" type="stmt"/>
        <line num="20" count="0" type="cond" truecount="0" falsecount="2"/>
        <line num="21" count="0" type="stmt"/>
        <line num="22" count="0" type="cond" truecount="0" falsecount="2"/>
        <line num="23" count="0" type="stmt"/>
        <line num="25" count="0" type="stmt"/>
        <line num="27" count="0" type="stmt"/>
        <line num="28" count="0" type="cond" truecount="0" falsecount="4"/>
        <line num="29" count="0" type="stmt"/>
        <line num="30" count="0" type="cond" truecount="0" falsecount="4"/>
        <line num="31" count="0" type="stmt"/>
        <line num="32" count="0" type="stmt"/>
        <line num="34" count="0" type="stmt"/>
        <line num="35" count="0" type="cond" truecount="0" falsecount="3"/>
        <line num="36" count="0" type="cond" truecount="0" falsecount="4"/>
        <line num="37" count="0" type="stmt"/>
        <line num="38" count="0" type="stmt"/>
        <line num="39" count="0" type="stmt"/>
        <line num="40" count="0" type="stmt"/>
        <line num="41" count="0" type="stmt"/>
        <line num="42" count="0" type="stmt"/>
        <line num="43" count="0" type="stmt"/>
        <line num="44" count="0" type="stmt"/>
        <line num="45" count="0" type="stmt"/>
        <line num="46" count="0" type="stmt"/>
        <line num="47" count="0" type="stmt"/>
        <line num="48" count="0" type="stmt"/>
        <line num="49" count="0" type="stmt"/>
        <line num="50" count="0" type="stmt"/>
        <line num="51" count="0" type="stmt"/>
        <line num="52" count="0" type="stmt"/>
[...]
        <line num="58" count="22" type="stmt"/>
        <line num="62" count="47" type="cond" truecount="5" falsecount="0"/>
        <line num="63" count="34" type="cond" truecount="1" falsecount="1"/>
        <line num="64" count="0" type="stmt"/>
        <line num="66" count="13" type="cond" truecount="1" falsecount="1"/>
        <line num="67" count="33" type="stmt"/>
        <line num="70" count="33" type="cond" truecount="11" falsecount="0"/>
        <line num="71" count="36" type="stmt"/>
        <line num="74" count="10" type="stmt"/>
        <line num="75" count="10" type="stmt"/>
        <line num="76" count="42" type="cond" truecount="9" falsecount="0"/>
        <line num="77" count="33" type="stmt"/>
        <line num="80" count="9" type="stmt"/>
        <line num="81" count="31" type="cond" truecount="1" falsecount="1"/>
        <line num="82" count="0" type="stmt"/>
        <line num="86" count="31" type="cond" truecount="9" falsecount="1"/>
        <line num="87" count="7" type="stmt"/>
        <line num="89" count="4" type="stmt"/>
        <line num="91" count="28" type="stmt"/>
        <line num="92" count="32" type="cond" truecount="2" falsecount="0"/>
        <line num="93" count="57" type="cond" truecount="4" falsecount="0"/>
        <line num="94" count="1" type="stmt"/>
        <line num="96" count="3" type="cond" truecount="2" falsecount="0"/>
        <line num="97" count="1" type="stmt"/>
        <line num="98" count="27" type="stmt"/>
        <line num="99" count="2" type="stmt"/>
        <line num="103" count="16" type="cond" truecount="4" falsecount="0"/>
        <line num="104" count="4" type="cond" truecount="2" falsecount="0"/>
        <line num="108" count="16" type="cond" truecount="3" falsecount="1"/>
        <line num="109" count="12" type="cond" truecount="2" falsecount="0"/>
        <line num="110" count="1" type="stmt"/>
        <line num="112" count="15" type="cond" truecount="2" falsecount="0"/>
        <line num="113" count="1" type="stmt"/>
        <line num="115" count="14" type="cond" truecount="2" falsecount="0"/>
        <line num="116" count="6" type="cond" truecount="2" falsecount="0"/>
        <line num="117" count="1" type="stmt"/>
        <line num="118" count="8" type="stmt"/>
        <line num="121" count="3" type="cond" truecount="3" falsecount="0"/>
        <line num="122" count="8" type="cond" truecount="4" falsecount="0"/>
        <line num="123" count="1" type="cond" truecount="1" falsecount="1"/>
        <line num="125" count="3" type="stmt"/>
        <line num="127" count="7" type="stmt"/>
        <line num="128" count="7" type="cond" truecount="2" falsecount="0"/>
        <line num="129" count="1" type="cond" truecount="1" falsecount="0"/>
        <line num="130" count="16" type="cond" truecount="4" falsecount="0"/>
        <line num="131" count="10" type="cond" truecount="4" falsecount="0"/>
        <line num="132" count="5" type="stmt"/>
        <line num="135" count="5" type="stmt"/>
        <line num="136" count="17" type="cond" truecount="2" falsecount="0"/>
        <line num="137" count="1" type="stmt"/>
        <line num="138" count="12" type="cond" truecount="2" falsecount="0"/>
        <line num="139" count="5" type="stmt"/>
        <line num="142" count="11" type="cond" truecount="2" falsecount="0"/>
        <line num="143" count="5" type="stmt"/>
        <line num="144" count="4" type="cond" truecount="2" falsecount="0"/>
        <line num="145" count="2" type="stmt"/>
        <line num="146" count="10" type="cond" truecount="2" falsecount="0"/>
        <line num="147" count="4" type="stmt"/>
        <line num="150" count="8" type="stmt"/>
        <line num="154" count="4" type="cond" truecount="1" falsecount="0"/>
        <line num="155" count="12" type="cond" truecount="6" falsecount="0"/>
        <line num="156" count="2" type="cond" truecount="1" falsecount="1"/>
        <line num="158" count="3" type="cond" truecount="2" falsecount="0"/>
        <line num="159" count="1" type="stmt"/>
        <line num="161" count="7" type="stmt"/>
        <line num="163" count="7" type="cond" truecount="2" falsecount="0"/>
        <line num="164" count="1" type="stmt"/>
        <line num="165" count="3" type="cond" truecount="2" falsecount="0"/>
        <line num="166" count="1" type="stmt"/>
        <line num="167" count="6" type="cond" truecount="2" falsecount="0"/>
        <line num="168" count="2" type="cond" truecount="2" falsecount="0"/>
        <line num="169" count="1" type="stmt"/>
        <line num="171" count="1" type="stmt"/>
        <line num="172" count="5" type="stmt"/>
        <line num="173" count="5" type="cond" truecount="2" falsecount="0"/>
        <line num="174" count="1" type="stmt"/>
        <line num="175" count="4" type="stmt"/>
        <line num="176" count="4" type="cond" truecount="2" falsecount="0"/>
        <line num="177" count="8" type="stmt"/>
        <line num="179" count="3" type="cond" truecount="2" falsecount="0"/>
        <line num="180" count="2" type="stmt"/>
        <line num="182" count="1" type="stmt"/>
        <line num="184" count="4" type="stmt"/>
        <line num="186" count="4" type="cond" truecount="3" falsecount="1"/>
        <line num="187" count="6" type="stmt"/>
        <line num="189" count="4" type="cond" truecount="2" falsecount="0"/>
        <line num="190" count="5" type="stmt"/>
        <line num="193" count="3" type="stmt"/>
        <line num="194" count="3" type="stmt"/>
        <line num="195" count="3" type="stmt"/>
        <line num="196" count="3" type="stmt"/>
        <line num="197" count="3" type="stmt"/>
        <line num="198" count="4" type="stmt"/>
        <line num="199" count="3" type="cond" truecount="2" falsecount="0"/>
        <line num="200" count="5" type="cond" truecount="2" falsecount="0"/>
        <line num="201" count="1" type="stmt"/>
        <line num="203" count="2" type="stmt"/>
        <line num="204" count="5" type="cond" truecount="2" falsecount="0"/>
        <line num="205" count="2" type="cond" truecount="2" falsecount="0"/>
        <line num="206" count="1" type="stmt"/>
        <line num="208" count="2" type="stmt"/>
        <line num="212" count="9" type="cond" truecount="3" falsecount="1"/>
        <line num="213" count="12" type="cond" truecount="2" falsecount="2"/>
        <line num="214" count="1" type="stmt"/>
        <line num="217" count="9" type="cond" truecount="3" falsecount="1"/>
        <line num="218" count="10" type="stmt"/>
        <line num="220" count="9" type="stmt"/>
        <line num="221" count="10" type="stmt"/>
        <line num="222" count="9" type="stmt"/>
        <line num="223" count="9" type="cond" truecount="1" falsecount="1"/>
        <line num="224" count="0" type="stmt"/>
        <line num="226" count="13" type="stmt"/>
        <line num="227" count="9" type="stmt"/>
        <line num="228" count="13" type="cond" truecount="2" falsecount="0"/>
        <line num="229" count="10" type="stmt"/>
        <line num="231" count="9" type="cond" truecount="4" falsecount="1"/>
        <line num="232" count="12" type="cond" truecount="2" falsecount="0"/>
        <line num="233" count="11" type="stmt"/>
        <line num="236" count="10" type="cond" truecount="5" falsecount="0"/>
        <line num="237" count="2" type="stmt"/>
        <line num="240" count="7" type="stmt"/>
        <line num="241" count="13" type="cond" truecount="1" falsecount="1"/>
        <line num="242" count="9" type="cond" truecount="1" falsecount="1"/>
        <line num="243" count="0" type="stmt"/>
        <line num="245" count="13" type="cond" truecount="6" falsecount="1"/>
        <line num="246" count="8" type="stmt"/>
        <line num="248" count="7" type="stmt"/>
        <line num="249" count="7" type="stmt"/>
        <line num="250" count="10" type="stmt"/>
        <line num="251" count="12" type="stmt"/>
        <line num="252" count="7" type="cond" truecount="2" falsecount="0"/>
        <line num="253" count="6" type="stmt"/>
        <line num="254" count="12" type="stmt"/>
        <line num="256" count="7" type="cond" truecount="4" falsecount="0"/>
        <line num="257" count="7" type="stmt"/>
        <line num="259" count="12" type="cond" truecount="5" falsecount="1"/>
        <line num="260" count="4" type="stmt"/>
        <line num="262" count="3" type="cond" truecount="3" falsecount="1"/>
        <line num="263" count="0" type="stmt"/>
        <line num="264" count="11" type="stmt"/>
        <line num="265" count="11" type="stmt"/>
        <line num="266" count="11" type="cond" truecount="2" falsecount="0"/>
        <line num="267" count="10" type="cond" truecount="2" falsecount="0"/>
        <line num="268" count="1" type="stmt"/>
        <line num="270" count="10" type="stmt"/>
        <line num="273" count="0" type="stmt"/>
        <line num="275" count="9" type="cond" truecount="3" falsecount="1"/>
        <line num="276" count="0" type="cond" truecount="0" falsecount="2"/>
        <line num="278" count="12" type="stmt"/>
        <line num="279" count="3" type="stmt"/>
        <line num="280" count="3" type="cond" truecount="1" falsecount="1"/>
        <line num="281" count="9" type="cond" truecount="1" falsecount="1"/>
        <line num="282" count="0" type="stmt"/>
        <line num="283" count="3" type="cond" truecount="1" falsecount="1"/>
        <line num="284" count="0" type="stmt"/>
        <line num="285" count="9" type="stmt"/>
        <line num="287" count="12" type="cond" truecount="1" falsecount="1"/>
        <line num="288" count="9" type="cond" truecount="1" falsecount="1"/>
        <line num="289" count="0" type="stmt"/>
        <line num="291" count="12" type="stmt"/>
        <line num="292" count="12" type="cond" truecount="4" falsecount="0"/>
        <line num="293" count="11" type="stmt"/>
        <line num="294" count="9" type="stmt"/>
        <line num="295" count="10" type="stmt"/>
        <line num="298" count="9" type="cond" truecount="5" falsecount="1"/>
        <line num="299" count="18" type="cond" truecount="3" falsecount="1"/>
        <line num="300" count="9" type="cond" truecount="0" falsecount="2"/>
        <line num="304" count="18" type="cond" truecount="6" falsecount="1"/>
        <line num="305" count="11" type="stmt"/>
        <line num="307" count="18" type="stmt"/>
        <line num="309" count="18" type="stmt"/>
        <line num="310" count="18" type="cond" truecount="1" falsecount="1"/>
        <line num="311" count="9" type="stmt"/>
        <line num="312" count="16" type="cond" truecount="1" falsecount="1"/>
        <line num="313" count="9" type="stmt"/>
        <line num="314" count="18" type="stmt"/>
        <line num="316" count="18" type="cond" truecount="7" falsecount="2"/>
        <line num="317" count="9" type="stmt"/>
        <line num="319" count="18" type="cond" truecount="4" falsecount="0"/>
        <line num="320" count="12" type="stmt"/>
        <line num="321" count="16" type="stmt"/>
        <line num="322" count="16" type="cond" truecount="4" falsecount="0"/>
        <line num="323" count="10" type="stmt"/>
        <line num="325" count="16" type="cond" truecount="2" falsecount="0"/>
        <line num="326" count="12" type="stmt"/>
        <line num="328" count="9" type="stmt"/>
        <line num="330" count="4" type="cond" truecount="4" falsecount="0"/>
        <line num="331" count="1" type="stmt"/>
        <line num="333" count="18" type="cond" truecount="2" falsecount="0"/>
        <line num="334" count="18" type="cond" truecount="8" falsecount="1"/>
        <line num="335" count="10" type="cond" truecount="1" falsecount="1"/>
        <line num="338" count="3" type="cond" truecount="3" falsecount="1"/>
        <line num="339" count="17" type="cond" truecount="4" falsecount="0"/>
        <line num="340" count="11" type="stmt"/>
        <line num="342" count="15" type="cond" truecount="2" falsecount="0"/>
        <line num="343" count="11" type="stmt"/>
        <line num="344" count="3" type="cond" truecount="2" falsecount="0"/>
        <line num="345" count="5" type="stmt"/>
        <line num="348" count="2" type="cond" truecount="1" falsecount="0"/>
        <line num="349" count="19" type="cond" truecount="2" falsecount="0"/>
        <line num="350" count="10" type="cond" truecount="5" falsecount="0"/>
        <line num="351" count="1" type="cond" truecount="1" falsecount="1"/>
        <line num="355" count="9" type="cond" truecount="4" falsecount="0"/>
        <line num="356" count="6" type="stmt"/>
        <line num="357" count="3" type="stmt"/>
        <line num="358" count="6" type="cond" truecount="2" falsecount="0"/>
        <line num="359" count="5" type="cond" truecount="1" falsecount="1"/>
        <line num="360" count="0" type="stmt"/>
        <line num="361" count="4" type="stmt"/>
        <line num="363" count="3" type="cond" truecount="1" falsecount="1"/>
        <line num="364" count="0" type="cond" truecount="1" falsecount="0"/>
        <line num="365" count="4" type="cond" truecount="3" falsecount="1"/>
        <line num="366" count="0" type="cond" truecount="0" falsecount="2"/>
        <line num="368" count="3" type="cond" truecount="1" falsecount="1"/>
        <line num="369" count="0" type="stmt"/>
        <line num="370" count="4" type="stmt"/>
        <line num="371" count="4" type="cond" truecount="2" falsecount="0"/>
        <line num="372" count="1" type="stmt"/>
        <line num="373" count="3" type="stmt"/>
        <line num="374" count="6" type="cond" truecount="4" falsecount="0"/>
        <line num="375" count="5" type="stmt"/>
        <line num="376" count="3" type="stmt"/>
        <line num="377" count="3" type="stmt"/>
        <line num="378" count="3" type="cond" truecount="1" falsecount="1"/>
        <line num="379" count="0" type="stmt"/>
        <line num="382" count="3" type="cond" truecount="1" falsecount="0"/>
        <line num="383" count="12" type="cond" truecount="3" falsecount="1"/>
        <line num="384" count="3" type="cond" truecount="0" falsecount="2"/>
        <line num="385" count="3" type="cond" truecount="2" falsecount="0"/>
        <line num="386" count="10" type="stmt"/>
        <line num="388" count="2" type="stmt"/>
        <line num="389" count="9" type="cond" truecount="1" falsecount="1"/>
        <line num="390" count="0" type="stmt"/>
        <line num="392" count="7" type="cond" truecount="4" falsecount="0"/>
        <line num="393" count="11" type="cond" truecount="2" falsecount="0"/>
        <line num="395" count="16" type="stmt"/>
        <line num="396" count="9" type="cond" truecount="1" falsecount="1"/>
        <line num="397" count="5" type="stmt"/>
        <line num="398" count="14" type="cond" truecount="2" falsecount="0"/>
        <line num="399" count="10" type="stmt"/>
        <line num="400" count="9" type="stmt"/>
        <line num="401" count="13" type="cond" truecount="2" falsecount="0"/>
        <line num="402" count="10" type="stmt"/>
        <line num="404" count="12" type="cond" truecount="3" falsecount="1"/>
        <line num="405" count="0" type="stmt"/>
        <line num="408" count="15" type="cond" truecount="8" falsecount="0"/>
        <line num="409" count="11" type="cond" truecount="2" falsecount="0"/>
        <line num="412" count="6" type="cond" truecount="4" falsecount="0"/>
        <line num="413" count="13" type="cond" truecount="2" falsecount="0"/>
        <line num="414" count="11" type="stmt"/>
        <line num="416" count="11" type="stmt"/>
        <line num="418" count="0" type="stmt"/>
        <line num="420" count="9" type="cond" truecount="4" falsecount="0"/>
        <line num="421" count="1" type="stmt"/>
        <line num="424" count="9" type="cond" truecount="2" falsecount="0"/>
        <line num="425" count="8" type="cond" truecount="2" falsecount="0"/>
        <line num="426" count="12" type="cond" truecount="5" falsecount="0"/>
        <line num="427" count="1" type="cond" truecount="1" falsecount="1"/>
        <line num="428" count="6" type="stmt"/>
        <line num="432" count="14" type="cond" truecount="4" falsecount="0"/>
        <line num="433" count="8" type="stmt"/>
        <line num="434" count="6" type="stmt"/>
        <line num="435" count="12" type="stmt"/>
        <line num="436" count="12" type="cond" truecount="3" falsecount="1"/>
        <line num="437" count="14" type="stmt"/>
        <line num="438" count="12" type="cond" truecount="2" falsecount="0"/>
        <line num="439" count="4" type="stmt"/>
        <line num="440" count="16" type="stmt"/>
        <line num="444" count="6" type="cond" truecount="1" falsecount="0"/>
        <line num="445" count="10" type="cond" truecount="2" falsecount="0"/>
        <line num="447" count="10" type="cond" truecount="5" falsecount="0"/>
        <line num="448" count="1" type="cond" truecount="1" falsecount="1"/>
        <line num="453" count="9" type="cond" truecount="4" falsecount="0"/>
        <line num="454" count="3" type="stmt"/>
        <line num="457" count="6" type="cond" truecount="2" falsecount="0"/>
        <line num="458" count="2" type="stmt"/>
        <line num="461" count="4" type="stmt"/>
        <line num="466" count="4" type="cond" truecount="3" falsecount="1"/>
        <line num="467" count="0" type="cond" truecount="0" falsecount="2"/>
        <line num="472" count="4" type="stmt"/>
        <line num="473" count="4" type="cond" truecount="2" falsecount="0"/>
        <line num="474" count="1" type="stmt"/>
        <line num="477" count="3" type="stmt"/>
        <line num="478" count="3" type="stmt"/>
        <line num="479" count="3" type="stmt"/>
        <line num="480" count="3" type="stmt"/>
        <line num="482" count="3" type="cond" truecount="1" falsecount="1"/>
        <line num="483" count="0" type="stmt"/>
        <line num="487" count="3" type="stmt"/>
        <line num="488" count="3" type="stmt"/>
        <line num="489" count="3" type="stmt"/>
        <line num="491" count="3" type="cond" truecount="2" falsecount="0"/>
        <line num="492" count="1" type="stmt"/>
        <line num="495" count="2" type="stmt"/>
        <line num="500" count="7" type="cond" truecount="4" falsecount="0"/>
        <line num="501" count="2" type="cond" truecount="2" falsecount="0"/>
        <line num="506" count="5" type="stmt"/>
        <line num="508" count="5" type="cond" truecount="2" falsecount="0"/>
        <line num="509" count="1" type="stmt"/>
        <line num="512" count="4" type="cond" truecount="2" falsecount="0"/>
        <line num="513" count="1" type="stmt"/>
        <line num="516" count="3" type="stmt"/>
        <line num="521" count="6" type="cond" truecount="4" falsecount="0"/>
        <line num="522" count="2" type="cond" truecount="2" falsecount="0"/>
        <line num="527" count="4" type="cond" truecount="2" falsecount="0"/>
        <line num="528" count="2" type="stmt"/>
        <line num="531" count="2" type="stmt"/>
        <line num="536" count="9" type="cond" truecount="4" falsecount="0"/>
        <line num="537" count="1" type="stmt"/>
        <line num="541" count="8" type="stmt"/>
        <line num="543" count="8" type="cond" truecount="2" falsecount="0"/>
        <line num="544" count="3" type="stmt"/>
        <line num="547" count="5" type="stmt"/>
        <line num="555" count="6" type="stmt"/>
        <line num="556" count="6" type="stmt"/>
        <line num="558" count="6" type="stmt"/>
        <line num="559" count="12" type="stmt"/>
        <line num="560" count="12" type="cond" truecount="1" falsecount="1"/>
        <line num="561" count="12" type="stmt"/>
        <line num="562" count="12" type="cond" truecount="2" falsecount="0"/>
        <line num="563" count="4" type="stmt"/>
        <line num="564" count="4" type="stmt"/>
        <line num="569" count="6" type="stmt"/>
      </file>
    </package>
  </project>
</coverage>
