TN:
SF:src\components\admin\AddDriverModal.tsx
FN:39,(anonymous_0)
FN:90,(anonymous_1)
FN:101,(anonymous_2)
FN:113,(anonymous_3)
FN:125,(anonymous_4)
FN:137,(anonymous_5)
FN:149,(anonymous_6)
FN:160,(anonymous_7)
FN:172,(anonymous_8)
FN:183,(anonymous_9)
FN:201,(anonymous_10)
FN:223,(anonymous_11)
FN:234,(anonymous_12)
FN:246,(anonymous_13)
FN:258,(anonymous_14)
FN:270,(anonymous_15)
FN:282,(anonymous_16)
FN:293,(anonymous_17)
FN:305,(anonymous_18)
FN:316,(anonymous_19)
FN:334,(anonymous_20)
FNF:21
FNH:3
FNDA:29,(anonymous_0)
FNDA:1,(anonymous_1)
FNDA:0,(anonymous_2)
FNDA:0,(anonymous_3)
FNDA:0,(anonymous_4)
FNDA:0,(anonymous_5)
FNDA:0,(anonymous_6)
FNDA:0,(anonymous_7)
FNDA:0,(anonymous_8)
FNDA:0,(anonymous_9)
FNDA:1,(anonymous_10)
FNDA:0,(anonymous_11)
FNDA:0,(anonymous_12)
FNDA:0,(anonymous_13)
FNDA:0,(anonymous_14)
FNDA:0,(anonymous_15)
FNDA:0,(anonymous_16)
FNDA:0,(anonymous_17)
FNDA:0,(anonymous_18)
FNDA:0,(anonymous_19)
FNDA:0,(anonymous_20)
DA:39,1
DA:51,29
DA:90,1
DA:101,0
DA:113,0
DA:125,0
DA:137,0
DA:149,0
DA:160,0
DA:172,0
DA:183,0
DA:202,1
DA:203,1
DA:223,0
DA:234,0
DA:246,0
DA:258,0
DA:270,0
DA:282,0
DA:293,0
DA:305,0
DA:316,0
DA:335,0
DA:336,0
DA:349,1
LF:25
LH:6
BRDA:49,0,0,17
BRDA:61,1,0,10
BRDA:61,1,1,19
BRDA:63,2,0,29
BRDA:63,2,1,10
BRDA:63,2,2,3
BRDA:65,3,0,3
BRDA:65,3,1,1
BRDA:70,4,0,1
BRDA:70,4,1,2
BRDA:75,5,0,29
BRDA:75,5,1,0
BRDA:75,6,0,29
BRDA:75,6,1,0
BRDA:78,7,0,29
BRDA:78,7,1,0
BRDA:123,8,0,10
BRDA:123,8,1,19
BRDA:126,9,0,10
BRDA:126,9,1,19
BRDA:132,10,0,29
BRDA:132,10,1,10
BRDA:132,10,2,20
BRDA:194,11,0,4
BRDA:194,11,1,25
BRDA:194,12,0,2
BRDA:194,12,1,2
BRDA:194,13,0,8
BRDA:194,13,1,17
BRDA:256,14,0,0
BRDA:256,14,1,0
BRDA:259,15,0,0
BRDA:259,15,1,0
BRDA:265,16,0,0
BRDA:265,16,1,0
BRDA:265,16,2,0
BRDA:327,17,0,0
BRDA:327,17,1,0
BRDA:327,18,0,0
BRDA:327,18,1,0
BRDA:327,19,0,0
BRDA:327,19,1,0
BRF:42
BRH:26
end_of_record
TN:
SF:src\components\admin\BookingCard.tsx
FN:23,(anonymous_9)
FN:31,(anonymous_10)
FN:32,(anonymous_11)
FN:36,(anonymous_12)
FN:52,(anonymous_13)
FN:53,(anonymous_14)
FN:54,(anonymous_15)
FN:57,(anonymous_16)
FN:61,(anonymous_17)
FN:62,(anonymous_18)
FN:67,(anonymous_19)
FN:1,(anonymous_3)
FN:35,(anonymous_4)
FN:36,(anonymous_5)
FN:37,(anonymous_6)
FN:40,(anonymous_7)
FN:43,(anonymous_8)
FN:44,(anonymous_9)
FN:49,(anonymous_10)
FNF:19
FNH:0
FNDA:0,(anonymous_9)
FNDA:0,(anonymous_10)
FNDA:0,(anonymous_11)
FNDA:0,(anonymous_12)
FNDA:0,(anonymous_13)
FNDA:0,(anonymous_14)
FNDA:0,(anonymous_15)
FNDA:0,(anonymous_16)
FNDA:0,(anonymous_17)
FNDA:0,(anonymous_18)
FNDA:0,(anonymous_19)
FNDA:0,(anonymous_3)
FNDA:0,(anonymous_4)
FNDA:0,(anonymous_5)
FNDA:0,(anonymous_6)
FNDA:0,(anonymous_7)
FNDA:0,(anonymous_8)
FNDA:0,(anonymous_9)
FNDA:0,(anonymous_10)
DA:1,0
DA:2,0
DA:7,0
DA:8,0
DA:9,0
DA:10,0
DA:11,0
DA:12,0
DA:13,0
DA:14,0
DA:23,0
DA:29,0
DA:31,0
DA:32,0
DA:33,0
DA:34,0
DA:35,0
DA:36,0
DA:37,0
DA:38,0
DA:40,0
DA:41,0
DA:43,0
DA:44,0
DA:46,0
DA:49,0
DA:52,0
DA:53,0
DA:54,0
DA:55,0
DA:57,0
DA:58,0
DA:59,0
DA:61,0
DA:62,0
DA:64,0
DA:67,0
DA:150,0
DA:152,0
LF:39
LH:0
BRDA:35,0,0,0
BRDA:35,1,0,0
BRDA:35,1,1,0
BRDA:35,1,2,0
BRDA:35,1,3,0
BRDA:36,2,0,0
BRDA:36,2,1,0
BRDA:37,3,0,0
BRDA:37,4,0,0
BRDA:37,4,1,0
BRDA:58,5,0,0
BRDA:106,6,0,0
BRDA:106,6,1,0
BRDA:128,7,0,0
BRDA:128,7,1,0
BRDA:128,7,2,0
BRDA:138,8,0,0
BRDA:138,8,1,0
BRDA:1,9,0,0
BRDA:1,9,1,0
BRDA:2,10,0,0
BRDA:2,11,0,0
BRDA:2,11,1,0
BRDA:41,12,0,0
BRDA:115,13,0,0
BRDA:115,13,1,0
BRDA:157,14,0,0
BRDA:157,14,1,0
BRDA:157,14,2,0
BRDA:167,15,0,0
BRDA:167,15,1,0
BRF:31
BRH:0
end_of_record
TN:
SF:src\components\admin\BookingDetailsModal.tsx
FN:24,(anonymous_1)
FNF:1
FNH:0
FNDA:0,(anonymous_1)
DA:1,0
DA:2,0
DA:9,0
DA:10,0
DA:11,0
DA:13,0
DA:14,0
DA:15,0
DA:24,0
DA:30,0
DA:144,0
DA:219,0
LF:12
LH:0
BRDA:48,0,0,0
BRDA:48,0,1,0
BRDA:92,1,0,0
BRDA:92,1,1,0
BRDA:92,1,2,0
BRDA:117,2,0,0
BRDA:117,2,1,0
BRDA:128,3,0,0
BRDA:128,3,1,0
BRDA:100,4,0,0
BRDA:174,5,0,0
BRDA:174,5,1,0
BRDA:174,5,2,0
BRDA:199,6,0,0
BRDA:199,6,1,0
BRDA:210,7,0,0
BRDA:210,7,1,0
BRF:17
BRH:0
end_of_record
TN:
SF:src\components\admin\DriverCard.tsx
FN:20,(anonymous_9)
FN:25,(anonymous_10)
FN:29,(anonymous_11)
FN:33,(anonymous_12)
FN:55,(anonymous_13)
FN:44,(anonymous_4)
FNF:6
FNH:0
FNDA:0,(anonymous_9)
FNDA:0,(anonymous_10)
FNDA:0,(anonymous_11)
FNDA:0,(anonymous_12)
FNDA:0,(anonymous_13)
FNDA:0,(anonymous_4)
DA:1,0
DA:2,0
DA:7,0
DA:8,0
DA:10,0
DA:11,0
DA:12,0
DA:20,0
DA:25,0
DA:26,0
DA:29,0
DA:30,0
DA:33,0
DA:34,0
DA:37,0
DA:45,0
DA:46,0
DA:56,0
DA:57,0
DA:97,0
DA:99,0
LF:21
LH:0
BRDA:26,0,0,0
BRDA:26,0,1,0
BRDA:30,1,0,0
BRDA:30,1,1,0
BRDA:34,2,0,0
BRDA:34,2,1,0
BRDA:69,3,0,0
BRDA:69,3,1,0
BRDA:73,4,0,0
BRDA:73,4,1,0
BRF:10
BRH:0
end_of_record
TN:
SF:src\components\admin\DriverModal.tsx
FN:23,(anonymous_1)
FNF:1
FNH:0
FNDA:0,(anonymous_1)
DA:1,0
DA:2,0
DA:9,0
DA:10,0
DA:11,0
DA:13,0
DA:14,0
DA:15,0
DA:23,0
DA:28,0
DA:136,0
DA:194,0
LF:12
LH:0
BRDA:48,0,0,0
BRDA:48,0,1,0
BRDA:65,1,0,0
BRDA:65,1,1,0
BRDA:67,2,0,0
BRDA:67,2,1,0
BRDA:76,3,0,0
BRDA:76,3,1,0
BRDA:82,4,0,0
BRDA:82,4,1,0
BRDA:100,5,0,0
BRDA:100,5,1,0
BRDA:106,6,0,0
BRDA:106,6,1,0
BRDA:118,7,0,0
BRDA:118,7,1,0
BRDA:124,8,0,0
BRDA:124,8,1,0
BRDA:98,9,0,0
BRDA:140,10,0,0
BRDA:140,10,1,0
BRDA:142,11,0,0
BRDA:142,11,1,0
BRDA:151,12,0,0
BRDA:151,12,1,0
BRDA:157,13,0,0
BRDA:157,13,1,0
BRDA:175,14,0,0
BRDA:175,14,1,0
BRDA:181,15,0,0
BRDA:181,15,1,0
BRDA:194,16,0,0
BRDA:194,16,1,0
BRF:33
BRH:0
end_of_record
TN:
SF:src\components\admin\EditProfileForm.tsx
FN:45,(anonymous_0)
FN:65,(anonymous_1)
FN:69,(anonymous_2)
FN:97,(anonymous_3)
FN:105,(anonymous_4)
FN:131,(anonymous_5)
FN:139,(anonymous_6)
FN:165,(anonymous_7)
FN:173,(anonymous_8)
FN:199,(anonymous_9)
FN:207,(anonymous_10)
FN:226,(anonymous_11)
FN:233,(anonymous_12)
FN:266,(anonymous_13)
FNF:14
FNH:11
FNDA:31,(anonymous_0)
FNDA:124,(anonymous_1)
FNDA:124,(anonymous_2)
FNDA:1,(anonymous_3)
FNDA:1,(anonymous_4)
FNDA:0,(anonymous_5)
FNDA:1,(anonymous_6)
FNDA:1,(anonymous_7)
FNDA:1,(anonymous_8)
FNDA:0,(anonymous_9)
FNDA:1,(anonymous_10)
FNDA:1,(anonymous_11)
FNDA:1,(anonymous_12)
FNDA:0,(anonymous_13)
DA:45,1
DA:58,31
DA:59,31
DA:60,31
DA:61,31
DA:62,31
DA:63,31
DA:65,31
DA:66,124
DA:69,31
DA:70,124
DA:71,124
DA:72,122
DA:73,121
DA:76,31
DA:97,1
DA:105,1
DA:131,0
DA:139,1
DA:165,1
DA:173,1
DA:199,0
DA:207,1
DA:226,1
DA:233,1
DA:266,0
DA:317,1
LF:27
LH:24
BRDA:71,0,0,2
BRDA:71,0,1,122
BRDA:72,1,0,1
BRDA:72,1,1,121
BRDA:95,2,0,31
BRDA:95,2,1,2
BRDA:107,3,0,31
BRDA:107,3,1,2
BRDA:129,4,0,31
BRDA:129,4,1,1
BRDA:141,5,0,31
BRDA:141,5,1,1
BRDA:163,6,0,31
BRDA:163,6,1,1
BRDA:175,7,0,31
BRDA:175,7,1,1
BRDA:197,8,0,31
BRDA:197,8,1,1
BRDA:209,9,0,31
BRDA:209,9,1,1
BRDA:220,10,0,31
BRDA:220,10,1,1
BRDA:238,11,0,1
BRDA:238,11,1,30
BRDA:243,12,0,1
BRDA:243,12,1,30
BRDA:249,13,0,31
BRDA:249,13,1,1
BRDA:260,14,0,31
BRDA:260,14,1,1
BRDA:278,15,0,0
BRDA:278,15,1,31
BRDA:283,16,0,0
BRDA:283,16,1,31
BRDA:289,17,0,31
BRDA:289,17,1,1
BRDA:305,18,0,2
BRDA:305,18,1,29
BRDA:309,19,0,31
BRDA:309,19,1,29
BRF:40
BRH:38
end_of_record
TN:
SF:src\components\admin\ProfileHeader.tsx
FN:22,(anonymous_1)
FN:28,(anonymous_2)
FN:31,(anonymous_3)
FN:40,(anonymous_0)
FN:50,(anonymous_1)
FN:60,(anonymous_2)
FNF:6
FNH:0
FNDA:0,(anonymous_1)
FNDA:0,(anonymous_2)
FNDA:0,(anonymous_3)
FNDA:0,(anonymous_0)
FNDA:0,(anonymous_1)
FNDA:0,(anonymous_2)
DA:1,0
DA:2,0
DA:9,0
DA:11,0
DA:13,0
DA:22,0
DA:28,0
DA:29,0
DA:31,0
DA:37,0
DA:40,0
DA:50,0
DA:57,0
DA:59,0
DA:60,0
DA:66,0
DA:129,0
LF:17
LH:0
BRDA:43,0,0,0
BRDA:43,0,1,0
BRDA:43,0,2,0
BRDA:48,1,0,0
BRDA:48,1,1,0
BRDA:50,2,0,0
BRDA:50,2,1,0
BRDA:72,3,0,0
BRDA:72,3,1,0
BRDA:72,3,2,0
BRDA:77,4,0,0
BRDA:77,4,1,0
BRDA:79,5,0,0
BRDA:79,5,1,0
BRF:14
BRH:0
end_of_record
TN:
SF:src\components\admin\StatusUpdateModal.tsx
FN:23,(anonymous_0)
FN:50,(anonymous_1)
FN:54,(anonymous_2)
FNF:3
FNH:3
FNDA:12,(anonymous_0)
FNDA:60,(anonymous_1)
FNDA:8,(anonymous_2)
DA:23,1
DA:31,12
DA:51,60
DA:54,8
DA:69,1
LF:5
LH:5
BRDA:54,0,0,8
BRDA:54,0,1,7
BRF:2
BRH:2
end_of_record
TN:
SF:src\components\common\AdminIcon.tsx
FN:10,(anonymous_0)
FNF:1
FNH:0
FNDA:0,(anonymous_0)
DA:10,10
DA:11,0
DA:29,10
LF:3
LH:2
BRDA:10,0,0,0
BRDA:10,1,0,0
BRF:2
BRH:0
end_of_record
TN:
SF:src\components\common\AdminMenuDrawer.tsx
FN:15,(anonymous_0)
FN:27,(anonymous_1)
FN:36,(anonymous_2)
FN:45,(anonymous_3)
FN:54,(anonymous_4)
FN:63,(anonymous_5)
FNF:6
FNH:0
FNDA:0,(anonymous_0)
FNDA:0,(anonymous_1)
FNDA:0,(anonymous_2)
FNDA:0,(anonymous_3)
FNDA:0,(anonymous_4)
FNDA:0,(anonymous_5)
DA:15,10
DA:22,0
DA:28,0
DA:29,0
DA:37,0
DA:38,0
DA:46,0
DA:47,0
DA:55,0
DA:56,0
DA:64,0
DA:65,0
DA:70,0
LF:13
LH:1
BRF:0
BRH:0
end_of_record
TN:
SF:src\components\common\Button.tsx
FN:47,(anonymous_0)
FN:80,(anonymous_1)
FN:81,(anonymous_2)
FNF:3
FNH:1
FNDA:120,(anonymous_0)
FNDA:0,(anonymous_1)
FNDA:0,(anonymous_2)
DA:47,10
DA:56,120
DA:58,120
DA:67,120
DA:74,120
DA:80,0
DA:81,0
DA:95,10
LF:8
LH:6
BRDA:50,0,0,29
BRDA:51,1,0,120
BRDA:52,2,0,29
BRDA:53,3,0,89
BRDA:62,4,0,120
BRDA:62,4,1,35
BRDA:63,5,0,120
BRDA:63,5,1,0
BRDA:71,6,0,120
BRDA:71,6,1,35
BRDA:78,7,0,120
BRDA:78,7,1,85
BRDA:83,8,0,2
BRDA:83,8,1,118
BRDA:85,9,0,2
BRDA:85,9,1,0
BRDA:85,10,0,2
BRDA:85,10,1,0
BRF:18
BRH:15
end_of_record
TN:
SF:src\components\common\Card.tsx
FN:38,(anonymous_0)
FNF:1
FNH:1
FNDA:196,(anonymous_0)
DA:38,10
DA:44,196
DA:51,196
DA:52,66
DA:59,130
DA:62,10
LF:6
LH:6
BRDA:42,0,0,196
BRDA:47,1,0,196
BRDA:47,1,1,66
BRDA:51,2,0,66
BRDA:51,2,1,130
BRF:5
BRH:5
end_of_record
TN:
SF:src\components\common\CustomerIcon.tsx
FN:10,(anonymous_0)
FNF:1
FNH:0
FNDA:0,(anonymous_0)
DA:10,10
DA:11,0
DA:29,10
LF:3
LH:2
BRDA:10,0,0,0
BRDA:10,1,0,0
BRF:2
BRH:0
end_of_record
TN:
SF:src\components\common\CustomerMenuDrawer.tsx
FN:15,(anonymous_0)
FN:27,(anonymous_1)
FN:36,(anonymous_2)
FN:45,(anonymous_3)
FN:54,(anonymous_4)
FNF:5
FNH:0
FNDA:0,(anonymous_0)
FNDA:0,(anonymous_1)
FNDA:0,(anonymous_2)
FNDA:0,(anonymous_3)
FNDA:0,(anonymous_4)
DA:15,10
DA:22,0
DA:28,0
DA:29,0
DA:37,0
DA:38,0
DA:46,0
DA:47,0
DA:55,0
DA:56,0
DA:61,0
LF:11
LH:1
BRF:0
BRH:0
end_of_record
TN:
SF:src\components\common\DriverIcon.tsx
FN:10,(anonymous_0)
FNF:1
FNH:0
FNDA:0,(anonymous_0)
DA:10,10
DA:11,0
DA:31,10
LF:3
LH:2
BRDA:10,0,0,0
BRDA:10,1,0,0
BRF:2
BRH:0
end_of_record
TN:
SF:src\components\common\ErrorBoundary.tsx
FN:38,(anonymous_0)
FN:47,(anonymous_1)
FN:54,(anonymous_2)
FN:77,(anonymous_3)
FN:84,(anonymous_4)
FN:98,(anonymous_5)
FN:104,(anonymous_6)
FN:109,(anonymous_7)
FN:118,(anonymous_8)
FNF:9
FNH:0
FNDA:0,(anonymous_0)
FNDA:0,(anonymous_1)
FNDA:0,(anonymous_2)
FNDA:0,(anonymous_3)
FNDA:0,(anonymous_4)
FNDA:0,(anonymous_5)
FNDA:0,(anonymous_6)
FNDA:0,(anonymous_7)
FNDA:0,(anonymous_8)
DA:36,0
DA:39,0
DA:40,0
DA:48,0
DA:56,0
DA:62,0
DA:72,0
DA:73,0
DA:78,0
DA:79,0
DA:82,0
DA:83,0
DA:84,0
DA:87,0
DA:88,0
DA:93,0
DA:94,0
DA:99,0
DA:100,0
DA:104,0
DA:105,0
DA:106,0
DA:109,0
DA:110,0
DA:119,0
DA:121,0
DA:122,0
DA:126,0
DA:173,0
DA:177,10
LF:30
LH:1
BRDA:72,0,0,0
BRDA:72,0,1,0
BRDA:82,1,0,0
BRDA:82,1,1,0
BRDA:82,2,0,0
BRDA:82,2,1,0
BRDA:82,2,2,0
BRDA:87,3,0,0
BRDA:87,3,1,0
BRDA:93,4,0,0
BRDA:93,4,1,0
BRDA:93,5,0,0
BRDA:93,5,1,0
BRDA:93,5,2,0
BRDA:99,6,0,0
BRDA:99,6,1,0
BRDA:105,7,0,0
BRDA:105,7,1,0
BRDA:119,8,0,0
BRDA:119,8,1,0
BRDA:121,9,0,0
BRDA:121,9,1,0
BRDA:141,10,0,0
BRDA:141,10,1,0
BRDA:141,10,2,0
BRDA:149,11,0,0
BRDA:149,11,1,0
BRF:27
BRH:0
end_of_record
TN:
SF:src\components\common\Input.tsx
FN:42,(anonymous_0)
FNF:1
FNH:1
FNDA:252,(anonymous_0)
DA:42,10
DA:49,252
DA:62,10
LF:3
LH:3
BRDA:51,0,0,252
BRDA:51,0,1,252
BRDA:53,1,0,252
BRDA:53,1,1,4
BRDA:57,2,0,252
BRDA:57,2,1,4
BRF:6
BRH:6
end_of_record
TN:
SF:src\components\common\LoadingSpinner.tsx
FN:16,(anonymous_0)
FNF:1
FNH:0
FNDA:0,(anonymous_0)
DA:16,8
DA:21,0
DA:29,8
LF:3
LH:2
BRDA:17,0,0,0
BRDA:18,1,0,0
BRDA:24,2,0,0
BRDA:24,2,1,0
BRF:4
BRH:0
end_of_record
TN:
SF:src\components\common\MenuDrawer.tsx
FN:24,(anonymous_0)
FN:52,(anonymous_1)
FN:88,(anonymous_2)
FN:97,(anonymous_3)
FNF:4
FNH:0
FNDA:0,(anonymous_0)
FNDA:0,(anonymous_1)
FNDA:0,(anonymous_2)
FNDA:0,(anonymous_3)
DA:24,10
DA:32,0
DA:53,0
DA:54,0
DA:89,0
DA:98,0
DA:99,0
DA:129,10
LF:8
LH:2
BRDA:57,0,0,0
BRDA:57,0,1,0
BRDA:62,1,0,0
BRDA:62,1,1,0
BRDA:64,2,0,0
BRDA:64,2,1,0
BRDA:70,3,0,0
BRDA:70,3,1,0
BRDA:75,4,0,0
BRDA:75,4,1,0
BRF:10
BRH:0
end_of_record
TN:
SF:src\components\common\SuccessNotification.tsx
FN:18,(anonymous_0)
FNF:1
FNH:0
FNDA:0,(anonymous_0)
DA:18,10
DA:28,0
DA:85,10
LF:3
LH:2
BRDA:22,0,0,0
BRDA:49,1,0,0
BRDA:49,1,1,0
BRDA:49,1,2,0
BRDA:51,2,0,0
BRDA:51,2,1,0
BRDA:55,3,0,0
BRDA:55,3,1,0
BRDA:64,4,0,0
BRDA:64,4,1,0
BRDA:64,4,2,0
BRF:11
BRH:0
end_of_record
TN:
SF:src\components\common\Typography.tsx
FN:10,(anonymous_0)
FNF:1
FNH:1
FNDA:1322,(anonymous_0)
DA:10,10
DA:16,1322
DA:23,10
LF:3
LH:3
BRDA:11,0,0,0
BRF:1
BRH:0
end_of_record
TN:
SF:src\components\common\index.ts
FNF:0
FNH:0
LF:0
LH:0
BRF:0
BRH:0
end_of_record
TN:
SF:src\components\customer\AgencySelectionModal.tsx
FN:24,(anonymous_0)
FN:51,(anonymous_1)
FN:58,(anonymous_2)
FNF:3
FNH:3
FNDA:16,(anonymous_0)
FNDA:31,(anonymous_1)
FNDA:1,(anonymous_2)
DA:24,1
DA:32,16
DA:52,31
DA:58,1
DA:84,1
LF:5
LH:5
BRDA:44,0,0,2
BRDA:44,0,1,14
BRDA:49,1,0,11
BRDA:49,1,1,3
BRDA:53,2,0,31
BRDA:53,2,1,0
BRDA:56,3,0,31
BRDA:56,3,1,3
BRDA:64,4,0,3
BRDA:64,4,1,28
BRDA:66,5,0,3
BRDA:66,5,1,28
BRF:12
BRH:11
end_of_record
TN:
SF:src\components\customer\DateTimeInput.tsx
FN:22,(anonymous_0)
FN:68,(anonymous_1)
FN:80,(anonymous_2)
FNF:3
FNH:3
FNDA:19,(anonymous_0)
FNDA:1,(anonymous_1)
FNDA:1,(anonymous_2)
DA:22,1
DA:31,19
DA:68,1
DA:80,1
DA:96,1
LF:5
LH:5
BRDA:36,0,0,19
BRDA:36,0,1,2
BRDA:46,1,0,19
BRDA:46,1,1,2
BRDA:66,2,0,19
BRDA:66,2,1,17
BRDA:72,3,0,19
BRDA:72,3,1,17
BRDA:78,4,0,19
BRDA:78,4,1,2
BRDA:84,5,0,19
BRDA:84,5,1,2
BRF:12
BRH:12
end_of_record
TN:
SF:src\components\customer\DeliverySummary.tsx
FN:24,(anonymous_0)
FN:35,(anonymous_1)
FNF:2
FNH:2
FNDA:19,(anonymous_0)
FNDA:4,(anonymous_1)
DA:24,1
DA:35,19
DA:36,4
DA:37,2
DA:40,19
DA:116,1
LF:6
LH:6
BRDA:36,0,0,2
BRDA:36,0,1,2
BRDA:36,1,0,4
BRDA:36,1,1,3
BRDA:37,2,0,2
BRDA:37,2,1,1
BRDA:44,3,0,1
BRDA:44,3,1,18
BRDA:54,4,0,1
BRDA:54,4,1,18
BRDA:54,5,0,19
BRDA:54,5,1,3
BRDA:54,5,2,2
BRDA:64,6,0,1
BRDA:64,6,1,18
BRDA:79,7,0,2
BRDA:79,7,1,17
BRDA:92,8,0,4
BRDA:92,8,1,15
BRDA:92,9,0,19
BRDA:92,9,1,16
BRDA:102,10,0,1
BRDA:102,10,1,18
BRF:23
BRH:23
end_of_record
TN:
SF:src\components\customer\PriceBreakdown.tsx
FN:19,(anonymous_0)
FNF:1
FNH:1
FNDA:13,(anonymous_0)
DA:19,1
DA:26,13
DA:61,1
LF:3
LH:3
BRDA:30,0,0,13
BRDA:30,0,1,1
BRDA:36,1,0,13
BRDA:36,1,1,1
BRDA:42,2,0,13
BRDA:42,2,1,1
BRF:6
BRH:6
end_of_record
TN:
SF:src\components\customer\SavedAddressModal.tsx
FN:27,(anonymous_0)
FN:42,(anonymous_1)
FN:52,(anonymous_2)
FN:56,(anonymous_3)
FN:78,(anonymous_4)
FNF:5
FNH:4
FNDA:16,(anonymous_0)
FNDA:0,(anonymous_1)
FNDA:19,(anonymous_2)
FNDA:1,(anonymous_3)
FNDA:1,(anonymous_4)
DA:27,1
DA:34,16
DA:43,0
DA:44,0
DA:53,19
DA:56,1
DA:79,1
DA:80,1
DA:93,1
LF:9
LH:7
BRDA:51,0,0,12
BRDA:51,0,1,4
BRDA:51,1,0,16
BRDA:51,1,1,16
BRDA:61,2,0,19
BRDA:61,2,1,9
BRF:6
BRH:6
end_of_record
TN:
SF:src\components\customer\TankerSelectionModal.tsx
FN:36,(anonymous_0)
FN:45,(anonymous_1)
FN:78,(anonymous_2)
FN:85,(anonymous_3)
FNF:4
FNH:4
FNDA:17,(anonymous_0)
FNDA:2,(anonymous_1)
FNDA:19,(anonymous_2)
FNDA:2,(anonymous_3)
DA:36,1
DA:45,17
DA:51,2
DA:59,17
DA:79,19
DA:85,2
DA:118,1
LF:7
LH:7
BRDA:71,0,0,2
BRDA:71,0,1,15
BRDA:76,1,0,10
BRDA:76,1,1,5
BRDA:80,2,0,19
BRDA:80,2,1,0
BRDA:83,3,0,19
BRDA:83,3,1,2
BRDA:96,4,0,2
BRDA:96,4,1,17
BRDA:98,5,0,2
BRDA:98,5,1,17
BRDA:108,6,0,3
BRDA:108,6,1,2
BRF:14
BRH:13
end_of_record
TN:
SF:src\components\driver\OrdersFilter.tsx
FN:18,(anonymous_0)
FN:31,(anonymous_1)
FN:59,(anonymous_2)
FN:63,(anonymous_3)
FN:65,(anonymous_4)
FNF:5
FNH:4
FNDA:12,(anonymous_0)
FNDA:12,(anonymous_1)
FNDA:36,(anonymous_2)
FNDA:6,(anonymous_3)
FNDA:0,(anonymous_4)
DA:18,1
DA:19,12
DA:26,12
DA:27,12
DA:28,12
DA:31,12
DA:32,12
DA:33,0
DA:34,0
DA:35,0
DA:36,0
DA:38,0
DA:40,0
DA:42,0
DA:43,0
DA:46,0
DA:56,12
DA:60,36
DA:63,6
DA:66,0
DA:67,0
DA:68,0
DA:101,1
LF:23
LH:11
BRDA:32,0,0,0
BRDA:32,0,1,12
BRDA:34,1,0,0
BRDA:34,1,1,0
BRDA:35,2,0,0
BRDA:35,2,1,0
BRDA:36,3,0,0
BRDA:36,3,1,0
BRDA:40,4,0,0
BRDA:40,4,1,0
BRDA:66,5,0,0
BRDA:66,5,1,0
BRDA:66,6,0,0
BRDA:66,6,1,0
BRDA:76,7,0,36
BRDA:76,7,1,12
BRDA:83,8,0,12
BRDA:83,8,1,0
BRF:18
BRH:4
end_of_record
TN:
SF:src\components\driver\OrdersHeader.tsx
FN:12,(anonymous_1)
FN:14,(anonymous_0)
FNF:2
FNH:0
FNDA:0,(anonymous_1)
FNDA:0,(anonymous_0)
DA:1,0
DA:2,0
DA:3,0
DA:4,0
DA:5,0
DA:12,0
DA:13,0
DA:14,0
DA:15,0
DA:34,0
DA:73,0
LF:11
LH:0
BRDA:17,0,0,0
BRDA:17,0,1,0
BRDA:18,1,0,0
BRDA:18,1,1,0
BRF:4
BRH:0
end_of_record
TN:
SF:src\components\driver\OrdersList.tsx
FN:26,(anonymous_9)
FN:38,(anonymous_10)
FN:49,(anonymous_11)
FN:60,(anonymous_12)
FN:64,(anonymous_13)
FN:89,(anonymous_14)
FN:90,(anonymous_15)
FN:94,(anonymous_16)
FN:144,(anonymous_17)
FN:182,(anonymous_18)
FN:192,(anonymous_19)
FN:202,(anonymous_20)
FN:212,(anonymous_21)
FN:235,(anonymous_22)
FN:237,(anonymous_23)
FN:269,(anonymous_24)
FN:289,(anonymous_25)
FN:3,(anonymous_1)
FN:40,(anonymous_2)
FN:52,(anonymous_3)
FN:56,(anonymous_4)
FN:105,(anonymous_5)
FN:106,(anonymous_6)
FN:112,(anonymous_7)
FN:258,(anonymous_8)
FN:333,(anonymous_9)
FN:343,(anonymous_10)
FN:353,(anonymous_11)
FN:363,(anonymous_12)
FN:386,(anonymous_13)
FN:388,(anonymous_14)
FN:420,(anonymous_15)
FN:440,(anonymous_16)
FNF:33
FNH:0
FNDA:0,(anonymous_9)
FNDA:0,(anonymous_10)
FNDA:0,(anonymous_11)
FNDA:0,(anonymous_12)
FNDA:0,(anonymous_13)
FNDA:0,(anonymous_14)
FNDA:0,(anonymous_15)
FNDA:0,(anonymous_16)
FNDA:0,(anonymous_17)
FNDA:0,(anonymous_18)
FNDA:0,(anonymous_19)
FNDA:0,(anonymous_20)
FNDA:0,(anonymous_21)
FNDA:0,(anonymous_22)
FNDA:0,(anonymous_23)
FNDA:0,(anonymous_24)
FNDA:0,(anonymous_25)
FNDA:0,(anonymous_1)
FNDA:0,(anonymous_2)
FNDA:0,(anonymous_3)
FNDA:0,(anonymous_4)
FNDA:0,(anonymous_5)
FNDA:0,(anonymous_6)
FNDA:0,(anonymous_7)
FNDA:0,(anonymous_8)
FNDA:0,(anonymous_9)
FNDA:0,(anonymous_10)
FNDA:0,(anonymous_11)
FNDA:0,(anonymous_12)
FNDA:0,(anonymous_13)
FNDA:0,(anonymous_14)
FNDA:0,(anonymous_15)
FNDA:0,(anonymous_16)
DA:1,0
DA:2,0
DA:3,0
DA:4,0
DA:5,0
DA:6,0
DA:7,0
DA:9,0
DA:10,0
DA:11,0
DA:26,0
DA:38,0
DA:39,0
DA:40,0
DA:41,0
DA:42,0
DA:43,0
DA:44,0
DA:45,0
DA:46,0
DA:47,0
DA:49,0
DA:50,0
DA:51,0
DA:52,0
DA:53,0
DA:54,0
DA:55,0
DA:56,0
DA:60,0
DA:61,0
DA:64,0
DA:87,0
DA:89,0
DA:90,0
DA:91,0
DA:92,0
DA:93,0
DA:94,0
DA:95,0
DA:96,0
DA:101,0
DA:103,0
DA:105,0
DA:106,0
DA:107,0
DA:108,0
DA:110,0
DA:112,0
DA:113,0
DA:114,0
DA:129,0
DA:136,0
DA:145,0
DA:182,0
DA:192,0
DA:202,0
DA:212,0
DA:213,0
DA:214,0
DA:215,0
DA:216,0
DA:217,0
DA:219,0
DA:235,0
DA:237,0
DA:238,0
DA:269,0
DA:270,0
DA:289,0
DA:290,0
DA:291,0
DA:294,0
DA:314,0
DA:333,0
DA:343,0
DA:353,0
DA:363,0
DA:364,0
DA:365,0
DA:366,0
DA:367,0
DA:368,0
DA:370,0
DA:386,0
DA:388,0
DA:389,0
DA:420,0
DA:421,0
DA:440,0
DA:441,0
DA:442,0
DA:445,0
DA:486,0
LF:94
LH:0
BRDA:39,0,0,0
BRDA:39,0,1,0
BRDA:39,0,2,0
BRDA:39,0,3,0
BRDA:39,0,4,0
BRDA:39,0,5,0
BRDA:50,1,0,0
BRDA:50,1,1,0
BRDA:50,1,2,0
BRDA:50,1,3,0
BRDA:50,1,4,0
BRDA:50,1,5,0
BRDA:93,2,0,0
BRDA:93,3,0,0
BRDA:93,3,1,0
BRDA:93,3,2,0
BRDA:93,3,3,0
BRDA:94,4,0,0
BRDA:94,4,1,0
BRDA:95,5,0,0
BRDA:95,6,0,0
BRDA:95,6,1,0
BRDA:156,7,0,0
BRDA:156,7,1,0
BRDA:166,8,0,0
BRDA:166,8,1,0
BRDA:169,9,0,0
BRDA:169,9,1,0
BRDA:169,9,2,0
BRDA:179,10,0,0
BRDA:179,10,1,0
BRDA:189,11,0,0
BRDA:189,11,1,0
BRDA:189,11,2,0
BRDA:199,12,0,0
BRDA:199,12,1,0
BRDA:199,12,2,0
BRDA:216,13,0,0
BRDA:216,13,1,0
BRDA:217,14,0,0
BRDA:217,14,1,0
BRDA:245,15,0,0
BRDA:245,15,1,0
BRDA:272,16,0,0
BRDA:272,16,1,0
BRDA:277,17,0,0
BRDA:277,17,1,0
BRDA:278,18,0,0
BRDA:278,18,1,0
BRDA:279,19,0,0
BRDA:279,19,1,0
BRDA:282,20,0,0
BRDA:282,20,1,0
BRDA:283,21,0,0
BRDA:283,21,1,0
BRDA:284,22,0,0
BRDA:284,22,1,0
BRDA:290,23,0,0
BRDA:4,24,0,0
BRDA:4,24,1,0
BRDA:4,24,2,0
BRDA:4,24,3,0
BRDA:4,24,4,0
BRDA:4,24,5,0
BRDA:41,25,0,0
BRDA:41,25,1,0
BRDA:41,25,2,0
BRDA:41,25,3,0
BRDA:41,25,4,0
BRDA:41,25,5,0
BRDA:110,26,0,0
BRDA:110,27,0,0
BRDA:110,27,1,0
BRDA:110,27,2,0
BRDA:110,27,3,0
BRDA:112,28,0,0
BRDA:112,28,1,0
BRDA:113,29,0,0
BRDA:113,30,0,0
BRDA:113,30,1,0
BRDA:289,31,0,0
BRDA:289,31,1,0
BRDA:317,32,0,0
BRDA:317,32,1,0
BRDA:320,33,0,0
BRDA:320,33,1,0
BRDA:320,33,2,0
BRDA:330,34,0,0
BRDA:330,34,1,0
BRDA:340,35,0,0
BRDA:340,35,1,0
BRDA:340,35,2,0
BRDA:350,36,0,0
BRDA:350,36,1,0
BRDA:350,36,2,0
BRDA:367,37,0,0
BRDA:367,37,1,0
BRDA:368,38,0,0
BRDA:368,38,1,0
BRDA:396,39,0,0
BRDA:396,39,1,0
BRDA:423,40,0,0
BRDA:423,40,1,0
BRDA:428,41,0,0
BRDA:428,41,1,0
BRDA:429,42,0,0
BRDA:429,42,1,0
BRDA:430,43,0,0
BRDA:430,43,1,0
BRDA:433,44,0,0
BRDA:433,44,1,0
BRDA:434,45,0,0
BRDA:434,45,1,0
BRDA:435,46,0,0
BRDA:435,46,1,0
BRDA:441,47,0,0
BRF:116
BRH:0
end_of_record
TN:
SF:src\constants\config.ts
FNF:0
FNH:0
DA:3,6
DA:4,7
DA:5,1
DA:10,6
DA:11,1
DA:17,7
DA:28,1
DA:29,6
DA:41,1
DA:43,6
DA:48,1
DA:51,6
DA:57,1
DA:61,6
DA:110,1
DA:115,6
DA:136,1
DA:142,6
DA:145,1
DA:152,6
DA:184,1
DA:192,6
DA:207,1
DA:216,6
DA:234,1
DA:244,6
DA:245,7
DA:254,1
DA:256,6
DA:266,6
LF:30
LH:30
BRF:0
BRH:0
end_of_record
TN:
SF:src\lib\index.ts
FN:9,(anonymous_0)
FN:9,(anonymous_1)
FN:10,(anonymous_2)
FN:10,(anonymous_3)
FN:10,(anonymous_4)
FNF:5
FNH:0
FNDA:0,(anonymous_0)
FNDA:0,(anonymous_1)
FNDA:0,(anonymous_2)
FNDA:0,(anonymous_3)
FNDA:0,(anonymous_4)
DA:9,0
DA:10,0
LF:2
LH:0
BRF:0
BRH:0
end_of_record
TN:
SF:src\lib\localStorageDataAccess.ts
FN:26,(anonymous_0)
FN:34,(anonymous_1)
FN:42,(anonymous_2)
FN:50,(anonymous_3)
FN:58,(anonymous_4)
FN:66,(anonymous_5)
FN:74,(anonymous_6)
FN:85,(anonymous_7)
FN:89,(anonymous_8)
FN:92,(anonymous_9)
FN:96,(anonymous_10)
FN:104,(anonymous_11)
FN:112,(anonymous_12)
FN:120,(anonymous_13)
FN:128,(anonymous_14)
FN:136,(anonymous_15)
FN:144,(anonymous_16)
FN:152,(anonymous_17)
FN:160,(anonymous_18)
FN:164,(anonymous_19)
FN:172,(anonymous_20)
FN:180,(anonymous_21)
FN:191,(anonymous_22)
FN:199,(anonymous_23)
FN:207,(anonymous_24)
FN:215,(anonymous_25)
FN:218,(anonymous_26)
FN:224,(anonymous_27)
FN:228,(anonymous_28)
FN:231,(anonymous_29)
FN:235,(anonymous_30)
FN:247,(anonymous_31)
FN:253,(anonymous_32)
FN:257,(anonymous_33)
FN:17,(anonymous_0)
FN:25,(anonymous_1)
FN:33,(anonymous_2)
FN:41,(anonymous_3)
FN:49,(anonymous_4)
FN:57,(anonymous_5)
FN:65,(anonymous_6)
FN:76,(anonymous_7)
FN:80,(anonymous_8)
FN:82,(anonymous_9)
FN:86,(anonymous_10)
FN:93,(anonymous_11)
FN:101,(anonymous_12)
FN:109,(anonymous_13)
FN:117,(anonymous_14)
FN:125,(anonymous_15)
FN:133,(anonymous_16)
FN:141,(anonymous_17)
FN:149,(anonymous_18)
FN:153,(anonymous_19)
FN:160,(anonymous_20)
FN:168,(anonymous_21)
FN:179,(anonymous_22)
FN:187,(anonymous_23)
FN:195,(anonymous_24)
FN:203,(anonymous_25)
FN:206,(anonymous_26)
FN:212,(anonymous_27)
FN:216,(anonymous_28)
FN:218,(anonymous_29)
FN:222,(anonymous_30)
FN:232,(anonymous_31)
FN:237,(anonymous_32)
FN:240,(anonymous_33)
FNF:68
FNH:57
FNDA:4,(anonymous_0)
FNDA:3,(anonymous_1)
FNDA:4,(anonymous_2)
FNDA:4,(anonymous_3)
FNDA:4,(anonymous_4)
FNDA:5,(anonymous_5)
FNDA:2,(anonymous_6)
FNDA:1,(anonymous_7)
FNDA:1,(anonymous_8)
FNDA:0,(anonymous_9)
FNDA:6,(anonymous_10)
FNDA:6,(anonymous_11)
FNDA:1,(anonymous_12)
FNDA:1,(anonymous_13)
FNDA:2,(anonymous_14)
FNDA:1,(anonymous_15)
FNDA:1,(anonymous_16)
FNDA:1,(anonymous_17)
FNDA:4,(anonymous_18)
FNDA:4,(anonymous_19)
FNDA:5,(anonymous_20)
FNDA:1,(anonymous_21)
FNDA:0,(anonymous_22)
FNDA:3,(anonymous_23)
FNDA:1,(anonymous_24)
FNDA:1,(anonymous_25)
FNDA:1,(anonymous_26)
FNDA:0,(anonymous_27)
FNDA:0,(anonymous_28)
FNDA:0,(anonymous_29)
FNDA:21,(anonymous_30)
FNDA:21,(anonymous_31)
FNDA:2,(anonymous_32)
FNDA:1,(anonymous_33)
FNDA:2,(anonymous_0)
FNDA:2,(anonymous_1)
FNDA:1,(anonymous_2)
FNDA:3,(anonymous_3)
FNDA:1,(anonymous_4)
FNDA:3,(anonymous_5)
FNDA:2,(anonymous_6)
FNDA:3,(anonymous_7)
FNDA:3,(anonymous_8)
FNDA:0,(anonymous_9)
FNDA:1,(anonymous_10)
FNDA:6,(anonymous_11)
FNDA:1,(anonymous_12)
FNDA:1,(anonymous_13)
FNDA:2,(anonymous_14)
FNDA:1,(anonymous_15)
FNDA:1,(anonymous_16)
FNDA:1,(anonymous_17)
FNDA:0,(anonymous_18)
FNDA:1,(anonymous_19)
FNDA:4,(anonymous_20)
FNDA:1,(anonymous_21)
FNDA:0,(anonymous_22)
FNDA:3,(anonymous_23)
FNDA:1,(anonymous_24)
FNDA:1,(anonymous_25)
FNDA:1,(anonymous_26)
FNDA:0,(anonymous_27)
FNDA:1,(anonymous_28)
FNDA:0,(anonymous_29)
FNDA:0,(anonymous_30)
FNDA:21,(anonymous_31)
FNDA:2,(anonymous_32)
FNDA:1,(anonymous_33)
DA:9,1
DA:10,1
DA:11,1
DA:12,1
DA:18,2
DA:19,2
DA:22,0
DA:26,2
DA:27,4
DA:28,4
DA:30,2
DA:34,1
DA:35,3
DA:36,3
DA:38,2
DA:42,3
DA:43,4
DA:44,4
DA:46,3
DA:50,1
DA:51,4
DA:52,4
DA:54,3
DA:58,3
DA:59,4
DA:60,4
DA:62,3
DA:66,2
DA:67,5
DA:68,5
DA:70,2
DA:71,1
DA:73,0
DA:75,2
DA:76,2
DA:78,1
DA:79,1
DA:80,3
DA:81,0
DA:86,0
DA:89,1
DA:94,6
DA:95,6
DA:96,6
DA:98,0
DA:102,1
DA:103,1
DA:105,6
DA:106,7
DA:108,0
DA:110,1
DA:111,1
DA:113,1
DA:114,2
DA:116,0
DA:118,2
DA:119,2
DA:121,1
DA:122,3
DA:124,0
DA:126,1
DA:127,1
DA:129,2
DA:130,3
DA:132,0
DA:134,1
DA:135,1
DA:137,1
DA:138,2
DA:140,0
DA:142,1
DA:143,1
DA:145,1
DA:146,2
DA:148,0
DA:153,1
DA:154,1
DA:156,0
DA:161,4
DA:162,4
DA:164,4
DA:165,0
DA:169,1
DA:170,1
DA:173,5
DA:174,4
DA:176,4
DA:180,0
DA:181,1
DA:182,1
DA:184,0
DA:185,0
DA:187,0
DA:188,3
DA:189,3
DA:192,0
DA:193,0
DA:195,0
DA:196,1
DA:197,1
DA:200,3
DA:201,3
DA:203,0
DA:204,1
DA:205,1
DA:206,1
DA:208,1
DA:209,2
DA:211,0
DA:216,1
DA:217,1
DA:218,1
DA:220,0
DA:222,0
DA:228,0
DA:233,21
DA:234,21
DA:235,21
DA:238,2
DA:241,1
DA:242,1
DA:245,0
DA:248,21
DA:249,22
DA:250,21
DA:254,3
DA:258,1
DA:259,1
DA:261,0
DA:270,1
LF:130
LH:103
BRDA:78,0,0,1
BRDA:78,0,1,0
BRDA:78,1,0,1
BRDA:78,1,1,1
BRDA:184,2,0,0
BRDA:184,2,1,0
BRDA:184,3,0,0
BRDA:184,3,1,0
BRDA:70,4,0,1
BRDA:70,4,1,0
BRDA:70,5,0,1
BRDA:70,5,1,1
BRDA:173,6,0,0
BRDA:173,6,1,0
BRDA:173,7,0,0
BRDA:173,7,1,0
BRF:16
BRH:6
end_of_record
TN:
SF:src\lib\subscriptionManager.ts
FN:32,(anonymous_0)
FN:50,(anonymous_1)
FN:63,(anonymous_2)
FN:78,(anonymous_3)
FN:90,(anonymous_4)
FN:97,(anonymous_5)
FN:99,(anonymous_6)
FN:106,(anonymous_7)
FN:113,(anonymous_8)
FN:127,createManagedSubscription
FN:135,(anonymous_10)
FN:22,(anonymous_0)
FN:35,(anonymous_1)
FN:47,(anonymous_2)
FN:61,(anonymous_3)
FN:72,(anonymous_4)
FN:78,(anonymous_5)
FN:79,(anonymous_6)
FN:84,(anonymous_7)
FN:90,(anonymous_8)
FN:103,createManagedSubscription
FN:106,(anonymous_10)
FNF:22
FNH:22
FNDA:26,(anonymous_0)
FNDA:6,(anonymous_1)
FNDA:2,(anonymous_2)
FNDA:5,(anonymous_3)
FNDA:18,(anonymous_4)
FNDA:2,(anonymous_5)
FNDA:3,(anonymous_6)
FNDA:8,(anonymous_7)
FNDA:15,(anonymous_8)
FNDA:4,createManagedSubscription
FNDA:3,(anonymous_10)
FNDA:26,(anonymous_0)
FNDA:6,(anonymous_1)
FNDA:2,(anonymous_2)
FNDA:5,(anonymous_3)
FNDA:3,(anonymous_4)
FNDA:7,(anonymous_5)
FNDA:8,(anonymous_6)
FNDA:5,(anonymous_7)
FNDA:15,(anonymous_8)
FNDA:4,createManagedSubscription
FNDA:3,(anonymous_10)
DA:9,1
DA:10,1
DA:11,1
DA:17,19
DA:18,19
DA:23,26
DA:24,26
DA:26,45
DA:27,45
DA:30,26
DA:36,6
DA:37,32
DA:38,31
DA:39,31
DA:40,31
DA:42,27
DA:44,26
DA:48,2
DA:49,2
DA:50,3
DA:51,9
DA:52,8
DA:53,8
DA:54,7
DA:55,5
DA:56,2
DA:57,1
DA:62,5
DA:63,5
DA:64,6
DA:65,2
DA:66,8
DA:67,7
DA:68,2
DA:69,2
DA:72,2
DA:73,3
DA:79,7
DA:80,5
DA:81,4
DA:83,5
DA:84,5
DA:85,5
DA:91,18
DA:94,1
DA:98,2
DA:99,3
DA:104,4
DA:106,4
DA:107,9
DA:114,15
DA:121,1
DA:132,4
DA:135,4
DA:136,3
LF:55
LH:55
BRDA:37,0,0,31
BRDA:37,0,1,26
BRDA:52,1,0,5
BRDA:52,1,1,1
BRDA:66,2,0,2
BRDA:66,2,1,1
BRDA:23,3,0,26
BRDA:23,3,1,25
BRDA:37,4,0,5
BRDA:37,4,1,1
BRDA:50,5,0,2
BRDA:50,5,1,1
BRF:12
BRH:12
end_of_record
TN:
SF:src\navigation\AdminNavigator.tsx
FN:20,(anonymous_0)
FNF:1
FNH:1
FNDA:2,(anonymous_0)
DA:18,1
DA:20,1
DA:21,2
LF:3
LH:3
BRF:0
BRH:0
end_of_record
TN:
SF:src\navigation\AuthNavigator.tsx
FN:11,(anonymous_0)
FNF:1
FNH:1
FNDA:2,(anonymous_0)
DA:9,1
DA:11,1
DA:12,2
LF:3
LH:3
BRF:0
BRH:0
end_of_record
TN:
SF:src\navigation\CustomerNavigator.tsx
FN:24,(anonymous_0)
FNF:1
FNH:1
FNDA:2,(anonymous_0)
DA:22,1
DA:24,1
DA:25,2
LF:3
LH:3
BRF:0
BRH:0
end_of_record
TN:
SF:src\navigation\DriverNavigator.tsx
FN:24,(anonymous_0)
FN:50,(anonymous_1)
FN:60,(anonymous_2)
FN:69,(anonymous_3)
FNF:4
FNH:2
FNDA:2,(anonymous_0)
FNDA:0,(anonymous_1)
FNDA:0,(anonymous_2)
FNDA:2,(anonymous_3)
DA:21,1
DA:22,1
DA:24,1
DA:25,2
DA:51,0
DA:61,0
DA:69,1
DA:70,2
LF:8
LH:6
BRF:0
BRH:0
end_of_record
TN:
SF:src\screens\admin\AdminProfileScreen.tsx
FN:102,(anonymous_0)
FN:156,(anonymous_1)
FN:159,(anonymous_2)
FN:160,(anonymous_3)
FN:164,(anonymous_4)
FN:172,(anonymous_5)
FN:187,(anonymous_6)
FN:203,(anonymous_7)
FN:218,(anonymous_8)
FN:284,(anonymous_9)
FN:305,(anonymous_10)
FN:356,(anonymous_11)
FN:396,(anonymous_12)
FN:416,(anonymous_13)
FN:428,(anonymous_14)
FN:441,(anonymous_15)
FN:454,(anonymous_16)
FN:488,(anonymous_17)
FN:504,(anonymous_18)
FN:513,(anonymous_19)
FN:518,(anonymous_20)
FN:523,(anonymous_21)
FN:528,(anonymous_22)
FN:532,(anonymous_23)
FN:570,(anonymous_24)
FN:596,(anonymous_25)
FN:626,(anonymous_26)
FN:627,(anonymous_27)
FN:637,(anonymous_28)
FN:644,(anonymous_29)
FN:2,(anonymous_0)
FN:6,(anonymous_1)
FN:9,(anonymous_2)
FN:13,(anonymous_3)
FN:15,(anonymous_4)
FN:18,(anonymous_5)
FN:19,(anonymous_6)
FN:20,(anonymous_7)
FN:27,(anonymous_8)
FN:35,(anonymous_9)
FN:74,(anonymous_10)
FN:127,(anonymous_11)
FN:129,(anonymous_12)
FN:130,(anonymous_13)
FN:133,(anonymous_14)
FN:139,(anonymous_15)
FN:152,(anonymous_16)
FN:167,(anonymous_17)
FN:179,(anonymous_18)
FN:243,(anonymous_19)
FN:264,(anonymous_20)
FN:310,(anonymous_21)
FN:343,(anonymous_22)
FN:363,(anonymous_23)
FN:372,(anonymous_24)
FN:384,(anonymous_25)
FN:394,(anonymous_26)
FN:427,(anonymous_27)
FN:442,(anonymous_28)
FN:450,(anonymous_29)
FN:454,(anonymous_30)
FN:458,(anonymous_31)
FN:462,(anonymous_32)
FN:466,(anonymous_33)
FN:487,(anonymous_34)
FN:493,(anonymous_35)
FN:502,(anonymous_36)
FN:502,(anonymous_37)
FN:503,(anonymous_38)
FN:504,(anonymous_39)
FNF:70
FNH:0
FNDA:0,(anonymous_0)
FNDA:0,(anonymous_1)
FNDA:0,(anonymous_2)
FNDA:0,(anonymous_3)
FNDA:0,(anonymous_4)
FNDA:0,(anonymous_5)
FNDA:0,(anonymous_6)
FNDA:0,(anonymous_7)
FNDA:0,(anonymous_8)
FNDA:0,(anonymous_9)
FNDA:0,(anonymous_10)
FNDA:0,(anonymous_11)
FNDA:0,(anonymous_12)
FNDA:0,(anonymous_13)
FNDA:0,(anonymous_14)
FNDA:0,(anonymous_15)
FNDA:0,(anonymous_16)
FNDA:0,(anonymous_17)
FNDA:0,(anonymous_18)
FNDA:0,(anonymous_19)
FNDA:0,(anonymous_20)
FNDA:0,(anonymous_21)
FNDA:0,(anonymous_22)
FNDA:0,(anonymous_23)
FNDA:0,(anonymous_24)
FNDA:0,(anonymous_25)
FNDA:0,(anonymous_26)
FNDA:0,(anonymous_27)
FNDA:0,(anonymous_28)
FNDA:0,(anonymous_29)
FNDA:0,(anonymous_0)
FNDA:0,(anonymous_1)
FNDA:0,(anonymous_2)
FNDA:0,(anonymous_3)
FNDA:0,(anonymous_4)
FNDA:0,(anonymous_5)
FNDA:0,(anonymous_6)
FNDA:0,(anonymous_7)
FNDA:0,(anonymous_8)
FNDA:0,(anonymous_9)
FNDA:0,(anonymous_10)
FNDA:0,(anonymous_11)
FNDA:0,(anonymous_12)
FNDA:0,(anonymous_13)
FNDA:0,(anonymous_14)
FNDA:0,(anonymous_15)
FNDA:0,(anonymous_16)
FNDA:0,(anonymous_17)
FNDA:0,(anonymous_18)
FNDA:0,(anonymous_19)
FNDA:0,(anonymous_20)
FNDA:0,(anonymous_21)
FNDA:0,(anonymous_22)
FNDA:0,(anonymous_23)
FNDA:0,(anonymous_24)
FNDA:0,(anonymous_25)
FNDA:0,(anonymous_26)
FNDA:0,(anonymous_27)
FNDA:0,(anonymous_28)
FNDA:0,(anonymous_29)
FNDA:0,(anonymous_30)
FNDA:0,(anonymous_31)
FNDA:0,(anonymous_32)
FNDA:0,(anonymous_33)
FNDA:0,(anonymous_34)
FNDA:0,(anonymous_35)
FNDA:0,(anonymous_36)
FNDA:0,(anonymous_37)
FNDA:0,(anonymous_38)
FNDA:0,(anonymous_39)
DA:2,0
DA:3,0
DA:4,0
DA:5,0
DA:6,0
DA:8,0
DA:10,0
DA:11,0
DA:13,0
DA:14,0
DA:16,0
DA:18,0
DA:19,0
DA:20,0
DA:21,0
DA:22,0
DA:23,0
DA:25,0
DA:27,0
DA:28,0
DA:29,0
DA:30,0
DA:31,0
DA:32,0
DA:35,0
DA:36,0
DA:38,0
DA:39,0
DA:40,0
DA:41,0
DA:42,0
DA:43,0
DA:44,0
DA:45,0
DA:46,0
DA:47,0
DA:48,0
DA:49,0
DA:50,0
DA:51,0
DA:52,0
DA:74,0
DA:75,0
DA:77,0
DA:79,0
DA:84,0
DA:86,0
DA:87,0
DA:88,0
DA:90,0
DA:92,0
DA:94,0
DA:96,0
DA:98,0
DA:100,0
DA:102,0
DA:103,0
DA:104,0
DA:105,0
DA:106,0
DA:107,0
DA:108,0
DA:112,0
DA:114,0
DA:115,0
DA:116,0
DA:118,0
DA:120,0
DA:122,0
DA:123,0
DA:124,0
DA:126,0
DA:127,0
DA:128,0
DA:129,0
DA:130,0
DA:131,0
DA:132,0
DA:133,0
DA:134,0
DA:136,0
DA:137,0
DA:139,0
DA:140,0
DA:141,0
DA:142,0
DA:143,0
DA:144,0
DA:146,0
DA:147,0
DA:148,0
DA:149,0
DA:150,0
DA:151,0
DA:152,0
DA:153,0
DA:154,0
DA:156,0
DA:157,0
DA:159,0
DA:160,0
DA:161,0
DA:162,0
DA:163,0
DA:164,0
DA:165,0
DA:167,0
DA:168,0
DA:169,0
DA:170,0
DA:172,0
DA:173,0
DA:174,0
DA:175,0
DA:176,0
DA:177,0
DA:179,0
DA:180,0
DA:181,0
DA:182,0
DA:183,0
DA:184,0
DA:185,0
DA:186,0
DA:187,0
DA:188,0
DA:189,0
DA:190,0
DA:193,0
DA:197,0
DA:198,0
DA:199,0
DA:200,0
DA:203,0
DA:204,0
DA:207,0
DA:208,0
DA:209,0
DA:210,0
DA:213,0
DA:214,0
DA:217,0
DA:218,0
DA:219,0
DA:221,0
DA:222,0
DA:224,0
DA:225,0
DA:226,0
DA:227,0
DA:228,0
DA:229,0
DA:231,0
DA:234,0
DA:235,0
DA:236,0
DA:237,0
DA:238,0
DA:239,0
DA:240,0
DA:241,0
DA:243,0
DA:244,0
DA:245,0
DA:246,0
DA:247,0
DA:248,0
DA:249,0
DA:251,0
DA:256,0
DA:257,0
DA:258,0
DA:260,0
DA:261,0
DA:264,0
DA:265,0
DA:266,0
DA:267,0
DA:268,0
DA:269,0
DA:271,0
DA:272,0
DA:273,0
DA:274,0
DA:275,0
DA:276,0
DA:278,0
DA:279,0
DA:280,0
DA:283,0
DA:284,0
DA:285,0
DA:286,0
DA:288,0
DA:289,0
DA:290,0
DA:293,0
DA:294,0
DA:295,0
DA:298,0
DA:299,0
DA:300,0
DA:301,0
DA:303,0
DA:304,0
DA:305,0
DA:306,0
DA:307,0
DA:308,0
DA:309,0
DA:310,0
DA:311,0
DA:312,0
DA:313,0
DA:314,0
DA:315,0
DA:316,0
DA:317,0
DA:319,0
DA:320,0
DA:321,0
DA:323,0
DA:324,0
DA:325,0
DA:326,0
DA:327,0
DA:331,0
DA:332,0
DA:333,0
DA:335,0
DA:336,0
DA:337,0
DA:338,0
DA:339,0
DA:341,0
DA:342,0
DA:343,0
DA:344,0
DA:347,0
DA:348,0
DA:350,0
DA:351,0
DA:352,0
DA:353,0
DA:354,0
DA:356,0
DA:357,0
DA:360,0
DA:362,0
DA:363,0
DA:364,0
DA:366,0
DA:367,0
DA:369,0
DA:371,0
DA:372,0
DA:373,0
DA:374,0
DA:377,0
DA:378,0
DA:382,0
DA:383,0
DA:384,0
DA:385,0
DA:386,0
DA:387,0
DA:388,0
DA:389,0
DA:390,0
DA:393,0
DA:395,0
DA:396,0
DA:397,0
DA:400,0
DA:403,0
DA:404,0
DA:405,0
DA:406,0
DA:409,0
DA:410,0
DA:412,0
DA:413,0
DA:414,0
DA:416,0
DA:417,0
DA:422,0
DA:424,0
DA:427,0
DA:429,0
DA:430,0
DA:431,0
DA:432,0
DA:433,0
DA:434,0
DA:436,0
DA:438,0
DA:439,0
DA:441,0
DA:442,0
DA:443,0
DA:445,0
DA:446,0
DA:448,0
DA:450,0
DA:451,0
DA:452,0
DA:454,0
DA:455,0
DA:456,0
DA:458,0
DA:459,0
DA:460,0
DA:462,0
DA:463,0
DA:464,0
DA:465,0
DA:466,0
DA:467,0
DA:470,0
DA:471,0
DA:473,0
DA:474,0
DA:476,0
DA:477,0
DA:482,0
DA:484,0
DA:487,0
DA:488,0
DA:490,0
DA:491,0
DA:492,0
DA:493,0
DA:494,0
DA:495,0
DA:496,0
DA:499,0
DA:500,0
DA:502,0
DA:503,0
DA:504,0
DA:505,0
DA:506,0
DA:507,0
DA:508,0
DA:510,0
DA:513,0
DA:514,0
DA:515,0
DA:518,0
DA:519,0
DA:520,0
DA:523,0
DA:524,0
DA:525,0
DA:528,0
DA:529,0
DA:530,0
DA:532,0
DA:533,0
DA:537,0
DA:538,0
DA:550,0
DA:551,0
DA:561,0
DA:570,0
DA:574,0
DA:597,0
DA:598,0
DA:599,0
DA:626,0
DA:627,0
DA:637,0
DA:644,0
DA:653,0
LF:374
LH:0
BRDA:103,0,0,0
BRDA:103,0,1,0
BRDA:103,0,2,0
BRDA:103,0,3,0
BRDA:103,0,4,0
BRDA:103,0,5,0
BRDA:103,0,6,0
BRDA:103,0,7,0
BRDA:103,0,8,0
BRDA:103,0,9,0
BRDA:103,0,10,0
BRDA:103,0,11,0
BRDA:103,0,12,0
BRDA:103,0,13,0
BRDA:103,0,14,0
BRDA:103,0,15,0
BRDA:188,1,0,0
BRDA:188,1,1,0
BRDA:188,2,0,0
BRDA:188,2,1,0
BRDA:190,3,0,0
BRDA:190,3,1,0
BRDA:191,4,0,0
BRDA:191,4,1,0
BRDA:192,5,0,0
BRDA:192,5,1,0
BRDA:193,6,0,0
BRDA:193,6,1,0
BRDA:204,7,0,0
BRDA:204,7,1,0
BRDA:204,8,0,0
BRDA:204,8,1,0
BRDA:204,8,2,0
BRDA:207,9,0,0
BRDA:207,9,1,0
BRDA:207,9,2,0
BRDA:207,9,3,0
BRDA:207,9,4,0
BRDA:207,9,5,0
BRDA:207,9,6,0
BRDA:207,9,7,0
BRDA:207,10,0,0
BRDA:207,10,1,0
BRDA:208,11,0,0
BRDA:208,11,1,0
BRDA:209,12,0,0
BRDA:209,12,1,0
BRDA:210,13,0,0
BRDA:210,13,1,0
BRDA:219,14,0,0
BRDA:219,14,1,0
BRDA:224,15,0,0
BRDA:224,15,1,0
BRDA:226,16,0,0
BRDA:226,16,1,0
BRDA:228,17,0,0
BRDA:228,17,1,0
BRDA:236,18,0,0
BRDA:236,18,1,0
BRDA:238,19,0,0
BRDA:238,19,1,0
BRDA:246,20,0,0
BRDA:246,20,1,0
BRDA:248,21,0,0
BRDA:248,21,1,0
BRDA:257,22,0,0
BRDA:257,22,1,0
BRDA:264,23,0,0
BRDA:264,23,1,0
BRDA:266,24,0,0
BRDA:266,24,1,0
BRDA:273,25,0,0
BRDA:273,25,1,0
BRDA:273,26,0,0
BRDA:273,26,1,0
BRDA:275,27,0,0
BRDA:275,27,1,0
BRDA:275,28,0,0
BRDA:275,28,1,0
BRDA:285,29,0,0
BRDA:285,29,1,0
BRDA:310,30,0,0
BRDA:310,30,1,0
BRDA:312,31,0,0
BRDA:312,31,1,0
BRDA:314,32,0,0
BRDA:314,32,1,0
BRDA:320,33,0,0
BRDA:320,33,1,0
BRDA:326,34,0,0
BRDA:326,34,1,0
BRDA:332,35,0,0
BRDA:332,35,1,0
BRDA:337,36,0,0
BRDA:337,36,1,0
BRDA:337,37,0,0
BRDA:337,37,1,0
BRDA:338,38,0,0
BRDA:338,38,1,0
BRDA:342,39,0,0
BRDA:342,39,1,0
BRDA:347,40,0,0
BRDA:347,40,1,0
BRDA:347,41,0,0
BRDA:347,41,1,0
BRDA:357,42,0,0
BRDA:357,42,1,0
BRDA:357,43,0,0
BRDA:357,43,1,0
BRDA:360,44,0,0
BRDA:360,44,1,0
BRDA:382,45,0,0
BRDA:382,45,1,0
BRDA:400,46,0,0
BRDA:400,46,1,0
BRDA:403,47,0,0
BRDA:403,47,1,0
BRDA:403,48,0,0
BRDA:403,48,1,0
BRDA:432,49,0,0
BRDA:432,49,1,0
BRDA:442,50,0,0
BRDA:442,50,1,0
BRDA:455,51,0,0
BRDA:455,51,1,0
BRDA:455,52,0,0
BRDA:455,52,1,0
BRDA:455,52,2,0
BRDA:457,53,0,0
BRDA:457,53,1,0
BRDA:458,54,0,0
BRDA:458,54,1,0
BRDA:459,55,0,0
BRDA:459,55,1,0
BRDA:460,56,0,0
BRDA:460,56,1,0
BRDA:473,57,0,0
BRDA:473,57,1,0
BRDA:473,58,0,0
BRDA:473,58,1,0
BRDA:473,58,2,0
BRDA:475,59,0,0
BRDA:475,59,1,0
BRDA:476,60,0,0
BRDA:476,60,1,0
BRDA:477,61,0,0
BRDA:477,61,1,0
BRDA:478,62,0,0
BRDA:478,62,1,0
BRDA:491,63,0,0
BRDA:491,63,1,0
BRDA:493,64,0,0
BRDA:493,64,1,0
BRDA:499,65,0,0
BRDA:499,65,1,0
BRDA:505,66,0,0
BRDA:505,66,1,0
BRDA:537,67,0,0
BRDA:537,67,1,0
BRDA:550,68,0,0
BRDA:550,68,1,0
BRDA:563,69,0,0
BRDA:563,69,1,0
BRDA:584,70,0,0
BRDA:584,70,1,0
BRDA:592,71,0,0
BRDA:592,71,1,0
BRDA:606,72,0,0
BRDA:606,72,1,0
BRDA:617,73,0,0
BRDA:617,73,1,0
BRDA:2,74,0,0
BRDA:2,74,1,0
BRDA:2,74,2,0
BRDA:2,75,0,0
BRDA:2,75,1,0
BRDA:3,76,0,0
BRDA:3,76,1,0
BRDA:5,77,0,0
BRDA:5,77,1,0
BRDA:5,78,0,0
BRDA:5,78,1,0
BRDA:5,79,0,0
BRDA:5,79,1,0
BRDA:5,80,0,0
BRDA:5,80,1,0
BRDA:10,81,0,0
BRDA:10,81,1,0
BRDA:13,82,0,0
BRDA:13,82,1,0
BRDA:13,82,2,0
BRDA:13,83,0,0
BRDA:13,83,1,0
BRDA:18,84,0,0
BRDA:18,84,1,0
BRDA:18,84,2,0
BRDA:20,85,0,0
BRDA:20,85,1,0
BRDA:22,86,0,0
BRDA:22,86,1,0
BRDA:28,87,0,0
BRDA:28,87,1,0
BRDA:28,88,0,0
BRDA:28,88,1,0
BRDA:30,89,0,0
BRDA:30,89,1,0
BRDA:30,90,0,0
BRDA:30,90,1,0
BRDA:35,91,0,0
BRDA:35,91,1,0
BRDA:35,91,2,0
BRDA:36,92,0,0
BRDA:36,92,1,0
BRDA:36,93,0,0
BRDA:36,93,1,0
BRDA:75,94,0,0
BRDA:75,94,1,0
BRDA:75,94,2,0
BRDA:75,94,3,0
BRDA:75,94,4,0
BRDA:75,94,5,0
BRDA:75,94,6,0
BRDA:75,94,7,0
BRDA:75,94,8,0
BRDA:75,94,9,0
BRDA:75,94,10,0
BRDA:75,94,11,0
BRDA:75,94,12,0
BRDA:75,94,13,0
BRDA:75,94,14,0
BRDA:75,94,15,0
BRDA:153,95,0,0
BRDA:153,95,1,0
BRDA:153,96,0,0
BRDA:153,96,1,0
BRDA:155,97,0,0
BRDA:155,97,1,0
BRDA:156,98,0,0
BRDA:156,98,1,0
BRDA:157,99,0,0
BRDA:157,99,1,0
BRDA:158,100,0,0
BRDA:158,100,1,0
BRDA:168,101,0,0
BRDA:168,101,1,0
BRDA:168,102,0,0
BRDA:168,102,1,0
BRDA:168,102,2,0
BRDA:170,103,0,0
BRDA:170,103,1,0
BRDA:170,103,2,0
BRDA:170,103,3,0
BRDA:170,103,4,0
BRDA:170,103,5,0
BRDA:170,103,6,0
BRDA:170,103,7,0
BRDA:170,104,0,0
BRDA:170,104,1,0
BRDA:171,105,0,0
BRDA:171,105,1,0
BRDA:172,106,0,0
BRDA:172,106,1,0
BRDA:173,107,0,0
BRDA:173,107,1,0
BRDA:180,108,0,0
BRDA:180,108,1,0
BRDA:184,109,0,0
BRDA:184,109,1,0
BRDA:186,110,0,0
BRDA:186,110,1,0
BRDA:189,111,0,0
BRDA:189,111,1,0
BRDA:197,112,0,0
BRDA:197,112,1,0
BRDA:199,113,0,0
BRDA:199,113,1,0
BRDA:207,114,0,0
BRDA:207,114,1,0
BRDA:209,115,0,0
BRDA:209,115,1,0
BRDA:218,116,0,0
BRDA:218,116,1,0
BRDA:225,117,0,0
BRDA:225,117,1,0
BRDA:227,118,0,0
BRDA:227,118,1,0
BRDA:234,119,0,0
BRDA:234,119,1,0
BRDA:234,120,0,0
BRDA:234,120,1,0
BRDA:237,121,0,0
BRDA:237,121,1,0
BRDA:237,122,0,0
BRDA:237,122,1,0
BRDA:244,123,0,0
BRDA:244,123,1,0
BRDA:268,124,0,0
BRDA:268,124,1,0
BRDA:271,125,0,0
BRDA:271,125,1,0
BRDA:274,126,0,0
BRDA:274,126,1,0
BRDA:279,127,0,0
BRDA:279,127,1,0
BRDA:284,128,0,0
BRDA:284,128,1,0
BRDA:289,129,0,0
BRDA:289,129,1,0
BRDA:293,130,0,0
BRDA:293,130,1,0
BRDA:293,131,0,0
BRDA:293,131,1,0
BRDA:294,132,0,0
BRDA:294,132,1,0
BRDA:299,133,0,0
BRDA:299,133,1,0
BRDA:303,134,0,0
BRDA:303,134,1,0
BRDA:303,135,0,0
BRDA:303,135,1,0
BRDA:311,136,0,0
BRDA:311,136,1,0
BRDA:311,137,0,0
BRDA:311,137,1,0
BRDA:314,138,0,0
BRDA:314,138,1,0
BRDA:332,139,0,0
BRDA:332,139,1,0
BRDA:348,140,0,0
BRDA:348,140,1,0
BRDA:350,141,0,0
BRDA:350,141,1,0
BRDA:350,142,0,0
BRDA:350,142,1,0
BRDA:377,143,0,0
BRDA:377,143,1,0
BRDA:385,144,0,0
BRDA:385,144,1,0
BRDA:395,145,0,0
BRDA:395,145,1,0
BRDA:395,146,0,0
BRDA:395,146,1,0
BRDA:395,146,2,0
BRDA:397,147,0,0
BRDA:397,147,1,0
BRDA:398,148,0,0
BRDA:398,148,1,0
BRDA:399,149,0,0
BRDA:399,149,1,0
BRDA:400,150,0,0
BRDA:400,150,1,0
BRDA:413,151,0,0
BRDA:413,151,1,0
BRDA:413,152,0,0
BRDA:413,152,1,0
BRDA:413,152,2,0
BRDA:415,153,0,0
BRDA:415,153,1,0
BRDA:416,154,0,0
BRDA:416,154,1,0
BRDA:417,155,0,0
BRDA:417,155,1,0
BRDA:418,156,0,0
BRDA:418,156,1,0
BRDA:430,157,0,0
BRDA:430,157,1,0
BRDA:433,158,0,0
BRDA:433,158,1,0
BRDA:438,159,0,0
BRDA:438,159,1,0
BRDA:443,160,0,0
BRDA:443,160,1,0
BRDA:470,161,0,0
BRDA:470,161,1,0
BRDA:476,162,0,0
BRDA:476,162,1,0
BRDA:483,163,0,0
BRDA:483,163,1,0
BRDA:491,164,0,0
BRDA:491,164,1,0
BRDA:492,165,0,0
BRDA:492,165,1,0
BRDA:498,166,0,0
BRDA:498,166,1,0
BRDA:502,167,0,0
BRDA:502,167,1,0
BRF:386
BRH:0
end_of_record
TN:
SF:src\screens\admin\AllBookingsScreen.tsx
FN:28,(anonymous_0)
FN:40,(anonymous_1)
FN:44,(anonymous_2)
FN:52,(anonymous_3)
FN:60,(anonymous_4)
FN:64,(anonymous_5)
FN:69,(anonymous_6)
FN:77,(anonymous_7)
FN:87,(anonymous_8)
FN:94,(anonymous_9)
FN:97,(anonymous_10)
FN:102,(anonymous_11)
FN:103,(anonymous_12)
FN:104,(anonymous_13)
FN:105,(anonymous_14)
FN:106,(anonymous_15)
FN:122,(anonymous_16)
FN:133,(anonymous_17)
FN:144,(anonymous_18)
FN:155,(anonymous_19)
FN:163,(anonymous_20)
FN:171,(anonymous_21)
FN:177,(anonymous_22)
FN:183,(anonymous_23)
FN:229,(anonymous_24)
FN:257,(anonymous_25)
FN:271,(anonymous_26)
FN:280,(anonymous_27)
FN:281,(anonymous_28)
FN:311,(anonymous_29)
FN:317,(anonymous_30)
FN:325,(anonymous_31)
FN:2,(anonymous_0)
FN:6,(anonymous_1)
FN:9,(anonymous_2)
FN:13,(anonymous_3)
FN:15,(anonymous_4)
FN:18,(anonymous_5)
FN:19,(anonymous_6)
FN:20,(anonymous_7)
FN:27,(anonymous_8)
FN:35,(anonymous_9)
FN:51,(anonymous_10)
FN:62,(anonymous_11)
FN:65,(anonymous_12)
FN:73,(anonymous_13)
FN:79,(anonymous_14)
FN:82,(anonymous_15)
FN:86,(anonymous_16)
FN:91,(anonymous_17)
FN:98,(anonymous_18)
FN:103,(anonymous_19)
FN:106,(anonymous_20)
FN:110,(anonymous_21)
FN:111,(anonymous_22)
FN:112,(anonymous_23)
FN:113,(anonymous_24)
FN:114,(anonymous_25)
FN:127,(anonymous_26)
FN:137,(anonymous_27)
FN:147,(anonymous_28)
FN:158,(anonymous_29)
FN:166,(anonymous_30)
FN:173,(anonymous_31)
FN:177,(anonymous_32)
FN:180,(anonymous_33)
FN:201,(anonymous_34)
FN:213,(anonymous_35)
FN:216,(anonymous_36)
FN:217,(anonymous_37)
FN:217,(anonymous_38)
FN:223,(anonymous_39)
FN:224,(anonymous_40)
FN:225,(anonymous_41)
FNF:74
FNH:0
FNDA:0,(anonymous_0)
FNDA:0,(anonymous_1)
FNDA:0,(anonymous_2)
FNDA:0,(anonymous_3)
FNDA:0,(anonymous_4)
FNDA:0,(anonymous_5)
FNDA:0,(anonymous_6)
FNDA:0,(anonymous_7)
FNDA:0,(anonymous_8)
FNDA:0,(anonymous_9)
FNDA:0,(anonymous_10)
FNDA:0,(anonymous_11)
FNDA:0,(anonymous_12)
FNDA:0,(anonymous_13)
FNDA:0,(anonymous_14)
FNDA:0,(anonymous_15)
FNDA:0,(anonymous_16)
FNDA:0,(anonymous_17)
FNDA:0,(anonymous_18)
FNDA:0,(anonymous_19)
FNDA:0,(anonymous_20)
FNDA:0,(anonymous_21)
FNDA:0,(anonymous_22)
FNDA:0,(anonymous_23)
FNDA:0,(anonymous_24)
FNDA:0,(anonymous_25)
FNDA:0,(anonymous_26)
FNDA:0,(anonymous_27)
FNDA:0,(anonymous_28)
FNDA:0,(anonymous_29)
FNDA:0,(anonymous_30)
FNDA:0,(anonymous_31)
FNDA:0,(anonymous_0)
FNDA:0,(anonymous_1)
FNDA:0,(anonymous_2)
FNDA:0,(anonymous_3)
FNDA:0,(anonymous_4)
FNDA:0,(anonymous_5)
FNDA:0,(anonymous_6)
FNDA:0,(anonymous_7)
FNDA:0,(anonymous_8)
FNDA:0,(anonymous_9)
FNDA:0,(anonymous_10)
FNDA:0,(anonymous_11)
FNDA:0,(anonymous_12)
FNDA:0,(anonymous_13)
FNDA:0,(anonymous_14)
FNDA:0,(anonymous_15)
FNDA:0,(anonymous_16)
FNDA:0,(anonymous_17)
FNDA:0,(anonymous_18)
FNDA:0,(anonymous_19)
FNDA:0,(anonymous_20)
FNDA:0,(anonymous_21)
FNDA:0,(anonymous_22)
FNDA:0,(anonymous_23)
FNDA:0,(anonymous_24)
FNDA:0,(anonymous_25)
FNDA:0,(anonymous_26)
FNDA:0,(anonymous_27)
FNDA:0,(anonymous_28)
FNDA:0,(anonymous_29)
FNDA:0,(anonymous_30)
FNDA:0,(anonymous_31)
FNDA:0,(anonymous_32)
FNDA:0,(anonymous_33)
FNDA:0,(anonymous_34)
FNDA:0,(anonymous_35)
FNDA:0,(anonymous_36)
FNDA:0,(anonymous_37)
FNDA:0,(anonymous_38)
FNDA:0,(anonymous_39)
FNDA:0,(anonymous_40)
FNDA:0,(anonymous_41)
DA:2,0
DA:3,0
DA:4,0
DA:5,0
DA:6,0
DA:8,0
DA:10,0
DA:11,0
DA:13,0
DA:14,0
DA:16,0
DA:18,0
DA:19,0
DA:20,0
DA:21,0
DA:22,0
DA:23,0
DA:25,0
DA:27,0
DA:28,0
DA:29,0
DA:30,0
DA:31,0
DA:32,0
DA:33,0
DA:34,0
DA:35,0
DA:36,0
DA:37,0
DA:38,0
DA:39,0
DA:40,0
DA:41,0
DA:42,0
DA:43,0
DA:44,0
DA:45,0
DA:46,0
DA:47,0
DA:48,0
DA:49,0
DA:50,0
DA:51,0
DA:52,0
DA:53,0
DA:54,0
DA:55,0
DA:56,0
DA:57,0
DA:58,0
DA:59,0
DA:60,0
DA:61,0
DA:62,0
DA:63,0
DA:64,0
DA:65,0
DA:66,0
DA:67,0
DA:68,0
DA:69,0
DA:70,0
DA:73,0
DA:74,0
DA:75,0
DA:76,0
DA:77,0
DA:78,0
DA:79,0
DA:80,0
DA:82,0
DA:83,0
DA:85,0
DA:86,0
DA:87,0
DA:89,0
DA:90,0
DA:91,0
DA:94,0
DA:96,0
DA:97,0
DA:98,0
DA:100,0
DA:102,0
DA:103,0
DA:104,0
DA:105,0
DA:106,0
DA:108,0
DA:110,0
DA:111,0
DA:112,0
DA:113,0
DA:114,0
DA:116,0
DA:118,0
DA:119,0
DA:122,0
DA:123,0
DA:124,0
DA:125,0
DA:126,0
DA:127,0
DA:128,0
DA:129,0
DA:130,0
DA:131,0
DA:132,0
DA:133,0
DA:134,0
DA:135,0
DA:136,0
DA:137,0
DA:138,0
DA:139,0
DA:140,0
DA:141,0
DA:142,0
DA:143,0
DA:144,0
DA:145,0
DA:146,0
DA:147,0
DA:148,0
DA:149,0
DA:150,0
DA:151,0
DA:152,0
DA:155,0
DA:156,0
DA:157,0
DA:158,0
DA:159,0
DA:160,0
DA:163,0
DA:164,0
DA:166,0
DA:167,0
DA:168,0
DA:169,0
DA:171,0
DA:172,0
DA:173,0
DA:174,0
DA:175,0
DA:177,0
DA:178,0
DA:180,0
DA:183,0
DA:194,0
DA:195,0
DA:198,0
DA:201,0
DA:213,0
DA:214,0
DA:215,0
DA:216,0
DA:217,0
DA:222,0
DA:223,0
DA:224,0
DA:225,0
DA:227,0
DA:229,0
DA:257,0
DA:272,0
DA:280,0
DA:282,0
DA:311,0
DA:317,0
DA:325,0
DA:334,0
DA:358,0
LF:173
LH:0
BRDA:68,0,0,0
BRDA:68,0,1,0
BRDA:75,1,0,0
BRDA:75,1,1,0
BRDA:78,2,0,0
BRDA:78,2,1,0
BRDA:78,2,2,0
BRDA:78,2,3,0
BRDA:86,3,0,0
BRDA:86,3,1,0
BRDA:96,4,0,0
BRDA:96,4,1,0
BRDA:123,5,0,0
BRDA:123,5,1,0
BRDA:123,5,2,0
BRDA:123,5,3,0
BRDA:123,5,4,0
BRDA:123,5,5,0
BRDA:134,6,0,0
BRDA:134,6,1,0
BRDA:134,6,2,0
BRDA:134,6,3,0
BRDA:134,6,4,0
BRDA:134,6,5,0
BRDA:164,7,0,0
BRDA:164,7,1,0
BRDA:181,8,0,0
BRDA:181,8,1,0
BRDA:188,9,0,0
BRDA:188,9,1,0
BRDA:194,10,0,0
BRDA:194,10,1,0
BRDA:201,11,0,0
BRDA:201,11,1,0
BRDA:205,12,0,0
BRDA:205,12,1,0
BRDA:214,13,0,0
BRDA:214,13,1,0
BRDA:214,14,0,0
BRDA:214,14,1,0
BRDA:239,15,0,0
BRDA:239,15,1,0
BRDA:256,16,0,0
BRDA:256,16,1,0
BRDA:297,17,0,0
BRDA:297,17,1,0
BRDA:297,18,0,0
BRDA:297,18,1,0
BRDA:300,19,0,0
BRDA:300,19,1,0
BRDA:300,20,0,0
BRDA:300,20,1,0
BRDA:318,21,0,0
BRDA:318,21,1,0
BRDA:2,22,0,0
BRDA:2,22,1,0
BRDA:2,22,2,0
BRDA:2,23,0,0
BRDA:2,23,1,0
BRDA:3,24,0,0
BRDA:3,24,1,0
BRDA:5,25,0,0
BRDA:5,25,1,0
BRDA:5,26,0,0
BRDA:5,26,1,0
BRDA:5,27,0,0
BRDA:5,27,1,0
BRDA:5,28,0,0
BRDA:5,28,1,0
BRDA:10,29,0,0
BRDA:10,29,1,0
BRDA:13,30,0,0
BRDA:13,30,1,0
BRDA:13,30,2,0
BRDA:13,31,0,0
BRDA:13,31,1,0
BRDA:18,32,0,0
BRDA:18,32,1,0
BRDA:18,32,2,0
BRDA:20,33,0,0
BRDA:20,33,1,0
BRDA:22,34,0,0
BRDA:22,34,1,0
BRDA:28,35,0,0
BRDA:28,35,1,0
BRDA:28,36,0,0
BRDA:28,36,1,0
BRDA:30,37,0,0
BRDA:30,37,1,0
BRDA:30,38,0,0
BRDA:30,38,1,0
BRDA:35,39,0,0
BRDA:35,39,1,0
BRDA:35,39,2,0
BRDA:36,40,0,0
BRDA:36,40,1,0
BRDA:36,41,0,0
BRDA:36,41,1,0
BRDA:85,42,0,0
BRDA:85,42,1,0
BRDA:89,43,0,0
BRDA:89,43,1,0
BRDA:91,44,0,0
BRDA:91,44,1,0
BRDA:91,44,2,0
BRDA:91,44,3,0
BRDA:97,45,0,0
BRDA:97,45,1,0
BRDA:105,46,0,0
BRDA:105,46,1,0
BRDA:128,47,0,0
BRDA:128,47,1,0
BRDA:128,47,2,0
BRDA:128,47,3,0
BRDA:128,47,4,0
BRDA:128,47,5,0
BRDA:138,48,0,0
BRDA:138,48,1,0
BRDA:138,48,2,0
BRDA:138,48,3,0
BRDA:138,48,4,0
BRDA:138,48,5,0
BRDA:167,49,0,0
BRDA:167,49,1,0
BRDA:179,50,0,0
BRDA:179,50,1,0
BRDA:181,51,0,0
BRDA:181,51,1,0
BRDA:184,52,0,0
BRDA:184,52,1,0
BRDA:188,53,0,0
BRDA:188,53,1,0
BRDA:192,54,0,0
BRDA:192,54,1,0
BRDA:194,55,0,0
BRDA:194,55,1,0
BRDA:194,56,0,0
BRDA:194,56,1,0
BRDA:208,57,0,0
BRDA:208,57,1,0
BRDA:213,58,0,0
BRDA:213,58,1,0
BRDA:219,59,0,0
BRDA:219,59,1,0
BRDA:219,60,0,0
BRDA:219,60,1,0
BRDA:220,61,0,0
BRDA:220,61,1,0
BRDA:220,62,0,0
BRDA:220,62,1,0
BRDA:224,63,0,0
BRDA:224,63,1,0
BRF:152
BRH:0
end_of_record
TN:
SF:src\screens\admin\DriverManagementScreen.tsx
FN:33,(anonymous_0)
FN:64,(anonymous_1)
FN:66,(anonymous_2)
FN:69,(anonymous_3)
FN:76,(anonymous_4)
FN:78,(anonymous_5)
FN:79,(anonymous_6)
FN:89,(anonymous_7)
FN:94,(anonymous_8)
FN:96,(anonymous_9)
FN:107,(anonymous_10)
FN:118,(anonymous_11)
FN:132,(anonymous_12)
FN:205,(anonymous_13)
FN:215,(anonymous_14)
FN:254,(anonymous_15)
FN:270,(anonymous_16)
FN:312,(anonymous_17)
FN:328,(anonymous_18)
FN:339,(anonymous_19)
FN:351,(anonymous_20)
FN:358,(anonymous_21)
FN:369,(anonymous_22)
FN:402,(anonymous_23)
FN:403,(anonymous_24)
FN:406,(anonymous_25)
FN:410,(anonymous_26)
FN:419,(anonymous_27)
FN:427,(anonymous_28)
FN:467,(anonymous_29)
FN:517,(anonymous_30)
FN:521,(anonymous_31)
FN:537,(anonymous_32)
FN:545,(anonymous_33)
FN:550,(anonymous_34)
FN:562,(anonymous_35)
FN:2,(anonymous_0)
FN:6,(anonymous_1)
FN:9,(anonymous_2)
FN:13,(anonymous_3)
FN:15,(anonymous_4)
FN:18,(anonymous_5)
FN:19,(anonymous_6)
FN:20,(anonymous_7)
FN:27,(anonymous_8)
FN:35,(anonymous_9)
FN:56,(anonymous_10)
FN:83,(anonymous_11)
FN:84,(anonymous_12)
FN:85,(anonymous_13)
FN:90,(anonymous_14)
FN:92,(anonymous_15)
FN:93,(anonymous_16)
FN:102,(anonymous_17)
FN:106,(anonymous_18)
FN:108,(anonymous_19)
FN:116,(anonymous_20)
FN:127,(anonymous_21)
FN:141,(anonymous_22)
FN:207,(anonymous_23)
FN:216,(anonymous_24)
FN:247,(anonymous_25)
FN:262,(anonymous_26)
FN:302,(anonymous_27)
FN:317,(anonymous_28)
FN:328,(anonymous_29)
FN:339,(anonymous_30)
FN:345,(anonymous_31)
FN:353,(anonymous_32)
FN:380,(anonymous_33)
FN:381,(anonymous_34)
FN:384,(anonymous_35)
FN:387,(anonymous_36)
FN:394,(anonymous_37)
FN:402,(anonymous_38)
FN:419,(anonymous_39)
FN:437,(anonymous_40)
FN:437,(anonymous_41)
FN:443,(anonymous_42)
FN:445,(anonymous_43)
FN:446,(anonymous_44)
FN:447,(anonymous_45)
FNF:82
FNH:0
FNDA:0,(anonymous_0)
FNDA:0,(anonymous_1)
FNDA:0,(anonymous_2)
FNDA:0,(anonymous_3)
FNDA:0,(anonymous_4)
FNDA:0,(anonymous_5)
FNDA:0,(anonymous_6)
FNDA:0,(anonymous_7)
FNDA:0,(anonymous_8)
FNDA:0,(anonymous_9)
FNDA:0,(anonymous_10)
FNDA:0,(anonymous_11)
FNDA:0,(anonymous_12)
FNDA:0,(anonymous_13)
FNDA:0,(anonymous_14)
FNDA:0,(anonymous_15)
FNDA:0,(anonymous_16)
FNDA:0,(anonymous_17)
FNDA:0,(anonymous_18)
FNDA:0,(anonymous_19)
FNDA:0,(anonymous_20)
FNDA:0,(anonymous_21)
FNDA:0,(anonymous_22)
FNDA:0,(anonymous_23)
FNDA:0,(anonymous_24)
FNDA:0,(anonymous_25)
FNDA:0,(anonymous_26)
FNDA:0,(anonymous_27)
FNDA:0,(anonymous_28)
FNDA:0,(anonymous_29)
FNDA:0,(anonymous_30)
FNDA:0,(anonymous_31)
FNDA:0,(anonymous_32)
FNDA:0,(anonymous_33)
FNDA:0,(anonymous_34)
FNDA:0,(anonymous_35)
FNDA:0,(anonymous_0)
FNDA:0,(anonymous_1)
FNDA:0,(anonymous_2)
FNDA:0,(anonymous_3)
FNDA:0,(anonymous_4)
FNDA:0,(anonymous_5)
FNDA:0,(anonymous_6)
FNDA:0,(anonymous_7)
FNDA:0,(anonymous_8)
FNDA:0,(anonymous_9)
FNDA:0,(anonymous_10)
FNDA:0,(anonymous_11)
FNDA:0,(anonymous_12)
FNDA:0,(anonymous_13)
FNDA:0,(anonymous_14)
FNDA:0,(anonymous_15)
FNDA:0,(anonymous_16)
FNDA:0,(anonymous_17)
FNDA:0,(anonymous_18)
FNDA:0,(anonymous_19)
FNDA:0,(anonymous_20)
FNDA:0,(anonymous_21)
FNDA:0,(anonymous_22)
FNDA:0,(anonymous_23)
FNDA:0,(anonymous_24)
FNDA:0,(anonymous_25)
FNDA:0,(anonymous_26)
FNDA:0,(anonymous_27)
FNDA:0,(anonymous_28)
FNDA:0,(anonymous_29)
FNDA:0,(anonymous_30)
FNDA:0,(anonymous_31)
FNDA:0,(anonymous_32)
FNDA:0,(anonymous_33)
FNDA:0,(anonymous_34)
FNDA:0,(anonymous_35)
FNDA:0,(anonymous_36)
FNDA:0,(anonymous_37)
FNDA:0,(anonymous_38)
FNDA:0,(anonymous_39)
FNDA:0,(anonymous_40)
FNDA:0,(anonymous_41)
FNDA:0,(anonymous_42)
FNDA:0,(anonymous_43)
FNDA:0,(anonymous_44)
FNDA:0,(anonymous_45)
DA:2,0
DA:3,0
DA:4,0
DA:5,0
DA:6,0
DA:8,0
DA:10,0
DA:11,0
DA:13,0
DA:14,0
DA:16,0
DA:18,0
DA:19,0
DA:20,0
DA:21,0
DA:22,0
DA:23,0
DA:25,0
DA:27,0
DA:28,0
DA:29,0
DA:30,0
DA:31,0
DA:32,0
DA:33,0
DA:34,0
DA:35,0
DA:36,0
DA:37,0
DA:38,0
DA:39,0
DA:40,0
DA:41,0
DA:42,0
DA:43,0
DA:44,0
DA:45,0
DA:46,0
DA:47,0
DA:48,0
DA:49,0
DA:50,0
DA:51,0
DA:52,0
DA:53,0
DA:54,0
DA:55,0
DA:56,0
DA:57,0
DA:58,0
DA:59,0
DA:60,0
DA:61,0
DA:62,0
DA:63,0
DA:64,0
DA:65,0
DA:66,0
DA:67,0
DA:69,0
DA:70,0
DA:72,0
DA:76,0
DA:77,0
DA:78,0
DA:80,0
DA:81,0
DA:83,0
DA:84,0
DA:85,0
DA:86,0
DA:87,0
DA:89,0
DA:90,0
DA:91,0
DA:92,0
DA:94,0
DA:95,0
DA:96,0
DA:97,0
DA:101,0
DA:102,0
DA:103,0
DA:106,0
DA:107,0
DA:108,0
DA:109,0
DA:111,0
DA:114,0
DA:116,0
DA:117,0
DA:118,0
DA:119,0
DA:120,0
DA:121,0
DA:124,0
DA:127,0
DA:128,0
DA:129,0
DA:130,0
DA:132,0
DA:133,0
DA:136,0
DA:137,0
DA:138,0
DA:141,0
DA:142,0
DA:143,0
DA:144,0
DA:145,0
DA:146,0
DA:148,0
DA:149,0
DA:150,0
DA:151,0
DA:154,0
DA:155,0
DA:156,0
DA:157,0
DA:159,0
DA:160,0
DA:161,0
DA:162,0
DA:163,0
DA:164,0
DA:165,0
DA:166,0
DA:167,0
DA:168,0
DA:169,0
DA:170,0
DA:171,0
DA:173,0
DA:174,0
DA:175,0
DA:177,0
DA:178,0
DA:179,0
DA:180,0
DA:182,0
DA:183,0
DA:184,0
DA:187,0
DA:188,0
DA:189,0
DA:190,0
DA:191,0
DA:192,0
DA:193,0
DA:194,0
DA:195,0
DA:196,0
DA:197,0
DA:198,0
DA:199,0
DA:200,0
DA:201,0
DA:202,0
DA:204,0
DA:205,0
DA:206,0
DA:207,0
DA:208,0
DA:209,0
DA:210,0
DA:211,0
DA:212,0
DA:213,0
DA:214,0
DA:215,0
DA:216,0
DA:217,0
DA:218,0
DA:219,0
DA:220,0
DA:221,0
DA:222,0
DA:223,0
DA:224,0
DA:225,0
DA:235,0
DA:236,0
DA:237,0
DA:238,0
DA:241,0
DA:242,0
DA:243,0
DA:244,0
DA:246,0
DA:247,0
DA:248,0
DA:249,0
DA:250,0
DA:251,0
DA:253,0
DA:254,0
DA:255,0
DA:256,0
DA:257,0
DA:258,0
DA:263,0
DA:264,0
DA:265,0
DA:266,0
DA:267,0
DA:268,0
DA:269,0
DA:271,0
DA:272,0
DA:273,0
DA:274,0
DA:275,0
DA:276,0
DA:277,0
DA:280,0
DA:281,0
DA:282,0
DA:285,0
DA:287,0
DA:291,0
DA:292,0
DA:293,0
DA:296,0
DA:299,0
DA:302,0
DA:303,0
DA:304,0
DA:306,0
DA:308,0
DA:312,0
DA:313,0
DA:314,0
DA:315,0
DA:317,0
DA:318,0
DA:319,0
DA:324,0
DA:325,0
DA:328,0
DA:329,0
DA:330,0
DA:331,0
DA:332,0
DA:333,0
DA:336,0
DA:337,0
DA:339,0
DA:340,0
DA:341,0
DA:342,0
DA:343,0
DA:344,0
DA:345,0
DA:346,0
DA:347,0
DA:348,0
DA:351,0
DA:353,0
DA:354,0
DA:355,0
DA:356,0
DA:358,0
DA:359,0
DA:360,0
DA:361,0
DA:362,0
DA:363,0
DA:366,0
DA:369,0
DA:370,0
DA:371,0
DA:372,0
DA:374,0
DA:375,0
DA:378,0
DA:380,0
DA:381,0
DA:383,0
DA:384,0
DA:386,0
DA:387,0
DA:388,0
DA:390,0
DA:391,0
DA:392,0
DA:394,0
DA:395,0
DA:396,0
DA:399,0
DA:402,0
DA:403,0
DA:405,0
DA:406,0
DA:407,0
DA:409,0
DA:410,0
DA:411,0
DA:415,0
DA:419,0
DA:420,0
DA:421,0
DA:423,0
DA:427,0
DA:428,0
DA:430,0
DA:432,0
DA:437,0
DA:438,0
DA:439,0
DA:440,0
DA:441,0
DA:443,0
DA:445,0
DA:446,0
DA:447,0
DA:449,0
DA:452,0
DA:467,0
DA:518,0
DA:522,0
DA:523,0
DA:524,0
DA:537,0
DA:545,0
DA:550,0
DA:562,0
DA:571,0
DA:602,0
LF:328
LH:0
BRDA:66,0,0,0
BRDA:66,0,1,0
BRDA:69,1,0,0
BRDA:69,1,1,0
BRDA:95,2,0,0
BRDA:95,2,1,0
BRDA:97,3,0,0
BRDA:97,3,1,0
BRDA:97,4,0,0
BRDA:97,4,1,0
BRDA:97,4,2,0
BRDA:132,5,0,0
BRDA:137,6,0,0
BRDA:137,6,1,0
BRDA:138,7,0,0
BRDA:138,7,1,0
BRDA:143,8,0,0
BRDA:143,8,1,0
BRDA:144,9,0,0
BRDA:144,9,1,0
BRDA:149,10,0,0
BRDA:149,10,1,0
BRDA:150,11,0,0
BRDA:150,11,1,0
BRDA:154,12,0,0
BRDA:154,12,1,0
BRDA:154,13,0,0
BRDA:154,13,1,0
BRDA:156,14,0,0
BRDA:156,14,1,0
BRDA:157,15,0,0
BRDA:157,15,1,0
BRDA:162,16,0,0
BRDA:162,16,1,0
BRDA:163,17,0,0
BRDA:163,17,1,0
BRDA:165,18,0,0
BRDA:165,18,1,0
BRDA:168,19,0,0
BRDA:168,19,1,0
BRDA:168,20,0,0
BRDA:168,20,1,0
BRDA:174,21,0,0
BRDA:174,21,1,0
BRDA:175,22,0,0
BRDA:175,22,1,0
BRDA:178,23,0,0
BRDA:178,23,1,0
BRDA:179,24,0,0
BRDA:179,24,1,0
BRDA:183,25,0,0
BRDA:183,25,1,0
BRDA:189,26,0,0
BRDA:189,26,1,0
BRDA:196,27,0,0
BRDA:196,27,1,0
BRDA:207,28,0,0
BRDA:207,28,1,0
BRDA:213,29,0,0
BRDA:213,29,1,0
BRDA:217,30,0,0
BRDA:217,30,1,0
BRDA:230,31,0,0
BRDA:230,31,1,0
BRDA:241,32,0,0
BRDA:241,32,1,0
BRDA:242,33,0,0
BRDA:242,33,1,0
BRDA:253,34,0,0
BRDA:253,34,1,0
BRDA:254,35,0,0
BRDA:254,35,1,0
BRDA:255,36,0,0
BRDA:255,36,1,0
BRDA:266,37,0,0
BRDA:266,37,1,0
BRDA:272,38,0,0
BRDA:272,38,1,0
BRDA:281,39,0,0
BRDA:281,39,1,0
BRDA:306,40,0,0
BRDA:306,40,1,0
BRDA:331,41,0,0
BRDA:331,41,1,0
BRDA:332,42,0,0
BRDA:332,42,1,0
BRDA:333,43,0,0
BRDA:333,43,1,0
BRDA:336,44,0,0
BRDA:336,44,1,0
BRDA:337,45,0,0
BRDA:337,45,1,0
BRDA:338,46,0,0
BRDA:338,46,1,0
BRDA:339,47,0,0
BRDA:339,47,1,0
BRDA:353,48,0,0
BRDA:353,48,1,0
BRDA:359,49,0,0
BRDA:359,49,1,0
BRDA:378,50,0,0
BRDA:378,50,1,0
BRDA:378,51,0,0
BRDA:378,51,1,0
BRDA:378,51,2,0
BRDA:405,52,0,0
BRDA:405,52,1,0
BRDA:411,53,0,0
BRDA:411,53,1,0
BRDA:411,53,2,0
BRDA:411,53,3,0
BRDA:428,54,0,0
BRDA:428,54,1,0
BRDA:439,55,0,0
BRDA:439,55,1,0
BRDA:439,56,0,0
BRDA:439,56,1,0
BRDA:456,57,0,0
BRDA:456,57,1,0
BRDA:500,58,0,0
BRDA:500,58,1,0
BRDA:500,59,0,0
BRDA:500,59,1,0
BRDA:505,60,0,0
BRDA:505,60,1,0
BRDA:509,61,0,0
BRDA:509,61,1,0
BRDA:519,62,0,0
BRDA:519,62,1,0
BRDA:522,63,0,0
BRDA:522,63,1,0
BRDA:2,64,0,0
BRDA:2,64,1,0
BRDA:2,64,2,0
BRDA:2,65,0,0
BRDA:2,65,1,0
BRDA:3,66,0,0
BRDA:3,66,1,0
BRDA:5,67,0,0
BRDA:5,67,1,0
BRDA:5,68,0,0
BRDA:5,68,1,0
BRDA:5,69,0,0
BRDA:5,69,1,0
BRDA:5,70,0,0
BRDA:5,70,1,0
BRDA:10,71,0,0
BRDA:10,71,1,0
BRDA:13,72,0,0
BRDA:13,72,1,0
BRDA:13,72,2,0
BRDA:13,73,0,0
BRDA:13,73,1,0
BRDA:18,74,0,0
BRDA:18,74,1,0
BRDA:18,74,2,0
BRDA:20,75,0,0
BRDA:20,75,1,0
BRDA:22,76,0,0
BRDA:22,76,1,0
BRDA:28,77,0,0
BRDA:28,77,1,0
BRDA:28,78,0,0
BRDA:28,78,1,0
BRDA:30,79,0,0
BRDA:30,79,1,0
BRDA:30,80,0,0
BRDA:30,80,1,0
BRDA:35,81,0,0
BRDA:35,81,1,0
BRDA:35,81,2,0
BRDA:36,82,0,0
BRDA:36,82,1,0
BRDA:36,83,0,0
BRDA:36,83,1,0
BRDA:84,84,0,0
BRDA:84,84,1,0
BRDA:85,85,0,0
BRDA:85,85,1,0
BRDA:107,86,0,0
BRDA:107,86,1,0
BRDA:109,87,0,0
BRDA:109,87,1,0
BRDA:109,88,0,0
BRDA:109,88,1,0
BRDA:109,88,2,0
BRDA:141,89,0,0
BRDA:145,90,0,0
BRDA:145,90,1,0
BRDA:146,91,0,0
BRDA:146,91,1,0
BRDA:150,92,0,0
BRDA:150,92,1,0
BRDA:151,93,0,0
BRDA:151,93,1,0
BRDA:155,94,0,0
BRDA:155,94,1,0
BRDA:156,95,0,0
BRDA:156,95,1,0
BRDA:159,96,0,0
BRDA:159,96,1,0
BRDA:159,97,0,0
BRDA:159,97,1,0
BRDA:161,98,0,0
BRDA:161,98,1,0
BRDA:162,99,0,0
BRDA:162,99,1,0
BRDA:166,100,0,0
BRDA:166,100,1,0
BRDA:167,101,0,0
BRDA:167,101,1,0
BRDA:170,102,0,0
BRDA:170,102,1,0
BRDA:174,103,0,0
BRDA:174,103,1,0
BRDA:174,104,0,0
BRDA:174,104,1,0
BRDA:179,105,0,0
BRDA:179,105,1,0
BRDA:180,106,0,0
BRDA:180,106,1,0
BRDA:183,107,0,0
BRDA:183,107,1,0
BRDA:184,108,0,0
BRDA:184,108,1,0
BRDA:187,109,0,0
BRDA:187,109,1,0
BRDA:192,110,0,0
BRDA:192,110,1,0
BRDA:200,111,0,0
BRDA:200,111,1,0
BRDA:209,112,0,0
BRDA:209,112,1,0
BRDA:214,113,0,0
BRDA:214,113,1,0
BRDA:218,114,0,0
BRDA:218,114,1,0
BRDA:226,115,0,0
BRDA:226,115,1,0
BRDA:235,116,0,0
BRDA:235,116,1,0
BRDA:236,117,0,0
BRDA:236,117,1,0
BRDA:246,118,0,0
BRDA:246,118,1,0
BRDA:247,119,0,0
BRDA:247,119,1,0
BRDA:248,120,0,0
BRDA:248,120,1,0
BRDA:258,121,0,0
BRDA:258,121,1,0
BRDA:264,122,0,0
BRDA:264,122,1,0
BRDA:273,123,0,0
BRDA:273,123,1,0
BRDA:296,124,0,0
BRDA:296,124,1,0
BRDA:320,125,0,0
BRDA:320,125,1,0
BRDA:321,126,0,0
BRDA:321,126,1,0
BRDA:322,127,0,0
BRDA:322,127,1,0
BRDA:325,128,0,0
BRDA:325,128,1,0
BRDA:326,129,0,0
BRDA:326,129,1,0
BRDA:327,130,0,0
BRDA:327,130,1,0
BRDA:328,131,0,0
BRDA:328,131,1,0
BRDA:341,132,0,0
BRDA:341,132,1,0
BRDA:346,133,0,0
BRDA:346,133,1,0
BRDA:360,134,0,0
BRDA:360,134,1,0
BRDA:360,135,0,0
BRDA:360,135,1,0
BRDA:360,135,2,0
BRDA:383,136,0,0
BRDA:383,136,1,0
BRDA:388,137,0,0
BRDA:388,137,1,0
BRDA:388,137,2,0
BRDA:388,137,3,0
BRDA:403,138,0,0
BRDA:403,138,1,0
BRDA:409,139,0,0
BRDA:409,139,1,0
BRDA:409,140,0,0
BRDA:409,140,1,0
BRDA:416,141,0,0
BRDA:416,141,1,0
BRDA:428,142,0,0
BRDA:428,142,1,0
BRDA:428,143,0,0
BRDA:428,143,1,0
BRDA:433,144,0,0
BRDA:433,144,1,0
BRDA:435,145,0,0
BRDA:435,145,1,0
BRDA:437,146,0,0
BRDA:437,146,1,0
BRDA:438,147,0,0
BRDA:438,147,1,0
BRF:306
BRH:0
end_of_record
TN:
SF:src\screens\admin\ReportsScreen.tsx
FN:33,(anonymous_0)
FN:56,(anonymous_1)
FN:67,(anonymous_2)
FN:72,(anonymous_3)
FN:84,(anonymous_4)
FN:96,(anonymous_5)
FN:109,(anonymous_6)
FN:117,(anonymous_7)
FN:135,(anonymous_8)
FN:143,(anonymous_9)
FN:164,(anonymous_10)
FN:185,(anonymous_11)
FN:187,(anonymous_12)
FN:205,(anonymous_13)
FN:244,(anonymous_14)
FN:248,(anonymous_15)
FN:250,(anonymous_16)
FN:295,(anonymous_17)
FN:299,(anonymous_18)
FN:301,(anonymous_19)
FN:391,(anonymous_20)
FN:421,(anonymous_21)
FN:439,(anonymous_22)
FN:2,(anonymous_0)
FN:6,(anonymous_1)
FN:9,(anonymous_2)
FN:13,(anonymous_3)
FN:15,(anonymous_4)
FN:18,(anonymous_5)
FN:19,(anonymous_6)
FN:20,(anonymous_7)
FN:27,(anonymous_8)
FN:48,(anonymous_9)
FN:67,(anonymous_10)
FN:76,(anonymous_11)
FN:80,(anonymous_12)
FN:91,(anonymous_13)
FN:102,(anonymous_14)
FN:113,(anonymous_15)
FN:120,(anonymous_16)
FN:136,(anonymous_17)
FN:144,(anonymous_18)
FN:155,(anonymous_19)
FN:162,(anonymous_20)
FN:162,(anonymous_21)
FN:171,(anonymous_22)
FN:188,(anonymous_23)
FN:188,(anonymous_24)
FN:188,(anonymous_25)
FN:209,(anonymous_26)
FN:209,(anonymous_27)
FN:209,(anonymous_28)
FN:243,(anonymous_29)
FN:252,(anonymous_30)
FN:256,(anonymous_31)
FNF:55
FNH:0
FNDA:0,(anonymous_0)
FNDA:0,(anonymous_1)
FNDA:0,(anonymous_2)
FNDA:0,(anonymous_3)
FNDA:0,(anonymous_4)
FNDA:0,(anonymous_5)
FNDA:0,(anonymous_6)
FNDA:0,(anonymous_7)
FNDA:0,(anonymous_8)
FNDA:0,(anonymous_9)
FNDA:0,(anonymous_10)
FNDA:0,(anonymous_11)
FNDA:0,(anonymous_12)
FNDA:0,(anonymous_13)
FNDA:0,(anonymous_14)
FNDA:0,(anonymous_15)
FNDA:0,(anonymous_16)
FNDA:0,(anonymous_17)
FNDA:0,(anonymous_18)
FNDA:0,(anonymous_19)
FNDA:0,(anonymous_20)
FNDA:0,(anonymous_21)
FNDA:0,(anonymous_22)
FNDA:0,(anonymous_0)
FNDA:0,(anonymous_1)
FNDA:0,(anonymous_2)
FNDA:0,(anonymous_3)
FNDA:0,(anonymous_4)
FNDA:0,(anonymous_5)
FNDA:0,(anonymous_6)
FNDA:0,(anonymous_7)
FNDA:0,(anonymous_8)
FNDA:0,(anonymous_9)
FNDA:0,(anonymous_10)
FNDA:0,(anonymous_11)
FNDA:0,(anonymous_12)
FNDA:0,(anonymous_13)
FNDA:0,(anonymous_14)
FNDA:0,(anonymous_15)
FNDA:0,(anonymous_16)
FNDA:0,(anonymous_17)
FNDA:0,(anonymous_18)
FNDA:0,(anonymous_19)
FNDA:0,(anonymous_20)
FNDA:0,(anonymous_21)
FNDA:0,(anonymous_22)
FNDA:0,(anonymous_23)
FNDA:0,(anonymous_24)
FNDA:0,(anonymous_25)
FNDA:0,(anonymous_26)
FNDA:0,(anonymous_27)
FNDA:0,(anonymous_28)
FNDA:0,(anonymous_29)
FNDA:0,(anonymous_30)
FNDA:0,(anonymous_31)
DA:2,0
DA:3,0
DA:4,0
DA:5,0
DA:6,0
DA:8,0
DA:10,0
DA:11,0
DA:13,0
DA:14,0
DA:16,0
DA:18,0
DA:19,0
DA:20,0
DA:21,0
DA:22,0
DA:23,0
DA:25,0
DA:27,0
DA:28,0
DA:29,0
DA:30,0
DA:31,0
DA:32,0
DA:33,0
DA:34,0
DA:35,0
DA:36,0
DA:37,0
DA:38,0
DA:39,0
DA:40,0
DA:41,0
DA:42,0
DA:43,0
DA:44,0
DA:45,0
DA:46,0
DA:47,0
DA:48,0
DA:49,0
DA:50,0
DA:51,0
DA:52,0
DA:53,0
DA:54,0
DA:55,0
DA:56,0
DA:57,0
DA:58,0
DA:59,0
DA:60,0
DA:62,0
DA:63,0
DA:64,0
DA:65,0
DA:67,0
DA:68,0
DA:69,0
DA:70,0
DA:71,0
DA:72,0
DA:73,0
DA:74,0
DA:75,0
DA:76,0
DA:77,0
DA:80,0
DA:81,0
DA:82,0
DA:84,0
DA:85,0
DA:86,0
DA:91,0
DA:92,0
DA:93,0
DA:96,0
DA:97,0
DA:98,0
DA:99,0
DA:102,0
DA:103,0
DA:104,0
DA:105,0
DA:109,0
DA:110,0
DA:111,0
DA:113,0
DA:114,0
DA:115,0
DA:117,0
DA:118,0
DA:119,0
DA:120,0
DA:121,0
DA:122,0
DA:123,0
DA:125,0
DA:126,0
DA:127,0
DA:128,0
DA:129,0
DA:130,0
DA:131,0
DA:133,0
DA:135,0
DA:136,0
DA:137,0
DA:138,0
DA:139,0
DA:141,0
DA:143,0
DA:144,0
DA:145,0
DA:146,0
DA:147,0
DA:148,0
DA:149,0
DA:151,0
DA:155,0
DA:162,0
DA:163,0
DA:164,0
DA:171,0
DA:185,0
DA:188,0
DA:189,0
DA:190,0
DA:205,0
DA:209,0
DA:210,0
DA:211,0
DA:243,0
DA:245,0
DA:248,0
DA:251,0
DA:252,0
DA:256,0
DA:258,0
DA:296,0
DA:299,0
DA:302,0
DA:303,0
DA:392,0
DA:422,0
DA:439,0
DA:448,0
DA:460,0
LF:148
LH:0
BRDA:73,0,0,0
BRDA:73,0,1,0
BRDA:75,1,0,0
BRDA:75,1,1,0
BRDA:85,2,0,0
BRDA:85,2,1,0
BRDA:97,3,0,0
BRDA:97,3,1,0
BRDA:100,4,0,0
BRDA:100,4,1,0
BRDA:123,5,0,0
BRDA:123,5,1,0
BRDA:128,6,0,0
BRDA:128,6,1,0
BRDA:131,7,0,0
BRDA:131,7,1,0
BRDA:144,8,0,0
BRDA:144,8,1,0
BRDA:188,9,0,0
BRDA:188,9,1,0
BRDA:197,10,0,0
BRDA:197,10,1,0
BRDA:212,11,0,0
BRDA:212,11,1,0
BRDA:218,12,0,0
BRDA:218,12,1,0
BRDA:235,13,0,0
BRDA:235,13,1,0
BRDA:251,14,0,0
BRDA:251,14,1,0
BRDA:251,15,0,0
BRDA:251,15,1,0
BRDA:260,16,0,0
BRDA:260,16,1,0
BRDA:267,17,0,0
BRDA:267,17,1,0
BRDA:286,18,0,0
BRDA:286,18,1,0
BRDA:302,19,0,0
BRDA:302,19,1,0
BRDA:302,20,0,0
BRDA:302,20,1,0
BRDA:311,21,0,0
BRDA:311,21,1,0
BRDA:318,22,0,0
BRDA:318,22,1,0
BRDA:339,23,0,0
BRDA:339,23,1,0
BRDA:378,24,0,0
BRDA:378,24,1,0
BRDA:408,25,0,0
BRDA:408,25,1,0
BRDA:2,26,0,0
BRDA:2,26,1,0
BRDA:2,26,2,0
BRDA:2,27,0,0
BRDA:2,27,1,0
BRDA:3,28,0,0
BRDA:3,28,1,0
BRDA:5,29,0,0
BRDA:5,29,1,0
BRDA:5,30,0,0
BRDA:5,30,1,0
BRDA:5,31,0,0
BRDA:5,31,1,0
BRDA:5,32,0,0
BRDA:5,32,1,0
BRDA:10,33,0,0
BRDA:10,33,1,0
BRDA:13,34,0,0
BRDA:13,34,1,0
BRDA:13,34,2,0
BRDA:13,35,0,0
BRDA:13,35,1,0
BRDA:18,36,0,0
BRDA:18,36,1,0
BRDA:18,36,2,0
BRDA:20,37,0,0
BRDA:20,37,1,0
BRDA:22,38,0,0
BRDA:22,38,1,0
BRDA:28,39,0,0
BRDA:28,39,1,0
BRDA:28,40,0,0
BRDA:28,40,1,0
BRDA:30,41,0,0
BRDA:30,41,1,0
BRDA:30,42,0,0
BRDA:30,42,1,0
BRDA:81,43,0,0
BRDA:81,43,1,0
BRDA:83,44,0,0
BRDA:83,44,1,0
BRDA:92,45,0,0
BRDA:92,45,1,0
BRDA:103,46,0,0
BRDA:103,46,1,0
BRDA:106,47,0,0
BRDA:106,47,1,0
BRDA:125,48,0,0
BRDA:125,48,1,0
BRDA:130,49,0,0
BRDA:130,49,1,0
BRDA:133,50,0,0
BRDA:133,50,1,0
BRDA:145,51,0,0
BRDA:145,51,1,0
BRDA:163,52,0,0
BRDA:163,52,1,0
BRDA:169,53,0,0
BRDA:169,53,1,0
BRDA:174,54,0,0
BRDA:174,54,1,0
BRDA:176,55,0,0
BRDA:176,55,1,0
BRDA:185,56,0,0
BRDA:185,56,1,0
BRDA:189,57,0,0
BRDA:189,57,1,0
BRDA:189,58,0,0
BRDA:189,58,1,0
BRDA:195,59,0,0
BRDA:195,59,1,0
BRDA:197,60,0,0
BRDA:197,60,1,0
BRDA:206,61,0,0
BRDA:206,61,1,0
BRDA:210,62,0,0
BRDA:210,62,1,0
BRDA:210,63,0,0
BRDA:210,63,1,0
BRDA:216,64,0,0
BRDA:216,64,1,0
BRDA:218,65,0,0
BRDA:218,65,1,0
BRDA:228,66,0,0
BRDA:228,66,1,0
BRDA:238,67,0,0
BRDA:238,67,1,0
BRDA:247,68,0,0
BRDA:247,68,1,0
BRF:141
BRH:0
end_of_record
TN:
SF:src\screens\admin\VehicleManagementScreen.tsx
FN:48,(anonymous_0)
FN:99,(anonymous_1)
FN:110,(anonymous_2)
FN:121,(anonymous_3)
FN:133,(anonymous_4)
FN:144,(anonymous_5)
FN:161,(anonymous_6)
FN:183,(anonymous_7)
FN:194,(anonymous_8)
FN:205,(anonymous_9)
FN:217,(anonymous_10)
FN:228,(anonymous_11)
FN:245,(anonymous_12)
FN:260,(anonymous_13)
FN:283,(anonymous_14)
FN:287,(anonymous_15)
FN:299,(anonymous_16)
FN:305,(anonymous_17)
FN:346,(anonymous_18)
FN:374,(anonymous_19)
FN:394,(anonymous_20)
FN:431,(anonymous_21)
FN:443,(anonymous_22)
FN:448,(anonymous_23)
FN:462,(anonymous_24)
FN:473,(anonymous_25)
FN:491,(anonymous_26)
FN:513,(anonymous_27)
FN:516,(anonymous_28)
FN:520,(anonymous_29)
FN:528,(anonymous_30)
FN:536,(anonymous_31)
FN:544,(anonymous_32)
FN:548,(anonymous_33)
FN:566,(anonymous_34)
FN:600,(anonymous_35)
FN:606,(anonymous_36)
FN:615,(anonymous_37)
FN:696,(anonymous_38)
FN:743,(anonymous_39)
FN:753,(anonymous_40)
FN:762,(anonymous_41)
FN:774,(anonymous_42)
FN:2,(anonymous_0)
FN:6,(anonymous_1)
FN:9,(anonymous_2)
FN:13,(anonymous_3)
FN:15,(anonymous_4)
FN:18,(anonymous_5)
FN:19,(anonymous_6)
FN:20,(anonymous_7)
FN:27,(anonymous_8)
FN:47,(anonymous_9)
FN:58,(anonymous_10)
FN:60,(anonymous_11)
FN:62,(anonymous_12)
FN:64,(anonymous_13)
FN:66,(anonymous_14)
FN:69,(anonymous_15)
FN:77,(anonymous_16)
FN:79,(anonymous_17)
FN:81,(anonymous_18)
FN:83,(anonymous_19)
FN:85,(anonymous_20)
FN:88,(anonymous_21)
FN:92,(anonymous_22)
FN:113,(anonymous_23)
FN:116,(anonymous_24)
FN:128,(anonymous_25)
FN:133,(anonymous_26)
FN:168,(anonymous_27)
FN:192,(anonymous_28)
FN:211,(anonymous_29)
FN:246,(anonymous_30)
FN:257,(anonymous_31)
FN:262,(anonymous_32)
FN:275,(anonymous_33)
FN:283,(anonymous_34)
FN:299,(anonymous_35)
FN:319,(anonymous_36)
FN:322,(anonymous_37)
FN:325,(anonymous_38)
FN:333,(anonymous_39)
FN:340,(anonymous_40)
FN:347,(anonymous_41)
FN:348,(anonymous_42)
FN:358,(anonymous_43)
FN:380,(anonymous_44)
FN:380,(anonymous_45)
FN:384,(anonymous_46)
FN:421,(anonymous_47)
FN:439,(anonymous_48)
FN:440,(anonymous_49)
FN:443,(anonymous_50)
FN:444,(anonymous_51)
FNF:95
FNH:0
FNDA:0,(anonymous_0)
FNDA:0,(anonymous_1)
FNDA:0,(anonymous_2)
FNDA:0,(anonymous_3)
FNDA:0,(anonymous_4)
FNDA:0,(anonymous_5)
FNDA:0,(anonymous_6)
FNDA:0,(anonymous_7)
FNDA:0,(anonymous_8)
FNDA:0,(anonymous_9)
FNDA:0,(anonymous_10)
FNDA:0,(anonymous_11)
FNDA:0,(anonymous_12)
FNDA:0,(anonymous_13)
FNDA:0,(anonymous_14)
FNDA:0,(anonymous_15)
FNDA:0,(anonymous_16)
FNDA:0,(anonymous_17)
FNDA:0,(anonymous_18)
FNDA:0,(anonymous_19)
FNDA:0,(anonymous_20)
FNDA:0,(anonymous_21)
FNDA:0,(anonymous_22)
FNDA:0,(anonymous_23)
FNDA:0,(anonymous_24)
FNDA:0,(anonymous_25)
FNDA:0,(anonymous_26)
FNDA:0,(anonymous_27)
FNDA:0,(anonymous_28)
FNDA:0,(anonymous_29)
FNDA:0,(anonymous_30)
FNDA:0,(anonymous_31)
FNDA:0,(anonymous_32)
FNDA:0,(anonymous_33)
FNDA:0,(anonymous_34)
FNDA:0,(anonymous_35)
FNDA:0,(anonymous_36)
FNDA:0,(anonymous_37)
FNDA:0,(anonymous_38)
FNDA:0,(anonymous_39)
FNDA:0,(anonymous_40)
FNDA:0,(anonymous_41)
FNDA:0,(anonymous_42)
FNDA:0,(anonymous_0)
FNDA:0,(anonymous_1)
FNDA:0,(anonymous_2)
FNDA:0,(anonymous_3)
FNDA:0,(anonymous_4)
FNDA:0,(anonymous_5)
FNDA:0,(anonymous_6)
FNDA:0,(anonymous_7)
FNDA:0,(anonymous_8)
FNDA:0,(anonymous_9)
FNDA:0,(anonymous_10)
FNDA:0,(anonymous_11)
FNDA:0,(anonymous_12)
FNDA:0,(anonymous_13)
FNDA:0,(anonymous_14)
FNDA:0,(anonymous_15)
FNDA:0,(anonymous_16)
FNDA:0,(anonymous_17)
FNDA:0,(anonymous_18)
FNDA:0,(anonymous_19)
FNDA:0,(anonymous_20)
FNDA:0,(anonymous_21)
FNDA:0,(anonymous_22)
FNDA:0,(anonymous_23)
FNDA:0,(anonymous_24)
FNDA:0,(anonymous_25)
FNDA:0,(anonymous_26)
FNDA:0,(anonymous_27)
FNDA:0,(anonymous_28)
FNDA:0,(anonymous_29)
FNDA:0,(anonymous_30)
FNDA:0,(anonymous_31)
FNDA:0,(anonymous_32)
FNDA:0,(anonymous_33)
FNDA:0,(anonymous_34)
FNDA:0,(anonymous_35)
FNDA:0,(anonymous_36)
FNDA:0,(anonymous_37)
FNDA:0,(anonymous_38)
FNDA:0,(anonymous_39)
FNDA:0,(anonymous_40)
FNDA:0,(anonymous_41)
FNDA:0,(anonymous_42)
FNDA:0,(anonymous_43)
FNDA:0,(anonymous_44)
FNDA:0,(anonymous_45)
FNDA:0,(anonymous_46)
FNDA:0,(anonymous_47)
FNDA:0,(anonymous_48)
FNDA:0,(anonymous_49)
FNDA:0,(anonymous_50)
FNDA:0,(anonymous_51)
DA:2,0
DA:3,0
DA:4,0
DA:5,0
DA:6,0
DA:8,0
DA:10,0
DA:11,0
DA:13,0
DA:14,0
DA:16,0
DA:18,0
DA:19,0
DA:20,0
DA:21,0
DA:22,0
DA:23,0
DA:25,0
DA:27,0
DA:28,0
DA:29,0
DA:30,0
DA:31,0
DA:32,0
DA:35,0
DA:36,0
DA:37,0
DA:38,0
DA:39,0
DA:40,0
DA:41,0
DA:42,0
DA:43,0
DA:44,0
DA:45,0
DA:46,0
DA:47,0
DA:48,0
DA:58,0
DA:60,0
DA:62,0
DA:64,0
DA:66,0
DA:70,0
DA:71,0
DA:77,0
DA:79,0
DA:81,0
DA:83,0
DA:85,0
DA:89,0
DA:90,0
DA:92,0
DA:93,0
DA:94,0
DA:95,0
DA:96,0
DA:97,0
DA:98,0
DA:99,0
DA:100,0
DA:101,0
DA:102,0
DA:104,0
DA:110,0
DA:111,0
DA:112,0
DA:113,0
DA:114,0
DA:116,0
DA:117,0
DA:118,0
DA:120,0
DA:121,0
DA:125,0
DA:128,0
DA:129,0
DA:130,0
DA:131,0
DA:133,0
DA:134,0
DA:136,0
DA:137,0
DA:138,0
DA:141,0
DA:142,0
DA:144,0
DA:145,0
DA:146,0
DA:147,0
DA:151,0
DA:152,0
DA:153,0
DA:156,0
DA:157,0
DA:158,0
DA:161,0
DA:162,0
DA:163,0
DA:165,0
DA:166,0
DA:168,0
DA:169,0
DA:170,0
DA:171,0
DA:173,0
DA:174,0
DA:175,0
DA:176,0
DA:177,0
DA:178,0
DA:179,0
DA:181,0
DA:182,0
DA:183,0
DA:184,0
DA:185,0
DA:186,0
DA:187,0
DA:188,0
DA:190,0
DA:192,0
DA:193,0
DA:194,0
DA:195,0
DA:196,0
DA:198,0
DA:205,0
DA:206,0
DA:210,0
DA:211,0
DA:212,0
DA:213,0
DA:214,0
DA:215,0
DA:217,0
DA:218,0
DA:225,0
DA:228,0
DA:235,0
DA:236,0
DA:237,0
DA:240,0
DA:243,0
DA:246,0
DA:247,0
DA:254,0
DA:255,0
DA:257,0
DA:258,0
DA:259,0
DA:260,0
DA:261,0
DA:262,0
DA:263,0
DA:264,0
DA:265,0
DA:266,0
DA:267,0
DA:268,0
DA:269,0
DA:270,0
DA:272,0
DA:273,0
DA:275,0
DA:276,0
DA:277,0
DA:278,0
DA:280,0
DA:281,0
DA:283,0
DA:284,0
DA:285,0
DA:286,0
DA:287,0
DA:288,0
DA:289,0
DA:290,0
DA:291,0
DA:293,0
DA:295,0
DA:299,0
DA:300,0
DA:301,0
DA:302,0
DA:304,0
DA:305,0
DA:306,0
DA:307,0
DA:308,0
DA:309,0
DA:310,0
DA:311,0
DA:314,0
DA:315,0
DA:316,0
DA:317,0
DA:318,0
DA:319,0
DA:320,0
DA:321,0
DA:322,0
DA:325,0
DA:326,0
DA:327,0
DA:330,0
DA:331,0
DA:332,0
DA:333,0
DA:334,0
DA:336,0
DA:337,0
DA:338,0
DA:339,0
DA:340,0
DA:342,0
DA:343,0
DA:345,0
DA:346,0
DA:347,0
DA:348,0
DA:349,0
DA:350,0
DA:351,0
DA:352,0
DA:353,0
DA:354,0
DA:355,0
DA:356,0
DA:357,0
DA:358,0
DA:359,0
DA:360,0
DA:361,0
DA:362,0
DA:363,0
DA:364,0
DA:366,0
DA:367,0
DA:368,0
DA:369,0
DA:372,0
DA:374,0
DA:375,0
DA:376,0
DA:377,0
DA:378,0
DA:380,0
DA:381,0
DA:385,0
DA:390,0
DA:393,0
DA:394,0
DA:395,0
DA:396,0
DA:397,0
DA:398,0
DA:402,0
DA:410,0
DA:411,0
DA:412,0
DA:414,0
DA:417,0
DA:421,0
DA:422,0
DA:423,0
DA:425,0
DA:427,0
DA:431,0
DA:432,0
DA:439,0
DA:440,0
DA:443,0
DA:444,0
DA:445,0
DA:446,0
DA:449,0
DA:450,0
DA:451,0
DA:452,0
DA:453,0
DA:458,0
DA:459,0
DA:462,0
DA:463,0
DA:465,0
DA:474,0
DA:475,0
DA:476,0
DA:479,0
DA:480,0
DA:481,0
DA:483,0
DA:491,0
DA:492,0
DA:495,0
DA:497,0
DA:498,0
DA:500,0
DA:501,0
DA:503,0
DA:504,0
DA:507,0
DA:508,0
DA:510,0
DA:513,0
DA:515,0
DA:516,0
DA:520,0
DA:521,0
DA:522,0
DA:524,0
DA:528,0
DA:529,0
DA:531,0
DA:533,0
DA:536,0
DA:538,0
DA:539,0
DA:541,0
DA:544,0
DA:545,0
DA:549,0
DA:550,0
DA:551,0
DA:567,0
DA:568,0
DA:600,0
DA:601,0
DA:606,0
DA:616,0
DA:668,0
DA:669,0
DA:673,0
DA:681,0
DA:696,0
DA:744,0
DA:753,0
DA:762,0
DA:774,0
DA:783,0
LF:341
LH:0
BRDA:58,0,0,0
BRDA:70,1,0,0
BRDA:70,1,1,0
BRDA:72,2,0,0
BRDA:72,2,1,0
BRDA:72,2,2,0
BRDA:74,3,0,0
BRDA:74,3,1,0
BRDA:79,4,0,0
BRDA:79,4,1,0
BRDA:84,5,0,0
BRDA:84,5,1,0
BRDA:84,6,0,0
BRDA:84,6,1,0
BRDA:87,7,0,0
BRDA:87,7,1,0
BRDA:154,8,0,0
BRDA:154,8,1,0
BRDA:154,9,0,0
BRDA:154,9,1,0
BRDA:154,10,0,0
BRDA:154,10,1,0
BRDA:238,11,0,0
BRDA:238,11,1,0
BRDA:238,12,0,0
BRDA:238,12,1,0
BRDA:238,13,0,0
BRDA:238,13,1,0
BRDA:291,14,0,0
BRDA:291,14,1,0
BRDA:291,15,0,0
BRDA:291,15,1,0
BRDA:310,16,0,0
BRDA:310,16,1,0
BRDA:311,17,0,0
BRDA:311,17,1,0
BRDA:315,18,0,0
BRDA:315,18,1,0
BRDA:319,19,0,0
BRDA:319,19,1,0
BRDA:326,20,0,0
BRDA:326,20,1,0
BRDA:327,21,0,0
BRDA:327,21,1,0
BRDA:332,22,0,0
BRDA:332,22,1,0
BRDA:333,23,0,0
BRDA:333,23,1,0
BRDA:338,24,0,0
BRDA:338,24,1,0
BRDA:339,25,0,0
BRDA:339,25,1,0
BRDA:348,26,0,0
BRDA:348,26,1,0
BRDA:355,27,0,0
BRDA:355,27,1,0
BRDA:366,28,0,0
BRDA:366,28,1,0
BRDA:366,29,0,0
BRDA:366,29,1,0
BRDA:372,30,0,0
BRDA:372,30,1,0
BRDA:375,31,0,0
BRDA:375,31,1,0
BRDA:393,32,0,0
BRDA:393,32,1,0
BRDA:394,33,0,0
BRDA:394,33,1,0
BRDA:395,34,0,0
BRDA:395,34,1,0
BRDA:425,35,0,0
BRDA:425,35,1,0
BRDA:446,36,0,0
BRDA:446,36,1,0
BRDA:447,37,0,0
BRDA:447,37,1,0
BRDA:448,38,0,0
BRDA:448,38,1,0
BRDA:455,39,0,0
BRDA:455,39,1,0
BRDA:456,40,0,0
BRDA:456,40,1,0
BRDA:463,41,0,0
BRDA:463,41,1,0
BRDA:495,42,0,0
BRDA:495,42,1,0
BRDA:495,42,2,0
BRDA:495,42,3,0
BRDA:495,42,4,0
BRDA:495,42,5,0
BRDA:515,43,0,0
BRDA:515,43,1,0
BRDA:529,44,0,0
BRDA:529,44,1,0
BRDA:538,45,0,0
BRDA:538,45,1,0
BRDA:538,45,2,0
BRDA:539,46,0,0
BRDA:539,46,1,0
BRDA:541,47,0,0
BRDA:541,47,1,0
BRDA:549,48,0,0
BRDA:549,48,1,0
BRDA:623,49,0,0
BRDA:623,49,1,0
BRDA:668,50,0,0
BRDA:668,50,1,0
BRDA:668,51,0,0
BRDA:668,51,1,0
BRDA:685,52,0,0
BRDA:685,52,1,0
BRDA:727,53,0,0
BRDA:727,53,1,0
BRDA:727,54,0,0
BRDA:727,54,1,0
BRDA:732,55,0,0
BRDA:732,55,1,0
BRDA:736,56,0,0
BRDA:736,56,1,0
BRDA:2,57,0,0
BRDA:2,57,1,0
BRDA:2,57,2,0
BRDA:2,58,0,0
BRDA:2,58,1,0
BRDA:3,59,0,0
BRDA:3,59,1,0
BRDA:5,60,0,0
BRDA:5,60,1,0
BRDA:5,61,0,0
BRDA:5,61,1,0
BRDA:5,62,0,0
BRDA:5,62,1,0
BRDA:5,63,0,0
BRDA:5,63,1,0
BRDA:10,64,0,0
BRDA:10,64,1,0
BRDA:13,65,0,0
BRDA:13,65,1,0
BRDA:13,65,2,0
BRDA:13,66,0,0
BRDA:13,66,1,0
BRDA:18,67,0,0
BRDA:18,67,1,0
BRDA:18,67,2,0
BRDA:20,68,0,0
BRDA:20,68,1,0
BRDA:22,69,0,0
BRDA:22,69,1,0
BRDA:28,70,0,0
BRDA:28,70,1,0
BRDA:28,71,0,0
BRDA:28,71,1,0
BRDA:30,72,0,0
BRDA:30,72,1,0
BRDA:30,73,0,0
BRDA:30,73,1,0
BRDA:47,74,0,0
BRDA:50,75,0,0
BRDA:50,75,1,0
BRDA:51,76,0,0
BRDA:51,76,1,0
BRDA:51,76,2,0
BRDA:51,77,0,0
BRDA:51,77,1,0
BRDA:52,78,0,0
BRDA:52,78,1,0
BRDA:53,79,0,0
BRDA:53,79,1,0
BRDA:53,80,0,0
BRDA:53,80,1,0
BRDA:53,81,0,0
BRDA:53,81,1,0
BRDA:68,82,0,0
BRDA:68,82,1,0
BRDA:68,83,0,0
BRDA:68,83,1,0
BRDA:68,84,0,0
BRDA:68,84,1,0
BRDA:87,85,0,0
BRDA:87,85,1,0
BRDA:87,86,0,0
BRDA:87,86,1,0
BRDA:87,87,0,0
BRDA:87,87,1,0
BRDA:120,88,0,0
BRDA:120,88,1,0
BRDA:120,89,0,0
BRDA:120,89,1,0
BRDA:137,90,0,0
BRDA:137,90,1,0
BRDA:138,91,0,0
BRDA:138,91,1,0
BRDA:141,92,0,0
BRDA:141,92,1,0
BRDA:146,93,0,0
BRDA:146,93,1,0
BRDA:152,94,0,0
BRDA:152,94,1,0
BRDA:153,95,0,0
BRDA:153,95,1,0
BRDA:157,96,0,0
BRDA:157,96,1,0
BRDA:158,97,0,0
BRDA:158,97,1,0
BRDA:162,98,0,0
BRDA:162,98,1,0
BRDA:163,99,0,0
BRDA:163,99,1,0
BRDA:170,100,0,0
BRDA:170,100,1,0
BRDA:176,101,0,0
BRDA:176,101,1,0
BRDA:185,102,0,0
BRDA:185,102,1,0
BRDA:185,103,0,0
BRDA:185,103,1,0
BRDA:190,104,0,0
BRDA:190,104,1,0
BRDA:193,105,0,0
BRDA:193,105,1,0
BRDA:210,106,0,0
BRDA:210,106,1,0
BRDA:211,107,0,0
BRDA:211,107,1,0
BRDA:212,108,0,0
BRDA:212,108,1,0
BRDA:240,109,0,0
BRDA:240,109,1,0
BRDA:260,110,0,0
BRDA:260,110,1,0
BRDA:261,111,0,0
BRDA:261,111,1,0
BRDA:262,112,0,0
BRDA:262,112,1,0
BRDA:269,113,0,0
BRDA:269,113,1,0
BRDA:270,114,0,0
BRDA:270,114,1,0
BRDA:276,115,0,0
BRDA:276,115,1,0
BRDA:302,116,0,0
BRDA:302,116,1,0
BRDA:302,116,2,0
BRDA:302,116,3,0
BRDA:302,116,4,0
BRDA:302,116,5,0
BRDA:321,117,0,0
BRDA:321,117,1,0
BRDA:334,118,0,0
BRDA:334,118,1,0
BRDA:342,119,0,0
BRDA:342,119,1,0
BRDA:342,119,2,0
BRDA:343,120,0,0
BRDA:343,120,1,0
BRDA:345,121,0,0
BRDA:345,121,1,0
BRDA:349,122,0,0
BRDA:349,122,1,0
BRDA:388,123,0,0
BRDA:388,123,1,0
BRDA:411,124,0,0
BRDA:411,124,1,0
BRDA:411,125,0,0
BRDA:411,125,1,0
BRDA:418,126,0,0
BRDA:418,126,1,0
BRDA:430,127,0,0
BRDA:430,127,1,0
BRDA:430,128,0,0
BRDA:430,128,1,0
BRDA:435,129,0,0
BRDA:435,129,1,0
BRDA:437,130,0,0
BRDA:437,130,1,0
BRF:275
BRH:0
end_of_record
TN:
SF:src\screens\auth\LoginScreen.tsx
FN:34,(anonymous_9)
FN:44,(anonymous_10)
FN:51,(anonymous_11)
FN:53,(anonymous_12)
FN:60,(anonymous_13)
FN:68,(anonymous_14)
FN:74,(anonymous_15)
FN:76,(anonymous_16)
FN:83,(anonymous_17)
FN:91,(anonymous_18)
FN:162,(anonymous_19)
FN:174,(anonymous_20)
FN:216,(anonymous_21)
FN:241,(anonymous_22)
FN:285,(anonymous_23)
FN:301,(anonymous_24)
FN:302,(anonymous_25)
FN:313,(anonymous_26)
FN:23,(anonymous_1)
FN:39,(anonymous_2)
FN:43,(anonymous_3)
FN:51,(anonymous_4)
FN:58,(anonymous_5)
FN:63,(anonymous_6)
FN:65,(anonymous_7)
FN:74,(anonymous_8)
FN:81,(anonymous_9)
FN:163,(anonymous_10)
FN:176,(anonymous_11)
FN:228,(anonymous_12)
FN:276,(anonymous_13)
FN:356,(anonymous_14)
FN:372,(anonymous_15)
FN:373,(anonymous_16)
FN:384,(anonymous_17)
FNF:35
FNH:0
FNDA:0,(anonymous_9)
FNDA:0,(anonymous_10)
FNDA:0,(anonymous_11)
FNDA:0,(anonymous_12)
FNDA:0,(anonymous_13)
FNDA:0,(anonymous_14)
FNDA:0,(anonymous_15)
FNDA:0,(anonymous_16)
FNDA:0,(anonymous_17)
FNDA:0,(anonymous_18)
FNDA:0,(anonymous_19)
FNDA:0,(anonymous_20)
FNDA:0,(anonymous_21)
FNDA:0,(anonymous_22)
FNDA:0,(anonymous_23)
FNDA:0,(anonymous_24)
FNDA:0,(anonymous_25)
FNDA:0,(anonymous_26)
FNDA:0,(anonymous_1)
FNDA:0,(anonymous_2)
FNDA:0,(anonymous_3)
FNDA:0,(anonymous_4)
FNDA:0,(anonymous_5)
FNDA:0,(anonymous_6)
FNDA:0,(anonymous_7)
FNDA:0,(anonymous_8)
FNDA:0,(anonymous_9)
FNDA:0,(anonymous_10)
FNDA:0,(anonymous_11)
FNDA:0,(anonymous_12)
FNDA:0,(anonymous_13)
FNDA:0,(anonymous_14)
FNDA:0,(anonymous_15)
FNDA:0,(anonymous_16)
FNDA:0,(anonymous_17)
DA:1,0
DA:2,0
DA:14,0
DA:15,0
DA:16,0
DA:17,0
DA:18,0
DA:22,0
DA:23,0
DA:24,0
DA:34,0
DA:35,0
DA:36,0
DA:37,0
DA:38,0
DA:39,0
DA:41,0
DA:43,0
DA:44,0
DA:45,0
DA:46,0
DA:48,0
DA:49,0
DA:50,0
DA:51,0
DA:52,0
DA:53,0
DA:54,0
DA:55,0
DA:56,0
DA:58,0
DA:59,0
DA:60,0
DA:61,0
DA:62,0
DA:63,0
DA:65,0
DA:66,0
DA:68,0
DA:69,0
DA:71,0
DA:72,0
DA:73,0
DA:74,0
DA:75,0
DA:76,0
DA:77,0
DA:78,0
DA:79,0
DA:81,0
DA:82,0
DA:83,0
DA:84,0
DA:85,0
DA:86,0
DA:88,0
DA:89,0
DA:91,0
DA:93,0
DA:95,0
DA:96,0
DA:97,0
DA:99,0
DA:100,0
DA:101,0
DA:102,0
DA:104,0
DA:105,0
DA:107,0
DA:109,0
DA:110,0
DA:112,0
DA:113,0
DA:114,0
DA:116,0
DA:117,0
DA:118,0
DA:119,0
DA:121,0
DA:122,0
DA:123,0
DA:125,0
DA:126,0
DA:129,0
DA:131,0
DA:132,0
DA:133,0
DA:137,0
DA:138,0
DA:139,0
DA:140,0
DA:144,0
DA:145,0
DA:146,0
DA:147,0
DA:150,0
DA:151,0
DA:152,0
DA:153,0
DA:154,0
DA:159,0
DA:162,0
DA:163,0
DA:165,0
DA:166,0
DA:167,0
DA:168,0
DA:169,0
DA:170,0
DA:171,0
DA:173,0
DA:174,0
DA:175,0
DA:176,0
DA:179,0
DA:180,0
DA:183,0
DA:184,0
DA:186,0
DA:187,0
DA:188,0
DA:191,0
DA:192,0
DA:193,0
DA:194,0
DA:197,0
DA:198,0
DA:199,0
DA:200,0
DA:201,0
DA:202,0
DA:203,0
DA:204,0
DA:205,0
DA:206,0
DA:207,0
DA:208,0
DA:210,0
DA:211,0
DA:213,0
DA:214,0
DA:216,0
DA:217,0
DA:219,0
DA:220,0
DA:224,0
DA:225,0
DA:228,0
DA:230,0
DA:232,0
DA:235,0
DA:242,0
DA:246,0
DA:255,0
DA:257,0
DA:262,0
DA:277,0
DA:285,0
DA:301,0
DA:302,0
DA:313,0
DA:324,0
DA:356,0
DA:372,0
DA:373,0
DA:384,0
DA:458,0
LF:167
LH:0
BRDA:48,0,0,0
BRDA:48,0,1,0
BRDA:50,1,0,0
BRDA:50,1,1,0
BRDA:71,2,0,0
BRDA:71,2,1,0
BRDA:73,3,0,0
BRDA:73,3,1,0
BRDA:99,4,0,0
BRDA:99,5,0,0
BRDA:99,5,1,0
BRDA:113,6,0,0
BRDA:116,7,0,0
BRDA:117,8,0,0
BRDA:117,8,1,0
BRDA:121,9,0,0
[...]
BRDA:99,31,1,3
BRDA:133,32,0,39
BRDA:133,32,1,3
BRDA:134,33,0,21
BRDA:134,33,1,0
BRDA:137,34,0,21
BRDA:137,34,1,0
BRDA:157,35,0,21
BRDA:157,35,1,0
BRDA:158,36,0,21
BRDA:158,36,1,0
BRDA:161,37,0,21
BRDA:161,37,1,0
BRDA:183,38,0,4
BRDA:183,38,1,9
BRDA:183,39,0,13
BRDA:183,39,1,13
BRDA:184,40,0,4
BRDA:184,40,1,0
BRDA:201,41,0,23
BRDA:201,41,1,2
BRDA:201,42,0,22
BRDA:201,42,1,1
BRDA:203,43,0,2
BRDA:203,43,1,2
BRF:88
BRH:69
end_of_record
TN:
SF:src\utils\securityLogger.ts
FN:79,(anonymous_0)
FN:144,(anonymous_1)
FN:173,(anonymous_2)
FN:205,(anonymous_3)
FN:226,(anonymous_4)
FN:240,(anonymous_5)
FN:259,(anonymous_6)
FN:279,(anonymous_7)
FN:298,(anonymous_8)
FN:305,(anonymous_9)
FN:306,(anonymous_10)
FN:312,(anonymous_11)
FN:313,(anonymous_12)
FN:319,(anonymous_13)
FN:320,(anonymous_14)
FN:326,(anonymous_15)
FN:333,(anonymous_16)
FN:341,(anonymous_17)
FN:360,(anonymous_18)
FN:371,(anonymous_19)
FN:378,(anonymous_20)
FN:418,(anonymous_21)
FN:428,(anonymous_22)
FN:442,(anonymous_23)
FNF:24
FNH:9
FNDA:34,(anonymous_0)
FNDA:13,(anonymous_1)
FNDA:9,(anonymous_2)
FNDA:0,(anonymous_3)
FNDA:8,(anonymous_4)
FNDA:2,(anonymous_5)
FNDA:0,(anonymous_6)
FNDA:0,(anonymous_7)
FNDA:0,(anonymous_8)
FNDA:0,(anonymous_9)
FNDA:0,(anonymous_10)
FNDA:0,(anonymous_11)
FNDA:0,(anonymous_12)
FNDA:0,(anonymous_13)
FNDA:0,(anonymous_14)
FNDA:0,(anonymous_15)
FNDA:0,(anonymous_16)
FNDA:0,(anonymous_17)
FNDA:0,(anonymous_18)
FNDA:34,(anonymous_19)
FNDA:34,(anonymous_20)
FNDA:0,(anonymous_21)
FNDA:22,(anonymous_22)
FNDA:8,(anonymous_23)
DA:72,2
DA:73,2
DA:74,2
DA:86,34
DA:102,34
DA:103,34
DA:104,0
DA:108,34
DA:111,34
DA:114,34
DA:115,8
DA:126,26
DA:127,16
DA:150,13
DA:154,13
DA:158,13
DA:180,9
DA:184,9
DA:188,9
DA:211,0
DA:227,8
DA:245,2
DA:264,0
DA:268,0
DA:284,0
DA:299,0
DA:306,0
DA:313,0
DA:320,0
DA:327,0
DA:334,0
DA:335,0
DA:349,0
DA:360,0
DA:361,0
DA:364,0
DA:380,34
DA:381,11
DA:382,11
DA:383,11
DA:386,11
DA:387,7
DA:395,34
DA:396,0
DA:397,0
DA:398,0
DA:400,0
DA:401,0
DA:410,34
DA:419,0
DA:420,0
DA:422,0
DA:429,22
DA:430,0
DA:432,22
DA:433,22
DA:434,0
DA:436,22
DA:443,8
DA:444,0
DA:446,8
DA:451,2
LF:62
LH:35
BRDA:103,0,0,0
BRDA:103,0,1,34
BRDA:114,1,0,8
BRDA:114,1,1,26
BRDA:126,2,0,16
BRDA:126,2,1,10
BRDA:150,3,0,2
BRDA:150,3,1,11
BRDA:154,4,0,2
BRDA:154,4,1,11
BRDA:180,5,0,6
BRDA:180,5,1,3
BRDA:184,6,0,6
BRDA:184,6,1,3
BRDA:264,7,0,0
BRDA:264,7,1,0
BRDA:298,8,0,0
BRDA:361,9,0,0
BRDA:361,9,1,0
BRDA:380,10,0,11
BRDA:380,10,1,23
BRDA:381,11,0,11
BRDA:381,11,1,11
BRDA:382,12,0,11
BRDA:382,12,1,1
BRDA:386,13,0,7
BRDA:386,13,1,4
BRDA:388,14,0,7
BRDA:388,14,1,7
BRDA:395,15,0,0
BRDA:395,15,1,34
BRDA:396,16,0,0
BRDA:396,16,1,0
BRDA:397,17,0,0
BRDA:397,17,1,0
BRDA:400,18,0,0
BRDA:400,18,1,0
BRDA:419,19,0,0
BRDA:419,19,1,0
BRDA:419,20,0,0
BRDA:419,20,1,0
BRDA:429,21,0,0
BRDA:429,21,1,22
BRDA:429,22,0,22
BRDA:429,22,1,22
BRDA:433,23,0,0
BRDA:433,23,1,22
BRDA:443,24,0,0
BRDA:443,24,1,8
BRDA:443,25,0,8
BRDA:443,25,1,8
BRF:51
BRH:31
end_of_record
TN:
SF:src\utils\sessionManager.ts
FN:37,(anonymous_0)
FN:56,(anonymous_1)
FN:65,(anonymous_2)
FN:99,(anonymous_3)
FN:106,(anonymous_4)
FN:127,(anonymous_5)
FN:134,(anonymous_6)
FN:142,(anonymous_7)
FN:188,(anonymous_8)
FN:191,(anonymous_9)
FN:203,(anonymous_10)
FN:213,(anonymous_11)
FN:22,(anonymous_0)
FN:40,(anonymous_1)
FN:48,(anonymous_2)
FN:77,(anonymous_3)
FN:83,(anonymous_4)
FN:96,(anonymous_5)
FN:102,(anonymous_6)
FN:109,(anonymous_7)
FN:140,(anonymous_8)
FN:142,(anonymous_9)
FN:153,(anonymous_10)
FN:162,(anonymous_11)
FNF:24
FNH:24
FNDA:3,(anonymous_0)
FNDA:28,(anonymous_1)
FNDA:25,(anonymous_2)
FNDA:21,(anonymous_3)
FNDA:73,(anonymous_4)
FNDA:33,(anonymous_5)
FNDA:28,(anonymous_6)
FNDA:23,(anonymous_7)
FNDA:19,(anonymous_8)
FNDA:17,(anonymous_9)
FNDA:92,(anonymous_10)
FNDA:8,(anonymous_11)
FNDA:3,(anonymous_0)
FNDA:6,(anonymous_1)
FNDA:25,(anonymous_2)
FNDA:46,(anonymous_3)
FNDA:98,(anonymous_4)
FNDA:10,(anonymous_5)
FNDA:5,(anonymous_6)
FNDA:23,(anonymous_7)
FNDA:19,(anonymous_8)
FNDA:17,(anonymous_9)
FNDA:115,(anonymous_10)
FNDA:31,(anonymous_11)
DA:8,1
DA:9,1
DA:10,1
DA:12,1
DA:13,1
DA:14,1
DA:26,1
DA:27,1
DA:28,1
DA:41,3
DA:42,2
DA:49,25
DA:50,2
DA:57,3
DA:58,2
DA:60,23
DA:61,23
DA:62,8
DA:63,8
DA:66,25
DA:67,17
DA:68,0
DA:69,0
DA:72,15
DA:78,21
DA:79,23
DA:80,23
DA:81,8
DA:82,8
DA:84,73
DA:85,19
DA:86,15
DA:87,0
DA:88,19
DA:89,0
DA:90,88
DA:91,73
DA:93,15
DA:97,10
DA:100,21
DA:103,5
DA:107,73
DA:108,19
DA:110,23
DA:113,20
DA:114,19
DA:120,93
DA:121,92
DA:123,19
DA:125,20
DA:127,1
DA:128,33
DA:131,2
DA:132,1
DA:134,2
DA:135,5
DA:141,19
DA:142,19
DA:143,17
DA:144,17
DA:146,5
DA:147,23
DA:150,20
DA:151,19
DA:154,112
DA:155,38
DA:156,39
DA:158,19
DA:159,1
DA:163,28
DA:164,9
DA:167,28
DA:168,19
DA:170,20
DA:172,24
DA:173,1
DA:174,1
DA:178,2
DA:179,1
DA:181,2
DA:189,19
DA:191,19
DA:192,17
DA:193,17
DA:195,5
DA:204,92
DA:205,19
DA:206,19
DA:214,8
DA:215,8
DA:223,8
DA:229,1
LF:92
LH:88
BRDA:57,0,0,2
BRDA:57,0,1,1
BRDA:66,1,0,2
BRDA:66,1,1,23
BRDA:80,2,0,8
BRDA:80,2,1,15
BRDA:86,3,0,0
BRDA:86,3,1,15
BRDA:87,4,0,0
BRDA:87,4,1,0
BRDA:100,5,0,12
BRDA:100,5,1,9
BRDA:107,6,0,19
BRDA:107,6,1,54
BRDA:147,7,0,19
BRDA:147,7,1,20
BRDA:147,7,2,1
BRDA:147,7,3,2
BRDA:150,8,0,19
BRDA:150,8,1,1
BRDA:150,9,0,20
BRDA:150,9,1,19
BRDA:158,10,0,1
BRDA:158,10,1,18
BRDA:178,11,0,1
BRDA:178,11,1,1
BRDA:193,12,0,5
BRDA:193,12,1,12
BRDA:204,13,0,19
BRDA:204,13,1,73
BRDA:214,14,0,8
BRDA:214,14,1,0
BRDA:41,15,0,2
BRDA:41,15,1,1
BRDA:49,16,0,2
BRDA:49,16,1,23
BRDA:61,17,0,8
BRDA:61,17,1,15
BRDA:66,18,0,0
BRDA:66,18,1,15
BRDA:67,19,0,0
BRDA:67,19,1,0
BRDA:78,20,0,12
BRDA:78,20,1,9
BRDA:84,21,0,19
BRDA:84,21,1,54
BRDA:110,22,0,19
BRDA:110,22,1,20
BRDA:110,22,2,1
BRDA:110,22,3,2
BRDA:113,23,0,19
BRDA:113,23,1,1
BRDA:113,24,0,39
BRDA:113,24,1,73
BRDA:120,25,0,1
BRDA:120,25,1,18
BRDA:131,26,0,1
BRDA:131,26,1,1
BRDA:144,27,0,5
BRDA:144,27,1,12
BRDA:154,28,0,38
BRDA:154,28,1,74
BRDA:163,29,0,27
BRDA:163,29,1,1
BRF:64
BRH:57
end_of_record
TN:
SF:src\utils\subscriptionManager.ts
FN:39,(anonymous_0)
FN:45,(anonymous_1)
FNF:2
FNH:0
FNDA:0,(anonymous_0)
FNDA:0,(anonymous_1)
DA:28,0
DA:45,0
LF:2
LH:0
BRF:0
BRH:0
end_of_record
TN:
SF:src\utils\validation.ts
FN:7,(anonymous_0)
FN:28,(anonymous_1)
FN:47,(anonymous_2)
FN:104,(anonymous_3)
FN:129,(anonymous_4)
FN:154,(anonymous_5)
FN:181,(anonymous_6)
FN:197,(anonymous_7)
FN:212,(anonymous_8)
FN:225,(anonymous_9)
FN:240,(anonymous_10)
FN:274,(anonymous_11)
FN:355,(anonymous_12)
FN:382,(anonymous_13)
FN:423,(anonymous_14)
FN:444,(anonymous_15)
FN:465,(anonymous_16)
FN:499,(anonymous_17)
FN:520,(anonymous_18)
FN:535,(anonymous_19)
FN:551,(anonymous_20)
FN:8,(anonymous_0)
FN:24,(anonymous_1)
FN:39,(anonymous_2)
FN:85,(anonymous_3)
FN:102,(anonymous_4)
FN:121,(anonymous_5)
FN:142,(anonymous_6)
FN:153,(anonymous_7)
FN:164,(anonymous_8)
FN:174,(anonymous_9)
FN:185,(anonymous_10)
FN:211,(anonymous_11)
FN:277,(anonymous_12)
FN:298,(anonymous_13)
FN:332,(anonymous_14)
FN:348,(anonymous_15)
FN:364,(anonymous_16)
FN:391,(anonymous_17)
FN:407,(anonymous_18)
FN:419,(anonymous_19)
FN:431,(anonymous_20)
FNF:42
FNH:42
FNDA:12,(anonymous_0)
FNDA:8,(anonymous_1)
FNDA:42,(anonymous_2)
FNDA:4,(anonymous_3)
FNDA:16,(anonymous_4)
FNDA:8,(anonymous_5)
FNDA:4,(anonymous_6)
FNDA:8,(anonymous_7)
FNDA:12,(anonymous_8)
FNDA:13,(anonymous_9)
FNDA:13,(anonymous_10)
FNDA:9,(anonymous_11)
FNDA:3,(anonymous_12)
FNDA:9,(anonymous_13)
FNDA:9,(anonymous_14)
FNDA:10,(anonymous_15)
FNDA:4,(anonymous_16)
FNDA:7,(anonymous_17)
FNDA:6,(anonymous_18)
FNDA:9,(anonymous_19)
FNDA:6,(anonymous_20)
FNDA:24,(anonymous_0)
FNDA:8,(anonymous_1)
FNDA:24,(anonymous_2)
FNDA:4,(anonymous_3)
FNDA:16,(anonymous_4)
FNDA:8,(anonymous_5)
FNDA:4,(anonymous_6)
FNDA:4,(anonymous_7)
FNDA:11,(anonymous_8)
FNDA:4,(anonymous_9)
FNDA:4,(anonymous_10)
FNDA:9,(anonymous_11)
FNDA:12,(anonymous_12)
FNDA:18,(anonymous_13)
FNDA:18,(anonymous_14)
FNDA:10,(anonymous_15)
FNDA:4,(anonymous_16)
FNDA:16,(anonymous_17)
FNDA:15,(anonymous_18)
FNDA:9,(anonymous_19)
FNDA:6,(anonymous_20)
DA:3,1
DA:4,1
DA:5,1
DA:8,12
DA:9,12
DA:10,3
DA:14,9
DA:15,9
DA:16,12
DA:17,3
DA:18,6
DA:19,1
DA:20,6
DA:21,6
DA:24,5
DA:25,8
DA:26,3
DA:29,8
DA:30,8
DA:31,4
DA:33,4
DA:34,1
DA:35,5
DA:36,4
DA:39,4
DA:40,24
DA:41,2
DA:43,5
DA:45,22
DA:47,22
DA:48,49
DA:49,2
DA:51,57
DA:52,15
DA:53,0
DA:54,40
DA:55,15
DA:57,40
DA:58,22
DA:62,47
DA:63,34
DA:64,0
DA:66,13
DA:67,33
DA:70,33
DA:71,36
DA:74,10
DA:75,10
DA:76,42
DA:77,33
DA:80,9
DA:81,31
DA:82,0
DA:86,31
DA:87,7
DA:89,4
DA:91,28
DA:92,32
DA:93,57
DA:94,1
DA:96,3
DA:97,1
DA:98,27
DA:99,2
DA:103,16
DA:104,4
DA:108,16
DA:109,12
DA:110,1
DA:112,15
DA:113,1
DA:115,14
DA:116,6
DA:117,1
DA:118,8
DA:121,3
DA:122,8
DA:123,1
DA:125,3
DA:127,7
DA:128,7
DA:129,1
DA:130,16
DA:131,10
DA:132,5
DA:135,5
DA:136,17
DA:137,1
DA:138,12
DA:139,5
DA:142,11
DA:143,5
DA:144,4
DA:145,2
DA:146,10
DA:147,4
DA:150,8
DA:154,4
DA:155,12
DA:156,2
DA:158,3
DA:159,1
DA:161,7
DA:163,7
DA:164,1
DA:165,3
DA:166,1
DA:167,6
DA:168,2
DA:169,1
DA:171,1
DA:172,5
DA:173,5
DA:174,1
DA:175,4
DA:176,4
DA:177,8
DA:179,3
DA:180,2
DA:182,1
DA:184,4
DA:186,4
DA:187,6
DA:189,4
DA:190,5
DA:193,3
DA:194,3
DA:195,3
DA:196,3
DA:197,3
DA:198,4
DA:199,3
DA:200,5
DA:201,1
DA:203,2
DA:204,5
DA:205,2
DA:206,1
DA:208,2
DA:212,9
DA:213,12
DA:214,1
DA:217,9
DA:218,10
DA:220,9
DA:221,10
DA:222,9
DA:223,9
DA:224,0
DA:226,13
DA:227,9
DA:228,13
DA:229,10
DA:231,9
DA:232,12
DA:233,11
DA:236,10
DA:237,2
DA:240,7
DA:241,13
DA:242,9
DA:243,0
DA:245,13
DA:246,8
DA:248,7
DA:249,7
DA:250,10
DA:251,12
DA:252,7
DA:253,6
DA:254,12
DA:256,7
DA:257,7
DA:259,12
DA:260,4
DA:262,3
DA:263,0
DA:264,11
DA:265,11
DA:266,11
DA:267,10
DA:268,1
DA:270,10
DA:273,0
DA:275,9
DA:276,0
DA:278,12
DA:279,3
DA:280,3
DA:281,9
DA:282,0
DA:283,3
DA:284,0
DA:285,9
DA:287,12
DA:288,9
DA:289,0
DA:291,12
DA:292,12
DA:293,11
DA:294,9
DA:295,10
DA:298,9
DA:299,18
DA:300,9
DA:304,18
DA:305,11
DA:307,18
DA:309,18
DA:310,18
DA:311,9
DA:312,16
DA:313,9
DA:314,18
DA:316,18
DA:317,9
DA:319,18
DA:320,12
DA:321,16
DA:322,16
DA:323,10
DA:325,16
DA:326,12
DA:328,9
DA:330,4
DA:331,1
DA:333,18
DA:334,18
DA:335,10
DA:338,3
DA:339,17
DA:340,11
DA:342,15
DA:343,11
DA:344,3
DA:345,5
DA:348,2
DA:349,19
DA:350,10
DA:351,1
DA:355,9
DA:356,6
DA:357,3
DA:358,6
DA:359,5
DA:360,0
DA:361,4
DA:363,3
DA:364,0
DA:365,4
DA:366,0
DA:368,3
DA:369,0
DA:370,4
DA:371,4
DA:372,1
DA:373,3
DA:374,6
DA:375,5
DA:376,3
DA:377,3
DA:378,3
DA:379,0
DA:382,3
DA:383,12
DA:384,3
DA:385,3
DA:386,10
DA:388,2
DA:389,9
DA:390,0
DA:392,7
DA:393,11
DA:395,16
DA:396,9
DA:397,5
DA:398,14
DA:399,10
DA:400,9
DA:401,13
DA:402,10
DA:404,12
DA:405,0
DA:408,15
DA:409,11
DA:412,6
DA:413,13
DA:414,11
DA:416,11
DA:418,0
DA:420,9
DA:421,1
DA:424,9
DA:425,8
DA:426,12
DA:427,1
DA:428,6
DA:432,14
DA:433,8
DA:434,6
DA:435,12
DA:436,12
DA:437,14
DA:438,12
DA:439,4
DA:440,16
DA:444,6
DA:445,10
DA:447,10
DA:448,1
DA:453,9
DA:454,3
DA:457,6
DA:458,2
DA:461,4
DA:466,4
DA:467,0
DA:472,4
DA:473,4
DA:474,1
DA:477,3
DA:478,3
DA:479,3
DA:480,3
DA:482,3
DA:483,0
DA:487,3
DA:488,3
DA:489,3
DA:491,3
DA:492,1
DA:495,2
DA:500,7
DA:501,2
DA:506,5
DA:508,5
DA:509,1
DA:512,4
DA:513,1
DA:516,3
DA:521,6
DA:522,2
DA:527,4
DA:528,2
DA:531,2
DA:536,9
DA:537,1
DA:541,8
DA:543,8
DA:544,3
DA:547,5
DA:555,6
DA:556,6
DA:558,6
DA:559,12
DA:560,12
DA:561,12
DA:562,12
DA:563,4
DA:564,4
DA:569,6
LF:361
LH:340
BRDA:7,0,0,10
BRDA:8,1,0,3
BRDA:8,1,1,9
BRDA:8,2,0,12
BRDA:8,2,1,10
BRDA:9,3,0,5
BRDA:9,3,1,10
BRDA:16,4,0,3
BRDA:16,4,1,6
BRDA:20,5,0,1
BRDA:20,5,1,5
BRDA:28,6,0,9
BRDA:29,7,0,3
BRDA:29,7,1,5
BRDA:29,8,0,8
BRDA:29,8,1,6
BRDA:30,9,0,2
BRDA:30,9,1,1
BRDA:35,10,0,1
BRDA:35,10,1,4
BRDA:39,11,0,1
BRDA:39,11,1,3
BRDA:47,12,0,25
BRDA:48,13,0,2
BRDA:48,13,1,40
BRDA:48,14,0,49
BRDA:48,14,1,55
BRDA:49,15,0,1
BRDA:49,15,1,1
BRDA:57,16,0,7
BRDA:57,16,1,33
BRDA:63,17,0,0
BRDA:63,17,1,33
BRDA:70,18,0,1
BRDA:70,18,1,32
BRDA:70,19,0,36
BRDA:70,19,1,43
BRDA:70,19,2,33
BRDA:76,20,0,1
BRDA:76,20,1,31
BRDA:76,21,0,32
BRDA:76,21,1,32
BRDA:76,21,2,32
BRDA:81,22,0,0
BRDA:81,22,1,31
BRDA:86,23,0,3
BRDA:86,23,1,28
BRDA:86,24,0,31
BRDA:86,24,1,34
BRDA:86,24,2,29
BRDA:86,24,3,28
BRDA:93,25,0,1
BRDA:93,25,1,55
BRDA:93,26,0,57
BRDA:93,26,1,59
BRDA:108,27,0,0
BRDA:108,27,1,4
BRDA:108,28,0,4
BRDA:108,28,1,4
BRDA:116,29,0,1
BRDA:116,29,1,3
BRDA:121,30,0,1
BRDA:121,30,1,2
BRDA:129,31,0,15
BRDA:130,32,0,4
BRDA:130,32,1,12
BRDA:130,33,0,16
BRDA:130,33,1,13
BRDA:131,34,0,3
BRDA:131,34,1,1
BRDA:138,35,0,1
BRDA:138,35,1,11
BRDA:142,36,0,1
BRDA:142,36,1,10
BRDA:146,37,0,2
BRDA:146,37,1,8
BRDA:154,38,0,8
BRDA:155,39,0,1
BRDA:155,39,1,7
BRDA:155,40,0,9
BRDA:155,40,1,11
BRDA:156,41,0,1
BRDA:156,41,1,0
BRDA:163,42,0,1
BRDA:163,42,1,6
BRDA:167,43,0,1
BRDA:167,43,1,5
BRDA:173,44,0,1
BRDA:173,44,1,4
BRDA:186,45,0,2
BRDA:186,45,1,2
BRDA:200,46,0,1
BRDA:200,46,1,3
BRDA:204,47,0,1
BRDA:204,47,1,2
BRDA:213,48,0,1
BRDA:213,48,1,11
BRDA:217,49,0,1
BRDA:217,49,1,1
BRDA:228,50,0,1
BRDA:228,50,1,3
BRDA:232,51,0,2
BRDA:232,51,1,1
BRDA:241,52,0,0
BRDA:241,52,1,4
BRDA:245,53,0,1
BRDA:245,53,1,3
BRDA:259,54,0,1
BRDA:259,54,1,2
BRDA:266,55,0,1
BRDA:266,55,1,1
BRDA:274,56,0,9
BRDA:275,57,0,0
BRDA:275,57,1,9
BRDA:275,58,0,9
BRDA:275,58,1,9
BRDA:276,59,0,0
BRDA:276,59,1,0
BRDA:281,60,0,0
BRDA:281,60,1,9
BRDA:288,61,0,0
BRDA:288,61,1,9
BRDA:298,62,0,0
BRDA:298,62,1,9
BRDA:298,63,0,9
BRDA:298,63,1,9
BRDA:298,63,2,9
BRDA:304,64,0,2
BRDA:304,64,1,7
BRDA:304,65,0,9
BRDA:304,65,1,10
BRDA:304,65,2,8
BRDA:312,66,0,0
BRDA:312,66,1,7
BRDA:316,67,0,0
BRDA:316,67,1,7
BRDA:316,68,0,7
BRDA:316,68,1,7
BRDA:316,68,2,7
BRDA:325,69,0,3
BRDA:325,69,1,4
BRDA:330,70,0,1
BRDA:330,70,1,3
BRDA:330,71,0,4
BRDA:330,71,1,4
BRDA:334,72,0,0
BRDA:334,72,1,3
BRDA:334,73,0,4
BRDA:334,73,1,11
BRDA:338,74,0,0
BRDA:338,74,1,3
BRDA:338,75,0,3
BRDA:338,75,1,3
BRDA:344,76,0,1
BRDA:344,76,1,2
BRDA:359,77,0,0
BRDA:359,77,1,3
BRDA:363,78,0,0
BRDA:363,78,1,3
BRDA:368,79,0,0
BRDA:368,79,1,3
BRDA:374,80,0,2
BRDA:374,80,1,1
BRDA:374,81,0,3
BRDA:374,81,1,2
BRDA:382,82,0,9
BRDA:383,83,0,0
BRDA:383,83,1,9
BRDA:383,84,0,9
BRDA:383,84,1,9
BRDA:384,85,0,0
BRDA:384,85,1,0
BRDA:389,86,0,0
BRDA:389,86,1,9
BRDA:396,87,0,0
BRDA:396,87,1,9
BRDA:404,88,0,0
BRDA:404,88,1,9
BRDA:404,89,0,9
BRDA:404,89,1,9
BRDA:408,90,0,3
BRDA:408,90,1,6
BRDA:408,91,0,11
BRDA:408,91,1,12
BRDA:412,92,0,1
BRDA:412,92,1,5
BRDA:412,93,0,6
BRDA:412,93,1,6
BRDA:423,94,0,9
BRDA:424,95,0,2
BRDA:424,95,1,7
BRDA:426,96,0,1
BRDA:426,96,1,8
BRDA:426,97,0,12
BRDA:426,97,1,13
BRDA:426,97,2,2
BRDA:427,98,0,1
BRDA:427,98,1,0
BRDA:432,99,0,2
BRDA:432,99,1,6
BRDA:432,100,0,8
BRDA:432,100,1,8
BRDA:436,101,0,2
BRDA:436,101,1,4
BRDA:444,102,0,10
BRDA:445,103,0,3
BRDA:445,103,1,7
BRDA:447,104,0,1
BRDA:447,104,1,9
BRDA:447,105,0,10
BRDA:447,105,1,9
BRDA:447,105,2,3
BRDA:448,106,0,1
BRDA:448,106,1,0
BRDA:453,107,0,3
BRDA:453,107,1,6
BRDA:453,108,0,9
BRDA:453,108,1,8
BRDA:457,109,0,2
BRDA:457,109,1,4
BRDA:465,110,0,4
BRDA:466,111,0,0
BRDA:466,111,1,4
BRDA:466,112,0,4
BRDA:466,112,1,4
BRDA:467,113,0,0
BRDA:467,113,1,0
BRDA:473,114,0,1
BRDA:473,114,1,3
BRDA:482,115,0,0
BRDA:482,115,1,3
BRDA:491,116,0,1
BRDA:491,116,1,2
BRDA:499,117,0,6
BRDA:500,118,0,2
BRDA:500,118,1,5
BRDA:500,119,0,7
BRDA:500,119,1,6
BRDA:501,120,0,1
BRDA:501,120,1,1
BRDA:508,121,0,1
BRDA:508,121,1,4
BRDA:512,122,0,1
BRDA:512,122,1,3
BRDA:520,123,0,4
BRDA:521,124,0,2
BRDA:521,124,1,4
BRDA:521,125,0,6
BRDA:521,125,1,4
BRDA:522,126,0,1
BRDA:522,126,1,1
BRDA:527,127,0,2
BRDA:527,127,1,2
BRDA:536,128,0,1
BRDA:536,128,1,8
BRDA:536,129,0,9
BRDA:536,129,1,8
BRDA:543,130,0,3
BRDA:543,130,1,5
BRDA:560,131,0,12
BRDA:560,131,1,0
BRDA:562,132,0,4
BRDA:562,132,1,8
BRDA:8,133,0,13
BRDA:9,134,0,3
BRDA:9,134,1,9
BRDA:9,135,0,15
BRDA:9,135,1,19
BRDA:10,136,0,2
BRDA:10,136,1,1
BRDA:15,137,0,3
BRDA:15,137,1,6
BRDA:18,138,0,1
BRDA:18,138,1,5
BRDA:24,139,0,6
BRDA:25,140,0,3
BRDA:25,140,1,5
BRDA:25,141,0,8
BRDA:25,141,1,6
BRDA:26,142,0,2
BRDA:26,142,1,1
BRDA:30,143,0,4
BRDA:30,143,1,9
BRDA:33,144,0,1
BRDA:33,144,1,3
BRDA:39,145,0,19
BRDA:40,146,0,2
BRDA:40,146,1,22
BRDA:40,147,0,25
BRDA:40,147,1,25
BRDA:41,148,0,1
BRDA:41,148,1,1
BRDA:47,149,0,7
BRDA:47,149,1,15
BRDA:52,150,0,0
BRDA:52,150,1,15
BRDA:57,151,0,1
BRDA:57,151,1,14
BRDA:57,152,0,22
BRDA:57,152,1,48
BRDA:57,152,2,15
BRDA:62,153,0,1
BRDA:62,153,1,13
BRDA:62,154,0,14
BRDA:62,154,1,14
BRDA:62,154,2,14
BRDA:66,155,0,0
BRDA:66,155,1,13
BRDA:70,156,0,3
BRDA:70,156,1,10
BRDA:70,157,0,14
BRDA:70,157,1,44
BRDA:70,157,2,11
BRDA:70,157,3,10
BRDA:76,158,0,1
BRDA:76,158,1,19
BRDA:76,159,0,52
BRDA:76,159,1,52
BRDA:86,160,0,0
BRDA:86,160,1,4
BRDA:86,161,0,35
BRDA:86,161,1,34
BRDA:92,162,0,1
BRDA:92,162,1,3
BRDA:96,163,0,1
BRDA:96,163,1,2
BRDA:102,164,0,14
BRDA:103,165,0,4
BRDA:103,165,1,12
BRDA:103,166,0,16
BRDA:103,166,1,13
BRDA:104,167,0,3
BRDA:104,167,1,1
BRDA:109,168,0,1
BRDA:109,168,1,11
BRDA:112,169,0,1
BRDA:112,169,1,10
BRDA:115,170,0,2
BRDA:115,170,1,8
BRDA:121,171,0,9
BRDA:122,172,0,1
BRDA:122,172,1,7
BRDA:122,173,0,9
BRDA:122,173,1,10
BRDA:123,174,0,1
BRDA:123,174,1,0
BRDA:128,175,0,1
BRDA:128,175,1,6
BRDA:131,176,0,5
BRDA:131,176,1,17
BRDA:136,177,0,1
BRDA:136,177,1,4
BRDA:144,178,0,2
BRDA:144,178,1,2
BRDA:155,179,0,2
BRDA:155,179,1,10
BRDA:158,180,0,1
BRDA:158,180,1,2
BRDA:165,181,0,1
BRDA:165,181,1,2
BRDA:168,182,0,1
BRDA:168,182,1,1
BRDA:176,183,0,1
BRDA:176,183,1,3
BRDA:179,184,0,2
BRDA:179,184,1,1
BRDA:186,185,0,0
BRDA:186,185,1,4
BRDA:189,186,0,1
BRDA:189,186,1,3
BRDA:199,187,0,1
BRDA:199,187,1,2
BRDA:205,188,0,1
BRDA:205,188,1,1
BRDA:211,189,0,9
BRDA:212,190,0,0
BRDA:212,190,1,9
BRDA:212,191,0,9
BRDA:212,191,1,9
BRDA:213,192,0,0
BRDA:213,192,1,0
BRDA:217,193,0,0
BRDA:217,193,1,9
BRDA:223,194,0,0
BRDA:223,194,1,9
BRDA:231,195,0,0
BRDA:231,195,1,9
BRDA:231,196,0,9
BRDA:231,196,1,9
BRDA:231,196,2,9
BRDA:236,197,0,2
BRDA:236,197,1,7
BRDA:236,198,0,9
BRDA:236,198,1,1
BRDA:236,198,2,8
BRDA:242,199,0,0
BRDA:242,199,1,7
BRDA:245,200,0,0
BRDA:245,200,1,7
BRDA:245,201,0,8
BRDA:245,201,1,10
BRDA:245,201,2,7
BRDA:252,202,0,3
BRDA:252,202,1,4
BRDA:256,203,0,1
BRDA:256,203,1,3
BRDA:256,204,0,4
BRDA:256,204,1,4
BRDA:259,205,0,0
BRDA:259,205,1,3
BRDA:259,206,0,4
BRDA:259,206,1,5
BRDA:262,207,0,0
BRDA:262,207,1,3
BRDA:262,208,0,3
BRDA:262,208,1,3
BRDA:267,209,0,1
BRDA:267,209,1,2
BRDA:280,210,0,0
BRDA:280,210,1,3
BRDA:283,211,0,0
BRDA:283,211,1,3
BRDA:287,212,0,0
BRDA:287,212,1,3
BRDA:292,213,0,2
BRDA:292,213,1,1
BRDA:292,214,0,3
BRDA:292,214,1,2
BRDA:298,215,0,9
BRDA:299,216,0,0
BRDA:299,216,1,9
BRDA:299,217,0,9
BRDA:299,217,1,18
BRDA:300,218,0,0
BRDA:300,218,1,0
BRDA:304,219,0,0
BRDA:304,219,1,9
BRDA:310,220,0,0
BRDA:310,220,1,9
BRDA:316,221,0,0
BRDA:316,221,1,9
BRDA:316,222,0,16
BRDA:316,222,1,16
BRDA:319,223,0,3
BRDA:319,223,1,6
BRDA:319,224,0,9
BRDA:319,224,1,8
BRDA:322,225,0,1
BRDA:322,225,1,5
BRDA:322,226,0,6
BRDA:322,226,1,6
BRDA:332,227,0,9
BRDA:333,228,0,2
BRDA:333,228,1,7
BRDA:334,229,0,1
BRDA:334,229,1,8
BRDA:334,230,0,9
BRDA:334,230,1,11
BRDA:334,230,2,2
BRDA:335,231,0,1
BRDA:335,231,1,0
BRDA:339,232,0,2
BRDA:339,232,1,6
BRDA:339,233,0,8
BRDA:339,233,1,11
BRDA:342,234,0,2
BRDA:342,234,1,4
BRDA:348,235,0,10
BRDA:349,236,0,3
BRDA:349,236,1,7
BRDA:350,237,0,1
BRDA:350,237,1,9
BRDA:350,238,0,10
BRDA:350,238,1,9
BRDA:350,238,2,3
BRDA:351,239,0,1
BRDA:351,239,1,0
BRDA:355,240,0,3
BRDA:355,240,1,6
BRDA:355,241,0,9
BRDA:355,241,1,8
BRDA:358,242,0,2
BRDA:358,242,1,4
BRDA:364,243,0,4
BRDA:365,244,0,0
BRDA:365,244,1,4
BRDA:365,245,0,4
BRDA:365,245,1,4
BRDA:366,246,0,0
BRDA:366,246,1,0
BRDA:371,247,0,1
BRDA:371,247,1,3
BRDA:378,248,0,0
BRDA:378,248,1,3
BRDA:385,249,0,1
BRDA:385,249,1,2
BRDA:391,250,0,6
BRDA:392,251,0,2
BRDA:392,251,1,5
BRDA:392,252,0,7
BRDA:392,252,1,6
BRDA:393,253,0,1
BRDA:393,253,1,1
BRDA:398,254,0,1
BRDA:398,254,1,4
BRDA:401,255,0,1
BRDA:401,255,1,3
BRDA:407,256,0,4
BRDA:408,257,0,2
BRDA:408,257,1,4
BRDA:408,258,0,9
BRDA:408,258,1,10
BRDA:409,259,0,1
BRDA:409,259,1,1
BRDA:413,260,0,2
BRDA:413,260,1,2
BRDA:420,261,0,1
BRDA:420,261,1,8
BRDA:420,262,0,9
BRDA:420,262,1,8
BRDA:425,263,0,3
BRDA:425,263,1,5
BRDA:436,264,0,12
BRDA:436,264,1,0
BRDA:438,265,0,4
BRDA:438,265,1,8
BRF:526
BRH:464
end_of_record
