TN:
SF:src\components\admin\AddDriverModal.tsx
FN:39,(anonymous_0)
FN:90,(anonymous_1)
FN:101,(anonymous_2)
FN:113,(anonymous_3)
FN:125,(anonymous_4)
FN:137,(anonymous_5)
FN:149,(anonymous_6)
FN:160,(anonymous_7)
FN:172,(anonymous_8)
FN:183,(anonymous_9)
FN:201,(anonymous_10)
FN:223,(anonymous_11)
FN:234,(anonymous_12)
FN:246,(anonymous_13)
FN:258,(anonymous_14)
FN:270,(anonymous_15)
FN:282,(anonymous_16)
FN:293,(anonymous_17)
FN:305,(anonymous_18)
FN:316,(anonymous_19)
FN:334,(anonymous_20)
FNF:21
FNH:3
FNDA:29,(anonymous_0)
FNDA:1,(anonymous_1)
FNDA:0,(anonymous_2)
FNDA:0,(anonymous_3)
FNDA:0,(anonymous_4)
FNDA:0,(anonymous_5)
FNDA:0,(anonymous_6)
FNDA:0,(anonymous_7)
FNDA:0,(anonymous_8)
FNDA:0,(anonymous_9)
FNDA:1,(anonymous_10)
FNDA:0,(anonymous_11)
FNDA:0,(anonymous_12)
FNDA:0,(anonymous_13)
FNDA:0,(anonymous_14)
FNDA:0,(anonymous_15)
FNDA:0,(anonymous_16)
FNDA:0,(anonymous_17)
FNDA:0,(anonymous_18)
FNDA:0,(anonymous_19)
FNDA:0,(anonymous_20)
DA:39,1
DA:51,29
DA:90,1
DA:101,0
DA:113,0
DA:125,0
DA:137,0
DA:149,0
DA:160,0
DA:172,0
DA:183,0
DA:202,1
DA:203,1
DA:223,0
DA:234,0
DA:246,0
DA:258,0
DA:270,0
DA:282,0
DA:293,0
DA:305,0
DA:316,0
DA:335,0
DA:336,0
DA:349,1
LF:25
LH:6
BRDA:49,0,0,17
BRDA:61,1,0,10
BRDA:61,1,1,19
BRDA:63,2,0,29
BRDA:63,2,1,10
BRDA:63,2,2,3
BRDA:65,3,0,3
BRDA:65,3,1,1
BRDA:70,4,0,1
BRDA:70,4,1,2
BRDA:75,5,0,29
BRDA:75,5,1,0
BRDA:75,6,0,29
BRDA:75,6,1,0
BRDA:78,7,0,29
BRDA:78,7,1,0
BRDA:123,8,0,10
BRDA:123,8,1,19
BRDA:126,9,0,10
BRDA:126,9,1,19
BRDA:132,10,0,29
BRDA:132,10,1,10
BRDA:132,10,2,20
BRDA:194,11,0,4
BRDA:194,11,1,25
BRDA:194,12,0,2
BRDA:194,12,1,2
BRDA:194,13,0,8
BRDA:194,13,1,17
BRDA:256,14,0,0
BRDA:256,14,1,0
BRDA:259,15,0,0
BRDA:259,15,1,0
BRDA:265,16,0,0
BRDA:265,16,1,0
BRDA:265,16,2,0
BRDA:327,17,0,0
BRDA:327,17,1,0
BRDA:327,18,0,0
BRDA:327,18,1,0
BRDA:327,19,0,0
BRDA:327,19,1,0
BRF:42
BRH:26
end_of_record
TN:
SF:src\components\admin\BookingCard.tsx
FN:20,(anonymous_0)
FN:26,(anonymous_1)
FN:27,(anonymous_2)
FN:28,(anonymous_3)
FN:37,(anonymous_4)
FN:47,(anonymous_5)
FN:48,(anonymous_6)
FN:53,(anonymous_7)
FN:2,(anonymous_0)
FN:6,(anonymous_1)
FN:9,(anonymous_2)
FN:13,(anonymous_3)
FN:15,(anonymous_4)
FN:18,(anonymous_5)
FN:19,(anonymous_6)
FN:20,(anonymous_7)
FN:27,(anonymous_8)
FN:42,(anonymous_9)
FN:43,(anonymous_10)
FN:44,(anonymous_11)
FN:45,(anonymous_12)
FN:54,(anonymous_13)
FN:65,(anonymous_14)
FN:66,(anonymous_15)
FN:68,(anonymous_16)
FNF:25
FNH:0
FNDA:0,(anonymous_0)
FNDA:0,(anonymous_1)
FNDA:0,(anonymous_2)
FNDA:0,(anonymous_3)
FNDA:0,(anonymous_4)
FNDA:0,(anonymous_5)
FNDA:0,(anonymous_6)
FNDA:0,(anonymous_7)
FNDA:0,(anonymous_0)
FNDA:0,(anonymous_1)
FNDA:0,(anonymous_2)
FNDA:0,(anonymous_3)
FNDA:0,(anonymous_4)
FNDA:0,(anonymous_5)
FNDA:0,(anonymous_6)
FNDA:0,(anonymous_7)
FNDA:0,(anonymous_8)
FNDA:0,(anonymous_9)
FNDA:0,(anonymous_10)
FNDA:0,(anonymous_11)
FNDA:0,(anonymous_12)
FNDA:0,(anonymous_13)
FNDA:0,(anonymous_14)
FNDA:0,(anonymous_15)
FNDA:0,(anonymous_16)
DA:2,0
DA:3,0
DA:4,0
DA:5,0
DA:6,0
DA:8,0
DA:10,0
DA:11,0
DA:13,0
DA:14,0
DA:16,0
DA:18,0
DA:19,0
DA:20,0
DA:21,0
DA:22,0
DA:23,0
DA:25,0
DA:26,0
DA:27,0
DA:28,0
DA:29,0
DA:30,0
DA:31,0
DA:32,0
DA:35,0
DA:36,0
DA:37,0
DA:38,0
DA:39,0
DA:40,0
DA:41,0
DA:42,0
DA:43,0
DA:44,0
DA:45,0
DA:46,0
DA:47,0
DA:48,0
DA:50,0
DA:53,0
DA:54,0
DA:55,0
DA:56,0
DA:57,0
DA:65,0
DA:66,0
DA:67,0
DA:68,0
DA:103,0
DA:104,0
DA:129,0
LF:52
LH:0
BRDA:38,0,0,0
BRDA:38,0,1,0
BRDA:105,1,0,0
BRDA:105,1,1,0
BRDA:105,1,2,0
BRDA:115,2,0,0
BRDA:115,2,1,0
BRDA:2,3,0,0
BRDA:2,3,1,0
BRDA:2,3,2,0
BRDA:2,4,0,0
BRDA:2,4,1,0
BRDA:3,5,0,0
BRDA:3,5,1,0
BRDA:5,6,0,0
BRDA:5,6,1,0
BRDA:5,7,0,0
BRDA:5,7,1,0
BRDA:5,8,0,0
BRDA:5,8,1,0
BRDA:5,9,0,0
BRDA:5,9,1,0
BRDA:10,10,0,0
BRDA:10,10,1,0
BRDA:13,11,0,0
BRDA:13,11,1,0
BRDA:13,11,2,0
BRDA:13,12,0,0
BRDA:13,12,1,0
BRDA:18,13,0,0
BRDA:18,13,1,0
BRDA:18,13,2,0
BRDA:20,14,0,0
BRDA:20,14,1,0
BRDA:22,15,0,0
BRDA:22,15,1,0
BRDA:28,16,0,0
BRDA:28,16,1,0
BRDA:28,17,0,0
BRDA:28,17,1,0
BRDA:30,18,0,0
BRDA:30,18,1,0
BRDA:30,19,0,0
BRDA:30,19,1,0
BRDA:55,20,0,0
BRDA:55,20,1,0
BRDA:93,21,0,0
BRDA:93,21,1,0
BRDA:93,21,2,0
BRDA:98,22,0,0
BRDA:98,22,1,0
BRF:51
BRH:0
end_of_record
TN:
SF:src\components\admin\BookingDetailsModal.tsx
FN:23,(anonymous_0)
FN:2,(anonymous_0)
FN:13,(anonymous_1)
FNF:3
FNH:0
FNDA:0,(anonymous_0)
FNDA:0,(anonymous_0)
FNDA:0,(anonymous_1)
DA:2,0
DA:3,0
DA:5,0
DA:6,0
DA:7,0
DA:8,0
DA:9,0
DA:10,0
DA:11,0
DA:12,0
DA:13,0
DA:23,0
DA:29,0
DA:70,0
DA:144,0
DA:152,0
LF:16
LH:0
BRDA:47,0,0,0
BRDA:47,0,1,0
BRDA:91,1,0,0
BRDA:91,1,1,0
BRDA:91,1,2,0
BRDA:120,2,0,0
BRDA:120,2,1,0
BRDA:127,3,0,0
BRDA:127,3,1,0
BRDA:2,4,0,0
BRDA:2,4,1,0
BRDA:2,4,2,0
BRDA:3,5,0,0
BRDA:3,5,1,0
BRDA:3,6,0,0
BRDA:3,6,1,0
BRDA:19,7,0,0
BRDA:19,7,1,0
BRDA:44,8,0,0
BRDA:44,8,1,0
BRDA:44,8,2,0
BRDA:59,9,0,0
BRDA:59,9,1,0
BRDA:62,10,0,0
BRDA:62,10,1,0
BRF:25
BRH:0
end_of_record
TN:
SF:src\components\admin\DriverCard.tsx
FN:21,(anonymous_0)
FN:28,(anonymous_1)
FN:32,(anonymous_2)
FN:36,(anonymous_3)
FN:58,(anonymous_4)
FN:100,(anonymous_5)
FN:109,(anonymous_6)
FN:2,(anonymous_0)
FN:6,(anonymous_1)
FN:9,(anonymous_2)
FN:13,(anonymous_3)
FN:15,(anonymous_4)
FN:18,(anonymous_5)
FN:19,(anonymous_6)
FN:20,(anonymous_7)
FN:27,(anonymous_8)
FN:42,(anonymous_9)
FN:43,(anonymous_10)
FN:46,(anonymous_11)
FN:49,(anonymous_12)
FN:58,(anonymous_13)
FN:79,(anonymous_14)
FN:82,(anonymous_15)
FNF:23
FNH:0
FNDA:0,(anonymous_0)
FNDA:0,(anonymous_1)
FNDA:0,(anonymous_2)
FNDA:0,(anonymous_3)
FNDA:0,(anonymous_4)
FNDA:0,(anonymous_5)
FNDA:0,(anonymous_6)
FNDA:0,(anonymous_0)
FNDA:0,(anonymous_1)
FNDA:0,(anonymous_2)
FNDA:0,(anonymous_3)
FNDA:0,(anonymous_4)
FNDA:0,(anonymous_5)
FNDA:0,(anonymous_6)
FNDA:0,(anonymous_7)
FNDA:0,(anonymous_8)
FNDA:0,(anonymous_9)
FNDA:0,(anonymous_10)
FNDA:0,(anonymous_11)
FNDA:0,(anonymous_12)
FNDA:0,(anonymous_13)
FNDA:0,(anonymous_14)
FNDA:0,(anonymous_15)
DA:2,0
DA:3,0
DA:4,0
DA:5,0
DA:6,0
DA:8,0
DA:10,0
DA:11,0
DA:13,0
DA:14,0
DA:16,0
DA:18,0
DA:19,0
DA:20,0
DA:21,0
DA:22,0
DA:23,0
DA:25,0
DA:27,0
DA:28,0
DA:29,0
DA:30,0
DA:31,0
DA:32,0
DA:33,0
DA:35,0
DA:36,0
DA:37,0
DA:38,0
DA:39,0
DA:40,0
DA:41,0
DA:42,0
DA:43,0
DA:44,0
DA:46,0
DA:47,0
DA:49,0
DA:50,0
DA:52,0
DA:59,0
DA:60,0
DA:79,0
DA:82,0
DA:86,0
DA:87,0
DA:100,0
DA:109,0
DA:126,0
LF:49
LH:0
BRDA:29,0,0,0
BRDA:29,0,1,0
BRDA:33,1,0,0
BRDA:33,1,1,0
BRDA:37,2,0,0
BRDA:37,2,1,0
BRDA:72,3,0,0
BRDA:72,3,1,0
BRDA:96,4,0,0
BRDA:96,4,1,0
BRDA:96,4,2,0
BRDA:96,4,3,0
BRDA:2,5,0,0
BRDA:2,5,1,0
BRDA:2,5,2,0
BRDA:2,6,0,0
BRDA:2,6,1,0
BRDA:3,7,0,0
BRDA:3,7,1,0
BRDA:5,8,0,0
BRDA:5,8,1,0
BRDA:5,9,0,0
BRDA:5,9,1,0
BRDA:5,10,0,0
BRDA:5,10,1,0
BRDA:5,11,0,0
BRDA:5,11,1,0
BRDA:10,12,0,0
BRDA:10,12,1,0
BRDA:13,13,0,0
BRDA:13,13,1,0
BRDA:13,13,2,0
BRDA:13,14,0,0
BRDA:13,14,1,0
BRDA:18,15,0,0
BRDA:18,15,1,0
BRDA:18,15,2,0
BRDA:20,16,0,0
BRDA:20,16,1,0
BRDA:22,17,0,0
BRDA:22,17,1,0
BRDA:28,18,0,0
BRDA:28,18,1,0
BRDA:28,19,0,0
BRDA:28,19,1,0
BRDA:30,20,0,0
BRDA:30,20,1,0
BRDA:30,21,0,0
BRDA:30,21,1,0
BRDA:44,22,0,0
BRDA:44,22,1,0
BRDA:47,23,0,0
BRDA:47,23,1,0
BRDA:50,24,0,0
BRDA:50,24,1,0
BRDA:66,25,0,0
BRDA:66,25,1,0
BRDA:78,26,0,0
BRDA:78,26,1,0
BRDA:78,26,2,0
BRDA:78,26,3,0
BRF:61
BRH:0
end_of_record
TN:
SF:src\components\admin\DriverModal.tsx
FN:24,(anonymous_0)
FN:136,(anonymous_1)
FN:144,(anonymous_2)
FN:2,(anonymous_0)
FN:13,(anonymous_1)
FN:61,(anonymous_2)
FN:65,(anonymous_3)
FNF:7
FNH:0
FNDA:0,(anonymous_0)
FNDA:0,(anonymous_1)
FNDA:0,(anonymous_2)
FNDA:0,(anonymous_0)
FNDA:0,(anonymous_1)
FNDA:0,(anonymous_2)
FNDA:0,(anonymous_3)
DA:2,0
DA:3,0
DA:5,0
DA:6,0
DA:7,0
DA:8,0
DA:9,0
DA:10,0
DA:11,0
DA:12,0
DA:13,0
DA:24,0
DA:31,0
DA:62,0
DA:63,0
DA:66,0
DA:67,0
DA:69,0
DA:136,0
DA:137,0
DA:138,0
DA:145,0
DA:146,0
DA:159,0
LF:24
LH:0
BRDA:51,0,0,0
BRDA:51,0,1,0
BRDA:68,1,0,0
BRDA:68,1,1,0
BRDA:70,2,0,0
BRDA:70,2,1,0
BRDA:79,3,0,0
BRDA:79,3,1,0
BRDA:85,4,0,0
BRDA:85,4,1,0
BRDA:103,5,0,0
BRDA:103,5,1,0
BRDA:109,6,0,0
BRDA:109,6,1,0
BRDA:121,7,0,0
BRDA:121,7,1,0
BRDA:127,8,0,0
BRDA:127,8,1,0
BRDA:132,9,0,0
BRDA:132,9,1,0
BRDA:132,9,2,0
BRDA:132,9,3,0
BRDA:2,10,0,0
BRDA:2,10,1,0
BRDA:2,10,2,0
BRDA:3,11,0,0
BRDA:3,11,1,0
BRDA:3,12,0,0
BRDA:3,12,1,0
BRDA:19,13,0,0
BRDA:19,13,1,0
BRDA:31,14,0,0
BRDA:31,14,1,0
BRDA:32,15,0,0
BRDA:32,15,1,0
BRDA:37,16,0,0
BRDA:37,16,1,0
BRDA:40,17,0,0
BRDA:40,17,1,0
BRDA:48,18,0,0
BRDA:48,18,1,0
BRDA:51,19,0,0
BRDA:51,19,1,0
BRDA:56,20,0,0
BRDA:56,20,1,0
BRDA:59,21,0,0
BRDA:59,21,1,0
BRDA:60,22,0,0
BRDA:60,22,1,0
BRDA:60,22,2,0
BRDA:60,22,3,0
BRF:51
BRH:0
end_of_record
TN:
SF:src\components\admin\EditProfileForm.tsx
FN:45,(anonymous_0)
FN:65,(anonymous_1)
FN:69,(anonymous_2)
FN:97,(anonymous_3)
FN:105,(anonymous_4)
FN:131,(anonymous_5)
FN:139,(anonymous_6)
FN:165,(anonymous_7)
FN:173,(anonymous_8)
FN:199,(anonymous_9)
FN:207,(anonymous_10)
FN:226,(anonymous_11)
FN:233,(anonymous_12)
FN:266,(anonymous_13)
FNF:14
FNH:11
FNDA:31,(anonymous_0)
FNDA:124,(anonymous_1)
FNDA:124,(anonymous_2)
FNDA:1,(anonymous_3)
FNDA:1,(anonymous_4)
FNDA:0,(anonymous_5)
FNDA:1,(anonymous_6)
FNDA:1,(anonymous_7)
FNDA:1,(anonymous_8)
FNDA:0,(anonymous_9)
FNDA:1,(anonymous_10)
FNDA:1,(anonymous_11)
FNDA:1,(anonymous_12)
FNDA:0,(anonymous_13)
DA:45,1
DA:58,31
DA:59,31
DA:60,31
DA:61,31
DA:62,31
DA:63,31
DA:65,31
DA:66,124
DA:69,31
DA:70,124
DA:71,124
DA:72,122
DA:73,121
DA:76,31
DA:97,1
DA:105,1
DA:131,0
DA:139,1
DA:165,1
DA:173,1
DA:199,0
DA:207,1
DA:226,1
DA:233,1
DA:266,0
DA:317,1
LF:27
LH:24
BRDA:71,0,0,2
BRDA:71,0,1,122
BRDA:72,1,0,1
BRDA:72,1,1,121
BRDA:95,2,0,31
BRDA:95,2,1,2
BRDA:107,3,0,31
BRDA:107,3,1,2
BRDA:129,4,0,31
BRDA:129,4,1,1
BRDA:141,5,0,31
BRDA:141,5,1,1
BRDA:163,6,0,31
BRDA:163,6,1,1
BRDA:175,7,0,31
BRDA:175,7,1,1
BRDA:197,8,0,31
BRDA:197,8,1,1
BRDA:209,9,0,31
BRDA:209,9,1,1
BRDA:220,10,0,31
BRDA:220,10,1,1
BRDA:238,11,0,1
BRDA:238,11,1,30
BRDA:243,12,0,1
BRDA:243,12,1,30
BRDA:249,13,0,31
BRDA:249,13,1,1
BRDA:260,14,0,31
BRDA:260,14,1,1
BRDA:278,15,0,0
BRDA:278,15,1,31
BRDA:283,16,0,0
BRDA:283,16,1,31
BRDA:289,17,0,31
BRDA:289,17,1,1
BRDA:305,18,0,2
BRDA:305,18,1,29
BRDA:309,19,0,31
BRDA:309,19,1,29
BRF:40
BRH:38
end_of_record
TN:
SF:src\components\admin\ProfileHeader.tsx
FN:22,(anonymous_0)
FN:28,(anonymous_1)
FN:31,(anonymous_2)
FN:2,(anonymous_0)
FN:13,(anonymous_1)
FN:14,(anonymous_2)
FN:17,(anonymous_3)
FNF:7
FNH:0
FNDA:0,(anonymous_0)
FNDA:0,(anonymous_1)
FNDA:0,(anonymous_2)
FNDA:0,(anonymous_0)
FNDA:0,(anonymous_1)
FNDA:0,(anonymous_2)
FNDA:0,(anonymous_3)
DA:2,0
DA:3,0
DA:5,0
DA:6,0
DA:7,0
DA:8,0
DA:9,0
DA:10,0
DA:11,0
DA:12,0
DA:13,0
DA:14,0
DA:15,0
DA:17,0
DA:22,0
DA:28,0
DA:29,0
DA:31,0
DA:37,0
DA:85,0
DA:106,0
LF:21
LH:0
BRDA:41,0,0,0
BRDA:41,0,1,0
BRDA:41,1,0,0
BRDA:41,1,1,0
BRDA:43,2,0,0
BRDA:43,2,1,0
BRDA:58,3,0,0
BRDA:58,3,1,0
BRDA:58,3,2,0
BRDA:62,4,0,0
BRDA:62,4,1,0
BRDA:62,4,2,0
BRDA:74,5,0,0
BRDA:74,5,1,0
BRDA:76,6,0,0
BRDA:76,6,1,0
BRDA:2,7,0,0
BRDA:2,7,1,0
BRDA:2,7,2,0
BRDA:3,8,0,0
BRDA:3,8,1,0
BRDA:3,9,0,0
BRDA:3,9,1,0
BRDA:25,10,0,0
BRDA:25,10,1,0
BRDA:25,11,0,0
BRDA:25,11,1,0
BRDA:26,12,0,0
BRDA:26,12,1,0
BRDA:29,13,0,0
BRDA:29,13,1,0
BRDA:29,13,2,0
BRDA:30,14,0,0
BRDA:30,14,1,0
BRDA:30,14,2,0
BRDA:33,15,0,0
BRDA:33,15,1,0
BRDA:35,16,0,0
BRDA:35,16,1,0
BRF:39
BRH:0
end_of_record
TN:
SF:src\components\admin\StatusUpdateModal.tsx
FN:23,(anonymous_0)
FN:50,(anonymous_1)
FN:54,(anonymous_2)
FNF:3
FNH:3
FNDA:12,(anonymous_0)
FNDA:60,(anonymous_1)
FNDA:8,(anonymous_2)
DA:23,1
DA:31,12
DA:51,60
DA:54,8
DA:69,1
LF:5
LH:5
BRDA:54,0,0,8
BRDA:54,0,1,7
BRF:2
BRH:2
end_of_record
TN:
SF:src\components\common\AdminIcon.tsx
FN:10,(anonymous_0)
FNF:1
FNH:0
FNDA:0,(anonymous_0)
DA:10,10
DA:11,0
DA:29,10
LF:3
LH:2
BRDA:10,0,0,0
BRDA:10,1,0,0
BRF:2
BRH:0
end_of_record
TN:
SF:src\components\common\AdminMenuDrawer.tsx
FN:15,(anonymous_0)
FN:27,(anonymous_1)
FN:36,(anonymous_2)
FN:45,(anonymous_3)
FN:54,(anonymous_4)
FN:63,(anonymous_5)
FNF:6
FNH:0
FNDA:0,(anonymous_0)
FNDA:0,(anonymous_1)
FNDA:0,(anonymous_2)
FNDA:0,(anonymous_3)
FNDA:0,(anonymous_4)
FNDA:0,(anonymous_5)
DA:15,10
DA:22,0
DA:28,0
DA:29,0
DA:37,0
DA:38,0
DA:46,0
DA:47,0
DA:55,0
DA:56,0
DA:64,0
DA:65,0
DA:70,0
LF:13
LH:1
BRF:0
BRH:0
end_of_record
TN:
SF:src\components\common\Button.tsx
FN:21,(anonymous_0)
FN:54,(anonymous_1)
FN:55,(anonymous_2)
FNF:3
FNH:1
FNDA:120,(anonymous_0)
FNDA:0,(anonymous_1)
FNDA:0,(anonymous_2)
DA:21,10
DA:30,120
DA:32,120
DA:41,120
DA:48,120
DA:54,0
DA:55,0
DA:69,10
LF:8
LH:6
BRDA:24,0,0,29
BRDA:25,1,0,120
BRDA:26,2,0,29
BRDA:27,3,0,89
BRDA:36,4,0,120
BRDA:36,4,1,35
BRDA:37,5,0,120
BRDA:37,5,1,0
BRDA:45,6,0,120
BRDA:45,6,1,35
BRDA:52,7,0,120
BRDA:52,7,1,85
BRDA:57,8,0,2
BRDA:57,8,1,118
BRDA:59,9,0,2
BRDA:59,9,1,0
BRDA:59,10,0,2
BRDA:59,10,1,0
BRF:18
BRH:15
end_of_record
TN:
SF:src\components\common\Card.tsx
FN:17,(anonymous_0)
FNF:1
FNH:1
FNDA:198,(anonymous_0)
DA:17,10
DA:23,198
DA:30,198
DA:31,68
DA:38,130
DA:41,10
LF:6
LH:6
BRDA:21,0,0,198
BRDA:26,1,0,198
BRDA:26,1,1,68
BRDA:30,2,0,68
BRDA:30,2,1,130
BRF:5
BRH:5
end_of_record
TN:
SF:src\components\common\CustomerIcon.tsx
FN:10,(anonymous_0)
FNF:1
FNH:0
FNDA:0,(anonymous_0)
DA:10,10
DA:11,0
DA:29,10
LF:3
LH:2
BRDA:10,0,0,0
BRDA:10,1,0,0
BRF:2
BRH:0
end_of_record
TN:
SF:src\components\common\CustomerMenuDrawer.tsx
FN:15,(anonymous_0)
FN:27,(anonymous_1)
FN:36,(anonymous_2)
FN:45,(anonymous_3)
FN:54,(anonymous_4)
FNF:5
FNH:0
FNDA:0,(anonymous_0)
FNDA:0,(anonymous_1)
FNDA:0,(anonymous_2)
FNDA:0,(anonymous_3)
FNDA:0,(anonymous_4)
DA:15,10
DA:22,0
DA:28,0
DA:29,0
DA:37,0
DA:38,0
DA:46,0
DA:47,0
DA:55,0
DA:56,0
DA:61,0
LF:11
LH:1
BRF:0
BRH:0
end_of_record
TN:
SF:src\components\common\DriverIcon.tsx
FN:10,(anonymous_0)
FNF:1
FNH:0
FNDA:0,(anonymous_0)
DA:10,10
DA:11,0
DA:31,10
LF:3
LH:2
BRDA:10,0,0,0
BRDA:10,1,0,0
BRF:2
BRH:0
end_of_record
TN:
SF:src\components\common\ErrorBoundary.tsx
FN:38,(anonymous_0)
FN:47,(anonymous_1)
FN:54,(anonymous_2)
FN:77,(anonymous_3)
FN:84,(anonymous_4)
FN:98,(anonymous_5)
FN:104,(anonymous_6)
FN:109,(anonymous_7)
FN:118,(anonymous_8)
FNF:9
FNH:0
FNDA:0,(anonymous_0)
FNDA:0,(anonymous_1)
FNDA:0,(anonymous_2)
FNDA:0,(anonymous_3)
FNDA:0,(anonymous_4)
FNDA:0,(anonymous_5)
FNDA:0,(anonymous_6)
FNDA:0,(anonymous_7)
FNDA:0,(anonymous_8)
DA:36,0
DA:39,0
DA:40,0
DA:48,0
DA:56,0
DA:62,0
DA:72,0
DA:73,0
DA:78,0
DA:79,0
DA:82,0
DA:83,0
DA:84,0
DA:87,0
DA:88,0
DA:93,0
DA:94,0
DA:99,0
DA:100,0
DA:104,0
DA:105,0
DA:106,0
DA:109,0
DA:110,0
DA:119,0
DA:121,0
DA:122,0
DA:126,0
DA:173,0
DA:177,10
LF:30
LH:1
BRDA:72,0,0,0
BRDA:72,0,1,0
BRDA:82,1,0,0
BRDA:82,1,1,0
BRDA:82,2,0,0
BRDA:82,2,1,0
BRDA:82,2,2,0
BRDA:87,3,0,0
BRDA:87,3,1,0
BRDA:93,4,0,0
BRDA:93,4,1,0
BRDA:93,5,0,0
BRDA:93,5,1,0
BRDA:93,5,2,0
BRDA:99,6,0,0
BRDA:99,6,1,0
BRDA:105,7,0,0
BRDA:105,7,1,0
BRDA:119,8,0,0
BRDA:119,8,1,0
BRDA:121,9,0,0
BRDA:121,9,1,0
BRDA:141,10,0,0
BRDA:141,10,1,0
BRDA:141,10,2,0
BRDA:149,11,0,0
BRDA:149,11,1,0
BRF:27
BRH:0
end_of_record
TN:
SF:src\components\common\Input.tsx
FN:17,(anonymous_0)
FNF:1
FNH:1
FNDA:252,(anonymous_0)
DA:17,10
DA:24,252
DA:37,10
LF:3
LH:3
BRDA:26,0,0,252
BRDA:26,0,1,252
BRDA:28,1,0,252
BRDA:28,1,1,4
BRDA:32,2,0,252
BRDA:32,2,1,4
BRF:6
BRH:6
end_of_record
TN:
SF:src\components\common\LoadingSpinner.tsx
FN:16,(anonymous_0)
FNF:1
FNH:0
FNDA:0,(anonymous_0)
DA:16,8
DA:21,0
DA:29,8
LF:3
LH:2
BRDA:17,0,0,0
BRDA:18,1,0,0
BRDA:24,2,0,0
BRDA:24,2,1,0
BRF:4
BRH:0
end_of_record
TN:
SF:src\components\common\MenuDrawer.tsx
FN:24,(anonymous_0)
FN:52,(anonymous_1)
FN:88,(anonymous_2)
FN:97,(anonymous_3)
FNF:4
FNH:0
FNDA:0,(anonymous_0)
FNDA:0,(anonymous_1)
FNDA:0,(anonymous_2)
FNDA:0,(anonymous_3)
DA:24,10
DA:32,0
DA:53,0
DA:54,0
DA:89,0
DA:98,0
DA:99,0
DA:129,10
LF:8
LH:2
BRDA:57,0,0,0
BRDA:57,0,1,0
BRDA:62,1,0,0
BRDA:62,1,1,0
BRDA:64,2,0,0
BRDA:64,2,1,0
BRDA:70,3,0,0
BRDA:70,3,1,0
BRDA:75,4,0,0
BRDA:75,4,1,0
BRF:10
BRH:0
end_of_record
TN:
SF:src\components\common\SuccessNotification.tsx
FN:18,(anonymous_0)
FNF:1
FNH:0
FNDA:0,(anonymous_0)
DA:18,10
DA:28,0
DA:85,10
LF:3
LH:2
BRDA:22,0,0,0
BRDA:49,1,0,0
BRDA:49,1,1,0
BRDA:49,1,2,0
BRDA:51,2,0,0
BRDA:51,2,1,0
BRDA:55,3,0,0
BRDA:55,3,1,0
BRDA:64,4,0,0
BRDA:64,4,1,0
BRDA:64,4,2,0
BRF:11
BRH:0
end_of_record
TN:
SF:src\components\common\Typography.tsx
FN:10,(anonymous_0)
FNF:1
FNH:1
FNDA:1355,(anonymous_0)
DA:10,10
DA:16,1355
DA:23,10
LF:3
LH:3
BRDA:11,0,0,0
BRF:1
BRH:0
end_of_record
TN:
SF:src\components\common\index.ts
FNF:0
FNH:0
LF:0
LH:0
BRF:0
BRH:0
end_of_record
TN:
SF:src\components\customer\AgencySelectionModal.tsx
FN:24,(anonymous_0)
FN:50,(anonymous_1)
FN:57,(anonymous_2)
FNF:3
FNH:3
FNDA:16,(anonymous_0)
FNDA:31,(anonymous_1)
FNDA:1,(anonymous_2)
DA:24,1
DA:32,16
DA:51,31
DA:57,1
DA:82,1
LF:5
LH:5
BRDA:44,0,0,2
BRDA:44,0,1,14
BRDA:49,1,0,11
BRDA:49,1,1,3
BRDA:55,2,0,31
BRDA:55,2,1,3
BRDA:63,3,0,3
BRDA:63,3,1,28
BRDA:65,4,0,3
BRDA:65,4,1,28
BRF:10
BRH:10
end_of_record
TN:
SF:src\components\customer\DateTimeInput.tsx
FN:22,(anonymous_0)
FN:68,(anonymous_1)
FN:80,(anonymous_2)
FNF:3
FNH:3
FNDA:19,(anonymous_0)
FNDA:1,(anonymous_1)
FNDA:1,(anonymous_2)
DA:22,1
DA:31,19
DA:68,1
DA:80,1
DA:96,1
LF:5
LH:5
BRDA:36,0,0,19
BRDA:36,0,1,2
BRDA:46,1,0,19
BRDA:46,1,1,2
BRDA:66,2,0,19
BRDA:66,2,1,17
BRDA:72,3,0,19
BRDA:72,3,1,17
BRDA:78,4,0,19
BRDA:78,4,1,2
BRDA:84,5,0,19
BRDA:84,5,1,2
BRF:12
BRH:12
end_of_record
TN:
SF:src\components\customer\DeliverySummary.tsx
FN:24,(anonymous_0)
FN:35,(anonymous_1)
FNF:2
FNH:2
FNDA:19,(anonymous_0)
FNDA:4,(anonymous_1)
DA:24,1
DA:35,19
DA:36,4
DA:37,2
DA:40,19
DA:116,1
LF:6
LH:6
BRDA:36,0,0,2
BRDA:36,0,1,2
BRDA:36,1,0,4
BRDA:36,1,1,3
BRDA:37,2,0,2
BRDA:37,2,1,1
BRDA:44,3,0,1
BRDA:44,3,1,18
BRDA:54,4,0,1
BRDA:54,4,1,18
BRDA:54,5,0,19
BRDA:54,5,1,3
BRDA:54,5,2,2
BRDA:64,6,0,1
BRDA:64,6,1,18
BRDA:79,7,0,2
BRDA:79,7,1,17
BRDA:92,8,0,4
BRDA:92,8,1,15
BRDA:92,9,0,19
BRDA:92,9,1,16
BRDA:102,10,0,1
BRDA:102,10,1,18
BRF:23
BRH:23
end_of_record
TN:
SF:src\components\customer\PriceBreakdown.tsx
FN:19,(anonymous_0)
FNF:1
FNH:1
FNDA:13,(anonymous_0)
DA:19,1
DA:26,13
DA:61,1
LF:3
LH:3
BRDA:30,0,0,13
BRDA:30,0,1,1
BRDA:36,1,0,13
BRDA:36,1,1,1
BRDA:42,2,0,13
BRDA:42,2,1,1
BRF:6
BRH:6
end_of_record
TN:
SF:src\components\customer\SavedAddressModal.tsx
FN:27,(anonymous_0)
FN:42,(anonymous_1)
FN:52,(anonymous_2)
FN:56,(anonymous_3)
FN:88,(anonymous_4)
FNF:5
FNH:4
FNDA:17,(anonymous_0)
FNDA:0,(anonymous_1)
FNDA:21,(anonymous_2)
FNDA:1,(anonymous_3)
FNDA:1,(anonymous_4)
DA:27,1
DA:34,17
DA:43,0
DA:44,0
DA:53,21
DA:56,1
DA:89,1
DA:90,1
DA:103,1
LF:9
LH:7
BRDA:51,0,0,13
BRDA:51,0,1,4
BRDA:51,1,0,17
BRDA:51,1,1,17
BRDA:61,2,0,21
BRDA:61,2,1,10
BRDA:67,3,0,21
BRDA:67,3,1,1
BRDA:67,3,2,1
BRDA:67,3,3,20
BRDA:72,4,0,21
BRDA:72,4,1,9
BRF:12
BRH:12
end_of_record
TN:
SF:src\components\customer\TankerSelectionModal.tsx
FN:36,(anonymous_0)
FN:45,(anonymous_1)
FN:72,(anonymous_2)
FN:79,(anonymous_3)
FNF:4
FNH:4
FNDA:17,(anonymous_0)
FNDA:2,(anonymous_1)
FNDA:19,(anonymous_2)
FNDA:2,(anonymous_3)
DA:36,1
DA:45,17
DA:46,2
DA:54,17
DA:73,19
DA:79,2
DA:111,1
LF:7
LH:7
BRDA:66,0,0,2
BRDA:66,0,1,15
BRDA:71,1,0,10
BRDA:71,1,1,5
BRDA:77,2,0,19
BRDA:77,2,1,2
BRDA:90,3,0,2
BRDA:90,3,1,17
BRDA:92,4,0,2
BRDA:92,4,1,17
BRDA:101,5,0,3
BRDA:101,5,1,2
BRF:12
BRH:12
end_of_record
TN:
SF:src\components\driver\OrdersFilter.tsx
FN:18,(anonymous_0)
FN:31,(anonymous_1)
FN:59,(anonymous_2)
FN:63,(anonymous_3)
FN:65,(anonymous_4)
FNF:5
FNH:4
FNDA:12,(anonymous_0)
FNDA:12,(anonymous_1)
FNDA:36,(anonymous_2)
FNDA:6,(anonymous_3)
FNDA:0,(anonymous_4)
DA:18,1
DA:19,12
DA:26,12
DA:27,12
DA:28,12
DA:31,12
DA:32,12
DA:33,0
DA:34,0
DA:35,0
DA:36,0
DA:38,0
DA:40,0
DA:42,0
DA:43,0
DA:46,0
DA:56,12
DA:60,36
DA:63,6
DA:66,0
DA:67,0
DA:68,0
DA:101,1
LF:23
LH:11
BRDA:32,0,0,0
BRDA:32,0,1,12
BRDA:34,1,0,0
BRDA:34,1,1,0
BRDA:35,2,0,0
BRDA:35,2,1,0
BRDA:36,3,0,0
BRDA:36,3,1,0
BRDA:40,4,0,0
BRDA:40,4,1,0
BRDA:66,5,0,0
BRDA:66,5,1,0
BRDA:66,6,0,0
BRDA:66,6,1,0
BRDA:76,7,0,36
BRDA:76,7,1,12
BRDA:83,8,0,12
BRDA:83,8,1,0
BRF:18
BRH:4
end_of_record
TN:
SF:src\components\driver\OrdersHeader.tsx
FN:12,(anonymous_0)
FN:2,(anonymous_0)
FN:11,(anonymous_1)
FNF:3
FNH:0
FNDA:0,(anonymous_0)
FNDA:0,(anonymous_0)
FNDA:0,(anonymous_1)
DA:2,0
DA:3,0
DA:5,0
DA:6,0
DA:7,0
DA:8,0
DA:9,0
DA:10,0
DA:11,0
DA:12,0
DA:13,0
DA:22,0
DA:34,0
DA:60,0
LF:14
LH:0
BRDA:17,0,0,0
BRDA:17,0,1,0
BRDA:2,1,0,0
BRDA:2,1,1,0
BRDA:2,1,2,0
BRDA:3,2,0,0
BRDA:3,2,1,0
BRDA:3,3,0,0
BRDA:3,3,1,0
BRDA:16,4,0,0
BRDA:16,4,1,0
BRF:11
BRH:0
end_of_record
TN:
SF:src\components\driver\OrdersList.tsx
FN:23,(anonymous_0)
FN:35,(anonymous_1)
FN:46,(anonymous_2)
FN:57,(anonymous_3)
FN:66,(anonymous_4)
FN:107,(anonymous_5)
FN:136,(anonymous_6)
FN:146,(anonymous_7)
FN:156,(anonymous_8)
FN:166,(anonymous_9)
FN:168,(anonymous_10)
FN:200,(anonymous_11)
FN:220,(anonymous_12)
FN:2,(anonymous_0)
FN:6,(anonymous_1)
FN:9,(anonymous_2)
FN:13,(anonymous_3)
FN:15,(anonymous_4)
FN:18,(anonymous_5)
FN:19,(anonymous_6)
FN:20,(anonymous_7)
FN:27,(anonymous_8)
FN:42,(anonymous_9)
FN:43,(anonymous_10)
FN:53,(anonymous_11)
FN:63,(anonymous_12)
FN:71,(anonymous_13)
FN:93,(anonymous_14)
FN:107,(anonymous_15)
FN:108,(anonymous_16)
FN:109,(anonymous_17)
FN:111,(anonymous_18)
FN:112,(anonymous_19)
FN:120,(anonymous_20)
FN:130,(anonymous_21)
FNF:35
FNH:0
FNDA:0,(anonymous_0)
FNDA:0,(anonymous_1)
FNDA:0,(anonymous_2)
FNDA:0,(anonymous_3)
FNDA:0,(anonymous_4)
FNDA:0,(anonymous_5)
FNDA:0,(anonymous_6)
FNDA:0,(anonymous_7)
FNDA:0,(anonymous_8)
FNDA:0,(anonymous_9)
FNDA:0,(anonymous_10)
FNDA:0,(anonymous_11)
FNDA:0,(anonymous_12)
FNDA:0,(anonymous_0)
FNDA:0,(anonymous_1)
FNDA:0,(anonymous_2)
FNDA:0,(anonymous_3)
FNDA:0,(anonymous_4)
FNDA:0,(anonymous_5)
FNDA:0,(anonymous_6)
FNDA:0,(anonymous_7)
FNDA:0,(anonymous_8)
FNDA:0,(anonymous_9)
FNDA:0,(anonymous_10)
FNDA:0,(anonymous_11)
FNDA:0,(anonymous_12)
FNDA:0,(anonymous_13)
FNDA:0,(anonymous_14)
FNDA:0,(anonymous_15)
FNDA:0,(anonymous_16)
FNDA:0,(anonymous_17)
FNDA:0,(anonymous_18)
FNDA:0,(anonymous_19)
FNDA:0,(anonymous_20)
FNDA:0,(anonymous_21)
DA:2,0
DA:3,0
DA:4,0
DA:5,0
DA:6,0
DA:8,0
DA:10,0
DA:11,0
DA:13,0
DA:14,0
DA:16,0
DA:18,0
DA:19,0
DA:20,0
DA:21,0
DA:22,0
DA:23,0
DA:25,0
DA:27,0
DA:28,0
DA:29,0
DA:30,0
DA:31,0
DA:32,0
DA:35,0
DA:36,0
DA:37,0
DA:38,0
DA:39,0
DA:40,0
DA:41,0
DA:42,0
DA:43,0
DA:44,0
DA:45,0
DA:46,0
DA:47,0
DA:48,0
DA:49,0
DA:50,0
DA:51,0
DA:52,0
DA:53,0
DA:54,0
DA:55,0
DA:56,0
DA:57,0
DA:58,0
DA:59,0
DA:60,0
DA:63,0
DA:64,0
DA:66,0
DA:67,0
DA:68,0
DA:69,0
DA:70,0
DA:71,0
DA:72,0
DA:73,0
DA:74,0
DA:75,0
DA:76,0
DA:77,0
DA:107,0
DA:108,0
DA:109,0
DA:111,0
DA:112,0
DA:120,0
DA:130,0
DA:131,0
DA:132,0
DA:133,0
DA:135,0
DA:136,0
DA:137,0
DA:146,0
DA:156,0
DA:166,0
DA:168,0
DA:169,0
DA:200,0
DA:201,0
DA:220,0
DA:221,0
DA:222,0
DA:225,0
DA:245,0
DA:291,0
LF:90
LH:0
BRDA:36,0,0,0
BRDA:36,0,1,0
BRDA:36,0,2,0
BRDA:36,0,3,0
BRDA:36,0,4,0
BRDA:36,0,5,0
BRDA:47,1,0,0
BRDA:47,1,1,0
BRDA:47,1,2,0
BRDA:47,1,3,0
BRDA:47,1,4,0
BRDA:47,1,5,0
BRDA:70,2,0,0
BRDA:70,2,1,0
BRDA:70,3,0,0
BRDA:70,3,1,0
BRDA:71,4,0,0
BRDA:71,4,1,0
BRDA:120,5,0,0
BRDA:120,5,1,0
BRDA:123,6,0,0
BRDA:123,6,1,0
BRDA:123,6,2,0
BRDA:133,7,0,0
BRDA:133,7,1,0
BRDA:143,8,0,0
BRDA:143,8,1,0
BRDA:143,8,2,0
BRDA:153,9,0,0
BRDA:153,9,1,0
BRDA:153,9,2,0
BRDA:176,10,0,0
BRDA:176,10,1,0
BRDA:203,11,0,0
BRDA:203,11,1,0
BRDA:208,12,0,0
BRDA:208,12,1,0
BRDA:209,13,0,0
BRDA:209,13,1,0
BRDA:210,14,0,0
BRDA:210,14,1,0
BRDA:213,15,0,0
BRDA:213,15,1,0
BRDA:214,16,0,0
BRDA:214,16,1,0
BRDA:215,17,0,0
BRDA:215,17,1,0
BRDA:221,18,0,0
BRDA:221,18,1,0
BRDA:2,19,0,0
BRDA:2,19,1,0
BRDA:2,19,2,0
BRDA:2,20,0,0
BRDA:2,20,1,0
BRDA:3,21,0,0
BRDA:3,21,1,0
BRDA:5,22,0,0
BRDA:5,22,1,0
BRDA:5,23,0,0
BRDA:5,23,1,0
BRDA:5,24,0,0
BRDA:5,24,1,0
BRDA:5,25,0,0
BRDA:5,25,1,0
BRDA:10,26,0,0
BRDA:10,26,1,0
BRDA:13,27,0,0
BRDA:13,27,1,0
BRDA:13,27,2,0
BRDA:13,28,0,0
BRDA:13,28,1,0
BRDA:18,29,0,0
BRDA:18,29,1,0
BRDA:18,29,2,0
BRDA:20,30,0,0
BRDA:20,30,1,0
BRDA:22,31,0,0
BRDA:22,31,1,0
BRDA:28,32,0,0
BRDA:28,32,1,0
BRDA:28,33,0,0
BRDA:28,33,1,0
BRDA:30,34,0,0
BRDA:30,34,1,0
BRDA:30,35,0,0
BRDA:30,35,1,0
BRDA:44,36,0,0
BRDA:44,36,1,0
BRDA:44,36,2,0
BRDA:44,36,3,0
BRDA:44,36,4,0
BRDA:44,36,5,0
BRDA:54,37,0,0
BRDA:54,37,1,0
BRDA:54,37,2,0
BRDA:54,37,3,0
BRDA:54,37,4,0
BRDA:54,37,5,0
BRDA:75,38,0,0
BRDA:75,38,1,0
BRDA:75,39,0,0
BRDA:75,39,1,0
BRDA:76,40,0,0
BRDA:76,40,1,0
BRDA:101,41,0,0
BRDA:101,41,1,0
BRDA:102,42,0,0
BRDA:102,42,1,0
BRDA:102,42,2,0
BRDA:107,43,0,0
BRDA:107,43,1,0
BRDA:108,44,0,0
BRDA:108,44,1,0
BRDA:108,44,2,0
BRDA:109,45,0,0
BRDA:109,45,1,0
BRDA:109,45,2,0
BRDA:114,46,0,0
BRDA:114,46,1,0
BRDA:121,47,0,0
BRDA:121,47,1,0
BRDA:123,48,0,0
BRDA:123,48,1,0
BRDA:124,49,0,0
BRDA:124,49,1,0
BRDA:125,50,0,0
BRDA:125,50,1,0
BRDA:127,51,0,0
BRDA:127,51,1,0
BRDA:128,52,0,0
BRDA:128,52,1,0
BRDA:129,53,0,0
BRDA:129,53,1,0
BRDA:131,54,0,0
BRDA:131,54,1,0
BRF:135
BRH:0
end_of_record
TN:
SF:src\constants\config.ts
FNF:0
FNH:0
DA:3,4
DA:4,5
DA:5,1
DA:10,4
DA:11,1
DA:17,5
DA:28,1
DA:29,4
DA:41,1
DA:43,4
DA:48,1
DA:51,4
DA:57,1
DA:61,4
DA:110,1
DA:115,4
DA:136,1
DA:142,4
DA:145,1
DA:152,4
DA:184,1
DA:192,4
DA:207,1
DA:216,4
DA:234,1
DA:244,4
DA:245,5
DA:254,1
DA:256,4
DA:266,4
LF:30
LH:30
BRF:0
BRH:0
end_of_record
TN:
SF:src\lib\dataAccess.interface.ts
FNF:0
FNH:0
DA:11,0
LF:1
LH:0
BRF:0
BRH:0
end_of_record
TN:
SF:src\lib\index.ts
FN:11,(anonymous_0)
FN:12,(anonymous_1)
FN:14,(anonymous_2)
FN:15,(anonymous_3)
FN:16,(anonymous_4)
FNF:5
FNH:0
FNDA:0,(anonymous_0)
FNDA:0,(anonymous_1)
FNDA:0,(anonymous_2)
FNDA:0,(anonymous_3)
FNDA:0,(anonymous_4)
DA:8,0
DA:9,0
DA:10,0
DA:11,0
DA:12,0
DA:13,0
DA:14,0
DA:15,0
DA:16,0
LF:9
LH:0
BRF:0
BRH:0
end_of_record
TN:
SF:src\lib\localStorageDataAccess.ts
FN:26,(anonymous_0)
FN:34,(anonymous_1)
FN:42,(anonymous_2)
FN:50,(anonymous_3)
FN:58,(anonymous_4)
FN:66,(anonymous_5)
FN:74,(anonymous_6)
FN:85,(anonymous_7)
FN:89,(anonymous_8)
FN:92,(anonymous_9)
FN:96,(anonymous_10)
FN:104,(anonymous_11)
FN:112,(anonymous_12)
FN:120,(anonymous_13)
FN:128,(anonymous_14)
FN:136,(anonymous_15)
FN:144,(anonymous_16)
FN:152,(anonymous_17)
FN:160,(anonymous_18)
FN:164,(anonymous_19)
FN:172,(anonymous_20)
FN:180,(anonymous_21)
FN:191,(anonymous_22)
FN:199,(anonymous_23)
FN:207,(anonymous_24)
FN:215,(anonymous_25)
FN:218,(anonymous_26)
FN:224,(anonymous_27)
FN:228,(anonymous_28)
FN:231,(anonymous_29)
FN:235,(anonymous_30)
FN:247,(anonymous_31)
FN:253,(anonymous_32)
FN:257,(anonymous_33)
FN:17,(anonymous_0)
FN:25,(anonymous_1)
FN:33,(anonymous_2)
FN:41,(anonymous_3)
FN:49,(anonymous_4)
FN:57,(anonymous_5)
FN:65,(anonymous_6)
FN:76,(anonymous_7)
FN:80,(anonymous_8)
FN:82,(anonymous_9)
FN:86,(anonymous_10)
FN:93,(anonymous_11)
FN:101,(anonymous_12)
FN:109,(anonymous_13)
FN:117,(anonymous_14)
FN:125,(anonymous_15)
FN:133,(anonymous_16)
FN:141,(anonymous_17)
FN:149,(anonymous_18)
FN:153,(anonymous_19)
FN:160,(anonymous_20)
FN:168,(anonymous_21)
FN:179,(anonymous_22)
FN:187,(anonymous_23)
FN:195,(anonymous_24)
FN:203,(anonymous_25)
FN:206,(anonymous_26)
FN:212,(anonymous_27)
FN:216,(anonymous_28)
FN:218,(anonymous_29)
FN:222,(anonymous_30)
FN:232,(anonymous_31)
FN:237,(anonymous_32)
FN:240,(anonymous_33)
FNF:68
FNH:57
FNDA:4,(anonymous_0)
FNDA:3,(anonymous_1)
FNDA:4,(anonymous_2)
FNDA:4,(anonymous_3)
FNDA:4,(anonymous_4)
FNDA:5,(anonymous_5)
FNDA:2,(anonymous_6)
FNDA:1,(anonymous_7)
FNDA:1,(anonymous_8)
FNDA:0,(anonymous_9)
FNDA:6,(anonymous_10)
FNDA:6,(anonymous_11)
FNDA:1,(anonymous_12)
FNDA:1,(anonymous_13)
FNDA:2,(anonymous_14)
FNDA:1,(anonymous_15)
FNDA:1,(anonymous_16)
FNDA:1,(anonymous_17)
FNDA:4,(anonymous_18)
FNDA:4,(anonymous_19)
FNDA:5,(anonymous_20)
FNDA:1,(anonymous_21)
FNDA:0,(anonymous_22)
FNDA:3,(anonymous_23)
FNDA:1,(anonymous_24)
FNDA:1,(anonymous_25)
FNDA:1,(anonymous_26)
FNDA:0,(anonymous_27)
FNDA:0,(anonymous_28)
FNDA:0,(anonymous_29)
FNDA:21,(anonymous_30)
FNDA:21,(anonymous_31)
FNDA:2,(anonymous_32)
FNDA:1,(anonymous_33)
FNDA:2,(anonymous_0)
FNDA:2,(anonymous_1)
FNDA:1,(anonymous_2)
FNDA:3,(anonymous_3)
FNDA:1,(anonymous_4)
FNDA:3,(anonymous_5)
FNDA:2,(anonymous_6)
FNDA:3,(anonymous_7)
FNDA:3,(anonymous_8)
FNDA:0,(anonymous_9)
FNDA:1,(anonymous_10)
FNDA:6,(anonymous_11)
FNDA:1,(anonymous_12)
FNDA:1,(anonymous_13)
FNDA:2,(anonymous_14)
FNDA:1,(anonymous_15)
FNDA:1,(anonymous_16)
FNDA:1,(anonymous_17)
FNDA:0,(anonymous_18)
FNDA:1,(anonymous_19)
FNDA:4,(anonymous_20)
FNDA:1,(anonymous_21)
FNDA:0,(anonymous_22)
FNDA:3,(anonymous_23)
FNDA:1,(anonymous_24)
FNDA:1,(anonymous_25)
FNDA:1,(anonymous_26)
FNDA:0,(anonymous_27)
FNDA:1,(anonymous_28)
FNDA:0,(anonymous_29)
FNDA:0,(anonymous_30)
FNDA:21,(anonymous_31)
FNDA:2,(anonymous_32)
FNDA:1,(anonymous_33)
DA:9,1
DA:10,1
DA:11,1
DA:12,1
DA:18,2
DA:19,2
DA:22,0
DA:26,2
DA:27,4
DA:28,4
DA:30,2
DA:34,1
DA:35,3
DA:36,3
DA:38,2
DA:42,3
DA:43,4
DA:44,4
DA:46,3
DA:50,1
DA:51,4
DA:52,4
DA:54,3
DA:58,3
DA:59,4
DA:60,4
DA:62,3
DA:66,2
DA:67,5
DA:68,5
DA:70,2
DA:71,1
DA:73,0
DA:75,2
DA:76,2
DA:78,1
DA:79,1
DA:80,3
DA:81,0
DA:86,0
DA:89,1
DA:94,6
DA:95,6
DA:96,6
DA:98,0
DA:102,1
DA:103,1
DA:105,6
DA:106,7
DA:108,0
DA:110,1
DA:111,1
DA:113,1
DA:114,2
DA:116,0
DA:118,2
DA:119,2
DA:121,1
DA:122,3
DA:124,0
DA:126,1
DA:127,1
DA:129,2
DA:130,3
DA:132,0
DA:134,1
DA:135,1
DA:137,1
DA:138,2
DA:140,0
DA:142,1
DA:143,1
DA:145,1
DA:146,2
DA:148,0
DA:153,1
DA:154,1
DA:156,0
DA:161,4
DA:162,4
DA:164,4
DA:165,0
DA:169,1
DA:170,1
DA:173,5
DA:174,4
DA:176,4
DA:180,0
DA:181,1
DA:182,1
DA:184,0
DA:185,0
DA:187,0
DA:188,3
DA:189,3
DA:192,0
DA:193,0
DA:195,0
DA:196,1
DA:197,1
DA:200,3
DA:201,3
DA:203,0
DA:204,1
DA:205,1
DA:206,1
DA:208,1
DA:209,2
DA:211,0
DA:216,1
DA:217,1
DA:218,1
DA:220,0
DA:222,0
DA:228,0
DA:233,21
DA:234,21
DA:235,21
DA:238,2
DA:241,1
DA:242,1
DA:245,0
DA:248,21
DA:249,22
DA:250,21
DA:254,3
DA:258,1
DA:259,1
DA:261,0
DA:270,1
LF:130
LH:103
BRDA:78,0,0,1
BRDA:78,0,1,0
BRDA:78,1,0,1
BRDA:78,1,1,1
BRDA:184,2,0,0
BRDA:184,2,1,0
BRDA:184,3,0,0
BRDA:184,3,1,0
BRDA:70,4,0,1
BRDA:70,4,1,0
BRDA:70,5,0,1
BRDA:70,5,1,1
BRDA:173,6,0,0
BRDA:173,6,1,0
BRDA:173,7,0,0
BRDA:173,7,1,0
BRF:16
BRH:6
end_of_record
TN:
SF:src\lib\subscriptionManager.ts
FN:32,(anonymous_0)
FN:50,(anonymous_1)
FN:63,(anonymous_2)
FN:78,(anonymous_3)
FN:90,(anonymous_4)
FN:97,(anonymous_5)
FN:99,(anonymous_6)
FN:106,(anonymous_7)
FN:113,(anonymous_8)
FN:127,createManagedSubscription
FN:135,(anonymous_10)
FN:22,(anonymous_0)
FN:35,(anonymous_1)
FN:47,(anonymous_2)
FN:61,(anonymous_3)
FN:72,(anonymous_4)
FN:78,(anonymous_5)
FN:79,(anonymous_6)
FN:84,(anonymous_7)
FN:90,(anonymous_8)
FN:103,createManagedSubscription
FN:106,(anonymous_10)
FNF:22
FNH:22
FNDA:26,(anonymous_0)
FNDA:6,(anonymous_1)
FNDA:2,(anonymous_2)
FNDA:5,(anonymous_3)
FNDA:18,(anonymous_4)
FNDA:2,(anonymous_5)
FNDA:3,(anonymous_6)
FNDA:8,(anonymous_7)
FNDA:15,(anonymous_8)
FNDA:4,createManagedSubscription
FNDA:3,(anonymous_10)
FNDA:26,(anonymous_0)
FNDA:6,(anonymous_1)
FNDA:2,(anonymous_2)
FNDA:5,(anonymous_3)
FNDA:3,(anonymous_4)
FNDA:7,(anonymous_5)
FNDA:8,(anonymous_6)
FNDA:5,(anonymous_7)
FNDA:15,(anonymous_8)
FNDA:4,createManagedSubscription
FNDA:3,(anonymous_10)
DA:9,1
DA:10,1
DA:11,1
DA:17,19
DA:18,19
DA:23,26
DA:24,26
DA:26,45
DA:27,45
DA:30,26
DA:36,6
DA:37,32
DA:38,31
DA:39,31
DA:40,31
DA:42,27
DA:44,26
DA:48,2
DA:49,2
DA:50,3
DA:51,9
DA:52,8
DA:53,8
DA:54,7
DA:55,5
DA:56,2
DA:57,1
DA:62,5
DA:63,5
DA:64,6
DA:65,2
DA:66,8
DA:67,7
DA:68,2
DA:69,2
DA:72,2
DA:73,3
DA:79,7
DA:80,5
DA:81,4
DA:83,5
DA:84,5
DA:85,5
DA:91,18
DA:94,1
DA:98,2
DA:99,3
DA:104,4
DA:106,4
DA:107,9
DA:114,15
DA:121,1
DA:132,4
DA:135,4
DA:136,3
LF:55
LH:55
BRDA:37,0,0,31
BRDA:37,0,1,26
BRDA:52,1,0,5
BRDA:52,1,1,1
BRDA:66,2,0,2
BRDA:66,2,1,1
BRDA:23,3,0,26
BRDA:23,3,1,25
BRDA:37,4,0,5
BRDA:37,4,1,1
BRDA:50,5,0,2
BRDA:50,5,1,1
BRF:12
BRH:12
end_of_record
TN:
SF:src\navigation\AdminNavigator.tsx
FN:20,(anonymous_0)
FNF:1
FNH:1
FNDA:2,(anonymous_0)
DA:18,1
DA:20,1
DA:21,2
LF:3
LH:3
BRF:0
BRH:0
end_of_record
TN:
SF:src\navigation\AuthNavigator.tsx
FN:12,(anonymous_0)
FNF:1
FNH:1
FNDA:2,(anonymous_0)
DA:10,1
DA:12,1
DA:13,2
LF:3
LH:3
BRF:0
BRH:0
end_of_record
TN:
SF:src\navigation\CustomerNavigator.tsx
FN:24,(anonymous_0)
FNF:1
FNH:1
FNDA:2,(anonymous_0)
DA:22,1
DA:24,1
DA:25,2
LF:3
LH:3
BRF:0
BRH:0
end_of_record
TN:
SF:src\navigation\DriverNavigator.tsx
FN:24,(anonymous_0)
FN:50,(anonymous_1)
FN:60,(anonymous_2)
FN:69,(anonymous_3)
FNF:4
FNH:2
FNDA:2,(anonymous_0)
FNDA:0,(anonymous_1)
FNDA:0,(anonymous_2)
FNDA:2,(anonymous_3)
DA:21,1
DA:22,1
DA:24,1
DA:25,2
DA:51,0
DA:61,0
DA:69,1
DA:70,2
LF:8
LH:6
BRF:0
BRH:0
end_of_record
TN:
SF:src\screens\admin\AdminProfileScreen.tsx
FN:102,(anonymous_0)
FN:156,(anonymous_1)
FN:159,(anonymous_2)
FN:160,(anonymous_3)
FN:164,(anonymous_4)
FN:172,(anonymous_5)
FN:187,(anonymous_6)
FN:203,(anonymous_7)
FN:218,(anonymous_8)
FN:286,(anonymous_9)
FN:307,(anonymous_10)
FN:360,(anonymous_11)
FN:400,(anonymous_12)
FN:420,(anonymous_13)
FN:432,(anonymous_14)
FN:445,(anonymous_15)
FN:458,(anonymous_16)
FN:492,(anonymous_17)
FN:508,(anonymous_18)
FN:517,(anonymous_19)
FN:522,(anonymous_20)
FN:527,(anonymous_21)
FN:532,(anonymous_22)
FN:538,(anonymous_23)
FN:577,(anonymous_24)
FN:603,(anonymous_25)
FN:633,(anonymous_26)
FN:634,(anonymous_27)
FN:644,(anonymous_28)
FN:651,(anonymous_29)
FN:2,(anonymous_0)
FN:6,(anonymous_1)
FN:9,(anonymous_2)
FN:13,(anonymous_3)
FN:15,(anonymous_4)
FN:18,(anonymous_5)
FN:19,(anonymous_6)
FN:20,(anonymous_7)
FN:27,(anonymous_8)
FN:35,(anonymous_9)
FN:74,(anonymous_10)
FN:127,(anonymous_11)
FN:129,(anonymous_12)
FN:130,(anonymous_13)
FN:133,(anonymous_14)
FN:139,(anonymous_15)
FN:152,(anonymous_16)
FN:167,(anonymous_17)
FN:179,(anonymous_18)
FN:245,(anonymous_19)
FN:266,(anonymous_20)
FN:314,(anonymous_21)
FN:347,(anonymous_22)
FN:367,(anonymous_23)
FN:376,(anonymous_24)
FN:388,(anonymous_25)
FN:398,(anonymous_26)
FN:431,(anonymous_27)
FN:446,(anonymous_28)
FN:454,(anonymous_29)
FN:458,(anonymous_30)
FN:462,(anonymous_31)
FN:466,(anonymous_32)
FN:472,(anonymous_33)
FN:494,(anonymous_34)
FN:500,(anonymous_35)
FN:509,(anonymous_36)
FN:509,(anonymous_37)
FN:510,(anonymous_38)
FN:511,(anonymous_39)
FNF:70
FNH:0
FNDA:0,(anonymous_0)
FNDA:0,(anonymous_1)
FNDA:0,(anonymous_2)
FNDA:0,(anonymous_3)
FNDA:0,(anonymous_4)
FNDA:0,(anonymous_5)
FNDA:0,(anonymous_6)
FNDA:0,(anonymous_7)
FNDA:0,(anonymous_8)
FNDA:0,(anonymous_9)
FNDA:0,(anonymous_10)
FNDA:0,(anonymous_11)
FNDA:0,(anonymous_12)
FNDA:0,(anonymous_13)
FNDA:0,(anonymous_14)
FNDA:0,(anonymous_15)
FNDA:0,(anonymous_16)
FNDA:0,(anonymous_17)
FNDA:0,(anonymous_18)
FNDA:0,(anonymous_19)
FNDA:0,(anonymous_20)
FNDA:0,(anonymous_21)
FNDA:0,(anonymous_22)
FNDA:0,(anonymous_23)
FNDA:0,(anonymous_24)
FNDA:0,(anonymous_25)
FNDA:0,(anonymous_26)
FNDA:0,(anonymous_27)
FNDA:0,(anonymous_28)
FNDA:0,(anonymous_29)
FNDA:0,(anonymous_0)
FNDA:0,(anonymous_1)
FNDA:0,(anonymous_2)
FNDA:0,(anonymous_3)
FNDA:0,(anonymous_4)
FNDA:0,(anonymous_5)
FNDA:0,(anonymous_6)
FNDA:0,(anonymous_7)
FNDA:0,(anonymous_8)
FNDA:0,(anonymous_9)
FNDA:0,(anonymous_10)
FNDA:0,(anonymous_11)
FNDA:0,(anonymous_12)
FNDA:0,(anonymous_13)
FNDA:0,(anonymous_14)
FNDA:0,(anonymous_15)
FNDA:0,(anonymous_16)
FNDA:0,(anonymous_17)
FNDA:0,(anonymous_18)
FNDA:0,(anonymous_19)
FNDA:0,(anonymous_20)
FNDA:0,(anonymous_21)
FNDA:0,(anonymous_22)
FNDA:0,(anonymous_23)
FNDA:0,(anonymous_24)
FNDA:0,(anonymous_25)
FNDA:0,(anonymous_26)
FNDA:0,(anonymous_27)
FNDA:0,(anonymous_28)
FNDA:0,(anonymous_29)
FNDA:0,(anonymous_30)
FNDA:0,(anonymous_31)
FNDA:0,(anonymous_32)
FNDA:0,(anonymous_33)
FNDA:0,(anonymous_34)
FNDA:0,(anonymous_35)
FNDA:0,(anonymous_36)
FNDA:0,(anonymous_37)
FNDA:0,(anonymous_38)
FNDA:0,(anonymous_39)
DA:2,0
DA:3,0
DA:4,0
DA:5,0
DA:6,0
DA:8,0
DA:10,0
DA:11,0
DA:13,0
DA:14,0
DA:16,0
DA:18,0
DA:19,0
DA:20,0
DA:21,0
DA:22,0
DA:23,0
DA:25,0
DA:27,0
DA:28,0
DA:29,0
DA:30,0
DA:31,0
DA:32,0
DA:35,0
DA:36,0
DA:38,0
DA:39,0
DA:40,0
DA:41,0
DA:42,0
DA:43,0
DA:44,0
DA:45,0
DA:46,0
DA:47,0
DA:48,0
DA:49,0
DA:50,0
DA:51,0
DA:52,0
DA:74,0
DA:75,0
DA:77,0
DA:79,0
DA:84,0
DA:86,0
DA:87,0
DA:88,0
DA:90,0
DA:92,0
DA:94,0
DA:96,0
DA:98,0
DA:100,0
DA:102,0
DA:103,0
DA:104,0
DA:105,0
DA:106,0
DA:107,0
DA:108,0
DA:112,0
DA:114,0
DA:115,0
DA:116,0
DA:118,0
DA:120,0
DA:122,0
DA:123,0
DA:124,0
DA:126,0
DA:127,0
DA:128,0
DA:129,0
DA:130,0
DA:131,0
DA:132,0
DA:133,0
DA:134,0
DA:136,0
DA:137,0
DA:139,0
DA:140,0
DA:141,0
DA:142,0
DA:143,0
DA:144,0
DA:146,0
DA:147,0
DA:148,0
DA:149,0
DA:150,0
DA:151,0
DA:152,0
DA:153,0
DA:154,0
DA:156,0
DA:157,0
DA:159,0
DA:160,0
DA:161,0
DA:162,0
DA:163,0
DA:164,0
DA:165,0
DA:167,0
DA:168,0
DA:169,0
DA:170,0
DA:172,0
DA:173,0
DA:174,0
DA:175,0
DA:176,0
DA:177,0
DA:179,0
DA:180,0
DA:181,0
DA:182,0
DA:183,0
DA:184,0
DA:185,0
DA:186,0
DA:187,0
DA:188,0
DA:189,0
DA:190,0
DA:193,0
DA:197,0
DA:198,0
DA:199,0
DA:200,0
DA:203,0
DA:204,0
DA:207,0
DA:208,0
DA:209,0
DA:210,0
DA:213,0
DA:214,0
DA:217,0
DA:218,0
DA:219,0
DA:220,0
DA:221,0
DA:223,0
DA:224,0
DA:225,0
DA:226,0
DA:227,0
DA:228,0
DA:229,0
DA:230,0
DA:231,0
DA:233,0
DA:236,0
DA:237,0
DA:238,0
DA:239,0
DA:240,0
DA:241,0
DA:242,0
DA:245,0
DA:246,0
DA:247,0
DA:248,0
DA:249,0
DA:251,0
DA:256,0
DA:257,0
DA:258,0
DA:259,0
DA:261,0
DA:262,0
DA:263,0
DA:266,0
DA:267,0
DA:268,0
DA:269,0
DA:270,0
DA:271,0
DA:273,0
DA:274,0
DA:275,0
DA:276,0
DA:277,0
DA:278,0
DA:280,0
DA:281,0
DA:282,0
DA:285,0
DA:286,0
DA:287,0
DA:288,0
DA:290,0
DA:291,0
DA:292,0
DA:293,0
DA:297,0
DA:298,0
DA:299,0
DA:302,0
DA:303,0
DA:304,0
DA:307,0
DA:308,0
DA:311,0
DA:312,0
DA:313,0
DA:314,0
DA:315,0
DA:316,0
DA:317,0
DA:318,0
DA:320,0
DA:321,0
DA:322,0
DA:323,0
DA:324,0
DA:325,0
DA:327,0
DA:328,0
DA:329,0
DA:333,0
DA:334,0
DA:335,0
DA:336,0
DA:337,0
DA:339,0
DA:340,0
DA:341,0
DA:342,0
DA:343,0
DA:345,0
DA:346,0
DA:347,0
DA:348,0
DA:351,0
DA:352,0
DA:354,0
DA:355,0
DA:356,0
DA:357,0
DA:358,0
DA:360,0
DA:361,0
DA:364,0
DA:366,0
DA:367,0
DA:368,0
DA:370,0
DA:371,0
DA:373,0
DA:375,0
DA:376,0
DA:377,0
DA:378,0
DA:381,0
DA:382,0
DA:386,0
DA:387,0
DA:388,0
DA:389,0
DA:390,0
DA:391,0
DA:392,0
DA:393,0
DA:394,0
DA:397,0
DA:399,0
DA:400,0
DA:401,0
DA:404,0
DA:407,0
DA:408,0
DA:409,0
DA:410,0
DA:413,0
DA:414,0
DA:416,0
DA:417,0
DA:418,0
DA:420,0
DA:421,0
DA:426,0
DA:428,0
DA:431,0
DA:433,0
DA:434,0
DA:435,0
DA:436,0
DA:437,0
DA:438,0
DA:440,0
DA:442,0
DA:443,0
DA:445,0
DA:446,0
DA:447,0
DA:449,0
DA:450,0
DA:452,0
DA:454,0
DA:455,0
DA:456,0
DA:458,0
DA:459,0
DA:460,0
DA:462,0
DA:463,0
DA:464,0
DA:466,0
DA:467,0
DA:468,0
DA:469,0
DA:470,0
DA:472,0
DA:473,0
DA:477,0
DA:478,0
DA:483,0
DA:484,0
DA:486,0
DA:488,0
DA:489,0
DA:492,0
DA:494,0
DA:495,0
DA:496,0
DA:497,0
DA:498,0
DA:500,0
DA:501,0
DA:502,0
DA:503,0
DA:504,0
DA:508,0
DA:509,0
DA:510,0
DA:511,0
DA:512,0
DA:513,0
DA:514,0
DA:517,0
DA:518,0
DA:519,0
DA:522,0
DA:523,0
DA:524,0
DA:527,0
DA:528,0
DA:529,0
DA:532,0
DA:533,0
DA:534,0
DA:536,0
DA:538,0
DA:539,0
DA:544,0
DA:545,0
DA:557,0
DA:558,0
DA:568,0
DA:577,0
DA:581,0
DA:604,0
DA:605,0
DA:606,0
DA:633,0
DA:634,0
DA:644,0
DA:651,0
DA:660,0
LF:374
LH:0
BRDA:103,0,0,0
BRDA:103,0,1,0
BRDA:103,0,2,0
BRDA:103,0,3,0
BRDA:103,0,4,0
BRDA:103,0,5,0
BRDA:103,0,6,0
BRDA:103,0,7,0
BRDA:103,0,8,0
BRDA:103,0,9,0
BRDA:103,0,10,0
BRDA:103,0,11,0
BRDA:103,0,12,0
BRDA:103,0,13,0
BRDA:103,0,14,0
BRDA:103,0,15,0
BRDA:188,1,0,0
BRDA:188,1,1,0
BRDA:188,2,0,0
BRDA:188,2,1,0
BRDA:190,3,0,0
BRDA:190,3,1,0
BRDA:191,4,0,0
BRDA:191,4,1,0
BRDA:192,5,0,0
BRDA:192,5,1,0
BRDA:193,6,0,0
BRDA:193,6,1,0
BRDA:204,7,0,0
BRDA:204,7,1,0
BRDA:204,8,0,0
BRDA:204,8,1,0
BRDA:204,8,2,0
BRDA:207,9,0,0
BRDA:207,9,1,0
BRDA:207,9,2,0
BRDA:207,9,3,0
BRDA:207,9,4,0
BRDA:207,9,5,0
BRDA:207,9,6,0
BRDA:207,9,7,0
BRDA:207,10,0,0
BRDA:207,10,1,0
BRDA:208,11,0,0
BRDA:208,11,1,0
BRDA:209,12,0,0
BRDA:209,12,1,0
BRDA:210,13,0,0
BRDA:210,13,1,0
BRDA:219,14,0,0
BRDA:219,14,1,0
BRDA:224,15,0,0
BRDA:224,15,1,0
BRDA:226,16,0,0
BRDA:226,16,1,0
BRDA:228,17,0,0
BRDA:228,17,1,0
BRDA:236,18,0,0
BRDA:236,18,1,0
BRDA:238,19,0,0
BRDA:238,19,1,0
BRDA:246,20,0,0
BRDA:246,20,1,0
BRDA:248,21,0,0
BRDA:248,21,1,0
BRDA:256,22,0,0
BRDA:256,22,1,0
BRDA:258,23,0,0
BRDA:258,23,1,0
BRDA:266,24,0,0
BRDA:266,24,1,0
BRDA:268,25,0,0
BRDA:268,25,1,0
BRDA:275,26,0,0
BRDA:275,26,1,0
BRDA:275,27,0,0
BRDA:275,27,1,0
BRDA:277,28,0,0
BRDA:277,28,1,0
BRDA:277,29,0,0
BRDA:277,29,1,0
BRDA:287,30,0,0
BRDA:287,30,1,0
BRDA:312,31,0,0
BRDA:312,31,1,0
BRDA:314,32,0,0
BRDA:314,32,1,0
BRDA:316,33,0,0
BRDA:316,33,1,0
BRDA:322,34,0,0
BRDA:322,34,1,0
BRDA:328,35,0,0
BRDA:328,35,1,0
BRDA:333,36,0,0
BRDA:333,36,1,0
BRDA:335,37,0,0
BRDA:335,37,1,0
BRDA:341,38,0,0
BRDA:341,38,1,0
BRDA:341,39,0,0
BRDA:341,39,1,0
BRDA:342,40,0,0
BRDA:342,40,1,0
BRDA:346,41,0,0
BRDA:346,41,1,0
BRDA:351,42,0,0
BRDA:351,42,1,0
BRDA:351,43,0,0
BRDA:351,43,1,0
BRDA:361,44,0,0
BRDA:361,44,1,0
BRDA:361,45,0,0
BRDA:361,45,1,0
BRDA:364,46,0,0
BRDA:364,46,1,0
BRDA:376,47,0,0
BRDA:376,47,1,0
BRDA:382,48,0,0
BRDA:382,48,1,0
BRDA:386,49,0,0
BRDA:386,49,1,0
BRDA:404,50,0,0
BRDA:404,50,1,0
BRDA:407,51,0,0
BRDA:407,51,1,0
BRDA:407,52,0,0
BRDA:407,52,1,0
BRDA:436,53,0,0
BRDA:436,53,1,0
BRDA:446,54,0,0
BRDA:446,54,1,0
BRDA:459,55,0,0
BRDA:459,55,1,0
BRDA:459,56,0,0
BRDA:459,56,1,0
BRDA:459,56,2,0
BRDA:461,57,0,0
BRDA:461,57,1,0
BRDA:462,58,0,0
BRDA:462,58,1,0
BRDA:463,59,0,0
BRDA:463,59,1,0
BRDA:464,60,0,0
BRDA:464,60,1,0
BRDA:477,61,0,0
BRDA:477,61,1,0
BRDA:477,62,0,0
BRDA:477,62,1,0
BRDA:477,62,2,0
BRDA:479,63,0,0
BRDA:479,63,1,0
BRDA:480,64,0,0
BRDA:480,64,1,0
BRDA:481,65,0,0
BRDA:481,65,1,0
BRDA:482,66,0,0
BRDA:482,66,1,0
BRDA:495,67,0,0
BRDA:495,67,1,0
BRDA:497,68,0,0
BRDA:497,68,1,0
BRDA:503,69,0,0
BRDA:503,69,1,0
BRDA:509,70,0,0
BRDA:509,70,1,0
BRDA:536,71,0,0
BRDA:536,71,1,0
BRDA:544,72,0,0
BRDA:544,72,1,0
BRDA:557,73,0,0
BRDA:557,73,1,0
BRDA:570,74,0,0
BRDA:570,74,1,0
BRDA:591,75,0,0
BRDA:591,75,1,0
BRDA:599,76,0,0
BRDA:599,76,1,0
BRDA:613,77,0,0
BRDA:613,77,1,0
BRDA:624,78,0,0
BRDA:624,78,1,0
BRDA:2,79,0,0
BRDA:2,79,1,0
BRDA:2,79,2,0
BRDA:2,80,0,0
BRDA:2,80,1,0
BRDA:3,81,0,0
BRDA:3,81,1,0
BRDA:5,82,0,0
BRDA:5,82,1,0
BRDA:5,83,0,0
BRDA:5,83,1,0
BRDA:5,84,0,0
BRDA:5,84,1,0
BRDA:5,85,0,0
BRDA:5,85,1,0
BRDA:10,86,0,0
BRDA:10,86,1,0
BRDA:13,87,0,0
BRDA:13,87,1,0
BRDA:13,87,2,0
BRDA:13,88,0,0
BRDA:13,88,1,0
BRDA:18,89,0,0
BRDA:18,89,1,0
BRDA:18,89,2,0
BRDA:20,90,0,0
BRDA:20,90,1,0
BRDA:22,91,0,0
BRDA:22,91,1,0
BRDA:28,92,0,0
BRDA:28,92,1,0
BRDA:28,93,0,0
BRDA:28,93,1,0
BRDA:30,94,0,0
BRDA:30,94,1,0
BRDA:30,95,0,0
BRDA:30,95,1,0
BRDA:35,96,0,0
BRDA:35,96,1,0
BRDA:35,96,2,0
BRDA:36,97,0,0
BRDA:36,97,1,0
BRDA:36,98,0,0
BRDA:36,98,1,0
BRDA:75,99,0,0
BRDA:75,99,1,0
BRDA:75,99,2,0
BRDA:75,99,3,0
BRDA:75,99,4,0
BRDA:75,99,5,0
BRDA:75,99,6,0
BRDA:75,99,7,0
BRDA:75,99,8,0
BRDA:75,99,9,0
BRDA:75,99,10,0
BRDA:75,99,11,0
BRDA:75,99,12,0
BRDA:75,99,13,0
BRDA:75,99,14,0
BRDA:75,99,15,0
BRDA:153,100,0,0
BRDA:153,100,1,0
BRDA:153,101,0,0
BRDA:153,101,1,0
BRDA:155,102,0,0
BRDA:155,102,1,0
BRDA:156,103,0,0
BRDA:156,103,1,0
BRDA:157,104,0,0
BRDA:157,104,1,0
BRDA:158,105,0,0
BRDA:158,105,1,0
BRDA:168,106,0,0
BRDA:168,106,1,0
BRDA:168,107,0,0
BRDA:168,107,1,0
BRDA:168,107,2,0
BRDA:170,108,0,0
BRDA:170,108,1,0
BRDA:170,108,2,0
BRDA:170,108,3,0
BRDA:170,108,4,0
BRDA:170,108,5,0
BRDA:170,108,6,0
BRDA:170,108,7,0
BRDA:170,109,0,0
BRDA:170,109,1,0
BRDA:171,110,0,0
BRDA:171,110,1,0
BRDA:172,111,0,0
BRDA:172,111,1,0
BRDA:173,112,0,0
BRDA:173,112,1,0
BRDA:180,113,0,0
BRDA:180,113,1,0
BRDA:184,114,0,0
BRDA:184,114,1,0
BRDA:186,115,0,0
BRDA:186,115,1,0
BRDA:189,116,0,0
BRDA:189,116,1,0
BRDA:197,117,0,0
BRDA:197,117,1,0
BRDA:199,118,0,0
BRDA:199,118,1,0
BRDA:207,119,0,0
BRDA:207,119,1,0
BRDA:209,120,0,0
BRDA:209,120,1,0
BRDA:217,121,0,0
BRDA:217,121,1,0
BRDA:219,122,0,0
BRDA:219,122,1,0
BRDA:227,123,0,0
BRDA:227,123,1,0
BRDA:229,124,0,0
BRDA:229,124,1,0
BRDA:236,125,0,0
BRDA:236,125,1,0
BRDA:236,126,0,0
BRDA:236,126,1,0
BRDA:239,127,0,0
BRDA:239,127,1,0
BRDA:239,128,0,0
BRDA:239,128,1,0
BRDA:246,129,0,0
BRDA:246,129,1,0
BRDA:270,130,0,0
BRDA:270,130,1,0
BRDA:273,131,0,0
BRDA:273,131,1,0
BRDA:276,132,0,0
BRDA:276,132,1,0
BRDA:281,133,0,0
BRDA:281,133,1,0
BRDA:286,134,0,0
BRDA:286,134,1,0
BRDA:290,135,0,0
BRDA:290,135,1,0
BRDA:292,136,0,0
BRDA:292,136,1,0
BRDA:297,137,0,0
BRDA:297,137,1,0
BRDA:297,138,0,0
BRDA:297,138,1,0
BRDA:298,139,0,0
BRDA:298,139,1,0
BRDA:303,140,0,0
BRDA:303,140,1,0
BRDA:307,141,0,0
BRDA:307,141,1,0
BRDA:307,142,0,0
BRDA:307,142,1,0
BRDA:315,143,0,0
BRDA:315,143,1,0
BRDA:315,144,0,0
BRDA:315,144,1,0
BRDA:318,145,0,0
BRDA:318,145,1,0
BRDA:328,146,0,0
BRDA:328,146,1,0
BRDA:333,147,0,0
BRDA:333,147,1,0
BRDA:336,148,0,0
BRDA:336,148,1,0
BRDA:352,149,0,0
BRDA:352,149,1,0
BRDA:354,150,0,0
BRDA:354,150,1,0
BRDA:354,151,0,0
BRDA:354,151,1,0
BRDA:381,152,0,0
BRDA:381,152,1,0
BRDA:389,153,0,0
BRDA:389,153,1,0
BRDA:399,154,0,0
BRDA:399,154,1,0
BRDA:399,155,0,0
BRDA:399,155,1,0
BRDA:399,155,2,0
BRDA:401,156,0,0
BRDA:401,156,1,0
BRDA:402,157,0,0
BRDA:402,157,1,0
BRDA:403,158,0,0
BRDA:403,158,1,0
BRDA:404,159,0,0
BRDA:404,159,1,0
BRDA:417,160,0,0
BRDA:417,160,1,0
BRDA:417,161,0,0
BRDA:417,161,1,0
BRDA:417,161,2,0
BRDA:419,162,0,0
BRDA:419,162,1,0
BRDA:420,163,0,0
BRDA:420,163,1,0
BRDA:421,164,0,0
BRDA:421,164,1,0
BRDA:422,165,0,0
BRDA:422,165,1,0
BRDA:434,166,0,0
BRDA:434,166,1,0
BRDA:437,167,0,0
BRDA:437,167,1,0
BRDA:442,168,0,0
BRDA:442,168,1,0
BRDA:447,169,0,0
BRDA:447,169,1,0
BRDA:470,170,0,0
BRDA:470,170,1,0
BRDA:477,171,0,0
BRDA:477,171,1,0
BRDA:483,172,0,0
BRDA:483,172,1,0
BRDA:490,173,0,0
BRDA:490,173,1,0
BRDA:498,174,0,0
BRDA:498,174,1,0
BRDA:499,175,0,0
BRDA:499,175,1,0
BRDA:505,176,0,0
BRDA:505,176,1,0
BRDA:509,177,0,0
BRDA:509,177,1,0
BRF:406
BRH:0
end_of_record
TN:
SF:src\screens\admin\AllBookingsScreen.tsx
FN:28,(anonymous_0)
FN:40,(anonymous_1)
FN:44,(anonymous_2)
FN:52,(anonymous_3)
FN:60,(anonymous_4)
FN:64,(anonymous_5)
FN:69,(anonymous_6)
FN:77,(anonymous_7)
FN:87,(anonymous_8)
FN:94,(anonymous_9)
FN:97,(anonymous_10)
FN:102,(anonymous_11)
FN:103,(anonymous_12)
FN:104,(anonymous_13)
FN:105,(anonymous_14)
FN:106,(anonymous_15)
FN:122,(anonymous_16)
FN:133,(anonymous_17)
FN:144,(anonymous_18)
FN:155,(anonymous_19)
FN:163,(anonymous_20)
FN:171,(anonymous_21)
FN:177,(anonymous_22)
FN:183,(anonymous_23)
FN:229,(anonymous_24)
FN:257,(anonymous_25)
FN:271,(anonymous_26)
FN:280,(anonymous_27)
FN:281,(anonymous_28)
FN:311,(anonymous_29)
FN:317,(anonymous_30)
FN:325,(anonymous_31)
FN:2,(anonymous_0)
FN:6,(anonymous_1)
FN:9,(anonymous_2)
FN:13,(anonymous_3)
FN:15,(anonymous_4)
FN:18,(anonymous_5)
FN:19,(anonymous_6)
FN:20,(anonymous_7)
FN:27,(anonymous_8)
FN:35,(anonymous_9)
FN:51,(anonymous_10)
FN:62,(anonymous_11)
FN:65,(anonymous_12)
FN:73,(anonymous_13)
FN:79,(anonymous_14)
FN:82,(anonymous_15)
FN:86,(anonymous_16)
FN:91,(anonymous_17)
FN:98,(anonymous_18)
FN:103,(anonymous_19)
FN:106,(anonymous_20)
FN:110,(anonymous_21)
FN:111,(anonymous_22)
FN:112,(anonymous_23)
FN:113,(anonymous_24)
FN:114,(anonymous_25)
FN:127,(anonymous_26)
FN:137,(anonymous_27)
FN:147,(anonymous_28)
FN:158,(anonymous_29)
FN:166,(anonymous_30)
FN:173,(anonymous_31)
FN:177,(anonymous_32)
FN:180,(anonymous_33)
FN:201,(anonymous_34)
FN:213,(anonymous_35)
FN:216,(anonymous_36)
FN:217,(anonymous_37)
FN:217,(anonymous_38)
FN:223,(anonymous_39)
FN:224,(anonymous_40)
FN:225,(anonymous_41)
FNF:74
FNH:0
FNDA:0,(anonymous_0)
FNDA:0,(anonymous_1)
FNDA:0,(anonymous_2)
FNDA:0,(anonymous_3)
FNDA:0,(anonymous_4)
FNDA:0,(anonymous_5)
FNDA:0,(anonymous_6)
FNDA:0,(anonymous_7)
FNDA:0,(anonymous_8)
FNDA:0,(anonymous_9)
FNDA:0,(anonymous_10)
FNDA:0,(anonymous_11)
FNDA:0,(anonymous_12)
FNDA:0,(anonymous_13)
FNDA:0,(anonymous_14)
FNDA:0,(anonymous_15)
FNDA:0,(anonymous_16)
FNDA:0,(anonymous_17)
FNDA:0,(anonymous_18)
FNDA:0,(anonymous_19)
FNDA:0,(anonymous_20)
FNDA:0,(anonymous_21)
FNDA:0,(anonymous_22)
FNDA:0,(anonymous_23)
FNDA:0,(anonymous_24)
FNDA:0,(anonymous_25)
FNDA:0,(anonymous_26)
FNDA:0,(anonymous_27)
FNDA:0,(anonymous_28)
FNDA:0,(anonymous_29)
FNDA:0,(anonymous_30)
FNDA:0,(anonymous_31)
FNDA:0,(anonymous_0)
FNDA:0,(anonymous_1)
FNDA:0,(anonymous_2)
FNDA:0,(anonymous_3)
FNDA:0,(anonymous_4)
FNDA:0,(anonymous_5)
FNDA:0,(anonymous_6)
FNDA:0,(anonymous_7)
FNDA:0,(anonymous_8)
FNDA:0,(anonymous_9)
FNDA:0,(anonymous_10)
FNDA:0,(anonymous_11)
FNDA:0,(anonymous_12)
FNDA:0,(anonymous_13)
FNDA:0,(anonymous_14)
FNDA:0,(anonymous_15)
FNDA:0,(anonymous_16)
FNDA:0,(anonymous_17)
FNDA:0,(anonymous_18)
FNDA:0,(anonymous_19)
FNDA:0,(anonymous_20)
FNDA:0,(anonymous_21)
FNDA:0,(anonymous_22)
FNDA:0,(anonymous_23)
FNDA:0,(anonymous_24)
FNDA:0,(anonymous_25)
FNDA:0,(anonymous_26)
FNDA:0,(anonymous_27)
FNDA:0,(anonymous_28)
FNDA:0,(anonymous_29)
FNDA:0,(anonymous_30)
FNDA:0,(anonymous_31)
FNDA:0,(anonymous_32)
FNDA:0,(anonymous_33)
FNDA:0,(anonymous_34)
FNDA:0,(anonymous_35)
FNDA:0,(anonymous_36)
FNDA:0,(anonymous_37)
FNDA:0,(anonymous_38)
FNDA:0,(anonymous_39)
FNDA:0,(anonymous_40)
FNDA:0,(anonymous_41)
DA:2,0
DA:3,0
DA:4,0
DA:5,0
DA:6,0
DA:8,0
DA:10,0
DA:11,0
DA:13,0
DA:14,0
DA:16,0
DA:18,0
DA:19,0
DA:20,0
DA:21,0
DA:22,0
DA:23,0
DA:25,0
DA:27,0
DA:28,0
DA:29,0
DA:30,0
DA:31,0
DA:32,0
DA:33,0
DA:34,0
DA:35,0
DA:36,0
DA:37,0
DA:38,0
DA:39,0
DA:40,0
DA:41,0
DA:42,0
DA:43,0
DA:44,0
DA:45,0
DA:46,0
DA:47,0
DA:48,0
DA:49,0
DA:50,0
DA:51,0
DA:52,0
DA:53,0
DA:54,0
DA:55,0
DA:56,0
DA:57,0
DA:58,0
DA:59,0
DA:60,0
DA:61,0
DA:62,0
DA:63,0
DA:64,0
DA:65,0
DA:66,0
DA:67,0
DA:68,0
DA:69,0
DA:70,0
DA:73,0
DA:74,0
DA:75,0
DA:76,0
DA:77,0
DA:78,0
DA:79,0
DA:80,0
DA:82,0
DA:83,0
DA:85,0
DA:86,0
DA:87,0
DA:89,0
DA:90,0
DA:91,0
DA:94,0
DA:96,0
DA:97,0
DA:98,0
DA:100,0
DA:102,0
DA:103,0
DA:104,0
DA:105,0
DA:106,0
DA:108,0
DA:110,0
DA:111,0
DA:112,0
DA:113,0
DA:114,0
DA:116,0
DA:118,0
DA:119,0
DA:122,0
DA:123,0
DA:124,0
DA:125,0
DA:126,0
DA:127,0
DA:128,0
DA:129,0
DA:130,0
DA:131,0
DA:132,0
DA:133,0
DA:134,0
DA:135,0
DA:136,0
DA:137,0
DA:138,0
DA:139,0
DA:140,0
DA:141,0
DA:142,0
DA:143,0
DA:144,0
DA:145,0
DA:146,0
DA:147,0
DA:148,0
DA:149,0
DA:150,0
DA:151,0
DA:152,0
DA:155,0
DA:156,0
DA:157,0
DA:158,0
DA:159,0
DA:160,0
DA:163,0
DA:164,0
DA:166,0
DA:167,0
DA:168,0
DA:169,0
DA:171,0
DA:172,0
DA:173,0
DA:174,0
DA:175,0
DA:177,0
DA:178,0
DA:180,0
DA:183,0
DA:194,0
DA:195,0
DA:198,0
DA:201,0
DA:213,0
DA:214,0
DA:215,0
DA:216,0
DA:217,0
DA:222,0
DA:223,0
DA:224,0
DA:225,0
DA:227,0
DA:229,0
DA:257,0
DA:272,0
DA:280,0
DA:282,0
DA:311,0
DA:317,0
DA:325,0
DA:334,0
DA:358,0
LF:173
LH:0
BRDA:68,0,0,0
BRDA:68,0,1,0
BRDA:75,1,0,0
BRDA:75,1,1,0
BRDA:78,2,0,0
BRDA:78,2,1,0
BRDA:78,2,2,0
BRDA:78,2,3,0
BRDA:86,3,0,0
BRDA:86,3,1,0
BRDA:96,4,0,0
BRDA:96,4,1,0
BRDA:123,5,0,0
BRDA:123,5,1,0
BRDA:123,5,2,0
BRDA:123,5,3,0
BRDA:123,5,4,0
BRDA:123,5,5,0
BRDA:134,6,0,0
BRDA:134,6,1,0
BRDA:134,6,2,0
BRDA:134,6,3,0
BRDA:134,6,4,0
BRDA:134,6,5,0
BRDA:164,7,0,0
BRDA:164,7,1,0
BRDA:181,8,0,0
BRDA:181,8,1,0
BRDA:188,9,0,0
BRDA:188,9,1,0
BRDA:194,10,0,0
BRDA:194,10,1,0
BRDA:201,11,0,0
BRDA:201,11,1,0
BRDA:205,12,0,0
BRDA:205,12,1,0
BRDA:214,13,0,0
BRDA:214,13,1,0
BRDA:214,14,0,0
BRDA:214,14,1,0
BRDA:239,15,0,0
BRDA:239,15,1,0
BRDA:256,16,0,0
BRDA:256,16,1,0
BRDA:297,17,0,0
BRDA:297,17,1,0
BRDA:297,18,0,0
BRDA:297,18,1,0
BRDA:300,19,0,0
BRDA:300,19,1,0
BRDA:300,20,0,0
BRDA:300,20,1,0
BRDA:318,21,0,0
BRDA:318,21,1,0
BRDA:2,22,0,0
BRDA:2,22,1,0
BRDA:2,22,2,0
BRDA:2,23,0,0
BRDA:2,23,1,0
BRDA:3,24,0,0
BRDA:3,24,1,0
BRDA:5,25,0,0
BRDA:5,25,1,0
BRDA:5,26,0,0
BRDA:5,26,1,0
BRDA:5,27,0,0
BRDA:5,27,1,0
BRDA:5,28,0,0
BRDA:5,28,1,0
BRDA:10,29,0,0
BRDA:10,29,1,0
BRDA:13,30,0,0
BRDA:13,30,1,0
BRDA:13,30,2,0
BRDA:13,31,0,0
BRDA:13,31,1,0
BRDA:18,32,0,0
BRDA:18,32,1,0
BRDA:18,32,2,0
BRDA:20,33,0,0
BRDA:20,33,1,0
BRDA:22,34,0,0
BRDA:22,34,1,0
BRDA:28,35,0,0
BRDA:28,35,1,0
BRDA:28,36,0,0
BRDA:28,36,1,0
BRDA:30,37,0,0
BRDA:30,37,1,0
BRDA:30,38,0,0
BRDA:30,38,1,0
BRDA:35,39,0,0
BRDA:35,39,1,0
BRDA:35,39,2,0
BRDA:36,40,0,0
BRDA:36,40,1,0
BRDA:36,41,0,0
BRDA:36,41,1,0
BRDA:85,42,0,0
BRDA:85,42,1,0
BRDA:89,43,0,0
BRDA:89,43,1,0
BRDA:91,44,0,0
BRDA:91,44,1,0
BRDA:91,44,2,0
BRDA:91,44,3,0
BRDA:97,45,0,0
BRDA:97,45,1,0
BRDA:105,46,0,0
BRDA:105,46,1,0
BRDA:128,47,0,0
BRDA:128,47,1,0
BRDA:128,47,2,0
BRDA:128,47,3,0
BRDA:128,47,4,0
BRDA:128,47,5,0
BRDA:138,48,0,0
BRDA:138,48,1,0
BRDA:138,48,2,0
BRDA:138,48,3,0
BRDA:138,48,4,0
BRDA:138,48,5,0
BRDA:167,49,0,0
BRDA:167,49,1,0
BRDA:179,50,0,0
BRDA:179,50,1,0
BRDA:181,51,0,0
BRDA:181,51,1,0
BRDA:184,52,0,0
BRDA:184,52,1,0
BRDA:188,53,0,0
BRDA:188,53,1,0
BRDA:192,54,0,0
BRDA:192,54,1,0
BRDA:194,55,0,0
BRDA:194,55,1,0
BRDA:194,56,0,0
BRDA:194,56,1,0
BRDA:208,57,0,0
BRDA:208,57,1,0
BRDA:213,58,0,0
BRDA:213,58,1,0
BRDA:219,59,0,0
BRDA:219,59,1,0
BRDA:219,60,0,0
BRDA:219,60,1,0
BRDA:220,61,0,0
BRDA:220,61,1,0
BRDA:220,62,0,0
BRDA:220,62,1,0
BRDA:224,63,0,0
BRDA:224,63,1,0
BRF:152
BRH:0
end_of_record
TN:
SF:src\screens\admin\DriverManagementScreen.tsx
FN:34,(anonymous_0)
FN:65,(anonymous_1)
FN:67,(anonymous_2)
FN:70,(anonymous_3)
FN:77,(anonymous_4)
FN:79,(anonymous_5)
FN:80,(anonymous_6)
FN:90,(anonymous_7)
FN:95,(anonymous_8)
FN:97,(anonymous_9)
FN:108,(anonymous_10)
FN:119,(anonymous_11)
FN:132,(anonymous_12)
FN:140,(anonymous_13)
FN:153,(anonymous_14)
FN:162,(anonymous_15)
FN:175,(anonymous_16)
FN:183,(anonymous_17)
FN:258,(anonymous_18)
FN:268,(anonymous_19)
FN:309,(anonymous_20)
FN:325,(anonymous_21)
FN:367,(anonymous_22)
FN:383,(anonymous_23)
FN:394,(anonymous_24)
FN:406,(anonymous_25)
FN:413,(anonymous_26)
FN:424,(anonymous_27)
FN:457,(anonymous_28)
FN:458,(anonymous_29)
FN:461,(anonymous_30)
FN:465,(anonymous_31)
FN:473,(anonymous_32)
FN:479,(anonymous_33)
FN:485,(anonymous_34)
FN:493,(anonymous_35)
FN:533,(anonymous_36)
FN:582,(anonymous_37)
FN:586,(anonymous_38)
FN:603,(anonymous_39)
FN:611,(anonymous_40)
FN:618,(anonymous_41)
FN:630,(anonymous_42)
FN:2,(anonymous_0)
FN:6,(anonymous_1)
FN:9,(anonymous_2)
FN:13,(anonymous_3)
FN:15,(anonymous_4)
FN:18,(anonymous_5)
FN:19,(anonymous_6)
FN:20,(anonymous_7)
FN:27,(anonymous_8)
FN:35,(anonymous_9)
FN:56,(anonymous_10)
FN:83,(anonymous_11)
FN:84,(anonymous_12)
FN:85,(anonymous_13)
FN:90,(anonymous_14)
FN:92,(anonymous_15)
FN:93,(anonymous_16)
FN:102,(anonymous_17)
FN:106,(anonymous_18)
FN:108,(anonymous_19)
FN:116,(anonymous_20)
FN:127,(anonymous_21)
FN:141,(anonymous_22)
FN:146,(anonymous_23)
FN:158,(anonymous_24)
FN:164,(anonymous_25)
FN:176,(anonymous_26)
FN:184,(anonymous_27)
FN:252,(anonymous_28)
FN:261,(anonymous_29)
FN:294,(anonymous_30)
FN:309,(anonymous_31)
FN:349,(anonymous_32)
FN:364,(anonymous_33)
FN:375,(anonymous_34)
FN:386,(anonymous_35)
FN:392,(anonymous_36)
FN:400,(anonymous_37)
FN:427,(anonymous_38)
FN:428,(anonymous_39)
FN:431,(anonymous_40)
FN:434,(anonymous_41)
FN:441,(anonymous_42)
FN:448,(anonymous_43)
FN:455,(anonymous_44)
FN:463,(anonymous_45)
FN:480,(anonymous_46)
FN:498,(anonymous_47)
FN:498,(anonymous_48)
FN:504,(anonymous_49)
FN:506,(anonymous_50)
FN:507,(anonymous_51)
FN:508,(anonymous_52)
FNF:96
FNH:0
FNDA:0,(anonymous_0)
FNDA:0,(anonymous_1)
FNDA:0,(anonymous_2)
FNDA:0,(anonymous_3)
FNDA:0,(anonymous_4)
FNDA:0,(anonymous_5)
FNDA:0,(anonymous_6)
FNDA:0,(anonymous_7)
FNDA:0,(anonymous_8)
FNDA:0,(anonymous_9)
FNDA:0,(anonymous_10)
FNDA:0,(anonymous_11)
FNDA:0,(anonymous_12)
FNDA:0,(anonymous_13)
FNDA:0,(anonymous_14)
FNDA:0,(anonymous_15)
FNDA:0,(anonymous_16)
FNDA:0,(anonymous_17)
FNDA:0,(anonymous_18)
FNDA:0,(anonymous_19)
FNDA:0,(anonymous_20)
FNDA:0,(anonymous_21)
FNDA:0,(anonymous_22)
FNDA:0,(anonymous_23)
FNDA:0,(anonymous_24)
FNDA:0,(anonymous_25)
FNDA:0,(anonymous_26)
FNDA:0,(anonymous_27)
FNDA:0,(anonymous_28)
FNDA:0,(anonymous_29)
FNDA:0,(anonymous_30)
FNDA:0,(anonymous_31)
FNDA:0,(anonymous_32)
FNDA:0,(anonymous_33)
FNDA:0,(anonymous_34)
FNDA:0,(anonymous_35)
FNDA:0,(anonymous_36)
FNDA:0,(anonymous_37)
FNDA:0,(anonymous_38)
FNDA:0,(anonymous_39)
FNDA:0,(anonymous_40)
FNDA:0,(anonymous_41)
FNDA:0,(anonymous_42)
FNDA:0,(anonymous_0)
FNDA:0,(anonymous_1)
FNDA:0,(anonymous_2)
FNDA:0,(anonymous_3)
FNDA:0,(anonymous_4)
FNDA:0,(anonymous_5)
FNDA:0,(anonymous_6)
FNDA:0,(anonymous_7)
FNDA:0,(anonymous_8)
FNDA:0,(anonymous_9)
FNDA:0,(anonymous_10)
FNDA:0,(anonymous_11)
FNDA:0,(anonymous_12)
FNDA:0,(anonymous_13)
FNDA:0,(anonymous_14)
FNDA:0,(anonymous_15)
FNDA:0,(anonymous_16)
FNDA:0,(anonymous_17)
FNDA:0,(anonymous_18)
FNDA:0,(anonymous_19)
FNDA:0,(anonymous_20)
FNDA:0,(anonymous_21)
FNDA:0,(anonymous_22)
FNDA:0,(anonymous_23)
FNDA:0,(anonymous_24)
FNDA:0,(anonymous_25)
FNDA:0,(anonymous_26)
FNDA:0,(anonymous_27)
FNDA:0,(anonymous_28)
FNDA:0,(anonymous_29)
FNDA:0,(anonymous_30)
FNDA:0,(anonymous_31)
FNDA:0,(anonymous_32)
FNDA:0,(anonymous_33)
FNDA:0,(anonymous_34)
FNDA:0,(anonymous_35)
FNDA:0,(anonymous_36)
FNDA:0,(anonymous_37)
FNDA:0,(anonymous_38)
FNDA:0,(anonymous_39)
FNDA:0,(anonymous_40)
FNDA:0,(anonymous_41)
FNDA:0,(anonymous_42)
FNDA:0,(anonymous_43)
FNDA:0,(anonymous_44)
FNDA:0,(anonymous_45)
FNDA:0,(anonymous_46)
FNDA:0,(anonymous_47)
FNDA:0,(anonymous_48)
FNDA:0,(anonymous_49)
FNDA:0,(anonymous_50)
FNDA:0,(anonymous_51)
FNDA:0,(anonymous_52)
DA:2,0
DA:3,0
DA:4,0
DA:5,0
DA:6,0
DA:8,0
DA:10,0
DA:11,0
DA:13,0
DA:14,0
DA:16,0
DA:18,0
DA:19,0
DA:20,0
DA:21,0
DA:22,0
DA:23,0
DA:25,0
DA:27,0
DA:28,0
DA:29,0
DA:30,0
DA:31,0
DA:32,0
DA:34,0
DA:35,0
DA:36,0
DA:37,0
DA:38,0
DA:39,0
DA:40,0
DA:41,0
DA:42,0
DA:43,0
DA:44,0
DA:45,0
DA:46,0
DA:47,0
DA:48,0
DA:49,0
DA:50,0
DA:51,0
DA:52,0
DA:53,0
DA:54,0
DA:55,0
DA:56,0
DA:57,0
DA:58,0
DA:59,0
DA:60,0
DA:61,0
DA:62,0
DA:63,0
DA:64,0
DA:65,0
DA:66,0
DA:67,0
DA:69,0
DA:70,0
DA:71,0
DA:73,0
DA:77,0
DA:78,0
DA:79,0
DA:80,0
DA:81,0
DA:82,0
DA:83,0
DA:84,0
DA:85,0
DA:86,0
DA:87,0
DA:90,0
DA:91,0
DA:92,0
DA:94,0
DA:95,0
DA:96,0
DA:97,0
DA:98,0
DA:102,0
DA:103,0
DA:106,0
DA:107,0
DA:108,0
DA:109,0
DA:110,0
DA:111,0
DA:115,0
DA:116,0
DA:117,0
DA:118,0
DA:119,0
DA:120,0
DA:121,0
DA:122,0
DA:124,0
DA:127,0
DA:128,0
DA:129,0
DA:130,0
DA:132,0
DA:133,0
DA:138,0
DA:141,0
DA:142,0
DA:143,0
DA:145,0
DA:147,0
DA:148,0
DA:149,0
DA:152,0
DA:153,0
DA:154,0
DA:158,0
DA:159,0
DA:163,0
DA:164,0
DA:165,0
DA:166,0
DA:167,0
DA:170,0
DA:175,0
DA:176,0
DA:177,0
DA:178,0
DA:179,0
DA:181,0
DA:183,0
DA:184,0
DA:185,0
DA:187,0
DA:188,0
DA:189,0
DA:192,0
DA:193,0
DA:194,0
DA:195,0
DA:197,0
DA:198,0
DA:199,0
DA:200,0
DA:201,0
DA:202,0
DA:204,0
DA:205,0
DA:206,0
DA:207,0
DA:208,0
DA:209,0
DA:210,0
DA:211,0
DA:212,0
DA:213,0
DA:215,0
DA:216,0
DA:217,0
DA:218,0
DA:219,0
DA:220,0
DA:221,0
DA:222,0
DA:223,0
DA:224,0
DA:225,0
DA:226,0
DA:227,0
DA:228,0
DA:229,0
DA:230,0
DA:231,0
DA:232,0
DA:233,0
DA:236,0
DA:237,0
DA:238,0
DA:241,0
DA:242,0
DA:243,0
DA:244,0
DA:245,0
DA:246,0
DA:247,0
DA:248,0
DA:249,0
DA:250,0
DA:252,0
DA:253,0
DA:254,0
DA:255,0
DA:257,0
DA:258,0
DA:259,0
DA:260,0
DA:261,0
DA:262,0
DA:263,0
DA:264,0
DA:265,0
DA:266,0
DA:267,0
DA:268,0
DA:269,0
DA:270,0
DA:271,0
DA:272,0
DA:273,0
DA:274,0
DA:277,0
DA:282,0
DA:283,0
DA:284,0
DA:285,0
DA:288,0
DA:289,0
DA:293,0
DA:294,0
DA:295,0
DA:296,0
DA:297,0
DA:298,0
DA:299,0
DA:302,0
DA:303,0
DA:305,0
DA:308,0
DA:309,0
DA:310,0
DA:311,0
DA:312,0
DA:313,0
DA:314,0
DA:315,0
DA:316,0
DA:318,0
DA:320,0
DA:321,0
DA:323,0
DA:324,0
DA:326,0
DA:327,0
DA:328,0
DA:329,0
DA:330,0
DA:331,0
DA:336,0
DA:337,0
DA:338,0
DA:339,0
DA:340,0
DA:342,0
DA:343,0
DA:346,0
DA:349,0
DA:350,0
DA:357,0
DA:358,0
DA:359,0
DA:361,0
DA:362,0
DA:363,0
DA:364,0
DA:365,0
DA:366,0
DA:367,0
DA:368,0
DA:376,0
DA:377,0
DA:378,0
DA:379,0
DA:380,0
DA:383,0
DA:384,0
DA:385,0
DA:386,0
DA:388,0
DA:389,0
DA:392,0
DA:393,0
DA:394,0
DA:395,0
DA:396,0
DA:397,0
DA:398,0
DA:399,0
DA:401,0
DA:402,0
DA:403,0
DA:405,0
DA:406,0
DA:407,0
DA:408,0
DA:409,0
DA:410,0
DA:413,0
DA:414,0
DA:416,0
DA:417,0
DA:418,0
DA:421,0
DA:425,0
DA:426,0
DA:427,0
DA:428,0
DA:430,0
DA:431,0
DA:433,0
DA:434,0
DA:435,0
DA:436,0
DA:439,0
DA:441,0
DA:442,0
DA:443,0
DA:444,0
DA:445,0
DA:446,0
DA:447,0
DA:448,0
DA:449,0
DA:450,0
DA:451,0
DA:452,0
DA:453,0
DA:455,0
DA:456,0
DA:457,0
DA:458,0
DA:460,0
DA:461,0
DA:463,0
DA:464,0
DA:465,0
DA:466,0
DA:468,0
DA:470,0
DA:471,0
DA:473,0
DA:474,0
DA:475,0
DA:476,0
DA:479,0
DA:480,0
DA:481,0
DA:482,0
DA:485,0
DA:486,0
DA:487,0
DA:489,0
DA:493,0
DA:494,0
DA:496,0
DA:498,0
DA:499,0
DA:500,0
DA:501,0
DA:502,0
DA:504,0
DA:505,0
DA:506,0
DA:507,0
DA:508,0
DA:510,0
DA:518,0
DA:533,0
DA:583,0
DA:587,0
DA:588,0
DA:589,0
DA:603,0
DA:611,0
DA:618,0
DA:630,0
DA:639,0
DA:663,0
LF:376
LH:0
BRDA:67,0,0,0
BRDA:67,0,1,0
BRDA:70,1,0,0
BRDA:70,1,1,0
BRDA:96,2,0,0
BRDA:96,2,1,0
BRDA:98,3,0,0
BRDA:98,3,1,0
BRDA:98,4,0,0
BRDA:98,4,1,0
BRDA:98,4,2,0
BRDA:183,5,0,0
BRDA:188,6,0,0
BRDA:188,6,1,0
BRDA:189,7,0,0
BRDA:189,7,1,0
BRDA:194,8,0,0
BRDA:194,8,1,0
BRDA:195,9,0,0
BRDA:195,9,1,0
BRDA:199,10,0,0
BRDA:199,10,1,0
BRDA:201,11,0,0
BRDA:201,11,1,0
BRDA:202,12,0,0
BRDA:202,12,1,0
BRDA:207,13,0,0
BRDA:207,13,1,0
BRDA:207,14,0,0
BRDA:207,14,1,0
BRDA:209,15,0,0
BRDA:209,15,1,0
BRDA:210,16,0,0
BRDA:210,16,1,0
BRDA:215,17,0,0
BRDA:215,17,1,0
BRDA:216,18,0,0
BRDA:216,18,1,0
BRDA:218,19,0,0
BRDA:218,19,1,0
BRDA:221,20,0,0
BRDA:221,20,1,0
BRDA:221,21,0,0
BRDA:221,21,1,0
BRDA:227,22,0,0
BRDA:227,22,1,0
BRDA:228,23,0,0
BRDA:228,23,1,0
BRDA:231,24,0,0
BRDA:231,24,1,0
BRDA:232,25,0,0
BRDA:232,25,1,0
BRDA:236,26,0,0
BRDA:236,26,1,0
BRDA:242,27,0,0
BRDA:242,27,1,0
BRDA:249,28,0,0
BRDA:249,28,1,0
BRDA:260,29,0,0
BRDA:260,29,1,0
BRDA:266,30,0,0
BRDA:266,30,1,0
BRDA:270,31,0,0
BRDA:270,31,1,0
BRDA:283,32,0,0
BRDA:283,32,1,0
BRDA:296,33,0,0
BRDA:296,33,1,0
BRDA:297,34,0,0
BRDA:297,34,1,0
BRDA:308,35,0,0
BRDA:308,35,1,0
BRDA:309,36,0,0
BRDA:309,36,1,0
BRDA:310,37,0,0
BRDA:310,37,1,0
BRDA:321,38,0,0
BRDA:321,38,1,0
BRDA:327,39,0,0
BRDA:327,39,1,0
BRDA:336,40,0,0
BRDA:336,40,1,0
BRDA:361,41,0,0
BRDA:361,41,1,0
BRDA:386,42,0,0
BRDA:386,42,1,0
BRDA:387,43,0,0
BRDA:387,43,1,0
BRDA:388,44,0,0
BRDA:388,44,1,0
BRDA:391,45,0,0
BRDA:391,45,1,0
BRDA:392,46,0,0
BRDA:392,46,1,0
BRDA:393,47,0,0
BRDA:393,47,1,0
BRDA:394,48,0,0
BRDA:394,48,1,0
BRDA:408,49,0,0
BRDA:408,49,1,0
BRDA:414,50,0,0
BRDA:414,50,1,0
BRDA:433,51,0,0
BRDA:433,51,1,0
BRDA:433,52,0,0
BRDA:433,52,1,0
BRDA:433,52,2,0
BRDA:460,53,0,0
BRDA:460,53,1,0
BRDA:466,54,0,0
BRDA:466,54,1,0
BRDA:466,54,2,0
BRDA:466,54,3,0
BRDA:474,55,0,0
BRDA:474,55,1,0
BRDA:475,56,0,0
BRDA:475,56,1,0
BRDA:480,57,0,0
BRDA:480,57,1,0
BRDA:481,58,0,0
BRDA:481,58,1,0
BRDA:494,59,0,0
BRDA:494,59,1,0
BRDA:505,60,0,0
BRDA:505,60,1,0
BRDA:505,61,0,0
BRDA:505,61,1,0
BRDA:522,62,0,0
BRDA:522,62,1,0
BRDA:566,63,0,0
BRDA:566,63,1,0
BRDA:566,64,0,0
BRDA:566,64,1,0
BRDA:571,65,0,0
BRDA:571,65,1,0
BRDA:575,66,0,0
BRDA:575,66,1,0
BRDA:587,67,0,0
BRDA:587,67,1,0
BRDA:2,68,0,0
BRDA:2,68,1,0
BRDA:2,68,2,0
BRDA:2,69,0,0
BRDA:2,69,1,0
BRDA:3,70,0,0
BRDA:3,70,1,0
BRDA:5,71,0,0
BRDA:5,71,1,0
BRDA:5,72,0,0
BRDA:5,72,1,0
BRDA:5,73,0,0
BRDA:5,73,1,0
BRDA:5,74,0,0
BRDA:5,74,1,0
BRDA:10,75,0,0
BRDA:10,75,1,0
BRDA:13,76,0,0
BRDA:13,76,1,0
BRDA:13,76,2,0
BRDA:13,77,0,0
BRDA:13,77,1,0
BRDA:18,78,0,0
BRDA:18,78,1,0
BRDA:18,78,2,0
BRDA:20,79,0,0
BRDA:20,79,1,0
BRDA:22,80,0,0
BRDA:22,80,1,0
BRDA:28,81,0,0
BRDA:28,81,1,0
BRDA:28,82,0,0
BRDA:28,82,1,0
BRDA:30,83,0,0
BRDA:30,83,1,0
BRDA:30,84,0,0
BRDA:30,84,1,0
BRDA:35,85,0,0
BRDA:35,85,1,0
BRDA:35,85,2,0
BRDA:36,86,0,0
BRDA:36,86,1,0
BRDA:36,87,0,0
BRDA:36,87,1,0
BRDA:84,88,0,0
BRDA:84,88,1,0
BRDA:85,89,0,0
BRDA:85,89,1,0
BRDA:107,90,0,0
BRDA:107,90,1,0
BRDA:109,91,0,0
BRDA:109,91,1,0
BRDA:109,92,0,0
BRDA:109,92,1,0
BRDA:109,92,2,0
BRDA:184,93,0,0
BRDA:188,94,0,0
BRDA:188,94,1,0
BRDA:189,95,0,0
BRDA:189,95,1,0
BRDA:193,96,0,0
BRDA:193,96,1,0
BRDA:194,97,0,0
BRDA:194,97,1,0
BRDA:197,98,0,0
BRDA:197,98,1,0
BRDA:199,99,0,0
BRDA:199,99,1,0
BRDA:200,100,0,0
BRDA:200,100,1,0
BRDA:204,101,0,0
BRDA:204,101,1,0
BRDA:204,102,0,0
BRDA:204,102,1,0
BRDA:206,103,0,0
BRDA:206,103,1,0
BRDA:207,104,0,0
BRDA:207,104,1,0
BRDA:211,105,0,0
BRDA:211,105,1,0
BRDA:212,106,0,0
BRDA:212,106,1,0
BRDA:215,107,0,0
BRDA:215,107,1,0
BRDA:219,108,0,0
BRDA:219,108,1,0
BRDA:219,109,0,0
BRDA:219,109,1,0
BRDA:224,110,0,0
BRDA:224,110,1,0
BRDA:225,111,0,0
BRDA:225,111,1,0
BRDA:228,112,0,0
BRDA:228,112,1,0
BRDA:229,113,0,0
BRDA:229,113,1,0
BRDA:232,114,0,0
BRDA:232,114,1,0
BRDA:237,115,0,0
BRDA:237,115,1,0
BRDA:245,116,0,0
BRDA:245,116,1,0
BRDA:254,117,0,0
BRDA:254,117,1,0
BRDA:259,118,0,0
BRDA:259,118,1,0
BRDA:263,119,0,0
BRDA:263,119,1,0
BRDA:271,120,0,0
BRDA:271,120,1,0
BRDA:282,121,0,0
BRDA:282,121,1,0
BRDA:283,122,0,0
BRDA:283,122,1,0
BRDA:293,123,0,0
BRDA:293,123,1,0
BRDA:294,124,0,0
BRDA:294,124,1,0
BRDA:295,125,0,0
BRDA:295,125,1,0
BRDA:305,126,0,0
BRDA:305,126,1,0
BRDA:311,127,0,0
BRDA:311,127,1,0
BRDA:320,128,0,0
BRDA:320,128,1,0
BRDA:343,129,0,0
BRDA:343,129,1,0
BRDA:367,130,0,0
BRDA:367,130,1,0
BRDA:368,131,0,0
BRDA:368,131,1,0
BRDA:369,132,0,0
BRDA:369,132,1,0
BRDA:372,133,0,0
BRDA:372,133,1,0
BRDA:373,134,0,0
BRDA:373,134,1,0
BRDA:374,135,0,0
BRDA:374,135,1,0
BRDA:375,136,0,0
BRDA:375,136,1,0
BRDA:388,137,0,0
BRDA:388,137,1,0
BRDA:393,138,0,0
BRDA:393,138,1,0
BRDA:407,139,0,0
BRDA:407,139,1,0
BRDA:407,140,0,0
BRDA:407,140,1,0
BRDA:407,140,2,0
BRDA:430,141,0,0
BRDA:430,141,1,0
BRDA:435,142,0,0
BRDA:435,142,1,0
BRDA:435,142,2,0
BRDA:435,142,3,0
BRDA:442,143,0,0
BRDA:442,143,1,0
BRDA:444,144,0,0
BRDA:444,144,1,0
BRDA:449,145,0,0
BRDA:449,145,1,0
BRDA:451,146,0,0
BRDA:451,146,1,0
BRDA:464,147,0,0
BRDA:464,147,1,0
BRDA:470,148,0,0
BRDA:470,148,1,0
BRDA:470,149,0,0
BRDA:470,149,1,0
BRDA:477,150,0,0
BRDA:477,150,1,0
BRDA:489,151,0,0
BRDA:489,151,1,0
BRDA:489,152,0,0
BRDA:489,152,1,0
BRDA:494,153,0,0
BRDA:494,153,1,0
BRDA:496,154,0,0
BRDA:496,154,1,0
BRDA:499,155,0,0
BRDA:499,155,1,0
BRF:322
BRH:0
end_of_record
TN:
SF:src\screens\admin\ReportsScreen.tsx
FN:33,(anonymous_0)
FN:56,(anonymous_1)
FN:67,(anonymous_2)
FN:72,(anonymous_3)
FN:84,(anonymous_4)
FN:96,(anonymous_5)
FN:109,(anonymous_6)
FN:117,(anonymous_7)
FN:135,(anonymous_8)
FN:143,(anonymous_9)
FN:164,(anonymous_10)
FN:185,(anonymous_11)
FN:187,(anonymous_12)
FN:205,(anonymous_13)
FN:244,(anonymous_14)
FN:248,(anonymous_15)
FN:250,(anonymous_16)
FN:295,(anonymous_17)
FN:299,(anonymous_18)
FN:301,(anonymous_19)
FN:391,(anonymous_20)
FN:421,(anonymous_21)
FN:439,(anonymous_22)
FN:2,(anonymous_0)
FN:6,(anonymous_1)
FN:9,(anonymous_2)
FN:13,(anonymous_3)
FN:15,(anonymous_4)
FN:18,(anonymous_5)
FN:19,(anonymous_6)
FN:20,(anonymous_7)
FN:27,(anonymous_8)
FN:48,(anonymous_9)
FN:67,(anonymous_10)
FN:76,(anonymous_11)
FN:80,(anonymous_12)
FN:91,(anonymous_13)
FN:102,(anonymous_14)
FN:113,(anonymous_15)
FN:120,(anonymous_16)
FN:136,(anonymous_17)
FN:144,(anonymous_18)
FN:155,(anonymous_19)
FN:162,(anonymous_20)
FN:162,(anonymous_21)
FN:171,(anonymous_22)
FN:188,(anonymous_23)
FN:188,(anonymous_24)
FN:188,(anonymous_25)
FN:209,(anonymous_26)
FN:209,(anonymous_27)
FN:209,(anonymous_28)
FN:243,(anonymous_29)
FN:252,(anonymous_30)
FN:256,(anonymous_31)
FNF:55
FNH:0
FNDA:0,(anonymous_0)
FNDA:0,(anonymous_1)
FNDA:0,(anonymous_2)
FNDA:0,(anonymous_3)
FNDA:0,(anonymous_4)
FNDA:0,(anonymous_5)
FNDA:0,(anonymous_6)
FNDA:0,(anonymous_7)
FNDA:0,(anonymous_8)
FNDA:0,(anonymous_9)
FNDA:0,(anonymous_10)
FNDA:0,(anonymous_11)
FNDA:0,(anonymous_12)
FNDA:0,(anonymous_13)
FNDA:0,(anonymous_14)
FNDA:0,(anonymous_15)
FNDA:0,(anonymous_16)
FNDA:0,(anonymous_17)
FNDA:0,(anonymous_18)
FNDA:0,(anonymous_19)
FNDA:0,(anonymous_20)
FNDA:0,(anonymous_21)
FNDA:0,(anonymous_22)
FNDA:0,(anonymous_0)
FNDA:0,(anonymous_1)
FNDA:0,(anonymous_2)
FNDA:0,(anonymous_3)
FNDA:0,(anonymous_4)
FNDA:0,(anonymous_5)
FNDA:0,(anonymous_6)
FNDA:0,(anonymous_7)
FNDA:0,(anonymous_8)
FNDA:0,(anonymous_9)
FNDA:0,(anonymous_10)
FNDA:0,(anonymous_11)
FNDA:0,(anonymous_12)
FNDA:0,(anonymous_13)
FNDA:0,(anonymous_14)
FNDA:0,(anonymous_15)
FNDA:0,(anonymous_16)
FNDA:0,(anonymous_17)
FNDA:0,(anonymous_18)
FNDA:0,(anonymous_19)
FNDA:0,(anonymous_20)
FNDA:0,(anonymous_21)
FNDA:0,(anonymous_22)
FNDA:0,(anonymous_23)
FNDA:0,(anonymous_24)
FNDA:0,(anonymous_25)
FNDA:0,(anonymous_26)
FNDA:0,(anonymous_27)
FNDA:0,(anonymous_28)
FNDA:0,(anonymous_29)
FNDA:0,(anonymous_30)
FNDA:0,(anonymous_31)
DA:2,0
DA:3,0
DA:4,0
DA:5,0
DA:6,0
DA:8,0
DA:10,0
DA:11,0
DA:13,0
DA:14,0
DA:16,0
DA:18,0
DA:19,0
DA:20,0
DA:21,0
DA:22,0
DA:23,0
DA:25,0
DA:27,0
DA:28,0
DA:29,0
DA:30,0
DA:31,0
DA:32,0
DA:33,0
DA:34,0
DA:35,0
DA:36,0
DA:37,0
DA:38,0
DA:39,0
DA:40,0
DA:41,0
DA:42,0
DA:43,0
DA:44,0
DA:45,0
DA:46,0
DA:47,0
DA:48,0
DA:49,0
DA:50,0
DA:51,0
DA:52,0
DA:53,0
DA:54,0
DA:55,0
DA:56,0
DA:57,0
DA:58,0
DA:59,0
DA:60,0
DA:62,0
DA:63,0
DA:64,0
DA:65,0
DA:67,0
DA:68,0
DA:69,0
DA:70,0
DA:71,0
DA:72,0
DA:73,0
DA:74,0
DA:75,0
DA:76,0
DA:77,0
DA:80,0
DA:81,0
DA:82,0
DA:84,0
DA:85,0
DA:86,0
DA:91,0
DA:92,0
DA:93,0
DA:96,0
DA:97,0
DA:98,0
DA:99,0
DA:102,0
DA:103,0
DA:104,0
DA:105,0
DA:109,0
DA:110,0
DA:111,0
DA:113,0
DA:114,0
DA:115,0
DA:117,0
DA:118,0
DA:119,0
DA:120,0
DA:121,0
DA:122,0
DA:123,0
DA:125,0
DA:126,0
DA:127,0
DA:128,0
DA:129,0
DA:130,0
DA:131,0
DA:133,0
DA:135,0
DA:136,0
DA:137,0
DA:138,0
DA:139,0
DA:141,0
DA:143,0
DA:144,0
DA:145,0
DA:146,0
DA:147,0
DA:148,0
DA:149,0
DA:151,0
DA:155,0
DA:162,0
DA:163,0
DA:164,0
DA:171,0
DA:185,0
DA:188,0
DA:189,0
DA:190,0
DA:205,0
DA:209,0
DA:210,0
DA:211,0
DA:243,0
DA:245,0
DA:248,0
DA:251,0
DA:252,0
DA:256,0
DA:258,0
DA:296,0
DA:299,0
DA:302,0
DA:303,0
DA:392,0
DA:422,0
DA:439,0
DA:448,0
DA:460,0
LF:148
LH:0
BRDA:73,0,0,0
BRDA:73,0,1,0
BRDA:75,1,0,0
BRDA:75,1,1,0
BRDA:85,2,0,0
BRDA:85,2,1,0
BRDA:97,3,0,0
BRDA:97,3,1,0
BRDA:100,4,0,0
BRDA:100,4,1,0
BRDA:123,5,0,0
BRDA:123,5,1,0
BRDA:128,6,0,0
BRDA:128,6,1,0
BRDA:131,7,0,0
BRDA:131,7,1,0
BRDA:144,8,0,0
BRDA:144,8,1,0
BRDA:188,9,0,0
BRDA:188,9,1,0
BRDA:197,10,0,0
BRDA:197,10,1,0
BRDA:212,11,0,0
BRDA:212,11,1,0
BRDA:218,12,0,0
BRDA:218,12,1,0
BRDA:235,13,0,0
BRDA:235,13,1,0
BRDA:251,14,0,0
BRDA:251,14,1,0
BRDA:251,15,0,0
BRDA:251,15,1,0
BRDA:260,16,0,0
BRDA:260,16,1,0
BRDA:267,17,0,0
BRDA:267,17,1,0
BRDA:286,18,0,0
BRDA:286,18,1,0
BRDA:302,19,0,0
BRDA:302,19,1,0
BRDA:302,20,0,0
BRDA:302,20,1,0
BRDA:311,21,0,0
BRDA:311,21,1,0
BRDA:318,22,0,0
BRDA:318,22,1,0
BRDA:339,23,0,0
BRDA:339,23,1,0
BRDA:378,24,0,0
BRDA:378,24,1,0
BRDA:408,25,0,0
BRDA:408,25,1,0
BRDA:2,26,0,0
BRDA:2,26,1,0
BRDA:2,26,2,0
BRDA:2,27,0,0
BRDA:2,27,1,0
BRDA:3,28,0,0
BRDA:3,28,1,0
BRDA:5,29,0,0
BRDA:5,29,1,0
BRDA:5,30,0,0
BRDA:5,30,1,0
BRDA:5,31,0,0
BRDA:5,31,1,0
BRDA:5,32,0,0
BRDA:5,32,1,0
BRDA:10,33,0,0
BRDA:10,33,1,0
BRDA:13,34,0,0
BRDA:13,34,1,0
BRDA:13,34,2,0
BRDA:13,35,0,0
BRDA:13,35,1,0
BRDA:18,36,0,0
BRDA:18,36,1,0
BRDA:18,36,2,0
BRDA:20,37,0,0
BRDA:20,37,1,0
BRDA:22,38,0,0
BRDA:22,38,1,0
BRDA:28,39,0,0
BRDA:28,39,1,0
BRDA:28,40,0,0
BRDA:28,40,1,0
BRDA:30,41,0,0
BRDA:30,41,1,0
BRDA:30,42,0,0
BRDA:30,42,1,0
BRDA:81,43,0,0
BRDA:81,43,1,0
BRDA:83,44,0,0
BRDA:83,44,1,0
BRDA:92,45,0,0
BRDA:92,45,1,0
BRDA:103,46,0,0
BRDA:103,46,1,0
BRDA:106,47,0,0
BRDA:106,47,1,0
BRDA:125,48,0,0
BRDA:125,48,1,0
BRDA:130,49,0,0
BRDA:130,49,1,0
BRDA:133,50,0,0
BRDA:133,50,1,0
BRDA:145,51,0,0
BRDA:145,51,1,0
BRDA:163,52,0,0
BRDA:163,52,1,0
BRDA:169,53,0,0
BRDA:169,53,1,0
BRDA:174,54,0,0
BRDA:174,54,1,0
BRDA:176,55,0,0
BRDA:176,55,1,0
BRDA:185,56,0,0
BRDA:185,56,1,0
BRDA:189,57,0,0
BRDA:189,57,1,0
BRDA:189,58,0,0
BRDA:189,58,1,0
BRDA:195,59,0,0
BRDA:195,59,1,0
BRDA:197,60,0,0
BRDA:197,60,1,0
BRDA:206,61,0,0
BRDA:206,61,1,0
BRDA:210,62,0,0
BRDA:210,62,1,0
BRDA:210,63,0,0
BRDA:210,63,1,0
BRDA:216,64,0,0
BRDA:216,64,1,0
BRDA:218,65,0,0
BRDA:218,65,1,0
BRDA:228,66,0,0
BRDA:228,66,1,0
BRDA:238,67,0,0
BRDA:238,67,1,0
BRDA:247,68,0,0
BRDA:247,68,1,0
BRF:141
BRH:0
end_of_record
TN:
SF:src\screens\admin\VehicleManagementScreen.tsx
FN:47,(anonymous_0)
FN:98,(anonymous_1)
FN:109,(anonymous_2)
FN:120,(anonymous_3)
FN:132,(anonymous_4)
FN:143,(anonymous_5)
FN:160,(anonymous_6)
FN:182,(anonymous_7)
FN:193,(anonymous_8)
FN:204,(anonymous_9)
FN:216,(anonymous_10)
FN:227,(anonymous_11)
FN:244,(anonymous_12)
FN:259,(anonymous_13)
FN:282,(anonymous_14)
FN:286,(anonymous_15)
FN:298,(anonymous_16)
FN:304,(anonymous_17)
FN:345,(anonymous_18)
FN:373,(anonymous_19)
FN:393,(anonymous_20)
FN:430,(anonymous_21)
FN:442,(anonymous_22)
FN:447,(anonymous_23)
FN:461,(anonymous_24)
FN:472,(anonymous_25)
FN:490,(anonymous_26)
FN:512,(anonymous_27)
FN:515,(anonymous_28)
FN:519,(anonymous_29)
FN:527,(anonymous_30)
FN:535,(anonymous_31)
FN:543,(anonymous_32)
FN:547,(anonymous_33)
FN:565,(anonymous_34)
FN:599,(anonymous_35)
FN:605,(anonymous_36)
FN:614,(anonymous_37)
FN:695,(anonymous_38)
FN:742,(anonymous_39)
FN:752,(anonymous_40)
FN:761,(anonymous_41)
FN:773,(anonymous_42)
FN:2,(anonymous_0)
FN:6,(anonymous_1)
FN:9,(anonymous_2)
FN:13,(anonymous_3)
FN:15,(anonymous_4)
FN:18,(anonymous_5)
FN:19,(anonymous_6)
FN:20,(anonymous_7)
FN:27,(anonymous_8)
FN:46,(anonymous_9)
FN:57,(anonymous_10)
FN:59,(anonymous_11)
FN:61,(anonymous_12)
FN:63,(anonymous_13)
FN:65,(anonymous_14)
FN:68,(anonymous_15)
FN:76,(anonymous_16)
FN:78,(anonymous_17)
FN:80,(anonymous_18)
FN:82,(anonymous_19)
FN:84,(anonymous_20)
FN:87,(anonymous_21)
FN:91,(anonymous_22)
FN:112,(anonymous_23)
FN:115,(anonymous_24)
FN:127,(anonymous_25)
FN:132,(anonymous_26)
FN:167,(anonymous_27)
FN:191,(anonymous_28)
FN:210,(anonymous_29)
FN:245,(anonymous_30)
FN:256,(anonymous_31)
FN:261,(anonymous_32)
FN:274,(anonymous_33)
FN:282,(anonymous_34)
FN:298,(anonymous_35)
FN:318,(anonymous_36)
FN:321,(anonymous_37)
FN:324,(anonymous_38)
FN:332,(anonymous_39)
FN:339,(anonymous_40)
FN:346,(anonymous_41)
FN:347,(anonymous_42)
FN:357,(anonymous_43)
FN:379,(anonymous_44)
FN:379,(anonymous_45)
FN:383,(anonymous_46)
FN:420,(anonymous_47)
FN:438,(anonymous_48)
FN:439,(anonymous_49)
FN:442,(anonymous_50)
FN:443,(anonymous_51)
FNF:95
FNH:0
FNDA:0,(anonymous_0)
FNDA:0,(anonymous_1)
FNDA:0,(anonymous_2)
FNDA:0,(anonymous_3)
FNDA:0,(anonymous_4)
FNDA:0,(anonymous_5)
FNDA:0,(anonymous_6)
FNDA:0,(anonymous_7)
FNDA:0,(anonymous_8)
FNDA:0,(anonymous_9)
FNDA:0,(anonymous_10)
FNDA:0,(anonymous_11)
FNDA:0,(anonymous_12)
FNDA:0,(anonymous_13)
FNDA:0,(anonymous_14)
FNDA:0,(anonymous_15)
FNDA:0,(anonymous_16)
FNDA:0,(anonymous_17)
FNDA:0,(anonymous_18)
FNDA:0,(anonymous_19)
FNDA:0,(anonymous_20)
FNDA:0,(anonymous_21)
FNDA:0,(anonymous_22)
FNDA:0,(anonymous_23)
FNDA:0,(anonymous_24)
FNDA:0,(anonymous_25)
FNDA:0,(anonymous_26)
FNDA:0,(anonymous_27)
FNDA:0,(anonymous_28)
FNDA:0,(anonymous_29)
FNDA:0,(anonymous_30)
FNDA:0,(anonymous_31)
FNDA:0,(anonymous_32)
FNDA:0,(anonymous_33)
FNDA:0,(anonymous_34)
FNDA:0,(anonymous_35)
FNDA:0,(anonymous_36)
FNDA:0,(anonymous_37)
FNDA:0,(anonymous_38)
FNDA:0,(anonymous_39)
FNDA:0,(anonymous_40)
FNDA:0,(anonymous_41)
FNDA:0,(anonymous_42)
FNDA:0,(anonymous_0)
FNDA:0,(anonymous_1)
FNDA:0,(anonymous_2)
FNDA:0,(anonymous_3)
FNDA:0,(anonymous_4)
FNDA:0,(anonymous_5)
FNDA:0,(anonymous_6)
FNDA:0,(anonymous_7)
FNDA:0,(anonymous_8)
FNDA:0,(anonymous_9)
FNDA:0,(anonymous_10)
FNDA:0,(anonymous_11)
FNDA:0,(anonymous_12)
FNDA:0,(anonymous_13)
FNDA:0,(anonymous_14)
FNDA:0,(anonymous_15)
FNDA:0,(anonymous_16)
FNDA:0,(anonymous_17)
FNDA:0,(anonymous_18)
FNDA:0,(anonymous_19)
FNDA:0,(anonymous_20)
FNDA:0,(anonymous_21)
FNDA:0,(anonymous_22)
FNDA:0,(anonymous_23)
FNDA:0,(anonymous_24)
FNDA:0,(anonymous_25)
FNDA:0,(anonymous_26)
FNDA:0,(anonymous_27)
FNDA:0,(anonymous_28)
FNDA:0,(anonymous_29)
FNDA:0,(anonymous_30)
FNDA:0,(anonymous_31)
FNDA:0,(anonymous_32)
FNDA:0,(anonymous_33)
FNDA:0,(anonymous_34)
FNDA:0,(anonymous_35)
FNDA:0,(anonymous_36)
FNDA:0,(anonymous_37)
FNDA:0,(anonymous_38)
FNDA:0,(anonymous_39)
FNDA:0,(anonymous_40)
FNDA:0,(anonymous_41)
FNDA:0,(anonymous_42)
FNDA:0,(anonymous_43)
FNDA:0,(anonymous_44)
FNDA:0,(anonymous_45)
FNDA:0,(anonymous_46)
FNDA:0,(anonymous_47)
FNDA:0,(anonymous_48)
FNDA:0,(anonymous_49)
FNDA:0,(anonymous_50)
FNDA:0,(anonymous_51)
DA:2,0
DA:3,0
DA:4,0
DA:5,0
DA:6,0
DA:8,0
DA:10,0
DA:11,0
DA:13,0
DA:14,0
DA:16,0
DA:18,0
DA:19,0
DA:20,0
DA:21,0
DA:22,0
DA:23,0
DA:25,0
DA:27,0
DA:28,0
DA:29,0
DA:30,0
DA:31,0
DA:32,0
DA:35,0
DA:36,0
DA:37,0
DA:38,0
DA:39,0
DA:40,0
DA:41,0
DA:42,0
DA:43,0
DA:44,0
DA:45,0
DA:46,0
DA:47,0
DA:57,0
DA:59,0
DA:61,0
DA:63,0
DA:65,0
DA:69,0
DA:70,0
DA:76,0
DA:78,0
DA:80,0
DA:82,0
DA:84,0
DA:88,0
DA:89,0
DA:91,0
DA:92,0
DA:93,0
DA:94,0
DA:95,0
DA:96,0
DA:97,0
DA:98,0
DA:99,0
DA:100,0
DA:101,0
DA:103,0
DA:109,0
DA:110,0
DA:111,0
DA:112,0
DA:113,0
DA:115,0
DA:116,0
DA:117,0
DA:119,0
DA:120,0
DA:124,0
DA:127,0
DA:128,0
DA:129,0
DA:130,0
DA:132,0
DA:133,0
DA:135,0
DA:136,0
DA:137,0
DA:140,0
DA:141,0
DA:143,0
DA:144,0
DA:145,0
DA:146,0
DA:150,0
DA:151,0
DA:152,0
DA:155,0
DA:156,0
DA:157,0
DA:160,0
DA:161,0
DA:162,0
DA:164,0
DA:165,0
DA:167,0
DA:168,0
DA:169,0
DA:170,0
DA:172,0
DA:173,0
DA:174,0
DA:175,0
DA:176,0
DA:177,0
DA:178,0
DA:180,0
DA:181,0
DA:182,0
DA:183,0
DA:184,0
DA:185,0
DA:186,0
DA:187,0
DA:189,0
DA:191,0
DA:192,0
DA:193,0
DA:194,0
DA:195,0
DA:197,0
DA:204,0
DA:205,0
DA:209,0
DA:210,0
DA:211,0
DA:212,0
DA:213,0
DA:214,0
DA:216,0
DA:217,0
DA:224,0
DA:227,0
DA:234,0
DA:235,0
DA:236,0
DA:239,0
DA:242,0
DA:245,0
DA:246,0
DA:253,0
DA:254,0
DA:256,0
DA:257,0
DA:258,0
DA:259,0
DA:260,0
DA:261,0
DA:262,0
DA:263,0
DA:264,0
DA:265,0
DA:266,0
DA:267,0
DA:268,0
DA:269,0
DA:271,0
DA:272,0
DA:274,0
DA:275,0
DA:276,0
DA:277,0
DA:279,0
DA:280,0
DA:282,0
DA:283,0
DA:284,0
DA:285,0
DA:286,0
DA:287,0
DA:288,0
DA:289,0
DA:290,0
DA:292,0
DA:294,0
DA:298,0
DA:299,0
DA:300,0
DA:301,0
DA:303,0
DA:304,0
DA:305,0
DA:306,0
DA:307,0
DA:308,0
DA:309,0
DA:310,0
DA:313,0
DA:314,0
DA:315,0
DA:316,0
DA:317,0
DA:318,0
DA:319,0
DA:320,0
DA:321,0
DA:324,0
DA:325,0
DA:326,0
DA:329,0
DA:330,0
DA:331,0
DA:332,0
DA:333,0
DA:335,0
DA:336,0
DA:337,0
DA:338,0
DA:339,0
DA:341,0
DA:342,0
DA:344,0
DA:345,0
DA:346,0
DA:347,0
DA:348,0
DA:349,0
DA:350,0
DA:351,0
DA:352,0
DA:353,0
DA:354,0
DA:355,0
DA:356,0
DA:357,0
DA:358,0
DA:359,0
DA:360,0
DA:361,0
DA:362,0
DA:363,0
DA:365,0
DA:366,0
DA:367,0
DA:368,0
DA:371,0
DA:373,0
DA:374,0
DA:375,0
DA:376,0
DA:377,0
DA:379,0
DA:380,0
DA:384,0
DA:389,0
DA:392,0
DA:393,0
DA:394,0
DA:395,0
DA:396,0
DA:397,0
DA:401,0
DA:409,0
DA:410,0
DA:411,0
DA:413,0
DA:416,0
DA:420,0
DA:421,0
DA:422,0
DA:424,0
DA:426,0
DA:430,0
DA:431,0
DA:438,0
DA:439,0
DA:442,0
DA:443,0
DA:444,0
DA:445,0
DA:448,0
DA:449,0
DA:450,0
DA:451,0
DA:452,0
DA:457,0
DA:458,0
DA:461,0
DA:462,0
DA:464,0
DA:473,0
DA:474,0
DA:475,0
DA:478,0
DA:479,0
DA:480,0
DA:482,0
DA:490,0
DA:491,0
DA:494,0
DA:496,0
DA:497,0
DA:499,0
DA:500,0
DA:502,0
DA:503,0
DA:506,0
DA:507,0
DA:509,0
DA:512,0
DA:514,0
DA:515,0
DA:519,0
DA:520,0
DA:521,0
DA:523,0
DA:527,0
DA:528,0
DA:530,0
DA:532,0
DA:535,0
DA:537,0
DA:538,0
DA:540,0
DA:543,0
DA:544,0
DA:548,0
DA:549,0
DA:550,0
DA:566,0
DA:567,0
DA:599,0
DA:600,0
DA:605,0
DA:615,0
DA:667,0
DA:668,0
DA:672,0
DA:680,0
DA:695,0
DA:743,0
DA:752,0
DA:761,0
DA:773,0
DA:782,0
LF:340
LH:0
BRDA:57,0,0,0
BRDA:69,1,0,0
BRDA:69,1,1,0
BRDA:71,2,0,0
BRDA:71,2,1,0
BRDA:71,2,2,0
BRDA:73,3,0,0
BRDA:73,3,1,0
BRDA:78,4,0,0
BRDA:78,4,1,0
BRDA:83,5,0,0
BRDA:83,5,1,0
BRDA:83,6,0,0
BRDA:83,6,1,0
BRDA:86,7,0,0
BRDA:86,7,1,0
BRDA:153,8,0,0
BRDA:153,8,1,0
BRDA:153,9,0,0
BRDA:153,9,1,0
BRDA:153,10,0,0
BRDA:153,10,1,0
BRDA:237,11,0,0
BRDA:237,11,1,0
BRDA:237,12,0,0
BRDA:237,12,1,0
BRDA:237,13,0,0
BRDA:237,13,1,0
BRDA:290,14,0,0
BRDA:290,14,1,0
BRDA:290,15,0,0
BRDA:290,15,1,0
BRDA:309,16,0,0
BRDA:309,16,1,0
BRDA:310,17,0,0
BRDA:310,17,1,0
BRDA:314,18,0,0
BRDA:314,18,1,0
BRDA:318,19,0,0
BRDA:318,19,1,0
BRDA:325,20,0,0
BRDA:325,20,1,0
BRDA:326,21,0,0
BRDA:326,21,1,0
BRDA:331,22,0,0
BRDA:331,22,1,0
BRDA:332,23,0,0
BRDA:332,23,1,0
BRDA:337,24,0,0
BRDA:337,24,1,0
BRDA:338,25,0,0
BRDA:338,25,1,0
BRDA:347,26,0,0
BRDA:347,26,1,0
BRDA:354,27,0,0
BRDA:354,27,1,0
BRDA:365,28,0,0
BRDA:365,28,1,0
BRDA:365,29,0,0
BRDA:365,29,1,0
BRDA:371,30,0,0
BRDA:371,30,1,0
BRDA:374,31,0,0
BRDA:374,31,1,0
BRDA:392,32,0,0
BRDA:392,32,1,0
BRDA:393,33,0,0
BRDA:393,33,1,0
BRDA:394,34,0,0
BRDA:394,34,1,0
BRDA:424,35,0,0
BRDA:424,35,1,0
BRDA:445,36,0,0
BRDA:445,36,1,0
BRDA:446,37,0,0
BRDA:446,37,1,0
BRDA:447,38,0,0
BRDA:447,38,1,0
BRDA:454,39,0,0
BRDA:454,39,1,0
BRDA:455,40,0,0
BRDA:455,40,1,0
BRDA:462,41,0,0
BRDA:462,41,1,0
BRDA:494,42,0,0
BRDA:494,42,1,0
BRDA:494,42,2,0
BRDA:494,42,3,0
BRDA:494,42,4,0
BRDA:494,42,5,0
BRDA:514,43,0,0
BRDA:514,43,1,0
BRDA:528,44,0,0
BRDA:528,44,1,0
BRDA:537,45,0,0
BRDA:537,45,1,0
BRDA:537,45,2,0
BRDA:538,46,0,0
BRDA:538,46,1,0
BRDA:540,47,0,0
BRDA:540,47,1,0
BRDA:548,48,0,0
BRDA:548,48,1,0
BRDA:622,49,0,0
BRDA:622,49,1,0
BRDA:667,50,0,0
BRDA:667,50,1,0
BRDA:667,51,0,0
BRDA:667,51,1,0
BRDA:684,52,0,0
BRDA:684,52,1,0
BRDA:726,53,0,0
BRDA:726,53,1,0
BRDA:726,54,0,0
BRDA:726,54,1,0
BRDA:731,55,0,0
BRDA:731,55,1,0
BRDA:735,56,0,0
[...]
FN:279,(anonymous_7)
FN:298,(anonymous_8)
FN:305,(anonymous_9)
FN:306,(anonymous_10)
FN:312,(anonymous_11)
FN:313,(anonymous_12)
FN:319,(anonymous_13)
FN:320,(anonymous_14)
FN:326,(anonymous_15)
FN:333,(anonymous_16)
FN:341,(anonymous_17)
FN:360,(anonymous_18)
FN:371,(anonymous_19)
FN:378,(anonymous_20)
FN:418,(anonymous_21)
FN:428,(anonymous_22)
FN:442,(anonymous_23)
FNF:24
FNH:9
FNDA:34,(anonymous_0)
FNDA:13,(anonymous_1)
FNDA:9,(anonymous_2)
FNDA:0,(anonymous_3)
FNDA:8,(anonymous_4)
FNDA:2,(anonymous_5)
FNDA:0,(anonymous_6)
FNDA:0,(anonymous_7)
FNDA:0,(anonymous_8)
FNDA:0,(anonymous_9)
FNDA:0,(anonymous_10)
FNDA:0,(anonymous_11)
FNDA:0,(anonymous_12)
FNDA:0,(anonymous_13)
FNDA:0,(anonymous_14)
FNDA:0,(anonymous_15)
FNDA:0,(anonymous_16)
FNDA:0,(anonymous_17)
FNDA:0,(anonymous_18)
FNDA:34,(anonymous_19)
FNDA:34,(anonymous_20)
FNDA:0,(anonymous_21)
FNDA:22,(anonymous_22)
FNDA:8,(anonymous_23)
DA:72,2
DA:73,2
DA:74,2
DA:86,34
DA:102,34
DA:103,34
DA:104,0
DA:108,34
DA:111,34
DA:114,34
DA:115,8
DA:126,26
DA:127,16
DA:150,13
DA:154,13
DA:158,13
DA:180,9
DA:184,9
DA:188,9
DA:211,0
DA:227,8
DA:245,2
DA:264,0
DA:268,0
DA:284,0
DA:299,0
DA:306,0
DA:313,0
DA:320,0
DA:327,0
DA:334,0
DA:335,0
DA:349,0
DA:360,0
DA:361,0
DA:364,0
DA:380,34
DA:381,11
DA:382,11
DA:383,11
DA:386,11
DA:387,7
DA:395,34
DA:396,0
DA:397,0
DA:398,0
DA:400,0
DA:401,0
DA:410,34
DA:419,0
DA:420,0
DA:422,0
DA:429,22
DA:430,0
DA:432,22
DA:433,22
DA:434,0
DA:436,22
DA:443,8
DA:444,0
DA:446,8
DA:451,2
LF:62
LH:35
BRDA:103,0,0,0
BRDA:103,0,1,34
BRDA:114,1,0,8
BRDA:114,1,1,26
BRDA:126,2,0,16
BRDA:126,2,1,10
BRDA:150,3,0,2
BRDA:150,3,1,11
BRDA:154,4,0,2
BRDA:154,4,1,11
BRDA:180,5,0,6
BRDA:180,5,1,3
BRDA:184,6,0,6
BRDA:184,6,1,3
BRDA:264,7,0,0
BRDA:264,7,1,0
BRDA:298,8,0,0
BRDA:361,9,0,0
BRDA:361,9,1,0
BRDA:380,10,0,11
BRDA:380,10,1,23
BRDA:381,11,0,11
BRDA:381,11,1,11
BRDA:382,12,0,11
BRDA:382,12,1,1
BRDA:386,13,0,7
BRDA:386,13,1,4
BRDA:388,14,0,7
BRDA:388,14,1,7
BRDA:395,15,0,0
BRDA:395,15,1,34
BRDA:396,16,0,0
BRDA:396,16,1,0
BRDA:397,17,0,0
BRDA:397,17,1,0
BRDA:400,18,0,0
BRDA:400,18,1,0
BRDA:419,19,0,0
BRDA:419,19,1,0
BRDA:419,20,0,0
BRDA:419,20,1,0
BRDA:429,21,0,0
BRDA:429,21,1,22
BRDA:429,22,0,22
BRDA:429,22,1,22
BRDA:433,23,0,0
BRDA:433,23,1,22
BRDA:443,24,0,0
BRDA:443,24,1,8
BRDA:443,25,0,8
BRDA:443,25,1,8
BRF:51
BRH:31
end_of_record
TN:
SF:src\utils\sessionManager.ts
FN:37,(anonymous_0)
FN:56,(anonymous_1)
FN:65,(anonymous_2)
FN:99,(anonymous_3)
FN:106,(anonymous_4)
FN:127,(anonymous_5)
FN:134,(anonymous_6)
FN:142,(anonymous_7)
FN:188,(anonymous_8)
FN:191,(anonymous_9)
FN:203,(anonymous_10)
FN:213,(anonymous_11)
FN:22,(anonymous_0)
FN:40,(anonymous_1)
FN:48,(anonymous_2)
FN:77,(anonymous_3)
FN:83,(anonymous_4)
FN:96,(anonymous_5)
FN:102,(anonymous_6)
FN:109,(anonymous_7)
FN:140,(anonymous_8)
FN:142,(anonymous_9)
FN:153,(anonymous_10)
FN:162,(anonymous_11)
FNF:24
FNH:24
FNDA:3,(anonymous_0)
FNDA:28,(anonymous_1)
FNDA:25,(anonymous_2)
FNDA:21,(anonymous_3)
FNDA:73,(anonymous_4)
FNDA:33,(anonymous_5)
FNDA:28,(anonymous_6)
FNDA:23,(anonymous_7)
FNDA:19,(anonymous_8)
FNDA:17,(anonymous_9)
FNDA:92,(anonymous_10)
FNDA:8,(anonymous_11)
FNDA:3,(anonymous_0)
FNDA:6,(anonymous_1)
FNDA:25,(anonymous_2)
FNDA:46,(anonymous_3)
FNDA:98,(anonymous_4)
FNDA:10,(anonymous_5)
FNDA:5,(anonymous_6)
FNDA:23,(anonymous_7)
FNDA:19,(anonymous_8)
FNDA:17,(anonymous_9)
FNDA:115,(anonymous_10)
FNDA:31,(anonymous_11)
DA:8,1
DA:9,1
DA:10,1
DA:12,1
DA:13,1
DA:14,1
DA:26,1
DA:27,1
DA:28,1
DA:41,3
DA:42,2
DA:49,25
DA:50,2
DA:57,3
DA:58,2
DA:60,23
DA:61,23
DA:62,8
DA:63,8
DA:66,25
DA:67,17
DA:68,0
DA:69,0
DA:72,15
DA:78,21
DA:79,23
DA:80,23
DA:81,8
DA:82,8
DA:84,73
DA:85,19
DA:86,15
DA:87,0
DA:88,19
DA:89,0
DA:90,88
DA:91,73
DA:93,15
DA:97,10
DA:100,21
DA:103,5
DA:107,73
DA:108,19
DA:110,23
DA:113,20
DA:114,19
DA:120,93
DA:121,92
DA:123,19
DA:125,20
DA:127,1
DA:128,33
DA:131,2
DA:132,1
DA:134,2
DA:135,5
DA:141,19
DA:142,19
DA:143,17
DA:144,17
DA:146,5
DA:147,23
DA:150,20
DA:151,19
DA:154,112
DA:155,38
DA:156,39
DA:158,19
DA:159,1
DA:163,28
DA:164,9
DA:167,28
DA:168,19
DA:170,20
DA:172,24
DA:173,1
DA:174,1
DA:178,2
DA:179,1
DA:181,2
DA:189,19
DA:191,19
DA:192,17
DA:193,17
DA:195,5
DA:204,92
DA:205,19
DA:206,19
DA:214,8
DA:215,8
DA:223,8
DA:229,1
LF:92
LH:88
BRDA:57,0,0,2
BRDA:57,0,1,1
BRDA:66,1,0,2
BRDA:66,1,1,23
BRDA:80,2,0,8
BRDA:80,2,1,15
BRDA:86,3,0,0
BRDA:86,3,1,15
BRDA:87,4,0,0
BRDA:87,4,1,0
BRDA:100,5,0,12
BRDA:100,5,1,9
BRDA:107,6,0,19
BRDA:107,6,1,54
BRDA:147,7,0,19
BRDA:147,7,1,20
BRDA:147,7,2,1
BRDA:147,7,3,2
BRDA:150,8,0,19
BRDA:150,8,1,1
BRDA:150,9,0,20
BRDA:150,9,1,19
BRDA:158,10,0,1
BRDA:158,10,1,18
BRDA:178,11,0,1
BRDA:178,11,1,1
BRDA:193,12,0,5
BRDA:193,12,1,12
BRDA:204,13,0,19
BRDA:204,13,1,73
BRDA:214,14,0,8
BRDA:214,14,1,0
BRDA:41,15,0,2
BRDA:41,15,1,1
BRDA:49,16,0,2
BRDA:49,16,1,23
BRDA:61,17,0,8
BRDA:61,17,1,15
BRDA:66,18,0,0
BRDA:66,18,1,15
BRDA:67,19,0,0
BRDA:67,19,1,0
BRDA:78,20,0,12
BRDA:78,20,1,9
BRDA:84,21,0,19
BRDA:84,21,1,54
BRDA:110,22,0,19
BRDA:110,22,1,20
BRDA:110,22,2,1
BRDA:110,22,3,2
BRDA:113,23,0,19
BRDA:113,23,1,1
BRDA:113,24,0,39
BRDA:113,24,1,73
BRDA:120,25,0,1
BRDA:120,25,1,18
BRDA:131,26,0,1
BRDA:131,26,1,1
BRDA:144,27,0,5
BRDA:144,27,1,12
BRDA:154,28,0,38
BRDA:154,28,1,74
BRDA:163,29,0,27
BRDA:163,29,1,1
BRF:64
BRH:57
end_of_record
TN:
SF:src\utils\subscriptionManager.ts
FN:39,(anonymous_0)
FN:45,(anonymous_1)
FN:27,(anonymous_0)
FN:30,(anonymous_1)
FNF:4
FNH:0
FNDA:0,(anonymous_0)
FNDA:0,(anonymous_1)
FNDA:0,(anonymous_0)
FNDA:0,(anonymous_1)
DA:11,0
DA:12,0
DA:30,0
DA:35,0
DA:45,0
LF:5
LH:0
BRF:0
BRH:0
end_of_record
TN:
SF:src\utils\validation.ts
FN:7,(anonymous_0)
FN:28,(anonymous_1)
FN:47,(anonymous_2)
FN:104,(anonymous_3)
FN:129,(anonymous_4)
FN:154,(anonymous_5)
FN:181,(anonymous_6)
FN:214,(anonymous_7)
FN:229,(anonymous_8)
FN:242,(anonymous_9)
FN:257,(anonymous_10)
FN:291,(anonymous_11)
FN:372,(anonymous_12)
FN:399,(anonymous_13)
FN:440,(anonymous_14)
FN:461,(anonymous_15)
FN:482,(anonymous_16)
FN:516,(anonymous_17)
FN:537,(anonymous_18)
FN:552,(anonymous_19)
FN:568,(anonymous_20)
FN:8,(anonymous_0)
FN:24,(anonymous_1)
FN:39,(anonymous_2)
FN:85,(anonymous_3)
FN:102,(anonymous_4)
FN:121,(anonymous_5)
FN:142,(anonymous_6)
FN:165,(anonymous_7)
FN:176,(anonymous_8)
FN:186,(anonymous_9)
FN:197,(anonymous_10)
FN:223,(anonymous_11)
FN:289,(anonymous_12)
FN:310,(anonymous_13)
FN:344,(anonymous_14)
FN:360,(anonymous_15)
FN:376,(anonymous_16)
FN:403,(anonymous_17)
FN:419,(anonymous_18)
FN:431,(anonymous_19)
FN:443,(anonymous_20)
FNF:42
FNH:42
FNDA:12,(anonymous_0)
FNDA:8,(anonymous_1)
FNDA:42,(anonymous_2)
FNDA:4,(anonymous_3)
FNDA:16,(anonymous_4)
FNDA:8,(anonymous_5)
FNDA:4,(anonymous_6)
FNDA:4,(anonymous_7)
FNDA:12,(anonymous_8)
FNDA:13,(anonymous_9)
FNDA:4,(anonymous_10)
FNDA:9,(anonymous_11)
FNDA:3,(anonymous_12)
FNDA:9,(anonymous_13)
FNDA:9,(anonymous_14)
FNDA:10,(anonymous_15)
FNDA:4,(anonymous_16)
FNDA:7,(anonymous_17)
FNDA:6,(anonymous_18)
FNDA:9,(anonymous_19)
FNDA:6,(anonymous_20)
FNDA:24,(anonymous_0)
FNDA:8,(anonymous_1)
FNDA:24,(anonymous_2)
FNDA:4,(anonymous_3)
FNDA:16,(anonymous_4)
FNDA:8,(anonymous_5)
FNDA:4,(anonymous_6)
FNDA:12,(anonymous_7)
FNDA:3,(anonymous_8)
FNDA:4,(anonymous_9)
FNDA:4,(anonymous_10)
FNDA:9,(anonymous_11)
FNDA:3,(anonymous_12)
FNDA:18,(anonymous_13)
FNDA:18,(anonymous_14)
FNDA:10,(anonymous_15)
FNDA:4,(anonymous_16)
FNDA:16,(anonymous_17)
FNDA:15,(anonymous_18)
FNDA:9,(anonymous_19)
FNDA:15,(anonymous_20)
DA:3,1
DA:4,1
DA:5,1
DA:8,12
DA:9,12
DA:10,3
DA:14,9
DA:15,9
DA:16,12
DA:17,3
DA:18,6
DA:19,1
DA:20,6
DA:21,6
DA:24,5
DA:25,8
DA:26,3
DA:29,8
DA:30,8
DA:31,4
DA:33,4
DA:34,1
DA:35,5
DA:36,4
DA:39,4
DA:40,24
DA:41,2
DA:43,5
DA:45,22
DA:47,22
DA:48,49
DA:49,2
DA:51,57
DA:52,15
DA:53,0
DA:54,40
DA:55,15
DA:57,40
DA:58,22
DA:62,47
DA:63,34
DA:64,0
DA:66,13
DA:67,33
DA:70,33
DA:71,36
DA:74,10
DA:75,10
DA:76,42
DA:77,33
DA:80,9
DA:81,31
DA:82,0
DA:86,31
DA:87,7
DA:89,4
DA:91,28
DA:92,32
DA:93,57
DA:94,1
DA:96,3
DA:97,1
DA:98,27
DA:99,2
DA:103,16
DA:104,4
DA:108,16
DA:109,12
DA:110,1
DA:112,15
DA:113,1
DA:115,14
DA:116,6
DA:117,1
DA:118,8
DA:121,3
DA:122,8
DA:123,1
DA:125,3
DA:127,7
DA:128,7
DA:129,1
DA:130,16
DA:131,10
DA:132,5
DA:135,5
DA:136,17
DA:137,1
DA:138,12
DA:139,5
DA:142,11
DA:143,5
DA:144,4
DA:145,2
DA:146,10
DA:147,4
DA:148,1
DA:150,8
DA:151,1
DA:153,4
DA:154,0
DA:155,8
DA:156,5
DA:157,3
DA:159,4
DA:161,11
DA:163,7
DA:164,1
DA:166,4
DA:167,6
DA:168,5
DA:170,3
DA:171,1
DA:172,5
DA:173,7
DA:174,1
DA:177,4
DA:178,1
DA:180,2
DA:181,1
DA:183,1
DA:187,8
DA:188,4
DA:189,5
DA:190,2
DA:191,3
DA:192,2
DA:193,4
DA:194,2
DA:197,4
DA:198,4
DA:199,0
DA:201,8
DA:202,5
DA:203,4
DA:204,2
DA:205,3
DA:206,3
DA:207,7
DA:208,7
DA:209,7
DA:210,3
DA:211,3
DA:212,1
DA:215,4
DA:216,2
DA:217,4
DA:218,5
DA:220,1
DA:221,3
DA:222,1
DA:224,9
DA:225,11
DA:229,9
DA:230,3
DA:231,1
DA:232,9
DA:234,11
DA:235,10
DA:236,0
DA:238,10
DA:239,9
DA:240,9
DA:241,9
DA:243,13
DA:244,0
DA:245,13
DA:246,10
DA:248,9
DA:249,12
DA:250,11
DA:252,7
DA:253,10
DA:254,7
DA:255,0
DA:257,7
DA:258,13
DA:259,9
DA:260,7
DA:261,7
DA:262,13
DA:263,10
DA:264,7
DA:265,3
DA:267,12
DA:268,12
DA:269,1
DA:270,12
DA:271,12
DA:272,0
DA:273,12
DA:274,12
DA:275,0
DA:276,12
DA:277,10
DA:278,3
DA:279,3
DA:280,1
DA:281,11
DA:282,11
DA:283,11
DA:284,10
DA:285,0
DA:287,1
DA:290,3
DA:291,3
DA:292,12
DA:293,0
DA:295,3
DA:296,0
DA:298,9
DA:299,3
DA:300,0
DA:302,9
DA:303,12
DA:304,12
DA:305,11
DA:306,0
DA:307,10
DA:309,9
DA:310,9
DA:311,18
DA:312,9
DA:315,9
DA:316,18
DA:317,9
DA:319,18
DA:321,18
DA:322,18
DA:323,9
DA:325,18
DA:326,16
DA:328,18
DA:329,16
DA:330,9
DA:331,18
DA:332,12
DA:333,16
DA:334,15
DA:335,10
DA:337,14
DA:338,16
DA:339,16
DA:340,9
DA:342,7
DA:343,3
DA:345,18
DA:346,18
DA:347,13
DA:348,2
DA:351,17
DA:352,8
DA:354,15
DA:355,5
DA:356,0
DA:357,13
DA:360,3
DA:361,13
DA:362,19
DA:363,10
DA:365,3
DA:367,9
DA:368,3
DA:370,6
DA:371,2
DA:373,7
DA:374,3
DA:376,3
DA:377,4
DA:378,0
DA:380,3
DA:381,0
DA:382,4
DA:383,4
DA:384,1
DA:385,3
DA:386,3
DA:387,3
DA:388,3
DA:389,3
DA:390,6
DA:391,3
DA:392,2
DA:394,3
DA:395,3
DA:396,3
DA:397,3
DA:398,1
DA:400,11
DA:401,0
DA:404,7
DA:405,2
DA:406,16
DA:407,7
DA:409,5
DA:410,14
DA:411,10
DA:412,9
DA:413,13
DA:414,10
DA:416,12
DA:417,9
DA:418,9
DA:420,15
DA:421,15
DA:422,2
DA:425,13
DA:426,7
DA:428,11
DA:429,6
DA:430,1
DA:432,18
DA:433,14
DA:435,0
DA:436,8
DA:437,8
DA:438,3
DA:440,5
DA:441,9
DA:443,9
DA:444,7
DA:445,7
DA:446,6
DA:447,12
DA:448,12
DA:449,20
DA:450,14
DA:451,4
DA:452,4
DA:453,12
DA:454,8
DA:456,6
DA:457,4
DA:459,1
DA:462,10
DA:464,10
DA:465,1
DA:470,9
DA:471,3
DA:474,6
DA:475,2
DA:478,4
DA:483,4
DA:484,0
DA:489,4
DA:490,4
DA:491,1
DA:494,3
DA:495,3
DA:496,3
DA:497,3
DA:499,3
DA:500,0
DA:504,3
DA:505,3
DA:506,3
DA:508,3
DA:509,1
DA:512,2
DA:517,7
DA:518,2
DA:523,5
DA:525,5
DA:526,1
DA:529,4
DA:530,1
DA:533,3
DA:538,6
DA:539,2
DA:544,4
DA:545,2
DA:548,2
DA:553,9
DA:554,1
DA:558,8
DA:560,8
DA:561,3
DA:564,5
DA:572,6
DA:573,6
DA:575,6
DA:576,12
DA:577,12
DA:578,12
DA:579,12
DA:580,4
DA:581,4
DA:586,6
LF:388
LH:366
BRDA:7,0,0,10
BRDA:8,1,0,3
BRDA:8,1,1,9
BRDA:8,2,0,12
BRDA:8,2,1,10
BRDA:9,3,0,5
BRDA:9,3,1,10
BRDA:16,4,0,3
BRDA:16,4,1,6
BRDA:20,5,0,1
BRDA:20,5,1,5
BRDA:28,6,0,9
BRDA:29,7,0,3
BRDA:29,7,1,5
BRDA:29,8,0,8
BRDA:29,8,1,6
BRDA:30,9,0,2
BRDA:30,9,1,1
BRDA:35,10,0,1
BRDA:35,10,1,4
BRDA:39,11,0,1
BRDA:39,11,1,3
BRDA:47,12,0,25
BRDA:48,13,0,2
BRDA:48,13,1,40
BRDA:48,14,0,49
BRDA:48,14,1,55
BRDA:49,15,0,1
BRDA:49,15,1,1
BRDA:57,16,0,7
BRDA:57,16,1,33
BRDA:63,17,0,0
BRDA:63,17,1,33
BRDA:70,18,0,1
BRDA:70,18,1,32
BRDA:70,19,0,36
BRDA:70,19,1,43
BRDA:70,19,2,33
BRDA:76,20,0,1
BRDA:76,20,1,31
BRDA:76,21,0,32
BRDA:76,21,1,32
BRDA:76,21,2,32
BRDA:81,22,0,0
BRDA:81,22,1,31
BRDA:86,23,0,3
BRDA:86,23,1,28
BRDA:86,24,0,31
BRDA:86,24,1,34
BRDA:86,24,2,29
BRDA:86,24,3,28
BRDA:93,25,0,1
BRDA:93,25,1,55
BRDA:93,26,0,57
BRDA:93,26,1,59
BRDA:108,27,0,0
BRDA:108,27,1,4
BRDA:108,28,0,4
BRDA:108,28,1,4
BRDA:116,29,0,1
BRDA:116,29,1,3
BRDA:121,30,0,1
BRDA:121,30,1,2
BRDA:129,31,0,15
BRDA:130,32,0,4
BRDA:130,32,1,12
BRDA:130,33,0,16
BRDA:130,33,1,13
BRDA:131,34,0,3
BRDA:131,34,1,1
BRDA:138,35,0,1
BRDA:138,35,1,11
BRDA:142,36,0,1
BRDA:142,36,1,10
BRDA:146,37,0,2
BRDA:146,37,1,8
BRDA:154,38,0,8
BRDA:155,39,0,1
BRDA:155,39,1,7
BRDA:155,40,0,8
BRDA:155,40,1,12
BRDA:156,41,0,1
BRDA:156,41,1,0
BRDA:163,42,0,1
BRDA:163,42,1,6
BRDA:167,43,0,1
BRDA:167,43,1,5
BRDA:173,44,0,1
BRDA:173,44,1,4
BRDA:189,45,0,2
BRDA:189,45,1,2
BRDA:193,46,0,1
BRDA:193,46,1,3
BRDA:197,47,0,1
BRDA:197,47,1,3
BRDA:201,48,0,0
BRDA:201,48,1,4
BRDA:203,49,0,2
BRDA:203,49,1,2
BRDA:217,50,0,1
BRDA:217,50,1,3
BRDA:221,51,0,1
BRDA:221,51,1,2
BRDA:230,52,0,1
BRDA:230,52,1,2
BRDA:234,53,0,1
BRDA:234,53,1,1
BRDA:245,54,0,1
BRDA:245,54,1,3
BRDA:249,55,0,2
BRDA:249,55,1,1
BRDA:258,56,0,0
BRDA:258,56,1,4
BRDA:262,57,0,1
BRDA:262,57,1,3
BRDA:276,58,0,1
BRDA:276,58,1,2
BRDA:283,59,0,1
BRDA:283,59,1,1
BRDA:291,60,0,9
BRDA:292,61,0,0
BRDA:292,61,1,9
BRDA:292,62,0,9
BRDA:292,62,1,12
BRDA:293,63,0,0
BRDA:293,63,1,0
BRDA:298,64,0,0
BRDA:298,64,1,9
BRDA:305,65,0,0
BRDA:305,65,1,9
BRDA:315,66,0,0
BRDA:315,66,1,9
BRDA:315,67,0,9
BRDA:315,67,1,9
BRDA:315,67,2,9
BRDA:321,68,0,2
BRDA:321,68,1,7
BRDA:321,69,0,9
BRDA:321,69,1,1
BRDA:321,69,2,8
BRDA:329,70,0,0
BRDA:329,70,1,7
BRDA:333,71,0,0
BRDA:333,71,1,7
BRDA:333,72,0,7
BRDA:333,72,1,7
BRDA:333,72,2,7
BRDA:342,73,0,3
BRDA:342,73,1,4
BRDA:347,74,0,2
BRDA:347,74,1,11
BRDA:347,75,0,5
BRDA:347,75,1,12
BRDA:351,76,0,0
BRDA:351,76,1,3
BRDA:351,77,0,5
BRDA:351,77,1,9
BRDA:355,78,0,0
BRDA:355,78,1,3
BRDA:355,79,0,5
BRDA:355,79,1,7
BRDA:361,80,0,1
BRDA:361,80,1,2
BRDA:376,81,0,0
BRDA:376,81,1,3
BRDA:380,82,0,0
BRDA:380,82,1,3
BRDA:385,83,0,0
BRDA:385,83,1,3
BRDA:391,84,0,2
BRDA:391,84,1,1
BRDA:391,85,0,3
BRDA:391,85,1,5
BRDA:399,86,0,9
BRDA:400,87,0,0
BRDA:400,87,1,9
BRDA:400,88,0,9
BRDA:400,88,1,9
BRDA:401,89,0,0
BRDA:401,89,1,0
BRDA:406,90,0,2
BRDA:406,90,1,14
BRDA:413,91,0,0
BRDA:413,91,1,9
BRDA:421,92,0,2
BRDA:421,92,1,13
BRDA:421,93,0,11
BRDA:421,93,1,13
BRDA:425,94,0,3
BRDA:425,94,1,6
BRDA:425,95,0,11
BRDA:425,95,1,10
BRDA:429,96,0,1
BRDA:429,96,1,5
BRDA:429,97,0,6
BRDA:429,97,1,6
BRDA:440,98,0,9
BRDA:441,99,0,2
BRDA:441,99,1,7
BRDA:443,100,0,1
BRDA:443,100,1,8
BRDA:443,101,0,9
BRDA:443,101,1,8
BRDA:443,101,2,2
BRDA:444,102,0,1
BRDA:444,102,1,0
BRDA:449,103,0,14
BRDA:449,103,1,6
BRDA:449,104,0,20
BRDA:449,104,1,8
BRDA:453,105,0,2
BRDA:453,105,1,4
BRDA:461,106,0,10
BRDA:462,107,0,3
BRDA:462,107,1,7
BRDA:464,108,0,1
BRDA:464,108,1,9
BRDA:464,109,0,10
BRDA:464,109,1,9
BRDA:464,109,2,3
BRDA:465,110,0,1
BRDA:465,110,1,0
BRDA:470,111,0,3
BRDA:470,111,1,6
BRDA:470,112,0,9
BRDA:470,112,1,8
BRDA:474,113,0,2
BRDA:474,113,1,4
BRDA:482,114,0,4
BRDA:483,115,0,0
BRDA:483,115,1,4
BRDA:483,116,0,4
BRDA:483,116,1,4
BRDA:484,117,0,0
BRDA:484,117,1,0
BRDA:490,118,0,1
BRDA:490,118,1,3
BRDA:499,119,0,0
BRDA:499,119,1,3
BRDA:508,120,0,1
BRDA:508,120,1,2
BRDA:516,121,0,6
BRDA:517,122,0,2
BRDA:517,122,1,5
BRDA:517,123,0,7
BRDA:517,123,1,6
BRDA:518,124,0,1
BRDA:518,124,1,1
BRDA:525,125,0,1
BRDA:525,125,1,4
BRDA:529,126,0,1
BRDA:529,126,1,3
BRDA:537,127,0,4
BRDA:538,128,0,2
BRDA:538,128,1,4
BRDA:538,129,0,6
BRDA:538,129,1,4
BRDA:539,130,0,1
BRDA:539,130,1,1
BRDA:544,131,0,2
BRDA:544,131,1,2
BRDA:553,132,0,1
BRDA:553,132,1,8
BRDA:553,133,0,9
BRDA:553,133,1,8
BRDA:560,134,0,3
BRDA:560,134,1,5
BRDA:577,135,0,12
BRDA:577,135,1,0
BRDA:579,136,0,4
BRDA:579,136,1,8
BRDA:8,137,0,13
BRDA:9,138,0,3
BRDA:9,138,1,9
BRDA:9,139,0,15
BRDA:9,139,1,19
BRDA:10,140,0,2
BRDA:10,140,1,1
BRDA:15,141,0,3
BRDA:15,141,1,6
BRDA:18,142,0,1
BRDA:18,142,1,5
BRDA:24,143,0,6
BRDA:25,144,0,3
BRDA:25,144,1,5
BRDA:25,145,0,8
BRDA:25,145,1,6
BRDA:26,146,0,2
BRDA:26,146,1,1
BRDA:30,147,0,4
BRDA:30,147,1,9
BRDA:33,148,0,1
BRDA:33,148,1,3
BRDA:39,149,0,19
BRDA:40,150,0,2
BRDA:40,150,1,22
BRDA:40,151,0,25
BRDA:40,151,1,25
BRDA:41,152,0,1
BRDA:41,152,1,1
BRDA:47,153,0,7
BRDA:47,153,1,15
BRDA:52,154,0,0
BRDA:52,154,1,15
BRDA:57,155,0,1
BRDA:57,155,1,14
BRDA:57,156,0,22
BRDA:57,156,1,48
BRDA:57,156,2,15
BRDA:62,157,0,1
BRDA:62,157,1,13
BRDA:62,158,0,14
BRDA:62,158,1,14
BRDA:62,158,2,14
BRDA:66,159,0,0
BRDA:66,159,1,13
BRDA:70,160,0,3
BRDA:70,160,1,10
BRDA:70,161,0,14
BRDA:70,161,1,44
BRDA:70,161,2,11
BRDA:70,161,3,10
BRDA:76,162,0,1
BRDA:76,162,1,19
BRDA:76,163,0,52
BRDA:76,163,1,52
BRDA:86,164,0,0
BRDA:86,164,1,4
BRDA:86,165,0,35
BRDA:86,165,1,34
BRDA:92,166,0,1
BRDA:92,166,1,3
BRDA:96,167,0,1
BRDA:96,167,1,2
BRDA:102,168,0,14
BRDA:103,169,0,4
BRDA:103,169,1,12
BRDA:103,170,0,16
BRDA:103,170,1,13
BRDA:104,171,0,3
BRDA:104,171,1,1
BRDA:109,172,0,1
BRDA:109,172,1,11
BRDA:112,173,0,1
BRDA:112,173,1,10
BRDA:115,174,0,2
BRDA:115,174,1,8
BRDA:121,175,0,9
BRDA:122,176,0,1
BRDA:122,176,1,7
BRDA:122,177,0,9
BRDA:122,177,1,10
BRDA:123,178,0,1
BRDA:123,178,1,0
BRDA:128,179,0,1
BRDA:128,179,1,6
BRDA:131,180,0,5
BRDA:131,180,1,17
BRDA:136,181,0,1
BRDA:136,181,1,4
BRDA:144,182,0,2
BRDA:144,182,1,2
BRDA:147,183,0,1
BRDA:147,183,1,3
BRDA:150,184,0,1
BRDA:150,184,1,3
BRDA:153,185,0,0
BRDA:153,185,1,4
BRDA:156,186,0,3
BRDA:156,186,1,2
BRDA:167,187,0,1
BRDA:167,187,1,3
BRDA:170,188,0,1
BRDA:170,188,1,2
BRDA:177,189,0,1
BRDA:177,189,1,2
BRDA:180,190,0,1
BRDA:180,190,1,1
BRDA:188,191,0,1
BRDA:188,191,1,3
BRDA:191,192,0,2
BRDA:191,192,1,1
BRDA:198,193,0,0
BRDA:198,193,1,4
BRDA:201,194,0,1
BRDA:201,194,1,7
BRDA:211,195,0,1
BRDA:211,195,1,2
BRDA:217,196,0,1
BRDA:217,196,1,1
BRDA:223,197,0,9
BRDA:224,198,0,0
BRDA:224,198,1,9
BRDA:224,199,0,9
BRDA:224,199,1,9
BRDA:225,200,0,0
BRDA:225,200,1,0
BRDA:229,201,0,0
BRDA:229,201,1,9
BRDA:235,202,0,0
BRDA:235,202,1,9
BRDA:243,203,0,0
BRDA:243,203,1,9
BRDA:243,204,0,9
BRDA:243,204,1,9
BRDA:243,204,2,9
BRDA:248,205,0,2
BRDA:248,205,1,7
BRDA:248,206,0,9
BRDA:248,206,1,1
BRDA:248,206,2,8
BRDA:254,207,0,0
BRDA:254,207,1,7
BRDA:257,208,0,0
BRDA:257,208,1,7
BRDA:257,209,0,7
BRDA:257,209,1,7
BRDA:257,209,2,7
BRDA:264,210,0,3
BRDA:264,210,1,4
BRDA:268,211,0,1
BRDA:268,211,1,3
BRDA:268,212,0,4
BRDA:268,212,1,4
BRDA:271,213,0,0
BRDA:271,213,1,3
BRDA:271,214,0,3
BRDA:271,214,1,3
BRDA:274,215,0,0
BRDA:274,215,1,3
BRDA:274,216,0,3
BRDA:274,216,1,3
BRDA:279,217,0,1
BRDA:279,217,1,2
BRDA:292,218,0,0
BRDA:292,218,1,12
BRDA:295,219,0,0
BRDA:295,219,1,3
BRDA:299,220,0,0
BRDA:299,220,1,3
BRDA:304,221,0,2
BRDA:304,221,1,1
BRDA:304,222,0,3
BRDA:304,222,1,2
BRDA:310,223,0,9
BRDA:311,224,0,0
BRDA:311,224,1,9
BRDA:311,225,0,9
BRDA:311,225,1,9
BRDA:312,226,0,0
BRDA:312,226,1,0
BRDA:316,227,0,0
BRDA:316,227,1,9
BRDA:322,228,0,0
BRDA:322,228,1,9
BRDA:328,229,0,0
BRDA:328,229,1,9
BRDA:328,230,0,9
BRDA:328,230,1,9
BRDA:331,231,0,3
BRDA:331,231,1,6
BRDA:331,232,0,9
BRDA:331,232,1,8
BRDA:334,233,0,1
BRDA:334,233,1,5
BRDA:334,234,0,6
BRDA:334,234,1,13
BRDA:344,235,0,9
BRDA:345,236,0,2
BRDA:345,236,1,7
BRDA:346,237,0,1
BRDA:346,237,1,8
BRDA:346,238,0,9
BRDA:346,238,1,8
BRDA:346,238,2,2
BRDA:347,239,0,1
BRDA:347,239,1,0
BRDA:351,240,0,2
BRDA:351,240,1,6
BRDA:351,241,0,8
BRDA:351,241,1,11
BRDA:354,242,0,2
BRDA:354,242,1,4
BRDA:360,243,0,10
BRDA:361,244,0,4
BRDA:361,244,1,9
BRDA:362,245,0,1
BRDA:362,245,1,9
BRDA:362,246,0,11
BRDA:362,246,1,11
BRDA:362,246,2,3
BRDA:363,247,0,1
BRDA:363,247,1,0
BRDA:367,248,0,3
BRDA:367,248,1,6
BRDA:367,249,0,9
BRDA:367,249,1,8
BRDA:370,250,0,2
BRDA:370,250,1,4
BRDA:376,251,0,4
BRDA:377,252,0,0
BRDA:377,252,1,4
BRDA:377,253,0,4
BRDA:377,253,1,7
BRDA:378,254,0,0
BRDA:378,254,1,0
BRDA:383,255,0,1
BRDA:383,255,1,3
BRDA:390,256,0,0
BRDA:390,256,1,3
BRDA:397,257,0,1
BRDA:397,257,1,2
BRDA:403,258,0,6
BRDA:404,259,0,2
BRDA:404,259,1,5
BRDA:404,260,0,7
BRDA:404,260,1,6
BRDA:405,261,0,1
BRDA:405,261,1,1
BRDA:410,262,0,1
BRDA:410,262,1,4
BRDA:413,263,0,1
BRDA:413,263,1,3
BRDA:419,264,0,4
BRDA:420,265,0,2
BRDA:420,265,1,4
BRDA:420,266,0,6
BRDA:420,266,1,4
BRDA:421,267,0,1
BRDA:421,267,1,1
BRDA:425,268,0,2
BRDA:425,268,1,2
BRDA:432,269,0,1
BRDA:432,269,1,8
BRDA:432,270,0,9
BRDA:432,270,1,8
BRDA:437,271,0,3
BRDA:437,271,1,5
BRDA:448,272,0,12
BRDA:448,272,1,0
BRDA:450,273,0,4
BRDA:450,273,1,8
BRF:542
BRH:480
end_of_record
